2021-11-21 23:10:25.285  INFO 13736 --- [http-nio-8081-exec-8] c.s.a.util.MasterOrderReportServiceUtil  : MasterOrderReportServiceUtil | createReportData | period : months
2021-11-21 23:10:25.288  INFO 13736 --- [http-nio-8081-exec-8] c.s.a.util.MasterOrderReportServiceUtil  : MasterOrderReportServiceUtil | createReportData | startDate : java.util.GregorianCalendar[time=?,areFieldsSet=false,areAllFieldsSet=true,lenient=true,zone=sun.util.calendar.ZoneInfo[id="Europe/Istanbul",offset=10800000,dstSavings=0,useDaylight=false,transitions=116,lastRule=null],firstDayOfWeek=2,minimalDaysInFirstWeek=1,ERA=1,YEAR=2021,MONTH=6,WEEK_OF_YEAR=26,WEEK_OF_MONTH=4,DAY_OF_MONTH=21,DAY_OF_YEAR=172,DAY_OF_WEEK=2,DAY_OF_WEEK_IN_MONTH=3,AM_PM=1,HOUR=11,HOUR_OF_DAY=23,MINUTE=10,SECOND=25,MILLISECOND=271,ZONE_OFFSET=10800000,DST_OFFSET=0]
2021-11-21 23:10:25.294  INFO 13736 --- [http-nio-8081-exec-8] c.s.a.util.MasterOrderReportServiceUtil  : MasterOrderReportServiceUtil | createReportData | currentDate : Wed Jul 21 23:10:25 TRT 2021
2021-11-21 23:10:25.294  INFO 13736 --- [http-nio-8081-exec-8] c.s.a.util.MasterOrderReportServiceUtil  : MasterOrderReportServiceUtil | createReportData | dateString : 2021-07
2021-11-21 23:10:25.294  INFO 13736 --- [http-nio-8081-exec-8] c.s.a.util.MasterOrderReportServiceUtil  : MasterOrderReportServiceUtil | createReportData | listReportItems : 2
2021-11-21 23:10:25.294  INFO 13736 --- [http-nio-8081-exec-8] c.s.a.util.MasterOrderReportServiceUtil  : MasterOrderReportServiceUtil | createReportData | period : months
2021-11-21 23:10:25.294  INFO 13736 --- [http-nio-8081-exec-8] c.s.a.util.MasterOrderReportServiceUtil  : MasterOrderReportServiceUtil | createReportData | startDate : java.util.GregorianCalendar[time=?,areFieldsSet=false,areAllFieldsSet=true,lenient=true,zone=sun.util.calendar.ZoneInfo[id="Europe/Istanbul",offset=10800000,dstSavings=0,useDaylight=false,transitions=116,lastRule=null],firstDayOfWeek=2,minimalDaysInFirstWeek=1,ERA=1,YEAR=2021,MONTH=7,WEEK_OF_YEAR=30,WEEK_OF_MONTH=4,DAY_OF_MONTH=21,DAY_OF_YEAR=202,DAY_OF_WEEK=4,DAY_OF_WEEK_IN_MONTH=3,AM_PM=1,HOUR=11,HOUR_OF_DAY=23,MINUTE=10,SECOND=25,MILLISECOND=271,ZONE_OFFSET=10800000,DST_OFFSET=0]
2021-11-21 23:10:25.294  INFO 13736 --- [http-nio-8081-exec-8] c.s.a.util.MasterOrderReportServiceUtil  : MasterOrderReportServiceUtil | createReportData | currentDate : Sat Aug 21 23:10:25 TRT 2021
2021-11-21 23:10:25.294  INFO 13736 --- [http-nio-8081-exec-8] c.s.a.util.MasterOrderReportServiceUtil  : MasterOrderReportServiceUtil | createReportData | dateString : 2021-08
2021-11-21 23:10:25.294  INFO 13736 --- [http-nio-8081-exec-8] c.s.a.util.MasterOrderReportServiceUtil  : MasterOrderReportServiceUtil | createReportData | listReportItems : 3
2021-11-21 23:10:25.294  INFO 13736 --- [http-nio-8081-exec-8] c.s.a.util.MasterOrderReportServiceUtil  : MasterOrderReportServiceUtil | createReportData | period : months
2021-11-21 23:10:25.294  INFO 13736 --- [http-nio-8081-exec-8] c.s.a.util.MasterOrderReportServiceUtil  : MasterOrderReportServiceUtil | createReportData | startDate : java.util.GregorianCalendar[time=?,areFieldsSet=false,areAllFieldsSet=true,lenient=true,zone=sun.util.calendar.ZoneInfo[id="Europe/Istanbul",offset=10800000,dstSavings=0,useDaylight=false,transitions=116,lastRule=null],firstDayOfWeek=2,minimalDaysInFirstWeek=1,ERA=1,YEAR=2021,MONTH=8,WEEK_OF_YEAR=34,WEEK_OF_MONTH=4,DAY_OF_MONTH=21,DAY_OF_YEAR=233,DAY_OF_WEEK=7,DAY_OF_WEEK_IN_MONTH=3,AM_PM=1,HOUR=11,HOUR_OF_DAY=23,MINUTE=10,SECOND=25,MILLISECOND=271,ZONE_OFFSET=10800000,DST_OFFSET=0]
2021-11-21 23:10:25.295  INFO 13736 --- [http-nio-8081-exec-8] c.s.a.util.MasterOrderReportServiceUtil  : MasterOrderReportServiceUtil | createReportData | currentDate : Tue Sep 21 23:10:25 TRT 2021
2021-11-21 23:10:25.295  INFO 13736 --- [http-nio-8081-exec-8] c.s.a.util.MasterOrderReportServiceUtil  : MasterOrderReportServiceUtil | createReportData | dateString : 2021-09
2021-11-21 23:10:25.295  INFO 13736 --- [http-nio-8081-exec-8] c.s.a.util.MasterOrderReportServiceUtil  : MasterOrderReportServiceUtil | createReportData | listReportItems : 4
2021-11-21 23:10:25.295  INFO 13736 --- [http-nio-8081-exec-8] c.s.a.util.MasterOrderReportServiceUtil  : MasterOrderReportServiceUtil | createReportData | period : months
2021-11-21 23:10:25.295  INFO 13736 --- [http-nio-8081-exec-8] c.s.a.util.MasterOrderReportServiceUtil  : MasterOrderReportServiceUtil | createReportData | startDate : java.util.GregorianCalendar[time=?,areFieldsSet=false,areAllFieldsSet=true,lenient=true,zone=sun.util.calendar.ZoneInfo[id="Europe/Istanbul",offset=10800000,dstSavings=0,useDaylight=false,transitions=116,lastRule=null],firstDayOfWeek=2,minimalDaysInFirstWeek=1,ERA=1,YEAR=2021,MONTH=9,WEEK_OF_YEAR=39,WEEK_OF_MONTH=4,DAY_OF_MONTH=21,DAY_OF_YEAR=264,DAY_OF_WEEK=3,DAY_OF_WEEK_IN_MONTH=3,AM_PM=1,HOUR=11,HOUR_OF_DAY=23,MINUTE=10,SECOND=25,MILLISECOND=271,ZONE_OFFSET=10800000,DST_OFFSET=0]
2021-11-21 23:10:25.295  INFO 13736 --- [http-nio-8081-exec-8] c.s.a.util.MasterOrderReportServiceUtil  : MasterOrderReportServiceUtil | createReportData | currentDate : Thu Oct 21 23:10:25 TRT 2021
2021-11-21 23:10:25.295  INFO 13736 --- [http-nio-8081-exec-8] c.s.a.util.MasterOrderReportServiceUtil  : MasterOrderReportServiceUtil | createReportData | dateString : 2021-10
2021-11-21 23:10:25.295  INFO 13736 --- [http-nio-8081-exec-8] c.s.a.util.MasterOrderReportServiceUtil  : MasterOrderReportServiceUtil | createReportData | listReportItems : 5
2021-11-21 23:10:25.295  INFO 13736 --- [http-nio-8081-exec-8] c.s.a.util.MasterOrderReportServiceUtil  : MasterOrderReportServiceUtil | createReportData | period : months
2021-11-21 23:10:25.295  INFO 13736 --- [http-nio-8081-exec-8] c.s.a.util.MasterOrderReportServiceUtil  : MasterOrderReportServiceUtil | createReportData | startDate : java.util.GregorianCalendar[time=?,areFieldsSet=false,areAllFieldsSet=true,lenient=true,zone=sun.util.calendar.ZoneInfo[id="Europe/Istanbul",offset=10800000,dstSavings=0,useDaylight=false,transitions=116,lastRule=null],firstDayOfWeek=2,minimalDaysInFirstWeek=1,ERA=1,YEAR=2021,MONTH=10,WEEK_OF_YEAR=43,WEEK_OF_MONTH=4,DAY_OF_MONTH=21,DAY_OF_YEAR=294,DAY_OF_WEEK=5,DAY_OF_WEEK_IN_MONTH=3,AM_PM=1,HOUR=11,HOUR_OF_DAY=23,MINUTE=10,SECOND=25,MILLISECOND=271,ZONE_OFFSET=10800000,DST_OFFSET=0]
2021-11-21 23:10:25.295  INFO 13736 --- [http-nio-8081-exec-8] c.s.a.util.MasterOrderReportServiceUtil  : MasterOrderReportServiceUtil | createReportData | currentDate : Sun Nov 21 23:10:25 TRT 2021
2021-11-21 23:10:25.295  INFO 13736 --- [http-nio-8081-exec-8] c.s.a.util.MasterOrderReportServiceUtil  : MasterOrderReportServiceUtil | createReportData | dateString : 2021-11
2021-11-21 23:10:25.295  INFO 13736 --- [http-nio-8081-exec-8] c.s.a.util.MasterOrderReportServiceUtil  : MasterOrderReportServiceUtil | createReportData | listReportItems : 6
2021-11-21 23:10:25.296  INFO 13736 --- [http-nio-8081-exec-8] c.s.a.util.MasterOrderReportServiceUtil  : MasterOrderReportServiceUtil | createReportData | listReportItems : 6
2021-11-21 23:10:25.296  INFO 13736 --- [http-nio-8081-exec-8] c.s.a.util.MasterOrderReportServiceUtil  : MasterOrderReportServiceUtil | createReportData | listReportItems : [ReportItemDTO [identifier=2021-06, grossSales=0.0, netSales=0.0, ordersCount=0], ReportItemDTO [identifier=2021-07, grossSales=0.0, netSales=0.0, ordersCount=0], ReportItemDTO [identifier=2021-08, grossSales=0.0, netSales=0.0, ordersCount=0], ReportItemDTO [identifier=2021-09, grossSales=0.0, netSales=0.0, ordersCount=0], ReportItemDTO [identifier=2021-10, grossSales=0.0, netSales=0.0, ordersCount=0], ReportItemDTO [identifier=2021-11, grossSales=0.0, netSales=0.0, ordersCount=0]]
2021-11-21 23:10:25.296  INFO 13736 --- [http-nio-8081-exec-8] c.s.a.util.MasterOrderReportServiceUtil  : MasterOrderReportServiceUtil | getReportDataByDateRange | listReportItems : [ReportItemDTO [identifier=2021-06, grossSales=0.0, netSales=0.0, ordersCount=0], ReportItemDTO [identifier=2021-07, grossSales=0.0, netSales=0.0, ordersCount=0], ReportItemDTO [identifier=2021-08, grossSales=0.0, netSales=0.0, ordersCount=0], ReportItemDTO [identifier=2021-09, grossSales=0.0, netSales=0.0, ordersCount=0], ReportItemDTO [identifier=2021-10, grossSales=0.0, netSales=0.0, ordersCount=0], ReportItemDTO [identifier=2021-11, grossSales=0.0, netSales=0.0, ordersCount=0]]
2021-11-21 23:10:25.296  INFO 13736 --- [http-nio-8081-exec-8] c.s.a.util.MasterOrderReportServiceUtil  : MasterOrderReportServiceUtil | calculateSalesForReportData is called
2021-11-21 23:10:25.296  INFO 13736 --- [http-nio-8081-exec-8] c.s.a.util.MasterOrderReportServiceUtil  : MasterOrderReportServiceUtil | calculateSalesForReportData | orderDateString : 2021-06
2021-11-21 23:10:25.296  INFO 13736 --- [http-nio-8081-exec-8] c.s.a.util.MasterOrderReportServiceUtil  : MasterOrderReportServiceUtil | calculateSalesForReportData | reportItem : ReportItemDTO [identifier=2021-06, grossSales=0.0, netSales=0.0, ordersCount=0]
2021-11-21 23:10:25.297  INFO 13736 --- [http-nio-8081-exec-8] c.s.a.util.MasterOrderReportServiceUtil  : MasterOrderReportServiceUtil | calculateSalesForReportData | itemIndex : 0
2021-11-21 23:10:25.297  INFO 13736 --- [http-nio-8081-exec-8] c.s.a.util.MasterOrderReportServiceUtil  : MasterOrderReportServiceUtil | calculateSalesForReportData | reportItem : ReportItemDTO [identifier=2021-06, grossSales=106.612, netSales=17.140701, ordersCount=1]
2021-11-21 23:10:25.297  INFO 13736 --- [http-nio-8081-exec-8] c.s.a.util.MasterOrderReportServiceUtil  : MasterOrderReportServiceUtil | calculateSalesForReportData | orderDateString : 2021-07
2021-11-21 23:10:25.297  INFO 13736 --- [http-nio-8081-exec-8] c.s.a.util.MasterOrderReportServiceUtil  : MasterOrderReportServiceUtil | calculateSalesForReportData | reportItem : ReportItemDTO [identifier=2021-07, grossSales=0.0, netSales=0.0, ordersCount=0]
2021-11-21 23:10:25.297  INFO 13736 --- [http-nio-8081-exec-8] c.s.a.util.MasterOrderReportServiceUtil  : MasterOrderReportServiceUtil | calculateSalesForReportData | itemIndex : 1
2021-11-21 23:10:25.297  INFO 13736 --- [http-nio-8081-exec-8] c.s.a.util.MasterOrderReportServiceUtil  : MasterOrderReportServiceUtil | calculateSalesForReportData | reportItem : ReportItemDTO [identifier=2021-07, grossSales=142.87, netSales=29.350006, ordersCount=1]
2021-11-21 23:10:25.297  INFO 13736 --- [http-nio-8081-exec-8] c.s.a.util.MasterOrderReportServiceUtil  : MasterOrderReportServiceUtil | calculateSalesForReportData | orderDateString : 2021-07
2021-11-21 23:10:25.297  INFO 13736 --- [http-nio-8081-exec-8] c.s.a.util.MasterOrderReportServiceUtil  : MasterOrderReportServiceUtil | calculateSalesForReportData | reportItem : ReportItemDTO [identifier=2021-07, grossSales=0.0, netSales=0.0, ordersCount=0]
2021-11-21 23:10:25.297  INFO 13736 --- [http-nio-8081-exec-8] c.s.a.util.MasterOrderReportServiceUtil  : MasterOrderReportServiceUtil | calculateSalesForReportData | itemIndex : 1
2021-11-21 23:10:25.297  INFO 13736 --- [http-nio-8081-exec-8] c.s.a.util.MasterOrderReportServiceUtil  : MasterOrderReportServiceUtil | calculateSalesForReportData | reportItem : ReportItemDTO [identifier=2021-07, grossSales=213.364, netSales=39.344006, ordersCount=2]
2021-11-21 23:10:25.297  INFO 13736 --- [http-nio-8081-exec-8] c.s.a.util.MasterOrderReportServiceUtil  : MasterOrderReportServiceUtil | calculateSalesForReportData | orderDateString : 2021-07
2021-11-21 23:10:25.297  INFO 13736 --- [http-nio-8081-exec-8] c.s.a.util.MasterOrderReportServiceUtil  : MasterOrderReportServiceUtil | calculateSalesForReportData | reportItem : ReportItemDTO [identifier=2021-07, grossSales=0.0, netSales=0.0, ordersCount=0]
2021-11-21 23:10:25.297  INFO 13736 --- [http-nio-8081-exec-8] c.s.a.util.MasterOrderReportServiceUtil  : MasterOrderReportServiceUtil | calculateSalesForReportData | itemIndex : 1
2021-11-21 23:10:25.297  INFO 13736 --- [http-nio-8081-exec-8] c.s.a.util.MasterOrderReportServiceUtil  : MasterOrderReportServiceUtil | calculateSalesForReportData | reportItem : ReportItemDTO [identifier=2021-07, grossSales=336.776, netSales=60.32401, ordersCount=3]
2021-11-21 23:10:25.297  INFO 13736 --- [http-nio-8081-exec-8] c.s.a.util.MasterOrderReportServiceUtil  : MasterOrderReportServiceUtil | calculateSalesForReportData | orderDateString : 2021-07
2021-11-21 23:10:25.297  INFO 13736 --- [http-nio-8081-exec-8] c.s.a.util.MasterOrderReportServiceUtil  : MasterOrderReportServiceUtil | calculateSalesForReportData | reportItem : ReportItemDTO [identifier=2021-07, grossSales=0.0, netSales=0.0, ordersCount=0]
2021-11-21 23:10:25.298  INFO 13736 --- [http-nio-8081-exec-8] c.s.a.util.MasterOrderReportServiceUtil  : MasterOrderReportServiceUtil | calculateSalesForReportData | itemIndex : 1
2021-11-21 23:10:25.298  INFO 13736 --- [http-nio-8081-exec-8] c.s.a.util.MasterOrderReportServiceUtil  : MasterOrderReportServiceUtil | calculateSalesForReportData | reportItem : ReportItemDTO [identifier=2021-07, grossSales=1472.886, netSales=171.314, ordersCount=4]
2021-11-21 23:10:25.298  INFO 13736 --- [http-nio-8081-exec-8] c.s.a.util.MasterOrderReportServiceUtil  : MasterOrderReportServiceUtil | calculateSalesForReportData | orderDateString : 2021-07
2021-11-21 23:10:25.298  INFO 13736 --- [http-nio-8081-exec-8] c.s.a.util.MasterOrderReportServiceUtil  : MasterOrderReportServiceUtil | calculateSalesForReportData | reportItem : ReportItemDTO [identifier=2021-07, grossSales=0.0, netSales=0.0, ordersCount=0]
2021-11-21 23:10:25.298  INFO 13736 --- [http-nio-8081-exec-8] c.s.a.util.MasterOrderReportServiceUtil  : MasterOrderReportServiceUtil | calculateSalesForReportData | itemIndex : 1
2021-11-21 23:10:25.298  INFO 13736 --- [http-nio-8081-exec-8] c.s.a.util.MasterOrderReportServiceUtil  : MasterOrderReportServiceUtil | calculateSalesForReportData | reportItem : ReportItemDTO [identifier=2021-07, grossSales=1812.546, netSales=190.555, ordersCount=5]
2021-11-21 23:10:25.298  INFO 13736 --- [http-nio-8081-exec-8] c.s.a.util.MasterOrderReportServiceUtil  : MasterOrderReportServiceUtil | calculateSalesForReportData | orderDateString : 2021-07
2021-11-21 23:10:25.298  INFO 13736 --- [http-nio-8081-exec-8] c.s.a.util.MasterOrderReportServiceUtil  : MasterOrderReportServiceUtil | calculateSalesForReportData | reportItem : ReportItemDTO [identifier=2021-07, grossSales=0.0, netSales=0.0, ordersCount=0]
2021-11-21 23:10:25.298  INFO 13736 --- [http-nio-8081-exec-8] c.s.a.util.MasterOrderReportServiceUtil  : MasterOrderReportServiceUtil | calculateSalesForReportData | itemIndex : 1
2021-11-21 23:10:25.298  INFO 13736 --- [http-nio-8081-exec-8] c.s.a.util.MasterOrderReportServiceUtil  : MasterOrderReportServiceUtil | calculateSalesForReportData | reportItem : ReportItemDTO [identifier=2021-07, grossSales=3658.5762, netSales=279.555, ordersCount=6]
2021-11-21 23:10:25.298  INFO 13736 --- [http-nio-8081-exec-8] c.s.a.util.MasterOrderReportServiceUtil  : MasterOrderReportServiceUtil | calculateSalesForReportData | orderDateString : 2021-07
2021-11-21 23:10:25.298  INFO 13736 --- [http-nio-8081-exec-8] c.s.a.util.MasterOrderReportServiceUtil  : MasterOrderReportServiceUtil | calculateSalesForReportData | reportItem : ReportItemDTO [identifier=2021-07, grossSales=0.0, netSales=0.0, ordersCount=0]
2021-11-21 23:10:25.298  INFO 13736 --- [http-nio-8081-exec-8] c.s.a.util.MasterOrderReportServiceUtil  : MasterOrderReportServiceUtil | calculateSalesForReportData | itemIndex : 1
2021-11-21 23:10:25.298  INFO 13736 --- [http-nio-8081-exec-8] c.s.a.util.MasterOrderReportServiceUtil  : MasterOrderReportServiceUtil | calculateSalesForReportData | reportItem : ReportItemDTO [identifier=2021-07, grossSales=4284.8813, netSales=459.555, ordersCount=7]
2021-11-21 23:10:25.298  INFO 13736 --- [http-nio-8081-exec-8] c.s.a.util.MasterOrderReportServiceUtil  : MasterOrderReportServiceUtil | calculateSalesForReportData | orderDateString : 2021-07
2021-11-21 23:10:25.298  INFO 13736 --- [http-nio-8081-exec-8] c.s.a.util.MasterOrderReportServiceUtil  : MasterOrderReportServiceUtil | calculateSalesForReportData | reportItem : ReportItemDTO [identifier=2021-07, grossSales=0.0, netSales=0.0, ordersCount=0]
2021-11-21 23:10:25.298  INFO 13736 --- [http-nio-8081-exec-8] c.s.a.util.MasterOrderReportServiceUtil  : MasterOrderReportServiceUtil | calculateSalesForReportData | itemIndex : 1
2021-11-21 23:10:25.298  INFO 13736 --- [http-nio-8081-exec-8] c.s.a.util.MasterOrderReportServiceUtil  : MasterOrderReportServiceUtil | calculateSalesForReportData | reportItem : ReportItemDTO [identifier=2021-07, grossSales=4538.911, netSales=500.885, ordersCount=8]
2021-11-21 23:10:25.298  INFO 13736 --- [http-nio-8081-exec-8] c.s.a.util.MasterOrderReportServiceUtil  : MasterOrderReportServiceUtil | calculateSalesForReportData | orderDateString : 2021-07
2021-11-21 23:10:25.298  INFO 13736 --- [http-nio-8081-exec-8] c.s.a.util.MasterOrderReportServiceUtil  : MasterOrderReportServiceUtil | calculateSalesForReportData | reportItem : ReportItemDTO [identifier=2021-07, grossSales=0.0, netSales=0.0, ordersCount=0]
2021-11-21 23:10:25.298  INFO 13736 --- [http-nio-8081-exec-8] c.s.a.util.MasterOrderReportServiceUtil  : MasterOrderReportServiceUtil | calculateSalesForReportData | itemIndex : 1
2021-11-21 23:10:25.298  INFO 13736 --- [http-nio-8081-exec-8] c.s.a.util.MasterOrderReportServiceUtil  : MasterOrderReportServiceUtil | calculateSalesForReportData | reportItem : ReportItemDTO [identifier=2021-07, grossSales=4606.2896, netSales=512.4768, ordersCount=9]
2021-11-21 23:10:25.298  INFO 13736 --- [http-nio-8081-exec-8] c.s.a.util.MasterOrderReportServiceUtil  : MasterOrderReportServiceUtil | calculateSalesForReportData | orderDateString : 2021-08
2021-11-21 23:10:25.299  INFO 13736 --- [http-nio-8081-exec-8] c.s.a.util.MasterOrderReportServiceUtil  : MasterOrderReportServiceUtil | calculateSalesForReportData | reportItem : ReportItemDTO [identifier=2021-08, grossSales=0.0, netSales=0.0, ordersCount=0]
2021-11-21 23:10:25.299  INFO 13736 --- [http-nio-8081-exec-8] c.s.a.util.MasterOrderReportServiceUtil  : MasterOrderReportServiceUtil | calculateSalesForReportData | itemIndex : 2
2021-11-21 23:10:25.299  INFO 13736 --- [http-nio-8081-exec-8] c.s.a.util.MasterOrderReportServiceUtil  : MasterOrderReportServiceUtil | calculateSalesForReportData | reportItem : ReportItemDTO [identifier=2021-08, grossSales=697.58, netSales=105.98999, ordersCount=1]
2021-11-21 23:10:25.299  INFO 13736 --- [http-nio-8081-exec-8] c.s.a.util.MasterOrderReportServiceUtil  : MasterOrderReportServiceUtil | calculateSalesForReportData | orderDateString : 2021-08
2021-11-21 23:10:25.299  INFO 13736 --- [http-nio-8081-exec-8] c.s.a.util.MasterOrderReportServiceUtil  : MasterOrderReportServiceUtil | calculateSalesForReportData | reportItem : ReportItemDTO [identifier=2021-08, grossSales=0.0, netSales=0.0, ordersCount=0]
2021-11-21 23:10:25.299  INFO 13736 --- [http-nio-8081-exec-8] c.s.a.util.MasterOrderReportServiceUtil  : MasterOrderReportServiceUtil | calculateSalesForReportData | itemIndex : 2
2021-11-21 23:10:25.299  INFO 13736 --- [http-nio-8081-exec-8] c.s.a.util.MasterOrderReportServiceUtil  : MasterOrderReportServiceUtil | calculateSalesForReportData | reportItem : ReportItemDTO [identifier=2021-08, grossSales=1275.62, netSales=205.98999, ordersCount=2]
2021-11-21 23:10:25.299  INFO 13736 --- [http-nio-8081-exec-8] c.s.a.util.MasterOrderReportServiceUtil  : MasterOrderReportServiceUtil | calculateSalesForReportData | orderDateString : 2021-08
2021-11-21 23:10:25.299  INFO 13736 --- [http-nio-8081-exec-8] c.s.a.util.MasterOrderReportServiceUtil  : MasterOrderReportServiceUtil | calculateSalesForReportData | reportItem : ReportItemDTO [identifier=2021-08, grossSales=0.0, netSales=0.0, ordersCount=0]
2021-11-21 23:10:25.299  INFO 13736 --- [http-nio-8081-exec-8] c.s.a.util.MasterOrderReportServiceUtil  : MasterOrderReportServiceUtil | calculateSalesForReportData | itemIndex : 2
2021-11-21 23:10:25.299  INFO 13736 --- [http-nio-8081-exec-8] c.s.a.util.MasterOrderReportServiceUtil  : MasterOrderReportServiceUtil | calculateSalesForReportData | reportItem : ReportItemDTO [identifier=2021-08, grossSales=1891.52, netSales=293.99, ordersCount=3]
2021-11-21 23:10:25.299  INFO 13736 --- [http-nio-8081-exec-8] c.s.a.util.MasterOrderReportServiceUtil  : MasterOrderReportServiceUtil | calculateSalesForReportData | orderDateString : 2021-08
2021-11-21 23:10:25.299  INFO 13736 --- [http-nio-8081-exec-8] c.s.a.util.MasterOrderReportServiceUtil  : MasterOrderReportServiceUtil | calculateSalesForReportData | reportItem : ReportItemDTO [identifier=2021-08, grossSales=0.0, netSales=0.0, ordersCount=0]
2021-11-21 23:10:25.299  INFO 13736 --- [http-nio-8081-exec-8] c.s.a.util.MasterOrderReportServiceUtil  : MasterOrderReportServiceUtil | calculateSalesForReportData | itemIndex : 2
2021-11-21 23:10:25.299  INFO 13736 --- [http-nio-8081-exec-8] c.s.a.util.MasterOrderReportServiceUtil  : MasterOrderReportServiceUtil | calculateSalesForReportData | reportItem : ReportItemDTO [identifier=2021-08, grossSales=2760.966, netSales=409.99, ordersCount=4]
2021-11-21 23:10:25.299  INFO 13736 --- [http-nio-8081-exec-8] c.s.a.util.MasterOrderReportServiceUtil  : MasterOrderReportServiceUtil | calculateSalesForReportData | orderDateString : 2021-08
2021-11-21 23:10:25.299  INFO 13736 --- [http-nio-8081-exec-8] c.s.a.util.MasterOrderReportServiceUtil  : MasterOrderReportServiceUtil | calculateSalesForReportData | reportItem : ReportItemDTO [identifier=2021-08, grossSales=0.0, netSales=0.0, ordersCount=0]
2021-11-21 23:10:25.299  INFO 13736 --- [http-nio-8081-exec-8] c.s.a.util.MasterOrderReportServiceUtil  : MasterOrderReportServiceUtil | calculateSalesForReportData | itemIndex : 2
2021-11-21 23:10:25.299  INFO 13736 --- [http-nio-8081-exec-8] c.s.a.util.MasterOrderReportServiceUtil  : MasterOrderReportServiceUtil | calculateSalesForReportData | reportItem : ReportItemDTO [identifier=2021-08, grossSales=3377.449, netSales=526.621, ordersCount=5]
2021-11-21 23:10:25.299  INFO 13736 --- [http-nio-8081-exec-8] c.s.a.util.MasterOrderReportServiceUtil  : MasterOrderReportServiceUtil | calculateSalesForReportData | orderDateString : 2021-08
2021-11-21 23:10:25.299  INFO 13736 --- [http-nio-8081-exec-8] c.s.a.util.MasterOrderReportServiceUtil  : MasterOrderReportServiceUtil | calculateSalesForReportData | reportItem : ReportItemDTO [identifier=2021-08, grossSales=0.0, netSales=0.0, ordersCount=0]
2021-11-21 23:10:25.299  INFO 13736 --- [http-nio-8081-exec-8] c.s.a.util.MasterOrderReportServiceUtil  : MasterOrderReportServiceUtil | calculateSalesForReportData | itemIndex : 2
2021-11-21 23:10:25.299  INFO 13736 --- [http-nio-8081-exec-8] c.s.a.util.MasterOrderReportServiceUtil  : MasterOrderReportServiceUtil | calculateSalesForReportData | reportItem : ReportItemDTO [identifier=2021-08, grossSales=4483.979, netSales=330.82092, ordersCount=6]
2021-11-21 23:10:25.299  INFO 13736 --- [http-nio-8081-exec-8] c.s.a.util.MasterOrderReportServiceUtil  : MasterOrderReportServiceUtil | calculateSalesForReportData | orderDateString : 2021-08
2021-11-21 23:10:25.299  INFO 13736 --- [http-nio-8081-exec-8] c.s.a.util.MasterOrderReportServiceUtil  : MasterOrderReportServiceUtil | calculateSalesForReportData | reportItem : ReportItemDTO [identifier=2021-08, grossSales=0.0, netSales=0.0, ordersCount=0]
2021-11-21 23:10:25.299  INFO 13736 --- [http-nio-8081-exec-8] c.s.a.util.MasterOrderReportServiceUtil  : MasterOrderReportServiceUtil | calculateSalesForReportData | itemIndex : 2
2021-11-21 23:10:25.299  INFO 13736 --- [http-nio-8081-exec-8] c.s.a.util.MasterOrderReportServiceUtil  : MasterOrderReportServiceUtil | calculateSalesForReportData | reportItem : ReportItemDTO [identifier=2021-08, grossSales=4800.354, netSales=393.82092, ordersCount=7]
2021-11-21 23:10:25.299  INFO 13736 --- [http-nio-8081-exec-8] c.s.a.util.MasterOrderReportServiceUtil  : MasterOrderReportServiceUtil | calculateSalesForReportData | orderDateString : 2021-08
2021-11-21 23:10:25.299  INFO 13736 --- [http-nio-8081-exec-8] c.s.a.util.MasterOrderReportServiceUtil  : MasterOrderReportServiceUtil | calculateSalesForReportData | reportItem : ReportItemDTO [identifier=2021-08, grossSales=0.0, netSales=0.0, ordersCount=0]
2021-11-21 23:10:25.299  INFO 13736 --- [http-nio-8081-exec-8] c.s.a.util.MasterOrderReportServiceUtil  : MasterOrderReportServiceUtil | calculateSalesForReportData | itemIndex : 2
2021-11-21 23:10:25.299  INFO 13736 --- [http-nio-8081-exec-8] c.s.a.util.MasterOrderReportServiceUtil  : MasterOrderReportServiceUtil | calculateSalesForReportData | reportItem : ReportItemDTO [identifier=2021-08, grossSales=5258.464, netSales=447.99493, ordersCount=8]
2021-11-21 23:10:25.300  INFO 13736 --- [http-nio-8081-exec-8] c.s.a.util.MasterOrderReportServiceUtil  : MasterOrderReportServiceUtil | calculateSalesForReportData | orderDateString : 2021-08
2021-11-21 23:10:25.300  INFO 13736 --- [http-nio-8081-exec-8] c.s.a.util.MasterOrderReportServiceUtil  : MasterOrderReportServiceUtil | calculateSalesForReportData | reportItem : ReportItemDTO [identifier=2021-08, grossSales=0.0, netSales=0.0, ordersCount=0]
2021-11-21 23:10:25.300  INFO 13736 --- [http-nio-8081-exec-8] c.s.a.util.MasterOrderReportServiceUtil  : MasterOrderReportServiceUtil | calculateSalesForReportData | itemIndex : 2
2021-11-21 23:10:25.300  INFO 13736 --- [http-nio-8081-exec-8] c.s.a.util.MasterOrderReportServiceUtil  : MasterOrderReportServiceUtil | calculateSalesForReportData | reportItem : ReportItemDTO [identifier=2021-08, grossSales=5320.2134, netSales=463.89493, ordersCount=9]
2021-11-21 23:10:25.300  INFO 13736 --- [http-nio-8081-exec-8] c.s.a.util.MasterOrderReportServiceUtil  : MasterOrderReportServiceUtil | calculateSalesForReportData | orderDateString : 2021-08
2021-11-21 23:10:25.300  INFO 13736 --- [http-nio-8081-exec-8] c.s.a.util.MasterOrderReportServiceUtil  : MasterOrderReportServiceUtil | calculateSalesForReportData | reportItem : ReportItemDTO [identifier=2021-08, grossSales=0.0, netSales=0.0, ordersCount=0]
2021-11-21 23:10:25.300  INFO 13736 --- [http-nio-8081-exec-8] c.s.a.util.MasterOrderReportServiceUtil  : MasterOrderReportServiceUtil | calculateSalesForReportData | itemIndex : 2
2021-11-21 23:10:25.300  INFO 13736 --- [http-nio-8081-exec-8] c.s.a.util.MasterOrderReportServiceUtil  : MasterOrderReportServiceUtil | calculateSalesForReportData | reportItem : ReportItemDTO [identifier=2021-08, grossSales=5550.0015, netSales=435.00793, ordersCount=10]
2021-11-21 23:10:25.300  INFO 13736 --- [http-nio-8081-exec-8] c.s.a.util.MasterOrderReportServiceUtil  : MasterOrderReportServiceUtil | calculateSalesForReportData | orderDateString : 2021-09
2021-11-21 23:10:25.300  INFO 13736 --- [http-nio-8081-exec-8] c.s.a.util.MasterOrderReportServiceUtil  : MasterOrderReportServiceUtil | calculateSalesForReportData | reportItem : ReportItemDTO [identifier=2021-09, grossSales=0.0, netSales=0.0, ordersCount=0]
2021-11-21 23:10:25.300  INFO 13736 --- [http-nio-8081-exec-8] c.s.a.util.MasterOrderReportServiceUtil  : MasterOrderReportServiceUtil | calculateSalesForReportData | itemIndex : 3
2021-11-21 23:10:25.300  INFO 13736 --- [http-nio-8081-exec-8] c.s.a.util.MasterOrderReportServiceUtil  : MasterOrderReportServiceUtil | calculateSalesForReportData | reportItem : ReportItemDTO [identifier=2021-09, grossSales=861.565, netSales=116.0, ordersCount=1]
2021-11-21 23:10:25.300  INFO 13736 --- [http-nio-8081-exec-8] c.s.a.util.MasterOrderReportServiceUtil  : MasterOrderReportServiceUtil | calculateSalesForReportData | orderDateString : 2021-09
2021-11-21 23:10:25.300  INFO 13736 --- [http-nio-8081-exec-8] c.s.a.util.MasterOrderReportServiceUtil  : MasterOrderReportServiceUtil | calculateSalesForReportData | reportItem : ReportItemDTO [identifier=2021-09, grossSales=0.0, netSales=0.0, ordersCount=0]
2021-11-21 23:10:25.300  INFO 13736 --- [http-nio-8081-exec-8] c.s.a.util.MasterOrderReportServiceUtil  : MasterOrderReportServiceUtil | calculateSalesForReportData | itemIndex : 3
2021-11-21 23:10:25.300  INFO 13736 --- [http-nio-8081-exec-8] c.s.a.util.MasterOrderReportServiceUtil  : MasterOrderReportServiceUtil | calculateSalesForReportData | reportItem : ReportItemDTO [identifier=2021-09, grossSales=1484.953, netSales=201.331, ordersCount=2]
2021-11-21 23:10:25.300  INFO 13736 --- [http-nio-8081-exec-8] c.s.a.util.MasterOrderReportServiceUtil  : MasterOrderReportServiceUtil | calculateSalesForReportData | orderDateString : 2021-09
2021-11-21 23:10:25.300  INFO 13736 --- [http-nio-8081-exec-8] c.s.a.util.MasterOrderReportServiceUtil  : MasterOrderReportServiceUtil | calculateSalesForReportData | reportItem : ReportItemDTO [identifier=2021-09, grossSales=0.0, netSales=0.0, ordersCount=0]
2021-11-21 23:10:25.300  INFO 13736 --- [http-nio-8081-exec-8] c.s.a.util.MasterOrderReportServiceUtil  : MasterOrderReportServiceUtil | calculateSalesForReportData | itemIndex : 3
2021-11-21 23:10:25.300  INFO 13736 --- [http-nio-8081-exec-8] c.s.a.util.MasterOrderReportServiceUtil  : MasterOrderReportServiceUtil | calculateSalesForReportData | reportItem : ReportItemDTO [identifier=2021-09, grossSales=2193.4531, netSales=381.331, ordersCount=3]
2021-11-21 23:10:25.300  INFO 13736 --- [http-nio-8081-exec-8] c.s.a.util.MasterOrderReportServiceUtil  : MasterOrderReportServiceUtil | calculateSalesForReportData | orderDateString : 2021-09
2021-11-21 23:10:25.301  INFO 13736 --- [http-nio-8081-exec-8] c.s.a.util.MasterOrderReportServiceUtil  : MasterOrderReportServiceUtil | calculateSalesForReportData | reportItem : ReportItemDTO [identifier=2021-09, grossSales=0.0, netSales=0.0, ordersCount=0]
2021-11-21 23:10:25.301  INFO 13736 --- [http-nio-8081-exec-8] c.s.a.util.MasterOrderReportServiceUtil  : MasterOrderReportServiceUtil | calculateSalesForReportData | itemIndex : 3
2021-11-21 23:10:25.301  INFO 13736 --- [http-nio-8081-exec-8] c.s.a.util.MasterOrderReportServiceUtil  : MasterOrderReportServiceUtil | calculateSalesForReportData | reportItem : ReportItemDTO [identifier=2021-09, grossSales=2868.433, netSales=485.31097, ordersCount=4]
2021-11-21 23:10:25.301  INFO 13736 --- [http-nio-8081-exec-8] c.s.a.util.MasterOrderReportServiceUtil  : MasterOrderReportServiceUtil | calculateSalesForReportData | orderDateString : 2021-09
2021-11-21 23:10:25.301  INFO 13736 --- [http-nio-8081-exec-8] c.s.a.util.MasterOrderReportServiceUtil  : MasterOrderReportServiceUtil | calculateSalesForReportData | reportItem : ReportItemDTO [identifier=2021-09, grossSales=0.0, netSales=0.0, ordersCount=0]
2021-11-21 23:10:25.301  INFO 13736 --- [http-nio-8081-exec-8] c.s.a.util.MasterOrderReportServiceUtil  : MasterOrderReportServiceUtil | calculateSalesForReportData | itemIndex : 3
2021-11-21 23:10:25.301  INFO 13736 --- [http-nio-8081-exec-8] c.s.a.util.MasterOrderReportServiceUtil  : MasterOrderReportServiceUtil | calculateSalesForReportData | reportItem : ReportItemDTO [identifier=2021-09, grossSales=2998.007, netSales=521.505, ordersCount=5]
2021-11-21 23:10:25.301  INFO 13736 --- [http-nio-8081-exec-8] c.s.a.util.MasterOrderReportServiceUtil  : MasterOrderReportServiceUtil | calculateSalesForReportData | orderDateString : 2021-09
2021-11-21 23:10:25.301  INFO 13736 --- [http-nio-8081-exec-8] c.s.a.util.MasterOrderReportServiceUtil  : MasterOrderReportServiceUtil | calculateSalesForReportData | reportItem : ReportItemDTO [identifier=2021-09, grossSales=0.0, netSales=0.0, ordersCount=0]
2021-11-21 23:10:25.301  INFO 13736 --- [http-nio-8081-exec-8] c.s.a.util.MasterOrderReportServiceUtil  : MasterOrderReportServiceUtil | calculateSalesForReportData | itemIndex : 3
2021-11-21 23:10:25.301  INFO 13736 --- [http-nio-8081-exec-8] c.s.a.util.MasterOrderReportServiceUtil  : MasterOrderReportServiceUtil | calculateSalesForReportData | reportItem : ReportItemDTO [identifier=2021-09, grossSales=4046.207, netSales=636.505, ordersCount=6]
2021-11-21 23:10:25.301  INFO 13736 --- [http-nio-8081-exec-8] c.s.a.util.MasterOrderReportServiceUtil  : MasterOrderReportServiceUtil | calculateSalesForReportData | orderDateString : 2021-09
2021-11-21 23:10:25.301  INFO 13736 --- [http-nio-8081-exec-8] c.s.a.util.MasterOrderReportServiceUtil  : MasterOrderReportServiceUtil | calculateSalesForReportData | reportItem : ReportItemDTO [identifier=2021-09, grossSales=0.0, netSales=0.0, ordersCount=0]
2021-11-21 23:10:25.301  INFO 13736 --- [http-nio-8081-exec-8] c.s.a.util.MasterOrderReportServiceUtil  : MasterOrderReportServiceUtil | calculateSalesForReportData | itemIndex : 3
2021-11-21 23:10:25.301  INFO 13736 --- [http-nio-8081-exec-8] c.s.a.util.MasterOrderReportServiceUtil  : MasterOrderReportServiceUtil | calculateSalesForReportData | reportItem : ReportItemDTO [identifier=2021-09, grossSales=4920.387, netSales=752.505, ordersCount=7]
2021-11-21 23:10:25.301  INFO 13736 --- [http-nio-8081-exec-8] c.s.a.util.MasterOrderReportServiceUtil  : MasterOrderReportServiceUtil | calculateSalesForReportData | orderDateString : 2021-09
2021-11-21 23:10:25.301  INFO 13736 --- [http-nio-8081-exec-8] c.s.a.util.MasterOrderReportServiceUtil  : MasterOrderReportServiceUtil | calculateSalesForReportData | reportItem : ReportItemDTO [identifier=2021-09, grossSales=0.0, netSales=0.0, ordersCount=0]
2021-11-21 23:10:25.301  INFO 13736 --- [http-nio-8081-exec-8] c.s.a.util.MasterOrderReportServiceUtil  : MasterOrderReportServiceUtil | calculateSalesForReportData | itemIndex : 3
2021-11-21 23:10:25.301  INFO 13736 --- [http-nio-8081-exec-8] c.s.a.util.MasterOrderReportServiceUtil  : MasterOrderReportServiceUtil | calculateSalesForReportData | reportItem : ReportItemDTO [identifier=2021-09, grossSales=5073.3022, netSales=764.995, ordersCount=8]
2021-11-21 23:10:25.301  INFO 13736 --- [http-nio-8081-exec-8] c.s.a.util.MasterOrderReportServiceUtil  : MasterOrderReportServiceUtil | calculateSalesForReportData | orderDateString : 2021-09
2021-11-21 23:10:25.301  INFO 13736 --- [http-nio-8081-exec-8] c.s.a.util.MasterOrderReportServiceUtil  : MasterOrderReportServiceUtil | calculateSalesForReportData | reportItem : ReportItemDTO [identifier=2021-09, grossSales=0.0, netSales=0.0, ordersCount=0]
2021-11-21 23:10:25.301  INFO 13736 --- [http-nio-8081-exec-8] c.s.a.util.MasterOrderReportServiceUtil  : MasterOrderReportServiceUtil | calculateSalesForReportData | itemIndex : 3
2021-11-21 23:10:25.301  INFO 13736 --- [http-nio-8081-exec-8] c.s.a.util.MasterOrderReportServiceUtil  : MasterOrderReportServiceUtil | calculateSalesForReportData | reportItem : ReportItemDTO [identifier=2021-09, grossSales=5443.0522, netSales=807.749, ordersCount=9]
2021-11-21 23:10:25.302  INFO 13736 --- [http-nio-8081-exec-8] c.s.a.util.MasterOrderReportServiceUtil  : MasterOrderReportServiceUtil | calculateSalesForReportData | orderDateString : 2021-09
2021-11-21 23:10:25.302  INFO 13736 --- [http-nio-8081-exec-8] c.s.a.util.MasterOrderReportServiceUtil  : MasterOrderReportServiceUtil | calculateSalesForReportData | reportItem : ReportItemDTO [identifier=2021-09, grossSales=0.0, netSales=0.0, ordersCount=0]
2021-11-21 23:10:25.302  INFO 13736 --- [http-nio-8081-exec-8] c.s.a.util.MasterOrderReportServiceUtil  : MasterOrderReportServiceUtil | calculateSalesForReportData | itemIndex : 3
2021-11-21 23:10:25.302  INFO 13736 --- [http-nio-8081-exec-8] c.s.a.util.MasterOrderReportServiceUtil  : MasterOrderReportServiceUtil | calculateSalesForReportData | reportItem : ReportItemDTO [identifier=2021-09, grossSales=5576.061, netSales=809.76404, ordersCount=10]
2021-11-21 23:10:25.302  INFO 13736 --- [http-nio-8081-exec-8] c.s.a.util.MasterOrderReportServiceUtil  : MasterOrderReportServiceUtil | calculateSalesForReportData | orderDateString : 2021-09
2021-11-21 23:10:25.302  INFO 13736 --- [http-nio-8081-exec-8] c.s.a.util.MasterOrderReportServiceUtil  : MasterOrderReportServiceUtil | calculateSalesForReportData | reportItem : ReportItemDTO [identifier=2021-09, grossSales=0.0, netSales=0.0, ordersCount=0]
2021-11-21 23:10:25.302  INFO 13736 --- [http-nio-8081-exec-8] c.s.a.util.MasterOrderReportServiceUtil  : MasterOrderReportServiceUtil | calculateSalesForReportData | itemIndex : 3
2021-11-21 23:10:25.302  INFO 13736 --- [http-nio-8081-exec-8] c.s.a.util.MasterOrderReportServiceUtil  : MasterOrderReportServiceUtil | calculateSalesForReportData | reportItem : ReportItemDTO [identifier=2021-09, grossSales=6369.5522, netSales=887.76404, ordersCount=11]
2021-11-21 23:10:25.302  INFO 13736 --- [http-nio-8081-exec-8] c.s.a.util.MasterOrderReportServiceUtil  : MasterOrderReportServiceUtil | calculateSalesForReportData | orderDateString : 2021-09
2021-11-21 23:10:25.302  INFO 13736 --- [http-nio-8081-exec-8] c.s.a.util.MasterOrderReportServiceUtil  : MasterOrderReportServiceUtil | calculateSalesForReportData | reportItem : ReportItemDTO [identifier=2021-09, grossSales=0.0, netSales=0.0, ordersCount=0]
2021-11-21 23:10:25.302  INFO 13736 --- [http-nio-8081-exec-8] c.s.a.util.MasterOrderReportServiceUtil  : MasterOrderReportServiceUtil | calculateSalesForReportData | itemIndex : 3
2021-11-21 23:10:25.302  INFO 13736 --- [http-nio-8081-exec-8] c.s.a.util.MasterOrderReportServiceUtil  : MasterOrderReportServiceUtil | calculateSalesForReportData | reportItem : ReportItemDTO [identifier=2021-09, grossSales=6642.0864, netSales=961.754, ordersCount=12]
2021-11-21 23:10:25.302  INFO 13736 --- [http-nio-8081-exec-8] c.s.a.util.MasterOrderReportServiceUtil  : MasterOrderReportServiceUtil | calculateSalesForReportData | orderDateString : 2021-09
2021-11-21 23:10:25.302  INFO 13736 --- [http-nio-8081-exec-8] c.s.a.util.MasterOrderReportServiceUtil  : MasterOrderReportServiceUtil | calculateSalesForReportData | reportItem : ReportItemDTO [identifier=2021-09, grossSales=0.0, netSales=0.0, ordersCount=0]
2021-11-21 23:10:25.302  INFO 13736 --- [http-nio-8081-exec-8] c.s.a.util.MasterOrderReportServiceUtil  : MasterOrderReportServiceUtil | calculateSalesForReportData | itemIndex : 3
2021-11-21 23:10:25.302  INFO 13736 --- [http-nio-8081-exec-8] c.s.a.util.MasterOrderReportServiceUtil  : MasterOrderReportServiceUtil | calculateSalesForReportData | reportItem : ReportItemDTO [identifier=2021-09, grossSales=7512.3633, netSales=1077.754, ordersCount=13]
2021-11-21 23:10:25.302  INFO 13736 --- [http-nio-8081-exec-8] c.s.a.util.MasterOrderReportServiceUtil  : MasterOrderReportServiceUtil | calculateSalesForReportData | orderDateString : 2021-09
2021-11-21 23:10:25.302  INFO 13736 --- [http-nio-8081-exec-8] c.s.a.util.MasterOrderReportServiceUtil  : MasterOrderReportServiceUtil | calculateSalesForReportData | reportItem : ReportItemDTO [identifier=2021-09, grossSales=0.0, netSales=0.0, ordersCount=0]
2021-11-21 23:10:25.302  INFO 13736 --- [http-nio-8081-exec-8] c.s.a.util.MasterOrderReportServiceUtil  : MasterOrderReportServiceUtil | calculateSalesForReportData | itemIndex : 3
2021-11-21 23:10:25.302  INFO 13736 --- [http-nio-8081-exec-8] c.s.a.util.MasterOrderReportServiceUtil  : MasterOrderReportServiceUtil | calculateSalesForReportData | reportItem : ReportItemDTO [identifier=2021-09, grossSales=8431.514, netSales=1189.744, ordersCount=14]
2021-11-21 23:10:25.302  INFO 13736 --- [http-nio-8081-exec-8] c.s.a.util.MasterOrderReportServiceUtil  : MasterOrderReportServiceUtil | calculateSalesForReportData | orderDateString : 2021-09
2021-11-21 23:10:25.302  INFO 13736 --- [http-nio-8081-exec-8] c.s.a.util.MasterOrderReportServiceUtil  : MasterOrderReportServiceUtil | calculateSalesForReportData | reportItem : ReportItemDTO [identifier=2021-09, grossSales=0.0, netSales=0.0, ordersCount=0]
2021-11-21 23:10:25.302  INFO 13736 --- [http-nio-8081-exec-8] c.s.a.util.MasterOrderReportServiceUtil  : MasterOrderReportServiceUtil | calculateSalesForReportData | itemIndex : 3
2021-11-21 23:10:25.303  INFO 13736 --- [http-nio-8081-exec-8] c.s.a.util.MasterOrderReportServiceUtil  : MasterOrderReportServiceUtil | calculateSalesForReportData | reportItem : ReportItemDTO [identifier=2021-09, grossSales=9106.494, netSales=1293.724, ordersCount=15]
2021-11-21 23:10:25.303  INFO 13736 --- [http-nio-8081-exec-8] c.s.a.util.MasterOrderReportServiceUtil  : MasterOrderReportServiceUtil | calculateSalesForReportData | orderDateString : 2021-09
2021-11-21 23:10:25.303  INFO 13736 --- [http-nio-8081-exec-8] c.s.a.util.MasterOrderReportServiceUtil  : MasterOrderReportServiceUtil | calculateSalesForReportData | reportItem : ReportItemDTO [identifier=2021-09, grossSales=0.0, netSales=0.0, ordersCount=0]
2021-11-21 23:10:25.303  INFO 13736 --- [http-nio-8081-exec-8] c.s.a.util.MasterOrderReportServiceUtil  : MasterOrderReportServiceUtil | calculateSalesForReportData | itemIndex : 3
2021-11-21 23:10:25.303  INFO 13736 --- [http-nio-8081-exec-8] c.s.a.util.MasterOrderReportServiceUtil  : MasterOrderReportServiceUtil | calculateSalesForReportData | reportItem : ReportItemDTO [identifier=2021-09, grossSales=9781.475, netSales=1397.704, ordersCount=16]
2021-11-21 23:10:25.303  INFO 13736 --- [http-nio-8081-exec-8] c.s.a.util.MasterOrderReportServiceUtil  : MasterOrderReportServiceUtil | calculateSalesForReportData | orderDateString : 2021-09
2021-11-21 23:10:25.303  INFO 13736 --- [http-nio-8081-exec-8] c.s.a.util.MasterOrderReportServiceUtil  : MasterOrderReportServiceUtil | calculateSalesForReportData | reportItem : ReportItemDTO [identifier=2021-09, grossSales=0.0, netSales=0.0, ordersCount=0]
2021-11-21 23:10:25.303  INFO 13736 --- [http-nio-8081-exec-8] c.s.a.util.MasterOrderReportServiceUtil  : MasterOrderReportServiceUtil | calculateSalesForReportData | itemIndex : 3
2021-11-21 23:10:25.303  INFO 13736 --- [http-nio-8081-exec-8] c.s.a.util.MasterOrderReportServiceUtil  : MasterOrderReportServiceUtil | calculateSalesForReportData | reportItem : ReportItemDTO [identifier=2021-09, grossSales=11791.664, netSales=1572.684, ordersCount=17]
2021-11-21 23:10:25.303  INFO 13736 --- [http-nio-8081-exec-8] c.s.a.util.MasterOrderReportServiceUtil  : MasterOrderReportServiceUtil | calculateSalesForReportData | orderDateString : 2021-09
2021-11-21 23:10:25.303  INFO 13736 --- [http-nio-8081-exec-8] c.s.a.util.MasterOrderReportServiceUtil  : MasterOrderReportServiceUtil | calculateSalesForReportData | reportItem : ReportItemDTO [identifier=2021-09, grossSales=0.0, netSales=0.0, ordersCount=0]
2021-11-21 23:10:25.303  INFO 13736 --- [http-nio-8081-exec-8] c.s.a.util.MasterOrderReportServiceUtil  : MasterOrderReportServiceUtil | calculateSalesForReportData | itemIndex : 3
2021-11-21 23:10:25.303  INFO 13736 --- [http-nio-8081-exec-8] c.s.a.util.MasterOrderReportServiceUtil  : MasterOrderReportServiceUtil | calculateSalesForReportData | reportItem : ReportItemDTO [identifier=2021-09, grossSales=13822.324, netSales=1740.674, ordersCount=18]
2021-11-21 23:10:25.303  INFO 13736 --- [http-nio-8081-exec-8] c.s.a.util.MasterOrderReportServiceUtil  : MasterOrderReportServiceUtil | calculateSalesForReportData | orderDateString : 2021-09
2021-11-21 23:10:25.303  INFO 13736 --- [http-nio-8081-exec-8] c.s.a.util.MasterOrderReportServiceUtil  : MasterOrderReportServiceUtil | calculateSalesForReportData | reportItem : ReportItemDTO [identifier=2021-09, grossSales=0.0, netSales=0.0, ordersCount=0]
2021-11-21 23:10:25.303  INFO 13736 --- [http-nio-8081-exec-8] c.s.a.util.MasterOrderReportServiceUtil  : MasterOrderReportServiceUtil | calculateSalesForReportData | itemIndex : 3
2021-11-21 23:10:25.303  INFO 13736 --- [http-nio-8081-exec-8] c.s.a.util.MasterOrderReportServiceUtil  : MasterOrderReportServiceUtil | calculateSalesForReportData | reportItem : ReportItemDTO [identifier=2021-09, grossSales=14251.324, netSales=1838.674, ordersCount=19]
2021-11-21 23:10:25.303  INFO 13736 --- [http-nio-8081-exec-8] c.s.a.util.MasterOrderReportServiceUtil  : MasterOrderReportServiceUtil | calculateSalesForReportData | orderDateString : 2021-09
2021-11-21 23:10:25.303  INFO 13736 --- [http-nio-8081-exec-8] c.s.a.util.MasterOrderReportServiceUtil  : MasterOrderReportServiceUtil | calculateSalesForReportData | reportItem : ReportItemDTO [identifier=2021-09, grossSales=0.0, netSales=0.0, ordersCount=0]
2021-11-21 23:10:25.303  INFO 13736 --- [http-nio-8081-exec-8] c.s.a.util.MasterOrderReportServiceUtil  : MasterOrderReportServiceUtil | calculateSalesForReportData | itemIndex : 3
2021-11-21 23:10:25.303  INFO 13736 --- [http-nio-8081-exec-8] c.s.a.util.MasterOrderReportServiceUtil  : MasterOrderReportServiceUtil | calculateSalesForReportData | reportItem : ReportItemDTO [identifier=2021-09, grossSales=14309.265, netSales=1847.6139, ordersCount=20]
2021-11-21 23:10:25.303  INFO 13736 --- [http-nio-8081-exec-8] c.s.a.util.MasterOrderReportServiceUtil  : MasterOrderReportServiceUtil | calculateSalesForReportData | orderDateString : 2021-09
2021-11-21 23:10:25.303  INFO 13736 --- [http-nio-8081-exec-8] c.s.a.util.MasterOrderReportServiceUtil  : MasterOrderReportServiceUtil | calculateSalesForReportData | reportItem : ReportItemDTO [identifier=2021-09, grossSales=0.0, netSales=0.0, ordersCount=0]
2021-11-21 23:10:25.304  INFO 13736 --- [http-nio-8081-exec-8] c.s.a.util.MasterOrderReportServiceUtil  : MasterOrderReportServiceUtil | calculateSalesForReportData | itemIndex : 3
2021-11-21 23:10:25.304  INFO 13736 --- [http-nio-8081-exec-8] c.s.a.util.MasterOrderReportServiceUtil  : MasterOrderReportServiceUtil | calculateSalesForReportData | reportItem : ReportItemDTO [identifier=2021-09, grossSales=14999.154, netSales=1931.5039, ordersCount=21]
2021-11-21 23:10:25.304  INFO 13736 --- [http-nio-8081-exec-8] c.s.a.util.MasterOrderReportServiceUtil  : MasterOrderReportServiceUtil | calculateSalesForReportData | orderDateString : 2021-09
2021-11-21 23:10:25.304  INFO 13736 --- [http-nio-8081-exec-8] c.s.a.util.MasterOrderReportServiceUtil  : MasterOrderReportServiceUtil | calculateSalesForReportData | reportItem : ReportItemDTO [identifier=2021-09, grossSales=0.0, netSales=0.0, ordersCount=0]
2021-11-21 23:10:25.304  INFO 13736 --- [http-nio-8081-exec-8] c.s.a.util.MasterOrderReportServiceUtil  : MasterOrderReportServiceUtil | calculateSalesForReportData | itemIndex : 3
2021-11-21 23:10:25.304  INFO 13736 --- [http-nio-8081-exec-8] c.s.a.util.MasterOrderReportServiceUtil  : MasterOrderReportServiceUtil | calculateSalesForReportData | reportItem : ReportItemDTO [identifier=2021-09, grossSales=15849.095, netSales=2153.854, ordersCount=22]
2021-11-21 23:10:25.304  INFO 13736 --- [http-nio-8081-exec-8] c.s.a.util.MasterOrderReportServiceUtil  : MasterOrderReportServiceUtil | calculateSalesForReportData | orderDateString : 2021-09
2021-11-21 23:10:25.304  INFO 13736 --- [http-nio-8081-exec-8] c.s.a.util.MasterOrderReportServiceUtil  : MasterOrderReportServiceUtil | calculateSalesForReportData | reportItem : ReportItemDTO [identifier=2021-09, grossSales=0.0, netSales=0.0, ordersCount=0]
2021-11-21 23:10:25.304  INFO 13736 --- [http-nio-8081-exec-8] c.s.a.util.MasterOrderReportServiceUtil  : MasterOrderReportServiceUtil | calculateSalesForReportData | itemIndex : 3
2021-11-21 23:10:25.304  INFO 13736 --- [http-nio-8081-exec-8] c.s.a.util.MasterOrderReportServiceUtil  : MasterOrderReportServiceUtil | calculateSalesForReportData | reportItem : ReportItemDTO [identifier=2021-09, grossSales=15964.168, netSales=2182.436, ordersCount=23]
2021-11-21 23:10:25.304  INFO 13736 --- [http-nio-8081-exec-8] c.s.a.util.MasterOrderReportServiceUtil  : MasterOrderReportServiceUtil | calculateSalesForReportData | orderDateString : 2021-09
2021-11-21 23:10:25.304  INFO 13736 --- [http-nio-8081-exec-8] c.s.a.util.MasterOrderReportServiceUtil  : MasterOrderReportServiceUtil | calculateSalesForReportData | reportItem : ReportItemDTO [identifier=2021-09, grossSales=0.0, netSales=0.0, ordersCount=0]
2021-11-21 23:10:25.304  INFO 13736 --- [http-nio-8081-exec-8] c.s.a.util.MasterOrderReportServiceUtil  : MasterOrderReportServiceUtil | calculateSalesForReportData | itemIndex : 3
2021-11-21 23:10:25.304  INFO 13736 --- [http-nio-8081-exec-8] c.s.a.util.MasterOrderReportServiceUtil  : MasterOrderReportServiceUtil | calculateSalesForReportData | reportItem : ReportItemDTO [identifier=2021-09, grossSales=16211.827, netSales=2199.739, ordersCount=24]
2021-11-21 23:10:25.305  INFO 13736 --- [http-nio-8081-exec-8] c.s.a.util.MasterOrderReportServiceUtil  : MasterOrderReportServiceUtil | calculateSalesForReportData | orderDateString : 2021-09
2021-11-21 23:10:25.305  INFO 13736 --- [http-nio-8081-exec-8] c.s.a.util.MasterOrderReportServiceUtil  : MasterOrderReportServiceUtil | calculateSalesForReportData | reportItem : ReportItemDTO [identifier=2021-09, grossSales=0.0, netSales=0.0, ordersCount=0]
2021-11-21 23:10:25.305  INFO 13736 --- [http-nio-8081-exec-8] c.s.a.util.MasterOrderReportServiceUtil  : MasterOrderReportServiceUtil | calculateSalesForReportData | itemIndex : 3
2021-11-21 23:10:25.305  INFO 13736 --- [http-nio-8081-exec-8] c.s.a.util.MasterOrderReportServiceUtil  : MasterOrderReportServiceUtil | calculateSalesForReportData | reportItem : ReportItemDTO [identifier=2021-09, grossSales=16868.834, netSales=2274.729, ordersCount=25]
2021-11-21 23:10:25.305  INFO 13736 --- [http-nio-8081-exec-8] c.s.a.util.MasterOrderReportServiceUtil  : MasterOrderReportServiceUtil | calculateSalesForReportData | orderDateString : 2021-09
2021-11-21 23:10:25.305  INFO 13736 --- [http-nio-8081-exec-8] c.s.a.util.MasterOrderReportServiceUtil  : MasterOrderReportServiceUtil | calculateSalesForReportData | reportItem : ReportItemDTO [identifier=2021-09, grossSales=0.0, netSales=0.0, ordersCount=0]
2021-11-21 23:10:25.305  INFO 13736 --- [http-nio-8081-exec-8] c.s.a.util.MasterOrderReportServiceUtil  : MasterOrderReportServiceUtil | calculateSalesForReportData | itemIndex : 3
2021-11-21 23:10:25.305  INFO 13736 --- [http-nio-8081-exec-8] c.s.a.util.MasterOrderReportServiceUtil  : MasterOrderReportServiceUtil | calculateSalesForReportData | reportItem : ReportItemDTO [identifier=2021-09, grossSales=18829.693, netSales=2424.729, ordersCount=26]
2021-11-21 23:10:25.305  INFO 13736 --- [http-nio-8081-exec-8] c.s.a.util.MasterOrderReportServiceUtil  : MasterOrderReportServiceUtil | calculateSalesForReportData | orderDateString : 2021-10
2021-11-21 23:10:25.305  INFO 13736 --- [http-nio-8081-exec-8] c.s.a.util.MasterOrderReportServiceUtil  : MasterOrderReportServiceUtil | calculateSalesForReportData | reportItem : ReportItemDTO [identifier=2021-10, grossSales=0.0, netSales=0.0, ordersCount=0]
2021-11-21 23:10:25.305  INFO 13736 --- [http-nio-8081-exec-8] c.s.a.util.MasterOrderReportServiceUtil  : MasterOrderReportServiceUtil | calculateSalesForReportData | itemIndex : 4
2021-11-21 23:10:25.305  INFO 13736 --- [http-nio-8081-exec-8] c.s.a.util.MasterOrderReportServiceUtil  : MasterOrderReportServiceUtil | calculateSalesForReportData | reportItem : ReportItemDTO [identifier=2021-10, grossSales=710.185, netSales=90.20001, ordersCount=1]
2021-11-21 23:10:25.305  INFO 13736 --- [http-nio-8081-exec-8] c.s.a.util.MasterOrderReportServiceUtil  : MasterOrderReportServiceUtil | calculateSalesForReportData | orderDateString : 2021-10
2021-11-21 23:10:25.305  INFO 13736 --- [http-nio-8081-exec-8] c.s.a.util.MasterOrderReportServiceUtil  : MasterOrderReportServiceUtil | calculateSalesForReportData | reportItem : ReportItemDTO [identifier=2021-10, grossSales=0.0, netSales=0.0, ordersCount=0]
2021-11-21 23:10:25.305  INFO 13736 --- [http-nio-8081-exec-8] c.s.a.util.MasterOrderReportServiceUtil  : MasterOrderReportServiceUtil | calculateSalesForReportData | itemIndex : 4
2021-11-21 23:10:25.305  INFO 13736 --- [http-nio-8081-exec-8] c.s.a.util.MasterOrderReportServiceUtil  : MasterOrderReportServiceUtil | calculateSalesForReportData | reportItem : ReportItemDTO [identifier=2021-10, grossSales=1086.855, netSales=100.69, ordersCount=2]
2021-11-21 23:10:25.305  INFO 13736 --- [http-nio-8081-exec-8] c.s.a.util.MasterOrderReportServiceUtil  : MasterOrderReportServiceUtil | calculateSalesForReportData | orderDateString : 2021-10
2021-11-21 23:10:25.305  INFO 13736 --- [http-nio-8081-exec-8] c.s.a.util.MasterOrderReportServiceUtil  : MasterOrderReportServiceUtil | calculateSalesForReportData | reportItem : ReportItemDTO [identifier=2021-10, grossSales=0.0, netSales=0.0, ordersCount=0]
2021-11-21 23:10:25.305  INFO 13736 --- [http-nio-8081-exec-8] c.s.a.util.MasterOrderReportServiceUtil  : MasterOrderReportServiceUtil | calculateSalesForReportData | itemIndex : 4
2021-11-21 23:10:25.305  INFO 13736 --- [http-nio-8081-exec-8] c.s.a.util.MasterOrderReportServiceUtil  : MasterOrderReportServiceUtil | calculateSalesForReportData | reportItem : ReportItemDTO [identifier=2021-10, grossSales=1246.58, netSales=81.675995, ordersCount=3]
2021-11-21 23:10:25.305  INFO 13736 --- [http-nio-8081-exec-8] c.s.a.util.MasterOrderReportServiceUtil  : MasterOrderReportServiceUtil | calculateSalesForReportData | orderDateString : 2021-10
2021-11-21 23:10:25.305  INFO 13736 --- [http-nio-8081-exec-8] c.s.a.util.MasterOrderReportServiceUtil  : MasterOrderReportServiceUtil | calculateSalesForReportData | reportItem : ReportItemDTO [identifier=2021-10, grossSales=0.0, netSales=0.0, ordersCount=0]
2021-11-21 23:10:25.306  INFO 13736 --- [http-nio-8081-exec-8] c.s.a.util.MasterOrderReportServiceUtil  : MasterOrderReportServiceUtil | calculateSalesForReportData | itemIndex : 4
2021-11-21 23:10:25.306  INFO 13736 --- [http-nio-8081-exec-8] c.s.a.util.MasterOrderReportServiceUtil  : MasterOrderReportServiceUtil | calculateSalesForReportData | reportItem : ReportItemDTO [identifier=2021-10, grossSales=1308.5499, netSales=95.696, ordersCount=4]
2021-11-21 23:10:25.306  INFO 13736 --- [http-nio-8081-exec-8] c.s.a.util.MasterOrderReportServiceUtil  : MasterOrderReportServiceUtil | calculateSalesForReportData | orderDateString : 2021-10
2021-11-21 23:10:25.306  INFO 13736 --- [http-nio-8081-exec-8] c.s.a.util.MasterOrderReportServiceUtil  : MasterOrderReportServiceUtil | calculateSalesForReportData | reportItem : ReportItemDTO [identifier=2021-10, grossSales=0.0, netSales=0.0, ordersCount=0]
2021-11-21 23:10:25.306  INFO 13736 --- [http-nio-8081-exec-8] c.s.a.util.MasterOrderReportServiceUtil  : MasterOrderReportServiceUtil | calculateSalesForReportData | itemIndex : 4
2021-11-21 23:10:25.306  INFO 13736 --- [http-nio-8081-exec-8] c.s.a.util.MasterOrderReportServiceUtil  : MasterOrderReportServiceUtil | calculateSalesForReportData | reportItem : ReportItemDTO [identifier=2021-10, grossSales=2298.4, netSales=210.696, ordersCount=5]
2021-11-21 23:10:25.306  INFO 13736 --- [http-nio-8081-exec-8] c.s.a.util.MasterOrderReportServiceUtil  : MasterOrderReportServiceUtil | calculateSalesForReportData | orderDateString : 2021-10
2021-11-21 23:10:25.306  INFO 13736 --- [http-nio-8081-exec-8] c.s.a.util.MasterOrderReportServiceUtil  : MasterOrderReportServiceUtil | calculateSalesForReportData | reportItem : ReportItemDTO [identifier=2021-10, grossSales=0.0, netSales=0.0, ordersCount=0]
2021-11-21 23:10:25.306  INFO 13736 --- [http-nio-8081-exec-8] c.s.a.util.MasterOrderReportServiceUtil  : MasterOrderReportServiceUtil | calculateSalesForReportData | itemIndex : 4
2021-11-21 23:10:25.306  INFO 13736 --- [http-nio-8081-exec-8] c.s.a.util.MasterOrderReportServiceUtil  : MasterOrderReportServiceUtil | calculateSalesForReportData | reportItem : ReportItemDTO [identifier=2021-10, grossSales=3231.3398, netSales=322.68597, ordersCount=6]
2021-11-21 23:10:25.306  INFO 13736 --- [http-nio-8081-exec-8] c.s.a.util.MasterOrderReportServiceUtil  : MasterOrderReportServiceUtil | calculateSalesForReportData | orderDateString : 2021-10
2021-11-21 23:10:25.306  INFO 13736 --- [http-nio-8081-exec-8] c.s.a.util.MasterOrderReportServiceUtil  : MasterOrderReportServiceUtil | calculateSalesForReportData | reportItem : ReportItemDTO [identifier=2021-10, grossSales=0.0, netSales=0.0, ordersCount=0]
2021-11-21 23:10:25.306  INFO 13736 --- [http-nio-8081-exec-8] c.s.a.util.MasterOrderReportServiceUtil  : MasterOrderReportServiceUtil | calculateSalesForReportData | itemIndex : 4
2021-11-21 23:10:25.306  INFO 13736 --- [http-nio-8081-exec-8] c.s.a.util.MasterOrderReportServiceUtil  : MasterOrderReportServiceUtil | calculateSalesForReportData | reportItem : ReportItemDTO [identifier=2021-10, grossSales=3836.6577, netSales=409.67596, ordersCount=7]
2021-11-21 23:10:25.306  INFO 13736 --- [http-nio-8081-exec-8] c.s.a.util.MasterOrderReportServiceUtil  : MasterOrderReportServiceUtil | calculateSalesForReportData | orderDateString : 2021-10
2021-11-21 23:10:25.306  INFO 13736 --- [http-nio-8081-exec-8] c.s.a.util.MasterOrderReportServiceUtil  : MasterOrderReportServiceUtil | calculateSalesForReportData | reportItem : ReportItemDTO [identifier=2021-10, grossSales=0.0, netSales=0.0, ordersCount=0]
2021-11-21 23:10:25.306  INFO 13736 --- [http-nio-8081-exec-8] c.s.a.util.MasterOrderReportServiceUtil  : MasterOrderReportServiceUtil | calculateSalesForReportData | itemIndex : 4
2021-11-21 23:10:25.306  INFO 13736 --- [http-nio-8081-exec-8] c.s.a.util.MasterOrderReportServiceUtil  : MasterOrderReportServiceUtil | calculateSalesForReportData | reportItem : ReportItemDTO [identifier=2021-10, grossSales=4292.2637, netSales=426.16995, ordersCount=8]
2021-11-21 23:10:25.306  INFO 13736 --- [http-nio-8081-exec-8] c.s.a.util.MasterOrderReportServiceUtil  : MasterOrderReportServiceUtil | calculateSalesForReportData | orderDateString : 2021-10
2021-11-21 23:10:25.306  INFO 13736 --- [http-nio-8081-exec-8] c.s.a.util.MasterOrderReportServiceUtil  : MasterOrderReportServiceUtil | calculateSalesForReportData | reportItem : ReportItemDTO [identifier=2021-10, grossSales=0.0, netSales=0.0, ordersCount=0]
2021-11-21 23:10:25.307  INFO 13736 --- [http-nio-8081-exec-8] c.s.a.util.MasterOrderReportServiceUtil  : MasterOrderReportServiceUtil | calculateSalesForReportData | itemIndex : 4
2021-11-21 23:10:25.307  INFO 13736 --- [http-nio-8081-exec-8] c.s.a.util.MasterOrderReportServiceUtil  : MasterOrderReportServiceUtil | calculateSalesForReportData | reportItem : ReportItemDTO [identifier=2021-10, grossSales=4962.089, netSales=606.1699, ordersCount=9]
2021-11-21 23:10:25.307  INFO 13736 --- [http-nio-8081-exec-8] c.s.a.util.MasterOrderReportServiceUtil  : MasterOrderReportServiceUtil | calculateSalesForReportData | orderDateString : 2021-10
2021-11-21 23:10:25.307  INFO 13736 --- [http-nio-8081-exec-8] c.s.a.util.MasterOrderReportServiceUtil  : MasterOrderReportServiceUtil | calculateSalesForReportData | reportItem : ReportItemDTO [identifier=2021-10, grossSales=0.0, netSales=0.0, ordersCount=0]
2021-11-21 23:10:25.307  INFO 13736 --- [http-nio-8081-exec-8] c.s.a.util.MasterOrderReportServiceUtil  : MasterOrderReportServiceUtil | calculateSalesForReportData | itemIndex : 4
2021-11-21 23:10:25.307  INFO 13736 --- [http-nio-8081-exec-8] c.s.a.util.MasterOrderReportServiceUtil  : MasterOrderReportServiceUtil | calculateSalesForReportData | reportItem : ReportItemDTO [identifier=2021-10, grossSales=5556.489, netSales=639.1599, ordersCount=10]
2021-11-21 23:10:25.307  INFO 13736 --- [http-nio-8081-exec-8] c.s.a.util.MasterOrderReportServiceUtil  : MasterOrderReportServiceUtil | calculateSalesForReportData | orderDateString : 2021-10
2021-11-21 23:10:25.307  INFO 13736 --- [http-nio-8081-exec-8] c.s.a.util.MasterOrderReportServiceUtil  : MasterOrderReportServiceUtil | calculateSalesForReportData | reportItem : ReportItemDTO [identifier=2021-10, grossSales=0.0, netSales=0.0, ordersCount=0]
2021-11-21 23:10:25.307  INFO 13736 --- [http-nio-8081-exec-8] c.s.a.util.MasterOrderReportServiceUtil  : MasterOrderReportServiceUtil | calculateSalesForReportData | itemIndex : 4
2021-11-21 23:10:25.307  INFO 13736 --- [http-nio-8081-exec-8] c.s.a.util.MasterOrderReportServiceUtil  : MasterOrderReportServiceUtil | calculateSalesForReportData | reportItem : ReportItemDTO [identifier=2021-10, grossSales=5638.5786, netSales=657.1499, ordersCount=11]
2021-11-21 23:10:25.307  INFO 13736 --- [http-nio-8081-exec-8] c.s.a.util.MasterOrderReportServiceUtil  : MasterOrderReportServiceUtil | printReportData is called
2021-11-21 23:15:04.665  INFO 13736 --- [RMI TCP Connection(47)-127.0.0.1] inMXBeanRegistrar$SpringApplicationAdmin : Application shutdown requested.
2021-11-21 23:15:04.713  INFO 13736 --- [RMI TCP Connection(47)-127.0.0.1] o.s.s.concurrent.ThreadPoolTaskExecutor  : Shutting down ExecutorService 'applicationTaskExecutor'
2021-11-21 23:15:04.716  INFO 13736 --- [RMI TCP Connection(47)-127.0.0.1] j.LocalContainerEntityManagerFactoryBean : Closing JPA EntityManagerFactory for persistence unit 'default'
2021-11-21 23:15:04.717  INFO 13736 --- [RMI TCP Connection(47)-127.0.0.1] com.zaxxer.hikari.HikariDataSource       : HikariPool-7 - Shutdown initiated...
2021-11-21 23:15:04.724  INFO 13736 --- [RMI TCP Connection(47)-127.0.0.1] com.zaxxer.hikari.HikariDataSource       : HikariPool-7 - Shutdown completed.
