2021-06-11 23:50:50.266  INFO 4968 --- [restartedMain] c.shopme.admin.ShopmeBackEndApplication  : Starting ShopmeBackEndApplication using Java 15.0.1 on DESKTOP-E7L6HLO with PID 4968 (C:\Users\Noyan\Desktop\sts-4.9.0.RELEASE\workspace\Shopme\ShopmeWebParent\ShopmeBackEnd\target\classes started by Noyan in C:\Users\Noyan\Desktop\sts-4.9.0.RELEASE\workspace\Shopme\ShopmeWebParent\ShopmeBackEnd)
2021-06-11 23:50:50.276  INFO 4968 --- [restartedMain] c.shopme.admin.ShopmeBackEndApplication  : No active profile set, falling back to default profiles: default
2021-06-11 23:50:50.377  INFO 4968 --- [restartedMain] o.s.b.devtools.restart.ChangeableUrls    : The Class-Path manifest attribute in C:\Users\Noyan\.m2\repository\xalan\xalan\2.7.2\xalan-2.7.2.jar referenced one or more files that do not exist: file:/C:/Users/Noyan/.m2/repository/xalan/xalan/2.7.2/xercesImpl.jar,file:/C:/Users/Noyan/.m2/repository/xalan/xalan/2.7.2/xml-apis.jar,file:/C:/Users/Noyan/.m2/repository/xalan/xalan/2.7.2/serializer.jar
2021-06-11 23:50:50.378  INFO 4968 --- [restartedMain] o.s.b.devtools.restart.ChangeableUrls    : The Class-Path manifest attribute in C:\Users\Noyan\.m2\repository\xalan\serializer\2.7.2\serializer-2.7.2.jar referenced one or more files that do not exist: file:/C:/Users/Noyan/.m2/repository/xalan/serializer/2.7.2/xml-apis.jar
2021-06-11 23:50:50.378  INFO 4968 --- [restartedMain] o.s.b.devtools.restart.ChangeableUrls    : The Class-Path manifest attribute in C:\Users\Noyan\.m2\repository\org\apache\xmlgraphics\batik-rasterizer-ext\1.13\batik-rasterizer-ext-1.13.jar referenced one or more files that do not exist: file:/C:/Users/Noyan/.m2/repository/org/apache/xmlgraphics/batik-rasterizer-ext/1.13/batik-shared-resources-1.13.jar,file:/C:/Users/Noyan/.m2/repository/org/apache/xmlgraphics/batik-rasterizer-ext/1.13/batik-svgrasterizer-1.13.jar,file:/C:/Users/Noyan/.m2/repository/org/apache/xmlgraphics/batik-rasterizer-ext/1.13/batik-parser-1.13.jar,file:/C:/Users/Noyan/.m2/repository/org/apache/xmlgraphics/batik-rasterizer-ext/1.13/batik-xml-1.13.jar,file:/C:/Users/Noyan/.m2/repository/org/apache/xmlgraphics/batik-rasterizer-ext/1.13/batik-transcoder-1.13.jar,file:/C:/Users/Noyan/.m2/repository/org/apache/xmlgraphics/batik-rasterizer-ext/1.13/batik-svggen-1.13.jar,file:/C:/Users/Noyan/.m2/repository/org/apache/xmlgraphics/batik-rasterizer-ext/1.13/batik-util-1.13.jar,file:/C:/Users/Noyan/.m2/repository/org/apache/xmlgraphics/batik-rasterizer-ext/1.13/batik-constants-1.13.jar,file:/C:/Users/Noyan/.m2/repository/org/apache/xmlgraphics/batik-rasterizer-ext/1.13/batik-i18n-1.13.jar,file:/C:/Users/Noyan/.m2/repository/org/apache/xmlgraphics/batik-rasterizer-ext/1.13/batik-codec-1.13.jar,file:/C:/Users/Noyan/.m2/repository/org/apache/xmlgraphics/batik-rasterizer-ext/1.13/batik-extension-1.13.jar,file:/C:/Users/Noyan/.m2/repository/org/apache/xmlgraphics/batik-rasterizer-ext/1.13/batik-anim-1.13.jar,file:/C:/Users/Noyan/.m2/repository/org/apache/xmlgraphics/batik-rasterizer-ext/1.13/batik-awt-util-1.13.jar,file:/C:/Users/Noyan/.m2/repository/org/apache/xmlgraphics/batik-rasterizer-ext/1.13/xmlgraphics-commons-2.4.jar,file:/C:/Users/Noyan/.m2/repository/org/apache/xmlgraphics/batik-rasterizer-ext/1.13/commons-io-1.3.2.jar,file:/C:/Users/Noyan/.m2/repository/org/apache/xmlgraphics/batik-rasterizer-ext/1.13/commons-logging-1.2.jar,file:/C:/Users/Noyan/.m2/repository/org/apache/xmlgraphics/batik-rasterizer-ext/1.13/batik-bridge-1.13.jar,file:/C:/Users/Noyan/.m2/repository/org/apache/xmlgraphics/batik-rasterizer-ext/1.13/batik-script-1.13.jar,file:/C:/Users/Noyan/.m2/repository/org/apache/xmlgraphics/batik-rasterizer-ext/1.13/batik-css-1.13.jar,file:/C:/Users/Noyan/.m2/repository/org/apache/xmlgraphics/batik-rasterizer-ext/1.13/batik-dom-1.13.jar,file:/C:/Users/Noyan/.m2/repository/org/apache/xmlgraphics/batik-rasterizer-ext/1.13/xalan-2.7.2.jar,file:/C:/Users/Noyan/.m2/repository/org/apache/xmlgraphics/batik-rasterizer-ext/1.13/serializer-2.7.2.jar,file:/C:/Users/Noyan/.m2/repository/org/apache/xmlgraphics/batik-rasterizer-ext/1.13/xml-apis-1.4.01.jar,file:/C:/Users/Noyan/.m2/repository/org/apache/xmlgraphics/batik-rasterizer-ext/1.13/batik-ext-1.13.jar,file:/C:/Users/Noyan/.m2/repository/org/apache/xmlgraphics/batik-rasterizer-ext/1.13/batik-gvt-1.13.jar,file:/C:/Users/Noyan/.m2/repository/org/apache/xmlgraphics/batik-rasterizer-ext/1.13/batik-svg-dom-1.13.jar,file:/C:/Users/Noyan/.m2/repository/org/apache/xmlgraphics/batik-rasterizer-ext/1.13/xml-apis-ext-1.3.04.jar
2021-06-11 23:50:50.379  INFO 4968 --- [restartedMain] o.s.b.devtools.restart.ChangeableUrls    : The Class-Path manifest attribute in C:\Users\Noyan\.m2\repository\org\apache\xmlgraphics\batik-rasterizer\1.13\batik-rasterizer-1.13.jar referenced one or more files that do not exist: file:/C:/Users/Noyan/.m2/repository/org/apache/xmlgraphics/batik-rasterizer/1.13/lib/batik-shared-resources-1.13.jar,file:/C:/Users/Noyan/.m2/repository/org/apache/xmlgraphics/batik-rasterizer/1.13/lib/batik-svgrasterizer-1.13.jar,file:/C:/Users/Noyan/.m2/repository/org/apache/xmlgraphics/batik-rasterizer/1.13/lib/batik-parser-1.13.jar,file:/C:/Users/Noyan/.m2/repository/org/apache/xmlgraphics/batik-rasterizer/1.13/lib/batik-awt-util-1.13.jar,file:/C:/Users/Noyan/.m2/repository/org/apache/xmlgraphics/batik-rasterizer/1.13/lib/xmlgraphics-commons-2.4.jar,file:/C:/Users/Noyan/.m2/repository/org/apache/xmlgraphics/batik-rasterizer/1.13/lib/commons-io-1.3.2.jar,file:/C:/Users/Noyan/.m2/repository/org/apache/xmlgraphics/batik-rasterizer/1.13/lib/commons-logging-1.2.jar,file:/C:/Users/Noyan/.m2/repository/org/apache/xmlgraphics/batik-rasterizer/1.13/lib/batik-xml-1.13.jar,file:/C:/Users/Noyan/.m2/repository/org/apache/xmlgraphics/batik-rasterizer/1.13/lib/xml-apis-ext-1.3.04.jar,file:/C:/Users/Noyan/.m2/repository/org/apache/xmlgraphics/batik-rasterizer/1.13/lib/batik-transcoder-1.13.jar,file:/C:/Users/Noyan/.m2/repository/org/apache/xmlgraphics/batik-rasterizer/1.13/lib/batik-anim-1.13.jar,file:/C:/Users/Noyan/.m2/repository/org/apache/xmlgraphics/batik-rasterizer/1.13/lib/batik-css-1.13.jar,file:/C:/Users/Noyan/.m2/repository/org/apache/xmlgraphics/batik-rasterizer/1.13/lib/batik-ext-1.13.jar,file:/C:/Users/Noyan/.m2/repository/org/apache/xmlgraphics/batik-rasterizer/1.13/lib/batik-svg-dom-1.13.jar,file:/C:/Users/Noyan/.m2/repository/org/apache/xmlgraphics/batik-rasterizer/1.13/lib/batik-bridge-1.13.jar,file:/C:/Users/Noyan/.m2/repository/org/apache/xmlgraphics/batik-rasterizer/1.13/lib/batik-script-1.13.jar,file:/C:/Users/Noyan/.m2/repository/org/apache/xmlgraphics/batik-rasterizer/1.13/lib/batik-dom-1.13.jar,file:/C:/Users/Noyan/.m2/repository/org/apache/xmlgraphics/batik-rasterizer/1.13/lib/xalan-2.7.2.jar,file:/C:/Users/Noyan/.m2/repository/org/apache/xmlgraphics/batik-rasterizer/1.13/lib/serializer-2.7.2.jar,file:/C:/Users/Noyan/.m2/repository/org/apache/xmlgraphics/batik-rasterizer/1.13/lib/xml-apis-1.4.01.jar,file:/C:/Users/Noyan/.m2/repository/org/apache/xmlgraphics/batik-rasterizer/1.13/lib/batik-gvt-1.13.jar,file:/C:/Users/Noyan/.m2/repository/org/apache/xmlgraphics/batik-rasterizer/1.13/lib/batik-svggen-1.13.jar,file:/C:/Users/Noyan/.m2/repository/org/apache/xmlgraphics/batik-rasterizer/1.13/lib/batik-util-1.13.jar,file:/C:/Users/Noyan/.m2/repository/org/apache/xmlgraphics/batik-rasterizer/1.13/lib/batik-constants-1.13.jar,file:/C:/Users/Noyan/.m2/repository/org/apache/xmlgraphics/batik-rasterizer/1.13/lib/batik-i18n-1.13.jar,file:/C:/Users/Noyan/.m2/repository/org/apache/xmlgraphics/batik-rasterizer/1.13/lib/batik-codec-1.13.jar,file:/C:/Users/Noyan/.m2/repository/org/apache/xmlgraphics/batik-rasterizer/1.13/lib/fop-transcoder-allinone-2.5.jar
2021-06-11 23:50:50.379  INFO 4968 --- [restartedMain] o.s.b.devtools.restart.ChangeableUrls    : The Class-Path manifest attribute in C:\Users\Noyan\.m2\repository\org\apache\xmlgraphics\batik-slideshow\1.13\batik-slideshow-1.13.jar referenced one or more files that do not exist: file:/C:/Users/Noyan/.m2/repository/org/apache/xmlgraphics/batik-slideshow/1.13/lib/batik-bridge-1.13.jar,file:/C:/Users/Noyan/.m2/repository/org/apache/xmlgraphics/batik-slideshow/1.13/lib/batik-anim-1.13.jar,file:/C:/Users/Noyan/.m2/repository/org/apache/xmlgraphics/batik-slideshow/1.13/lib/batik-ext-1.13.jar,file:/C:/Users/Noyan/.m2/repository/org/apache/xmlgraphics/batik-slideshow/1.13/lib/batik-awt-util-1.13.jar,file:/C:/Users/Noyan/.m2/repository/org/apache/xmlgraphics/batik-slideshow/1.13/lib/batik-css-1.13.jar,file:/C:/Users/Noyan/.m2/repository/org/apache/xmlgraphics/batik-slideshow/1.13/lib/batik-dom-1.13.jar,file:/C:/Users/Noyan/.m2/repository/org/apache/xmlgraphics/batik-slideshow/1.13/lib/xalan-2.7.2.jar,file:/C:/Users/Noyan/.m2/repository/org/apache/xmlgraphics/batik-slideshow/1.13/lib/serializer-2.7.2.jar,file:/C:/Users/Noyan/.m2/repository/org/apache/xmlgraphics/batik-slideshow/1.13/lib/xml-apis-1.4.01.jar,file:/C:/Users/Noyan/.m2/repository/org/apache/xmlgraphics/batik-slideshow/1.13/lib/batik-parser-1.13.jar,file:/C:/Users/Noyan/.m2/repository/org/apache/xmlgraphics/batik-slideshow/1.13/lib/batik-script-1.13.jar,file:/C:/Users/Noyan/.m2/repository/org/apache/xmlgraphics/batik-slideshow/1.13/lib/batik-svg-dom-1.13.jar,file:/C:/Users/Noyan/.m2/repository/org/apache/xmlgraphics/batik-slideshow/1.13/lib/batik-util-1.13.jar,file:/C:/Users/Noyan/.m2/repository/org/apache/xmlgraphics/batik-slideshow/1.13/lib/batik-constants-1.13.jar,file:/C:/Users/Noyan/.m2/repository/org/apache/xmlgraphics/batik-slideshow/1.13/lib/batik-i18n-1.13.jar,file:/C:/Users/Noyan/.m2/repository/org/apache/xmlgraphics/batik-slideshow/1.13/lib/batik-xml-1.13.jar,file:/C:/Users/Noyan/.m2/repository/org/apache/xmlgraphics/batik-slideshow/1.13/lib/xmlgraphics-commons-2.4.jar,file:/C:/Users/Noyan/.m2/repository/org/apache/xmlgraphics/batik-slideshow/1.13/lib/commons-io-1.3.2.jar,file:/C:/Users/Noyan/.m2/repository/org/apache/xmlgraphics/batik-slideshow/1.13/lib/commons-logging-1.2.jar,file:/C:/Users/Noyan/.m2/repository/org/apache/xmlgraphics/batik-slideshow/1.13/lib/batik-gvt-1.13.jar,file:/C:/Users/Noyan/.m2/repository/org/apache/xmlgraphics/batik-slideshow/1.13/lib/batik-shared-resources-1.13.jar,file:/C:/Users/Noyan/.m2/repository/org/apache/xmlgraphics/batik-slideshow/1.13/lib/xml-apis-ext-1.3.04.jar
2021-06-11 23:50:50.379  INFO 4968 --- [restartedMain] o.s.b.devtools.restart.ChangeableUrls    : The Class-Path manifest attribute in C:\Users\Noyan\.m2\repository\org\apache\xmlgraphics\batik-squiggle-ext\1.13\batik-squiggle-ext-1.13.jar referenced one or more files that do not exist: file:/C:/Users/Noyan/.m2/repository/org/apache/xmlgraphics/batik-squiggle-ext/1.13/batik-shared-resources-1.13.jar,file:/C:/Users/Noyan/.m2/repository/org/apache/xmlgraphics/batik-squiggle-ext/1.13/batik-svgbrowser-1.13.jar,file:/C:/Users/Noyan/.m2/repository/org/apache/xmlgraphics/batik-squiggle-ext/1.13/batik-anim-1.13.jar,file:/C:/Users/Noyan/.m2/repository/org/apache/xmlgraphics/batik-squiggle-ext/1.13/batik-bridge-1.13.jar,file:/C:/Users/Noyan/.m2/repository/org/apache/xmlgraphics/batik-squiggle-ext/1.13/batik-script-1.13.jar,file:/C:/Users/Noyan/.m2/repository/org/apache/xmlgraphics/batik-squiggle-ext/1.13/xmlgraphics-commons-2.4.jar,file:/C:/Users/Noyan/.m2/repository/org/apache/xmlgraphics/batik-squiggle-ext/1.13/commons-io-1.3.2.jar,file:/C:/Users/Noyan/.m2/repository/org/apache/xmlgraphics/batik-squiggle-ext/1.13/commons-logging-1.2.jar,file:/C:/Users/Noyan/.m2/repository/org/apache/xmlgraphics/batik-squiggle-ext/1.13/batik-dom-1.13.jar,file:/C:/Users/Noyan/.m2/repository/org/apache/xmlgraphics/batik-squiggle-ext/1.13/xalan-2.7.2.jar,file:/C:/Users/Noyan/.m2/repository/org/apache/xmlgraphics/batik-squiggle-ext/1.13/serializer-2.7.2.jar,file:/C:/Users/Noyan/.m2/repository/org/apache/xmlgraphics/batik-squiggle-ext/1.13/xml-apis-1.4.01.jar,file:/C:/Users/Noyan/.m2/repository/org/apache/xmlgraphics/batik-squiggle-ext/1.13/batik-gvt-1.13.jar,file:/C:/Users/Noyan/.m2/repository/org/apache/xmlgraphics/batik-squiggle-ext/1.13/batik-swing-1.13.jar,file:/C:/Users/Noyan/.m2/repository/org/apache/xmlgraphics/batik-squiggle-ext/1.13/batik-gui-util-1.13.jar,file:/C:/Users/Noyan/.m2/repository/org/apache/xmlgraphics/batik-squiggle-ext/1.13/batik-transcoder-1.13.jar,file:/C:/Users/Noyan/.m2/repository/org/apache/xmlgraphics/batik-squiggle-ext/1.13/batik-svggen-1.13.jar,file:/C:/Users/Noyan/.m2/repository/org/apache/xmlgraphics/batik-squiggle-ext/1.13/batik-util-1.13.jar,file:/C:/Users/Noyan/.m2/repository/org/apache/xmlgraphics/batik-squiggle-ext/1.13/batik-constants-1.13.jar,file:/C:/Users/Noyan/.m2/repository/org/apache/xmlgraphics/batik-squiggle-ext/1.13/batik-i18n-1.13.jar,file:/C:/Users/Noyan/.m2/repository/org/apache/xmlgraphics/batik-squiggle-ext/1.13/batik-xml-1.13.jar,file:/C:/Users/Noyan/.m2/repository/org/apache/xmlgraphics/batik-squiggle-ext/1.13/xml-apis-ext-1.3.04.jar,file:/C:/Users/Noyan/.m2/repository/org/apache/xmlgraphics/batik-squiggle-ext/1.13/batik-extension-1.13.jar,file:/C:/Users/Noyan/.m2/repository/org/apache/xmlgraphics/batik-squiggle-ext/1.13/batik-awt-util-1.13.jar,file:/C:/Users/Noyan/.m2/repository/org/apache/xmlgraphics/batik-squiggle-ext/1.13/batik-css-1.13.jar,file:/C:/Users/Noyan/.m2/repository/org/apache/xmlgraphics/batik-squiggle-ext/1.13/batik-ext-1.13.jar,file:/C:/Users/Noyan/.m2/repository/org/apache/xmlgraphics/batik-squiggle-ext/1.13/batik-parser-1.13.jar,file:/C:/Users/Noyan/.m2/repository/org/apache/xmlgraphics/batik-squiggle-ext/1.13/batik-svg-dom-1.13.jar
2021-06-11 23:50:50.379  INFO 4968 --- [restartedMain] o.s.b.devtools.restart.ChangeableUrls    : The Class-Path manifest attribute in C:\Users\Noyan\.m2\repository\org\apache\xmlgraphics\batik-squiggle\1.13\batik-squiggle-1.13.jar referenced one or more files that do not exist: file:/C:/Users/Noyan/.m2/repository/org/apache/xmlgraphics/batik-squiggle/1.13/lib/batik-shared-resources-1.13.jar,file:/C:/Users/Noyan/.m2/repository/org/apache/xmlgraphics/batik-squiggle/1.13/lib/batik-svgbrowser-1.13.jar,file:/C:/Users/Noyan/.m2/repository/org/apache/xmlgraphics/batik-squiggle/1.13/lib/batik-anim-1.13.jar,file:/C:/Users/Noyan/.m2/repository/org/apache/xmlgraphics/batik-squiggle/1.13/lib/batik-awt-util-1.13.jar,file:/C:/Users/Noyan/.m2/repository/org/apache/xmlgraphics/batik-squiggle/1.13/lib/batik-css-1.13.jar,file:/C:/Users/Noyan/.m2/repository/org/apache/xmlgraphics/batik-squiggle/1.13/lib/batik-ext-1.13.jar,file:/C:/Users/Noyan/.m2/repository/org/apache/xmlgraphics/batik-squiggle/1.13/lib/batik-parser-1.13.jar,file:/C:/Users/Noyan/.m2/repository/org/apache/xmlgraphics/batik-squiggle/1.13/lib/batik-svg-dom-1.13.jar,file:/C:/Users/Noyan/.m2/repository/org/apache/xmlgraphics/batik-squiggle/1.13/lib/batik-bridge-1.13.jar,file:/C:/Users/Noyan/.m2/repository/org/apache/xmlgraphics/batik-squiggle/1.13/lib/batik-script-1.13.jar,file:/C:/Users/Noyan/.m2/repository/org/apache/xmlgraphics/batik-squiggle/1.13/lib/xmlgraphics-commons-2.4.jar,file:/C:/Users/Noyan/.m2/repository/org/apache/xmlgraphics/batik-squiggle/1.13/lib/commons-io-1.3.2.jar,file:/C:/Users/Noyan/.m2/repository/org/apache/xmlgraphics/batik-squiggle/1.13/lib/commons-logging-1.2.jar,file:/C:/Users/Noyan/.m2/repository/org/apache/xmlgraphics/batik-squiggle/1.13/lib/batik-dom-1.13.jar,file:/C:/Users/Noyan/.m2/repository/org/apache/xmlgraphics/batik-squiggle/1.13/lib/xalan-2.7.2.jar,file:/C:/Users/Noyan/.m2/repository/org/apache/xmlgraphics/batik-squiggle/1.13/lib/serializer-2.7.2.jar,file:/C:/Users/Noyan/.m2/repository/org/apache/xmlgraphics/batik-squiggle/1.13/lib/xml-apis-1.4.01.jar,file:/C:/Users/Noyan/.m2/repository/org/apache/xmlgraphics/batik-squiggle/1.13/lib/batik-gvt-1.13.jar,file:/C:/Users/Noyan/.m2/repository/org/apache/xmlgraphics/batik-squiggle/1.13/lib/batik-swing-1.13.jar,file:/C:/Users/Noyan/.m2/repository/org/apache/xmlgraphics/batik-squiggle/1.13/lib/batik-gui-util-1.13.jar,file:/C:/Users/Noyan/.m2/repository/org/apache/xmlgraphics/batik-squiggle/1.13/lib/batik-transcoder-1.13.jar,file:/C:/Users/Noyan/.m2/repository/org/apache/xmlgraphics/batik-squiggle/1.13/lib/batik-svggen-1.13.jar,file:/C:/Users/Noyan/.m2/repository/org/apache/xmlgraphics/batik-squiggle/1.13/lib/batik-util-1.13.jar,file:/C:/Users/Noyan/.m2/repository/org/apache/xmlgraphics/batik-squiggle/1.13/lib/batik-constants-1.13.jar,file:/C:/Users/Noyan/.m2/repository/org/apache/xmlgraphics/batik-squiggle/1.13/lib/batik-i18n-1.13.jar,file:/C:/Users/Noyan/.m2/repository/org/apache/xmlgraphics/batik-squiggle/1.13/lib/batik-xml-1.13.jar,file:/C:/Users/Noyan/.m2/repository/org/apache/xmlgraphics/batik-squiggle/1.13/lib/xml-apis-ext-1.3.04.jar
2021-06-11 23:50:50.380  INFO 4968 --- [restartedMain] o.s.b.devtools.restart.ChangeableUrls    : The Class-Path manifest attribute in C:\Users\Noyan\.m2\repository\org\apache\xmlgraphics\batik-svgpp\1.13\batik-svgpp-1.13.jar referenced one or more files that do not exist: file:/C:/Users/Noyan/.m2/repository/org/apache/xmlgraphics/batik-svgpp/1.13/lib/batik-shared-resources-1.13.jar,file:/C:/Users/Noyan/.m2/repository/org/apache/xmlgraphics/batik-svgpp/1.13/lib/batik-transcoder-1.13.jar,file:/C:/Users/Noyan/.m2/repository/org/apache/xmlgraphics/batik-svgpp/1.13/lib/batik-anim-1.13.jar,file:/C:/Users/Noyan/.m2/repository/org/apache/xmlgraphics/batik-svgpp/1.13/lib/batik-css-1.13.jar,file:/C:/Users/Noyan/.m2/repository/org/apache/xmlgraphics/batik-svgpp/1.13/lib/batik-ext-1.13.jar,file:/C:/Users/Noyan/.m2/repository/org/apache/xmlgraphics/batik-svgpp/1.13/lib/batik-parser-1.13.jar,file:/C:/Users/Noyan/.m2/repository/org/apache/xmlgraphics/batik-svgpp/1.13/lib/batik-svg-dom-1.13.jar,file:/C:/Users/Noyan/.m2/repository/org/apache/xmlgraphics/batik-svgpp/1.13/lib/batik-awt-util-1.13.jar,file:/C:/Users/Noyan/.m2/repository/org/apache/xmlgraphics/batik-svgpp/1.13/lib/xmlgraphics-commons-2.4.jar,file:/C:/Users/Noyan/.m2/repository/org/apache/xmlgraphics/batik-svgpp/1.13/lib/commons-io-1.3.2.jar,file:/C:/Users/Noyan/.m2/repository/org/apache/xmlgraphics/batik-svgpp/1.13/lib/commons-logging-1.2.jar,file:/C:/Users/Noyan/.m2/repository/org/apache/xmlgraphics/batik-svgpp/1.13/lib/batik-bridge-1.13.jar,file:/C:/Users/Noyan/.m2/repository/org/apache/xmlgraphics/batik-svgpp/1.13/lib/batik-script-1.13.jar,file:/C:/Users/Noyan/.m2/repository/org/apache/xmlgraphics/batik-svgpp/1.13/lib/batik-dom-1.13.jar,file:/C:/Users/Noyan/.m2/repository/org/apache/xmlgraphics/batik-svgpp/1.13/lib/xalan-2.7.2.jar,file:/C:/Users/Noyan/.m2/repository/org/apache/xmlgraphics/batik-svgpp/1.13/lib/serializer-2.7.2.jar,file:/C:/Users/Noyan/.m2/repository/org/apache/xmlgraphics/batik-svgpp/1.13/lib/xml-apis-1.4.01.jar,file:/C:/Users/Noyan/.m2/repository/org/apache/xmlgraphics/batik-svgpp/1.13/lib/batik-gvt-1.13.jar,file:/C:/Users/Noyan/.m2/repository/org/apache/xmlgraphics/batik-svgpp/1.13/lib/batik-svggen-1.13.jar,file:/C:/Users/Noyan/.m2/repository/org/apache/xmlgraphics/batik-svgpp/1.13/lib/batik-xml-1.13.jar,file:/C:/Users/Noyan/.m2/repository/org/apache/xmlgraphics/batik-svgpp/1.13/lib/xml-apis-ext-1.3.04.jar,file:/C:/Users/Noyan/.m2/repository/org/apache/xmlgraphics/batik-svgpp/1.13/lib/batik-util-1.13.jar,file:/C:/Users/Noyan/.m2/repository/org/apache/xmlgraphics/batik-svgpp/1.13/lib/batik-constants-1.13.jar,file:/C:/Users/Noyan/.m2/repository/org/apache/xmlgraphics/batik-svgpp/1.13/lib/batik-i18n-1.13.jar
2021-06-11 23:50:50.380  INFO 4968 --- [restartedMain] o.s.b.devtools.restart.ChangeableUrls    : The Class-Path manifest attribute in C:\Users\Noyan\.m2\repository\org\apache\xmlgraphics\batik-ttf2svg\1.13\batik-ttf2svg-1.13.jar referenced one or more files that do not exist: file:/C:/Users/Noyan/.m2/repository/org/apache/xmlgraphics/batik-ttf2svg/1.13/lib/batik-shared-resources-1.13.jar,file:/C:/Users/Noyan/.m2/repository/org/apache/xmlgraphics/batik-ttf2svg/1.13/lib/batik-svggen-1.13.jar,file:/C:/Users/Noyan/.m2/repository/org/apache/xmlgraphics/batik-ttf2svg/1.13/lib/batik-awt-util-1.13.jar,file:/C:/Users/Noyan/.m2/repository/org/apache/xmlgraphics/batik-ttf2svg/1.13/lib/xmlgraphics-commons-2.4.jar,file:/C:/Users/Noyan/.m2/repository/org/apache/xmlgraphics/batik-ttf2svg/1.13/lib/commons-io-1.3.2.jar,file:/C:/Users/Noyan/.m2/repository/org/apache/xmlgraphics/batik-ttf2svg/1.13/lib/commons-logging-1.2.jar,file:/C:/Users/Noyan/.m2/repository/org/apache/xmlgraphics/batik-ttf2svg/1.13/lib/batik-util-1.13.jar,file:/C:/Users/Noyan/.m2/repository/org/apache/xmlgraphics/batik-ttf2svg/1.13/lib/batik-constants-1.13.jar,file:/C:/Users/Noyan/.m2/repository/org/apache/xmlgraphics/batik-ttf2svg/1.13/lib/batik-i18n-1.13.jar
2021-06-11 23:50:50.381  INFO 4968 --- [restartedMain] .e.DevToolsPropertyDefaultsPostProcessor : Devtools property defaults active! Set 'spring.devtools.add-properties' to 'false' to disable
2021-06-11 23:50:50.381  INFO 4968 --- [restartedMain] .e.DevToolsPropertyDefaultsPostProcessor : For additional web related logging consider setting the 'logging.level.web' property to 'DEBUG'
2021-06-11 23:50:51.998  INFO 4968 --- [restartedMain] .s.d.r.c.RepositoryConfigurationDelegate : Bootstrapping Spring Data JPA repositories in DEFAULT mode.
2021-06-11 23:50:52.165  INFO 4968 --- [restartedMain] .s.d.r.c.RepositoryConfigurationDelegate : Finished Spring Data repository scanning in 154 ms. Found 5 JPA repository interfaces.
2021-06-11 23:50:53.177  INFO 4968 --- [restartedMain] o.s.b.w.embedded.tomcat.TomcatWebServer  : Tomcat initialized with port(s): 8081 (http)
2021-06-11 23:50:53.192  INFO 4968 --- [restartedMain] o.apache.catalina.core.StandardService   : Starting service [Tomcat]
2021-06-11 23:50:53.192  INFO 4968 --- [restartedMain] org.apache.catalina.core.StandardEngine  : Starting Servlet engine: [Apache Tomcat/9.0.41]
2021-06-11 23:50:53.341  INFO 4968 --- [restartedMain] o.a.c.c.C.[.[localhost].[/ShopmeAdmin]   : Initializing Spring embedded WebApplicationContext
2021-06-11 23:50:53.342  INFO 4968 --- [restartedMain] w.s.c.ServletWebServerApplicationContext : Root WebApplicationContext: initialization completed in 2960 ms
2021-06-11 23:50:53.747  INFO 4968 --- [restartedMain] o.hibernate.jpa.internal.util.LogHelper  : HHH000204: Processing PersistenceUnitInfo [name: default]
2021-06-11 23:50:53.889  INFO 4968 --- [restartedMain] org.hibernate.Version                    : HHH000412: Hibernate ORM core version 5.4.27.Final
2021-06-11 23:50:54.195  INFO 4968 --- [restartedMain] o.hibernate.annotations.common.Version   : HCANN000001: Hibernate Commons Annotations {5.1.2.Final}
2021-06-11 23:50:54.565  INFO 4968 --- [restartedMain] com.zaxxer.hikari.HikariDataSource       : HikariPool-1 - Starting...
2021-06-11 23:50:55.132  INFO 4968 --- [restartedMain] com.zaxxer.hikari.HikariDataSource       : HikariPool-1 - Start completed.
2021-06-11 23:50:55.161  INFO 4968 --- [restartedMain] org.hibernate.dialect.Dialect            : HHH000400: Using dialect: org.hibernate.dialect.MySQL8Dialect
2021-06-11 23:50:56.751  INFO 4968 --- [restartedMain] o.h.e.t.j.p.i.JtaPlatformInitiator       : HHH000490: Using JtaPlatform implementation: [org.hibernate.engine.transaction.jta.platform.internal.NoJtaPlatform]
2021-06-11 23:50:56.776  INFO 4968 --- [restartedMain] j.LocalContainerEntityManagerFactoryBean : Initialized JPA EntityManagerFactory for persistence unit 'default'
2021-06-11 23:50:56.853  INFO 4968 --- [restartedMain] o.s.b.d.a.OptionalLiveReloadServer       : LiveReload server is running on port 35729
2021-06-11 23:50:57.520  WARN 4968 --- [restartedMain] JpaBaseConfiguration$JpaWebConfiguration : spring.jpa.open-in-view is enabled by default. Therefore, database queries may be performed during view rendering. Explicitly configure spring.jpa.open-in-view to disable this warning
2021-06-11 23:50:57.987  INFO 4968 --- [restartedMain] o.s.s.web.DefaultSecurityFilterChain     : Will secure Ant [pattern='/images/**'] with []
2021-06-11 23:50:57.988  INFO 4968 --- [restartedMain] o.s.s.web.DefaultSecurityFilterChain     : Will secure Ant [pattern='/js/**'] with []
2021-06-11 23:50:57.989  INFO 4968 --- [restartedMain] o.s.s.web.DefaultSecurityFilterChain     : Will secure Ant [pattern='/webjars/**'] with []
2021-06-11 23:50:58.048  INFO 4968 --- [restartedMain] o.s.s.web.DefaultSecurityFilterChain     : Will secure any request with [org.springframework.security.web.context.request.async.WebAsyncManagerIntegrationFilter@2bc33c7f, org.springframework.security.web.context.SecurityContextPersistenceFilter@33ae016e, org.springframework.security.web.header.HeaderWriterFilter@3c58e0e7, org.springframework.security.web.csrf.CsrfFilter@58394a81, org.springframework.security.web.authentication.logout.LogoutFilter@9f77295, org.springframework.security.web.authentication.UsernamePasswordAuthenticationFilter@69a88370, org.springframework.security.web.savedrequest.RequestCacheAwareFilter@412e6fe4, org.springframework.security.web.servletapi.SecurityContextHolderAwareRequestFilter@5b21cc11, org.springframework.security.web.authentication.rememberme.RememberMeAuthenticationFilter@7996b437, org.springframework.security.web.authentication.AnonymousAuthenticationFilter@65d8974, org.springframework.security.web.session.SessionManagementFilter@2938fd14, org.springframework.security.web.access.ExceptionTranslationFilter@7abf0672, org.springframework.security.web.access.intercept.FilterSecurityInterceptor@709829c8]
2021-06-11 23:50:58.165  INFO 4968 --- [restartedMain] o.s.s.concurrent.ThreadPoolTaskExecutor  : Initializing ExecutorService 'applicationTaskExecutor'
2021-06-11 23:50:58.300  INFO 4968 --- [restartedMain] o.s.b.a.w.s.WelcomePageHandlerMapping    : Adding welcome page template: index
2021-06-11 23:50:59.111  INFO 4968 --- [restartedMain] o.s.b.w.embedded.tomcat.TomcatWebServer  : Tomcat started on port(s): 8081 (http) with context path '/ShopmeAdmin'
2021-06-11 23:50:59.122  INFO 4968 --- [restartedMain] c.shopme.admin.ShopmeBackEndApplication  : Started ShopmeBackEndApplication in 9.444 seconds (JVM running for 10.788)
2021-06-11 23:53:55.951  INFO 4968 --- [http-nio-8081-exec-2] o.a.c.c.C.[.[localhost].[/ShopmeAdmin]   : Initializing Spring DispatcherServlet 'dispatcherServlet'
2021-06-11 23:53:55.952  INFO 4968 --- [http-nio-8081-exec-2] o.s.web.servlet.DispatcherServlet        : Initializing Servlet 'dispatcherServlet'
2021-06-11 23:53:55.954  INFO 4968 --- [http-nio-8081-exec-2] o.s.web.servlet.DispatcherServlet        : Completed initialization in 2 ms
2021-06-11 23:54:01.667  INFO 4968 --- [http-nio-8081-exec-9] c.s.admin.controller.BrandController     : ProductController | listAll is started
2021-06-11 23:54:01.724  INFO 4968 --- [http-nio-8081-exec-9] c.s.admin.controller.BrandController     : ProductController | listAll | listProducts size : 0
2021-06-11 23:54:05.955  INFO 4968 --- [http-nio-8081-exec-9] c.s.admin.controller.BrandController     : ProductController | newProduct is started
2021-06-11 23:54:06.022  INFO 4968 --- [http-nio-8081-exec-9] c.s.admin.controller.BrandController     : ProductController | newProduct | product : Product [id=null, name=null]
2021-06-11 23:54:06.022  INFO 4968 --- [http-nio-8081-exec-9] c.s.admin.controller.BrandController     : ProductController | newProduct | listBrands : 54
2021-06-11 23:54:06.274 ERROR 4968 --- [http-nio-8081-exec-9] org.thymeleaf.TemplateEngine             : [THYMELEAF][http-nio-8081-exec-9] Exception processing template "products/product_form": An error happened during template parsing (template: "class path resource [templates/products/product_form.html]")

org.thymeleaf.exceptions.TemplateInputException: An error happened during template parsing (template: "class path resource [templates/products/product_form.html]")
	at org.thymeleaf.templateparser.markup.AbstractMarkupTemplateParser.parse(AbstractMarkupTemplateParser.java:241) ~[thymeleaf-3.0.12.RELEASE.jar:3.0.12.RELEASE]
	at org.thymeleaf.templateparser.markup.AbstractMarkupTemplateParser.parseStandalone(AbstractMarkupTemplateParser.java:100) ~[thymeleaf-3.0.12.RELEASE.jar:3.0.12.RELEASE]
	at org.thymeleaf.engine.TemplateManager.parseAndProcess(TemplateManager.java:666) ~[thymeleaf-3.0.12.RELEASE.jar:3.0.12.RELEASE]
	at org.thymeleaf.TemplateEngine.process(TemplateEngine.java:1098) ~[thymeleaf-3.0.12.RELEASE.jar:3.0.12.RELEASE]
	at org.thymeleaf.TemplateEngine.process(TemplateEngine.java:1072) ~[thymeleaf-3.0.12.RELEASE.jar:3.0.12.RELEASE]
	at org.thymeleaf.spring5.view.ThymeleafView.renderFragment(ThymeleafView.java:366) ~[thymeleaf-spring5-3.0.12.RELEASE.jar:3.0.12.RELEASE]
	at org.thymeleaf.spring5.view.ThymeleafView.render(ThymeleafView.java:190) ~[thymeleaf-spring5-3.0.12.RELEASE.jar:3.0.12.RELEASE]
	at org.springframework.web.servlet.DispatcherServlet.render(DispatcherServlet.java:1393) ~[spring-webmvc-5.3.3.jar:5.3.3]
	at org.springframework.web.servlet.DispatcherServlet.processDispatchResult(DispatcherServlet.java:1138) ~[spring-webmvc-5.3.3.jar:5.3.3]
	at org.springframework.web.servlet.DispatcherServlet.doDispatch(DispatcherServlet.java:1077) ~[spring-webmvc-5.3.3.jar:5.3.3]
	at org.springframework.web.servlet.DispatcherServlet.doService(DispatcherServlet.java:962) ~[spring-webmvc-5.3.3.jar:5.3.3]
	at org.springframework.web.servlet.FrameworkServlet.processRequest(FrameworkServlet.java:1006) ~[spring-webmvc-5.3.3.jar:5.3.3]
	at org.springframework.web.servlet.FrameworkServlet.doGet(FrameworkServlet.java:898) ~[spring-webmvc-5.3.3.jar:5.3.3]
	at javax.servlet.http.HttpServlet.service(HttpServlet.java:626) ~[tomcat-embed-core-9.0.41.jar:4.0.FR]
	at org.springframework.web.servlet.FrameworkServlet.service(FrameworkServlet.java:883) ~[spring-webmvc-5.3.3.jar:5.3.3]
	at javax.servlet.http.HttpServlet.service(HttpServlet.java:733) ~[tomcat-embed-core-9.0.41.jar:4.0.FR]
	at org.apache.catalina.core.ApplicationFilterChain.internalDoFilter(ApplicationFilterChain.java:231) ~[tomcat-embed-core-9.0.41.jar:9.0.41]
	at org.apache.catalina.core.ApplicationFilterChain.doFilter(ApplicationFilterChain.java:166) ~[tomcat-embed-core-9.0.41.jar:9.0.41]
	at org.apache.tomcat.websocket.server.WsFilter.doFilter(WsFilter.java:53) ~[tomcat-embed-websocket-9.0.41.jar:9.0.41]
	at org.apache.catalina.core.ApplicationFilterChain.internalDoFilter(ApplicationFilterChain.java:193) ~[tomcat-embed-core-9.0.41.jar:9.0.41]
	at org.apache.catalina.core.ApplicationFilterChain.doFilter(ApplicationFilterChain.java:166) ~[tomcat-embed-core-9.0.41.jar:9.0.41]
	at org.springframework.web.servlet.resource.ResourceUrlEncodingFilter.doFilter(ResourceUrlEncodingFilter.java:67) ~[spring-webmvc-5.3.3.jar:5.3.3]
	at org.apache.catalina.core.ApplicationFilterChain.internalDoFilter(ApplicationFilterChain.java:193) ~[tomcat-embed-core-9.0.41.jar:9.0.41]
	at org.apache.catalina.core.ApplicationFilterChain.doFilter(ApplicationFilterChain.java:166) ~[tomcat-embed-core-9.0.41.jar:9.0.41]
	at org.springframework.security.web.FilterChainProxy$VirtualFilterChain.doFilter(FilterChainProxy.java:327) ~[spring-security-web-5.4.2.jar:5.4.2]
	at org.springframework.security.web.access.intercept.FilterSecurityInterceptor.invoke(FilterSecurityInterceptor.java:115) ~[spring-security-web-5.4.2.jar:5.4.2]
	at org.springframework.security.web.access.intercept.FilterSecurityInterceptor.doFilter(FilterSecurityInterceptor.java:81) ~[spring-security-web-5.4.2.jar:5.4.2]
	at org.springframework.security.web.FilterChainProxy$VirtualFilterChain.doFilter(FilterChainProxy.java:336) ~[spring-security-web-5.4.2.jar:5.4.2]
	at org.springframework.security.web.access.ExceptionTranslationFilter.doFilter(ExceptionTranslationFilter.java:119) ~[spring-security-web-5.4.2.jar:5.4.2]
	at org.springframework.security.web.access.ExceptionTranslationFilter.doFilter(ExceptionTranslationFilter.java:113) ~[spring-security-web-5.4.2.jar:5.4.2]
	at org.springframework.security.web.FilterChainProxy$VirtualFilterChain.doFilter(FilterChainProxy.java:336) ~[spring-security-web-5.4.2.jar:5.4.2]
	at org.springframework.security.web.session.SessionManagementFilter.doFilter(SessionManagementFilter.java:126) ~[spring-security-web-5.4.2.jar:5.4.2]
	at org.springframework.security.web.session.SessionManagementFilter.doFilter(SessionManagementFilter.java:81) ~[spring-security-web-5.4.2.jar:5.4.2]
	at org.springframework.security.web.FilterChainProxy$VirtualFilterChain.doFilter(FilterChainProxy.java:336) ~[spring-security-web-5.4.2.jar:5.4.2]
	at org.springframework.security.web.authentication.AnonymousAuthenticationFilter.doFilter(AnonymousAuthenticationFilter.java:105) ~[spring-security-web-5.4.2.jar:5.4.2]
	at org.springframework.security.web.FilterChainProxy$VirtualFilterChain.doFilter(FilterChainProxy.java:336) ~[spring-security-web-5.4.2.jar:5.4.2]
	at org.springframework.security.web.authentication.rememberme.RememberMeAuthenticationFilter.doFilter(RememberMeAuthenticationFilter.java:101) ~[spring-security-web-5.4.2.jar:5.4.2]
	at org.springframework.security.web.authentication.rememberme.RememberMeAuthenticationFilter.doFilter(RememberMeAuthenticationFilter.java:92) ~[spring-security-web-5.4.2.jar:5.4.2]
	at org.springframework.security.web.FilterChainProxy$VirtualFilterChain.doFilter(FilterChainProxy.java:336) ~[spring-security-web-5.4.2.jar:5.4.2]
	at org.springframework.security.web.servletapi.SecurityContextHolderAwareRequestFilter.doFilter(SecurityContextHolderAwareRequestFilter.java:149) ~[spring-security-web-5.4.2.jar:5.4.2]
	at org.springframework.security.web.FilterChainProxy$VirtualFilterChain.doFilter(FilterChainProxy.java:336) ~[spring-security-web-5.4.2.jar:5.4.2]
	at org.springframework.security.web.savedrequest.RequestCacheAwareFilter.doFilter(RequestCacheAwareFilter.java:63) ~[spring-security-web-5.4.2.jar:5.4.2]
	at org.springframework.security.web.FilterChainProxy$VirtualFilterChain.doFilter(FilterChainProxy.java:336) ~[spring-security-web-5.4.2.jar:5.4.2]
	at org.springframework.security.web.authentication.AbstractAuthenticationProcessingFilter.doFilter(AbstractAuthenticationProcessingFilter.java:218) ~[spring-security-web-5.4.2.jar:5.4.2]
	at org.springframework.security.web.authentication.AbstractAuthenticationProcessingFilter.doFilter(AbstractAuthenticationProcessingFilter.java:212) ~[spring-security-web-5.4.2.jar:5.4.2]
	at org.springframework.security.web.FilterChainProxy$VirtualFilterChain.doFilter(FilterChainProxy.java:336) ~[spring-security-web-5.4.2.jar:5.4.2]
	at org.springframework.security.web.authentication.logout.LogoutFilter.doFilter(LogoutFilter.java:103) ~[spring-security-web-5.4.2.jar:5.4.2]
	at org.springframework.security.web.authentication.logout.LogoutFilter.doFilter(LogoutFilter.java:89) ~[spring-security-web-5.4.2.jar:5.4.2]
	at org.springframework.security.web.FilterChainProxy$VirtualFilterChain.doFilter(FilterChainProxy.java:336) ~[spring-security-web-5.4.2.jar:5.4.2]
	at org.springframework.security.web.csrf.CsrfFilter.doFilterInternal(CsrfFilter.java:115) ~[spring-security-web-5.4.2.jar:5.4.2]
	at org.springframework.web.filter.OncePerRequestFilter.doFilter(OncePerRequestFilter.java:119) ~[spring-web-5.3.3.jar:5.3.3]
	at org.springframework.security.web.FilterChainProxy$VirtualFilterChain.doFilter(FilterChainProxy.java:336) ~[spring-security-web-5.4.2.jar:5.4.2]
	at org.springframework.security.web.header.HeaderWriterFilter.doHeadersAfter(HeaderWriterFilter.java:90) ~[spring-security-web-5.4.2.jar:5.4.2]
	at org.springframework.security.web.header.HeaderWriterFilter.doFilterInternal(HeaderWriterFilter.java:75) ~[spring-security-web-5.4.2.jar:5.4.2]
	at org.springframework.web.filter.OncePerRequestFilter.doFilter(OncePerRequestFilter.java:119) ~[spring-web-5.3.3.jar:5.3.3]
	at org.springframework.security.web.FilterChainProxy$VirtualFilterChain.doFilter(FilterChainProxy.java:336) ~[spring-security-web-5.4.2.jar:5.4.2]
	at org.springframework.security.web.context.SecurityContextPersistenceFilter.doFilter(SecurityContextPersistenceFilter.java:110) ~[spring-security-web-5.4.2.jar:5.4.2]
	at org.springframework.security.web.context.SecurityContextPersistenceFilter.doFilter(SecurityContextPersistenceFilter.java:80) ~[spring-security-web-5.4.2.jar:5.4.2]
	at org.springframework.security.web.FilterChainProxy$VirtualFilterChain.doFilter(FilterChainProxy.java:336) ~[spring-security-web-5.4.2.jar:5.4.2]
	at org.springframework.security.web.context.request.async.WebAsyncManagerIntegrationFilter.doFilterInternal(WebAsyncManagerIntegrationFilter.java:55) ~[spring-security-web-5.4.2.jar:5.4.2]
	at org.springframework.web.filter.OncePerRequestFilter.doFilter(OncePerRequestFilter.java:119) ~[spring-web-5.3.3.jar:5.3.3]
	at org.springframework.security.web.FilterChainProxy$VirtualFilterChain.doFilter(FilterChainProxy.java:336) ~[spring-security-web-5.4.2.jar:5.4.2]
	at org.springframework.security.web.FilterChainProxy.doFilterInternal(FilterChainProxy.java:211) ~[spring-security-web-5.4.2.jar:5.4.2]
	at org.springframework.security.web.FilterChainProxy.doFilter(FilterChainProxy.java:183) ~[spring-security-web-5.4.2.jar:5.4.2]
	at org.springframework.web.filter.DelegatingFilterProxy.invokeDelegate(DelegatingFilterProxy.java:358) ~[spring-web-5.3.3.jar:5.3.3]
	at org.springframework.web.filter.DelegatingFilterProxy.doFilter(DelegatingFilterProxy.java:271) ~[spring-web-5.3.3.jar:5.3.3]
	at org.apache.catalina.core.ApplicationFilterChain.internalDoFilter(ApplicationFilterChain.java:193) ~[tomcat-embed-core-9.0.41.jar:9.0.41]
	at org.apache.catalina.core.ApplicationFilterChain.doFilter(ApplicationFilterChain.java:166) ~[tomcat-embed-core-9.0.41.jar:9.0.41]
	at org.springframework.web.filter.RequestContextFilter.doFilterInternal(RequestContextFilter.java:100) ~[spring-web-5.3.3.jar:5.3.3]
	at org.springframework.web.filter.OncePerRequestFilter.doFilter(OncePerRequestFilter.java:119) ~[spring-web-5.3.3.jar:5.3.3]
	at org.apache.catalina.core.ApplicationFilterChain.internalDoFilter(ApplicationFilterChain.java:193) ~[tomcat-embed-core-9.0.41.jar:9.0.41]
	at org.apache.catalina.core.ApplicationFilterChain.doFilter(ApplicationFilterChain.java:166) ~[tomcat-embed-core-9.0.41.jar:9.0.41]
	at org.springframework.web.filter.FormContentFilter.doFilterInternal(FormContentFilter.java:93) ~[spring-web-5.3.3.jar:5.3.3]
	at org.springframework.web.filter.OncePerRequestFilter.doFilter(OncePerRequestFilter.java:119) ~[spring-web-5.3.3.jar:5.3.3]
	at org.apache.catalina.core.ApplicationFilterChain.internalDoFilter(ApplicationFilterChain.java:193) ~[tomcat-embed-core-9.0.41.jar:9.0.41]
	at org.apache.catalina.core.ApplicationFilterChain.doFilter(ApplicationFilterChain.java:166) ~[tomcat-embed-core-9.0.41.jar:9.0.41]
	at org.springframework.web.filter.CharacterEncodingFilter.doFilterInternal(CharacterEncodingFilter.java:201) ~[spring-web-5.3.3.jar:5.3.3]
	at org.springframework.web.filter.OncePerRequestFilter.doFilter(OncePerRequestFilter.java:119) ~[spring-web-5.3.3.jar:5.3.3]
	at org.apache.catalina.core.ApplicationFilterChain.internalDoFilter(ApplicationFilterChain.java:193) ~[tomcat-embed-core-9.0.41.jar:9.0.41]
	at org.apache.catalina.core.ApplicationFilterChain.doFilter(ApplicationFilterChain.java:166) ~[tomcat-embed-core-9.0.41.jar:9.0.41]
	at org.apache.catalina.core.StandardWrapperValve.invoke(StandardWrapperValve.java:202) ~[tomcat-embed-core-9.0.41.jar:9.0.41]
	at org.apache.catalina.core.StandardContextValve.invoke(StandardContextValve.java:97) ~[tomcat-embed-core-9.0.41.jar:9.0.41]
	at org.apache.catalina.authenticator.AuthenticatorBase.invoke(AuthenticatorBase.java:542) ~[tomcat-embed-core-9.0.41.jar:9.0.41]
	at org.apache.catalina.core.StandardHostValve.invoke(StandardHostValve.java:143) ~[tomcat-embed-core-9.0.41.jar:9.0.41]
	at org.apache.catalina.valves.ErrorReportValve.invoke(ErrorReportValve.java:92) ~[tomcat-embed-core-9.0.41.jar:9.0.41]
	at org.apache.catalina.core.StandardEngineValve.invoke(StandardEngineValve.java:78) ~[tomcat-embed-core-9.0.41.jar:9.0.41]
	at org.apache.catalina.connector.CoyoteAdapter.service(CoyoteAdapter.java:343) ~[tomcat-embed-core-9.0.41.jar:9.0.41]
	at org.apache.coyote.http11.Http11Processor.service(Http11Processor.java:374) ~[tomcat-embed-core-9.0.41.jar:9.0.41]
	at org.apache.coyote.AbstractProcessorLight.process(AbstractProcessorLight.java:65) ~[tomcat-embed-core-9.0.41.jar:9.0.41]
	at org.apache.coyote.AbstractProtocol$ConnectionHandler.process(AbstractProtocol.java:888) ~[tomcat-embed-core-9.0.41.jar:9.0.41]
	at org.apache.tomcat.util.net.NioEndpoint$SocketProcessor.doRun(NioEndpoint.java:1597) ~[tomcat-embed-core-9.0.41.jar:9.0.41]
	at org.apache.tomcat.util.net.SocketProcessorBase.run(SocketProcessorBase.java:49) ~[tomcat-embed-core-9.0.41.jar:9.0.41]
	at java.base/java.util.concurrent.ThreadPoolExecutor.runWorker(ThreadPoolExecutor.java:1130) ~[na:na]
	at java.base/java.util.concurrent.ThreadPoolExecutor$Worker.run(ThreadPoolExecutor.java:630) ~[na:na]
	at org.apache.tomcat.util.threads.TaskThread$WrappingRunnable.run(TaskThread.java:61) ~[tomcat-embed-core-9.0.41.jar:9.0.41]
	at java.base/java.lang.Thread.run(Thread.java:832) ~[na:na]
Caused by: org.attoparser.ParseException: Exception evaluating SpringEL expression: "numberOfExistingExtraImages + 1" (template: "products/product_images" - line 46, col 27)
	at org.attoparser.MarkupParser.parseDocument(MarkupParser.java:393) ~[attoparser-2.0.5.RELEASE.jar:2.0.5.RELEASE]
	at org.attoparser.MarkupParser.parse(MarkupParser.java:257) ~[attoparser-2.0.5.RELEASE.jar:2.0.5.RELEASE]
	at org.thymeleaf.templateparser.markup.AbstractMarkupTemplateParser.parse(AbstractMarkupTemplateParser.java:230) ~[thymeleaf-3.0.12.RELEASE.jar:3.0.12.RELEASE]
	... 95 common frames omitted
Caused by: org.thymeleaf.exceptions.TemplateProcessingException: Exception evaluating SpringEL expression: "numberOfExistingExtraImages + 1" (template: "products/product_images" - line 46, col 27)
	at org.thymeleaf.spring5.expression.SPELVariableExpressionEvaluator.evaluate(SPELVariableExpressionEvaluator.java:292) ~[thymeleaf-spring5-3.0.12.RELEASE.jar:3.0.12.RELEASE]
	at org.thymeleaf.standard.expression.VariableExpression.executeVariableExpression(VariableExpression.java:166) ~[thymeleaf-3.0.12.RELEASE.jar:3.0.12.RELEASE]
	at org.thymeleaf.standard.expression.SimpleExpression.executeSimple(SimpleExpression.java:66) ~[thymeleaf-3.0.12.RELEASE.jar:3.0.12.RELEASE]
	at org.thymeleaf.standard.expression.Expression.execute(Expression.java:109) ~[thymeleaf-3.0.12.RELEASE.jar:3.0.12.RELEASE]
	at org.thymeleaf.standard.expression.Expression.execute(Expression.java:138) ~[thymeleaf-3.0.12.RELEASE.jar:3.0.12.RELEASE]
	at org.thymeleaf.standard.processor.AbstractStandardExpressionAttributeTagProcessor.doProcess(AbstractStandardExpressionAttributeTagProcessor.java:144) ~[thymeleaf-3.0.12.RELEASE.jar:3.0.12.RELEASE]
	at org.thymeleaf.processor.element.AbstractAttributeTagProcessor.doProcess(AbstractAttributeTagProcessor.java:74) ~[thymeleaf-3.0.12.RELEASE.jar:3.0.12.RELEASE]
	at org.thymeleaf.processor.element.AbstractElementTagProcessor.process(AbstractElementTagProcessor.java:95) ~[thymeleaf-3.0.12.RELEASE.jar:3.0.12.RELEASE]
	at org.thymeleaf.util.ProcessorConfigurationUtils$ElementTagProcessorWrapper.process(ProcessorConfigurationUtils.java:633) ~[thymeleaf-3.0.12.RELEASE.jar:3.0.12.RELEASE]
	at org.thymeleaf.engine.ProcessorTemplateHandler.handleOpenElement(ProcessorTemplateHandler.java:1314) ~[thymeleaf-3.0.12.RELEASE.jar:3.0.12.RELEASE]
	at org.thymeleaf.engine.OpenElementTag.beHandled(OpenElementTag.java:205) ~[thymeleaf-3.0.12.RELEASE.jar:3.0.12.RELEASE]
	at org.thymeleaf.engine.Model.process(Model.java:282) ~[thymeleaf-3.0.12.RELEASE.jar:3.0.12.RELEASE]
	at org.thymeleaf.engine.ProcessorTemplateHandler.handleOpenElement(ProcessorTemplateHandler.java:1587) ~[thymeleaf-3.0.12.RELEASE.jar:3.0.12.RELEASE]
	at org.thymeleaf.engine.TemplateHandlerAdapterMarkupHandler.handleOpenElementEnd(TemplateHandlerAdapterMarkupHandler.java:304) ~[thymeleaf-3.0.12.RELEASE.jar:3.0.12.RELEASE]
	at org.thymeleaf.templateparser.markup.InlinedOutputExpressionMarkupHandler$InlineMarkupAdapterPreProcessorHandler.handleOpenElementEnd(InlinedOutputExpressionMarkupHandler.java:278) ~[thymeleaf-3.0.12.RELEASE.jar:3.0.12.RELEASE]
	at org.thymeleaf.standard.inline.OutputExpressionInlinePreProcessorHandler.handleOpenElementEnd(OutputExpressionInlinePreProcessorHandler.java:186) ~[thymeleaf-3.0.12.RELEASE.jar:3.0.12.RELEASE]
	at org.thymeleaf.templateparser.markup.InlinedOutputExpressionMarkupHandler.handleOpenElementEnd(InlinedOutputExpressionMarkupHandler.java:124) ~[thymeleaf-3.0.12.RELEASE.jar:3.0.12.RELEASE]
	at org.attoparser.HtmlElement.handleOpenElementEnd(HtmlElement.java:109) ~[attoparser-2.0.5.RELEASE.jar:2.0.5.RELEASE]
	at org.attoparser.HtmlMarkupHandler.handleOpenElementEnd(HtmlMarkupHandler.java:297) ~[attoparser-2.0.5.RELEASE.jar:2.0.5.RELEASE]
	at org.attoparser.MarkupEventProcessorHandler.handleOpenElementEnd(MarkupEventProcessorHandler.java:402) ~[attoparser-2.0.5.RELEASE.jar:2.0.5.RELEASE]
	at org.attoparser.ParsingElementMarkupUtil.parseOpenElement(ParsingElementMarkupUtil.java:159) ~[attoparser-2.0.5.RELEASE.jar:2.0.5.RELEASE]
	at org.attoparser.MarkupParser.parseBuffer(MarkupParser.java:710) ~[attoparser-2.0.5.RELEASE.jar:2.0.5.RELEASE]
	at org.attoparser.MarkupParser.parseDocument(MarkupParser.java:301) ~[attoparser-2.0.5.RELEASE.jar:2.0.5.RELEASE]
	... 97 common frames omitted
Caused by: org.springframework.expression.spel.SpelEvaluationException: EL1030E: The operator 'ADD' is not supported between objects of type 'null' and 'java.lang.Integer'
	at org.springframework.expression.spel.ExpressionState.operate(ExpressionState.java:240) ~[spring-expression-5.3.3.jar:5.3.3]
	at org.springframework.expression.spel.ast.OpPlus.getValueInternal(OpPlus.java:139) ~[spring-expression-5.3.3.jar:5.3.3]
	at org.springframework.expression.spel.ast.SpelNodeImpl.getValue(SpelNodeImpl.java:112) ~[spring-expression-5.3.3.jar:5.3.3]
	at org.springframework.expression.spel.standard.SpelExpression.getValue(SpelExpression.java:337) ~[spring-expression-5.3.3.jar:5.3.3]
	at org.thymeleaf.spring5.expression.SPELVariableExpressionEvaluator.evaluate(SPELVariableExpressionEvaluator.java:265) ~[thymeleaf-spring5-3.0.12.RELEASE.jar:3.0.12.RELEASE]
	... 119 common frames omitted

2021-06-11 23:54:06.280 ERROR 4968 --- [http-nio-8081-exec-9] o.a.c.c.C.[.[.[.[dispatcherServlet]      : Servlet.service() for servlet [dispatcherServlet] in context with path [/ShopmeAdmin] threw exception [Request processing failed; nested exception is org.thymeleaf.exceptions.TemplateInputException: An error happened during template parsing (template: "class path resource [templates/products/product_form.html]")] with root cause

org.springframework.expression.spel.SpelEvaluationException: EL1030E: The operator 'ADD' is not supported between objects of type 'null' and 'java.lang.Integer'
	at org.springframework.expression.spel.ExpressionState.operate(ExpressionState.java:240) ~[spring-expression-5.3.3.jar:5.3.3]
	at org.springframework.expression.spel.ast.OpPlus.getValueInternal(OpPlus.java:139) ~[spring-expression-5.3.3.jar:5.3.3]
	at org.springframework.expression.spel.ast.SpelNodeImpl.getValue(SpelNodeImpl.java:112) ~[spring-expression-5.3.3.jar:5.3.3]
	at org.springframework.expression.spel.standard.SpelExpression.getValue(SpelExpression.java:337) ~[spring-expression-5.3.3.jar:5.3.3]
	at org.thymeleaf.spring5.expression.SPELVariableExpressionEvaluator.evaluate(SPELVariableExpressionEvaluator.java:265) ~[thymeleaf-spring5-3.0.12.RELEASE.jar:3.0.12.RELEASE]
	at org.thymeleaf.standard.expression.VariableExpression.executeVariableExpression(VariableExpression.java:166) ~[thymeleaf-3.0.12.RELEASE.jar:3.0.12.RELEASE]
	at org.thymeleaf.standard.expression.SimpleExpression.executeSimple(SimpleExpression.java:66) ~[thymeleaf-3.0.12.RELEASE.jar:3.0.12.RELEASE]
	at org.thymeleaf.standard.expression.Expression.execute(Expression.java:109) ~[thymeleaf-3.0.12.RELEASE.jar:3.0.12.RELEASE]
	at org.thymeleaf.standard.expression.Expression.execute(Expression.java:138) ~[thymeleaf-3.0.12.RELEASE.jar:3.0.12.RELEASE]
	at org.thymeleaf.standard.processor.AbstractStandardExpressionAttributeTagProcessor.doProcess(AbstractStandardExpressionAttributeTagProcessor.java:144) ~[thymeleaf-3.0.12.RELEASE.jar:3.0.12.RELEASE]
	at org.thymeleaf.processor.element.AbstractAttributeTagProcessor.doProcess(AbstractAttributeTagProcessor.java:74) ~[thymeleaf-3.0.12.RELEASE.jar:3.0.12.RELEASE]
	at org.thymeleaf.processor.element.AbstractElementTagProcessor.process(AbstractElementTagProcessor.java:95) ~[thymeleaf-3.0.12.RELEASE.jar:3.0.12.RELEASE]
	at org.thymeleaf.util.ProcessorConfigurationUtils$ElementTagProcessorWrapper.process(ProcessorConfigurationUtils.java:633) ~[thymeleaf-3.0.12.RELEASE.jar:3.0.12.RELEASE]
	at org.thymeleaf.engine.ProcessorTemplateHandler.handleOpenElement(ProcessorTemplateHandler.java:1314) ~[thymeleaf-3.0.12.RELEASE.jar:3.0.12.RELEASE]
	at org.thymeleaf.engine.OpenElementTag.beHandled(OpenElementTag.java:205) ~[thymeleaf-3.0.12.RELEASE.jar:3.0.12.RELEASE]
	at org.thymeleaf.engine.Model.process(Model.java:282) ~[thymeleaf-3.0.12.RELEASE.jar:3.0.12.RELEASE]
	at org.thymeleaf.engine.ProcessorTemplateHandler.handleOpenElement(ProcessorTemplateHandler.java:1587) ~[thymeleaf-3.0.12.RELEASE.jar:3.0.12.RELEASE]
	at org.thymeleaf.engine.TemplateHandlerAdapterMarkupHandler.handleOpenElementEnd(TemplateHandlerAdapterMarkupHandler.java:304) ~[thymeleaf-3.0.12.RELEASE.jar:3.0.12.RELEASE]
	at org.thymeleaf.templateparser.markup.InlinedOutputExpressionMarkupHandler$InlineMarkupAdapterPreProcessorHandler.handleOpenElementEnd(InlinedOutputExpressionMarkupHandler.java:278) ~[thymeleaf-3.0.12.RELEASE.jar:3.0.12.RELEASE]
	at org.thymeleaf.standard.inline.OutputExpressionInlinePreProcessorHandler.handleOpenElementEnd(OutputExpressionInlinePreProcessorHandler.java:186) ~[thymeleaf-3.0.12.RELEASE.jar:3.0.12.RELEASE]
	at org.thymeleaf.templateparser.markup.InlinedOutputExpressionMarkupHandler.handleOpenElementEnd(InlinedOutputExpressionMarkupHandler.java:124) ~[thymeleaf-3.0.12.RELEASE.jar:3.0.12.RELEASE]
	at org.attoparser.HtmlElement.handleOpenElementEnd(HtmlElement.java:109) ~[attoparser-2.0.5.RELEASE.jar:2.0.5.RELEASE]
	at org.attoparser.HtmlMarkupHandler.handleOpenElementEnd(HtmlMarkupHandler.java:297) ~[attoparser-2.0.5.RELEASE.jar:2.0.5.RELEASE]
	at org.attoparser.MarkupEventProcessorHandler.handleOpenElementEnd(MarkupEventProcessorHandler.java:402) ~[attoparser-2.0.5.RELEASE.jar:2.0.5.RELEASE]
	at org.attoparser.ParsingElementMarkupUtil.parseOpenElement(ParsingElementMarkupUtil.java:159) ~[attoparser-2.0.5.RELEASE.jar:2.0.5.RELEASE]
	at org.attoparser.MarkupParser.parseBuffer(MarkupParser.java:710) ~[attoparser-2.0.5.RELEASE.jar:2.0.5.RELEASE]
	at org.attoparser.MarkupParser.parseDocument(MarkupParser.java:301) ~[attoparser-2.0.5.RELEASE.jar:2.0.5.RELEASE]
	at org.attoparser.MarkupParser.parse(MarkupParser.java:257) ~[attoparser-2.0.5.RELEASE.jar:2.0.5.RELEASE]
	at org.thymeleaf.templateparser.markup.AbstractMarkupTemplateParser.parse(AbstractMarkupTemplateParser.java:230) ~[thymeleaf-3.0.12.RELEASE.jar:3.0.12.RELEASE]
	at org.thymeleaf.templateparser.markup.AbstractMarkupTemplateParser.parseStandalone(AbstractMarkupTemplateParser.java:100) ~[thymeleaf-3.0.12.RELEASE.jar:3.0.12.RELEASE]
	at org.thymeleaf.engine.TemplateManager.parseAndProcess(TemplateManager.java:666) ~[thymeleaf-3.0.12.RELEASE.jar:3.0.12.RELEASE]
	at org.thymeleaf.TemplateEngine.process(TemplateEngine.java:1098) ~[thymeleaf-3.0.12.RELEASE.jar:3.0.12.RELEASE]
	at org.thymeleaf.TemplateEngine.process(TemplateEngine.java:1072) ~[thymeleaf-3.0.12.RELEASE.jar:3.0.12.RELEASE]
	at org.thymeleaf.spring5.view.ThymeleafView.renderFragment(ThymeleafView.java:366) ~[thymeleaf-spring5-3.0.12.RELEASE.jar:3.0.12.RELEASE]
	at org.thymeleaf.spring5.view.ThymeleafView.render(ThymeleafView.java:190) ~[thymeleaf-spring5-3.0.12.RELEASE.jar:3.0.12.RELEASE]
	at org.springframework.web.servlet.DispatcherServlet.render(DispatcherServlet.java:1393) ~[spring-webmvc-5.3.3.jar:5.3.3]
	at org.springframework.web.servlet.DispatcherServlet.processDispatchResult(DispatcherServlet.java:1138) ~[spring-webmvc-5.3.3.jar:5.3.3]
	at org.springframework.web.servlet.DispatcherServlet.doDispatch(DispatcherServlet.java:1077) ~[spring-webmvc-5.3.3.jar:5.3.3]
	at org.springframework.web.servlet.DispatcherServlet.doService(DispatcherServlet.java:962) ~[spring-webmvc-5.3.3.jar:5.3.3]
	at org.springframework.web.servlet.FrameworkServlet.processRequest(FrameworkServlet.java:1006) ~[spring-webmvc-5.3.3.jar:5.3.3]
	at org.springframework.web.servlet.FrameworkServlet.doGet(FrameworkServlet.java:898) ~[spring-webmvc-5.3.3.jar:5.3.3]
	at javax.servlet.http.HttpServlet.service(HttpServlet.java:626) ~[tomcat-embed-core-9.0.41.jar:4.0.FR]
	at org.springframework.web.servlet.FrameworkServlet.service(FrameworkServlet.java:883) ~[spring-webmvc-5.3.3.jar:5.3.3]
	at javax.servlet.http.HttpServlet.service(HttpServlet.java:733) ~[tomcat-embed-core-9.0.41.jar:4.0.FR]
	at org.apache.catalina.core.ApplicationFilterChain.internalDoFilter(ApplicationFilterChain.java:231) ~[tomcat-embed-core-9.0.41.jar:9.0.41]
	at org.apache.catalina.core.ApplicationFilterChain.doFilter(ApplicationFilterChain.java:166) ~[tomcat-embed-core-9.0.41.jar:9.0.41]
	at org.apache.tomcat.websocket.server.WsFilter.doFilter(WsFilter.java:53) ~[tomcat-embed-websocket-9.0.41.jar:9.0.41]
	at org.apache.catalina.core.ApplicationFilterChain.internalDoFilter(ApplicationFilterChain.java:193) ~[tomcat-embed-core-9.0.41.jar:9.0.41]
	at org.apache.catalina.core.ApplicationFilterChain.doFilter(ApplicationFilterChain.java:166) ~[tomcat-embed-core-9.0.41.jar:9.0.41]
	at org.springframework.web.servlet.resource.ResourceUrlEncodingFilter.doFilter(ResourceUrlEncodingFilter.java:67) ~[spring-webmvc-5.3.3.jar:5.3.3]
	at org.apache.catalina.core.ApplicationFilterChain.internalDoFilter(ApplicationFilterChain.java:193) ~[tomcat-embed-core-9.0.41.jar:9.0.41]
	at org.apache.catalina.core.ApplicationFilterChain.doFilter(ApplicationFilterChain.java:166) ~[tomcat-embed-core-9.0.41.jar:9.0.41]
	at org.springframework.security.web.FilterChainProxy$VirtualFilterChain.doFilter(FilterChainProxy.java:327) ~[spring-security-web-5.4.2.jar:5.4.2]
	at org.springframework.security.web.access.intercept.FilterSecurityInterceptor.invoke(FilterSecurityInterceptor.java:115) ~[spring-security-web-5.4.2.jar:5.4.2]
	at org.springframework.security.web.access.intercept.FilterSecurityInterceptor.doFilter(FilterSecurityInterceptor.java:81) ~[spring-security-web-5.4.2.jar:5.4.2]
	at org.springframework.security.web.FilterChainProxy$VirtualFilterChain.doFilter(FilterChainProxy.java:336) ~[spring-security-web-5.4.2.jar:5.4.2]
	at org.springframework.security.web.access.ExceptionTranslationFilter.doFilter(ExceptionTranslationFilter.java:119) ~[spring-security-web-5.4.2.jar:5.4.2]
	at org.springframework.security.web.access.ExceptionTranslationFilter.doFilter(ExceptionTranslationFilter.java:113) ~[spring-security-web-5.4.2.jar:5.4.2]
	at org.springframework.security.web.FilterChainProxy$VirtualFilterChain.doFilter(FilterChainProxy.java:336) ~[spring-security-web-5.4.2.jar:5.4.2]
	at org.springframework.security.web.session.SessionManagementFilter.doFilter(SessionManagementFilter.java:126) ~[spring-security-web-5.4.2.jar:5.4.2]
	at org.springframework.security.web.session.SessionManagementFilter.doFilter(SessionManagementFilter.java:81) ~[spring-security-web-5.4.2.jar:5.4.2]
	at org.springframework.security.web.FilterChainProxy$VirtualFilterChain.doFilter(FilterChainProxy.java:336) ~[spring-security-web-5.4.2.jar:5.4.2]
	at org.springframework.security.web.authentication.AnonymousAuthenticationFilter.doFilter(AnonymousAuthenticationFilter.java:105) ~[spring-security-web-5.4.2.jar:5.4.2]
	at org.springframework.security.web.FilterChainProxy$VirtualFilterChain.doFilter(FilterChainProxy.java:336) ~[spring-security-web-5.4.2.jar:5.4.2]
	at org.springframework.security.web.authentication.rememberme.RememberMeAuthenticationFilter.doFilter(RememberMeAuthenticationFilter.java:101) ~[spring-security-web-5.4.2.jar:5.4.2]
	at org.springframework.security.web.authentication.rememberme.RememberMeAuthenticationFilter.doFilter(RememberMeAuthenticationFilter.java:92) ~[spring-security-web-5.4.2.jar:5.4.2]
	at org.springframework.security.web.FilterChainProxy$VirtualFilterChain.doFilter(FilterChainProxy.java:336) ~[spring-security-web-5.4.2.jar:5.4.2]
	at org.springframework.security.web.servletapi.SecurityContextHolderAwareRequestFilter.doFilter(SecurityContextHolderAwareRequestFilter.java:149) ~[spring-security-web-5.4.2.jar:5.4.2]
	at org.springframework.security.web.FilterChainProxy$VirtualFilterChain.doFilter(FilterChainProxy.java:336) ~[spring-security-web-5.4.2.jar:5.4.2]
	at org.springframework.security.web.savedrequest.RequestCacheAwareFilter.doFilter(RequestCacheAwareFilter.java:63) ~[spring-security-web-5.4.2.jar:5.4.2]
	at org.springframework.security.web.FilterChainProxy$VirtualFilterChain.doFilter(FilterChainProxy.java:336) ~[spring-security-web-5.4.2.jar:5.4.2]
	at org.springframework.security.web.authentication.AbstractAuthenticationProcessingFilter.doFilter(AbstractAuthenticationProcessingFilter.java:218) ~[spring-security-web-5.4.2.jar:5.4.2]
	at org.springframework.security.web.authentication.AbstractAuthenticationProcessingFilter.doFilter(AbstractAuthenticationProcessingFilter.java:212) ~[spring-security-web-5.4.2.jar:5.4.2]
	at org.springframework.security.web.FilterChainProxy$VirtualFilterChain.doFilter(FilterChainProxy.java:336) ~[spring-security-web-5.4.2.jar:5.4.2]
	at org.springframework.security.web.authentication.logout.LogoutFilter.doFilter(LogoutFilter.java:103) ~[spring-security-web-5.4.2.jar:5.4.2]
	at org.springframework.security.web.authentication.logout.LogoutFilter.doFilter(LogoutFilter.java:89) ~[spring-security-web-5.4.2.jar:5.4.2]
	at org.springframework.security.web.FilterChainProxy$VirtualFilterChain.doFilter(FilterChainProxy.java:336) ~[spring-security-web-5.4.2.jar:5.4.2]
	at org.springframework.security.web.csrf.CsrfFilter.doFilterInternal(CsrfFilter.java:115) ~[spring-security-web-5.4.2.jar:5.4.2]
	at org.springframework.web.filter.OncePerRequestFilter.doFilter(OncePerRequestFilter.java:119) ~[spring-web-5.3.3.jar:5.3.3]
	at org.springframework.security.web.FilterChainProxy$VirtualFilterChain.doFilter(FilterChainProxy.java:336) ~[spring-security-web-5.4.2.jar:5.4.2]
	at org.springframework.security.web.header.HeaderWriterFilter.doHeadersAfter(HeaderWriterFilter.java:90) ~[spring-security-web-5.4.2.jar:5.4.2]
	at org.springframework.security.web.header.HeaderWriterFilter.doFilterInternal(HeaderWriterFilter.java:75) ~[spring-security-web-5.4.2.jar:5.4.2]
	at org.springframework.web.filter.OncePerRequestFilter.doFilter(OncePerRequestFilter.java:119) ~[spring-web-5.3.3.jar:5.3.3]
	at org.springframework.security.web.FilterChainProxy$VirtualFilterChain.doFilter(FilterChainProxy.java:336) ~[spring-security-web-5.4.2.jar:5.4.2]
	at org.springframework.security.web.context.SecurityContextPersistenceFilter.doFilter(SecurityContextPersistenceFilter.java:110) ~[spring-security-web-5.4.2.jar:5.4.2]
	at org.springframework.security.web.context.SecurityContextPersistenceFilter.doFilter(SecurityContextPersistenceFilter.java:80) ~[spring-security-web-5.4.2.jar:5.4.2]
	at org.springframework.security.web.FilterChainProxy$VirtualFilterChain.doFilter(FilterChainProxy.java:336) ~[spring-security-web-5.4.2.jar:5.4.2]
	at org.springframework.security.web.context.request.async.WebAsyncManagerIntegrationFilter.doFilterInternal(WebAsyncManagerIntegrationFilter.java:55) ~[spring-security-web-5.4.2.jar:5.4.2]
	at org.springframework.web.filter.OncePerRequestFilter.doFilter(OncePerRequestFilter.java:119) ~[spring-web-5.3.3.jar:5.3.3]
	at org.springframework.security.web.FilterChainProxy$VirtualFilterChain.doFilter(FilterChainProxy.java:336) ~[spring-security-web-5.4.2.jar:5.4.2]
	at org.springframework.security.web.FilterChainProxy.doFilterInternal(FilterChainProxy.java:211) ~[spring-security-web-5.4.2.jar:5.4.2]
	at org.springframework.security.web.FilterChainProxy.doFilter(FilterChainProxy.java:183) ~[spring-security-web-5.4.2.jar:5.4.2]
	at org.springframework.web.filter.DelegatingFilterProxy.invokeDelegate(DelegatingFilterProxy.java:358) ~[spring-web-5.3.3.jar:5.3.3]
	at org.springframework.web.filter.DelegatingFilterProxy.doFilter(DelegatingFilterProxy.java:271) ~[spring-web-5.3.3.jar:5.3.3]
	at org.apache.catalina.core.ApplicationFilterChain.internalDoFilter(ApplicationFilterChain.java:193) ~[tomcat-embed-core-9.0.41.jar:9.0.41]
	at org.apache.catalina.core.ApplicationFilterChain.doFilter(ApplicationFilterChain.java:166) ~[tomcat-embed-core-9.0.41.jar:9.0.41]
	at org.springframework.web.filter.RequestContextFilter.doFilterInternal(RequestContextFilter.java:100) ~[spring-web-5.3.3.jar:5.3.3]
	at org.springframework.web.filter.OncePerRequestFilter.doFilter(OncePerRequestFilter.java:119) ~[spring-web-5.3.3.jar:5.3.3]
	at org.apache.catalina.core.ApplicationFilterChain.internalDoFilter(ApplicationFilterChain.java:193) ~[tomcat-embed-core-9.0.41.jar:9.0.41]
	at org.apache.catalina.core.ApplicationFilterChain.doFilter(ApplicationFilterChain.java:166) ~[tomcat-embed-core-9.0.41.jar:9.0.41]
	at org.springframework.web.filter.FormContentFilter.doFilterInternal(FormContentFilter.java:93) ~[spring-web-5.3.3.jar:5.3.3]
	at org.springframework.web.filter.OncePerRequestFilter.doFilter(OncePerRequestFilter.java:119) ~[spring-web-5.3.3.jar:5.3.3]
	at org.apache.catalina.core.ApplicationFilterChain.internalDoFilter(ApplicationFilterChain.java:193) ~[tomcat-embed-core-9.0.41.jar:9.0.41]
	at org.apache.catalina.core.ApplicationFilterChain.doFilter(ApplicationFilterChain.java:166) ~[tomcat-embed-core-9.0.41.jar:9.0.41]
	at org.springframework.web.filter.CharacterEncodingFilter.doFilterInternal(CharacterEncodingFilter.java:201) ~[spring-web-5.3.3.jar:5.3.3]
	at org.springframework.web.filter.OncePerRequestFilter.doFilter(OncePerRequestFilter.java:119) ~[spring-web-5.3.3.jar:5.3.3]
	at org.apache.catalina.core.ApplicationFilterChain.internalDoFilter(ApplicationFilterChain.java:193) ~[tomcat-embed-core-9.0.41.jar:9.0.41]
	at org.apache.catalina.core.ApplicationFilterChain.doFilter(ApplicationFilterChain.java:166) ~[tomcat-embed-core-9.0.41.jar:9.0.41]
	at org.apache.catalina.core.StandardWrapperValve.invoke(StandardWrapperValve.java:202) ~[tomcat-embed-core-9.0.41.jar:9.0.41]
	at org.apache.catalina.core.StandardContextValve.invoke(StandardContextValve.java:97) ~[tomcat-embed-core-9.0.41.jar:9.0.41]
	at org.apache.catalina.authenticator.AuthenticatorBase.invoke(AuthenticatorBase.java:542) ~[tomcat-embed-core-9.0.41.jar:9.0.41]
	at org.apache.catalina.core.StandardHostValve.invoke(StandardHostValve.java:143) ~[tomcat-embed-core-9.0.41.jar:9.0.41]
	at org.apache.catalina.valves.ErrorReportValve.invoke(ErrorReportValve.java:92) ~[tomcat-embed-core-9.0.41.jar:9.0.41]
	at org.apache.catalina.core.StandardEngineValve.invoke(StandardEngineValve.java:78) ~[tomcat-embed-core-9.0.41.jar:9.0.41]
	at org.apache.catalina.connector.CoyoteAdapter.service(CoyoteAdapter.java:343) ~[tomcat-embed-core-9.0.41.jar:9.0.41]
	at org.apache.coyote.http11.Http11Processor.service(Http11Processor.java:374) ~[tomcat-embed-core-9.0.41.jar:9.0.41]
	at org.apache.coyote.AbstractProcessorLight.process(AbstractProcessorLight.java:65) ~[tomcat-embed-core-9.0.41.jar:9.0.41]
	at org.apache.coyote.AbstractProtocol$ConnectionHandler.process(AbstractProtocol.java:888) ~[tomcat-embed-core-9.0.41.jar:9.0.41]
	at org.apache.tomcat.util.net.NioEndpoint$SocketProcessor.doRun(NioEndpoint.java:1597) ~[tomcat-embed-core-9.0.41.jar:9.0.41]
	at org.apache.tomcat.util.net.SocketProcessorBase.run(SocketProcessorBase.java:49) ~[tomcat-embed-core-9.0.41.jar:9.0.41]
	at java.base/java.util.concurrent.ThreadPoolExecutor.runWorker(ThreadPoolExecutor.java:1130) ~[na:na]
	at java.base/java.util.concurrent.ThreadPoolExecutor$Worker.run(ThreadPoolExecutor.java:630) ~[na:na]
	at org.apache.tomcat.util.threads.TaskThread$WrappingRunnable.run(TaskThread.java:61) ~[tomcat-embed-core-9.0.41.jar:9.0.41]
	at java.base/java.lang.Thread.run(Thread.java:832) ~[na:na]

2021-06-11 23:54:06.334 ERROR 4968 --- [http-nio-8081-exec-9] org.thymeleaf.TemplateEngine             : [THYMELEAF][http-nio-8081-exec-9] Exception processing template "error": An error happened during template parsing (template: "class path resource [templates/error.html]")

org.thymeleaf.exceptions.TemplateInputException: An error happened during template parsing (template: "class path resource [templates/error.html]")
	at org.thymeleaf.templateparser.markup.AbstractMarkupTemplateParser.parse(AbstractMarkupTemplateParser.java:241) ~[thymeleaf-3.0.12.RELEASE.jar:3.0.12.RELEASE]
	at org.thymeleaf.templateparser.markup.AbstractMarkupTemplateParser.parseStandalone(AbstractMarkupTemplateParser.java:100) ~[thymeleaf-3.0.12.RELEASE.jar:3.0.12.RELEASE]
	at org.thymeleaf.engine.TemplateManager.parseAndProcess(TemplateManager.java:666) ~[thymeleaf-3.0.12.RELEASE.jar:3.0.12.RELEASE]
	at org.thymeleaf.TemplateEngine.process(TemplateEngine.java:1098) ~[thymeleaf-3.0.12.RELEASE.jar:3.0.12.RELEASE]
	at org.thymeleaf.TemplateEngine.process(TemplateEngine.java:1072) ~[thymeleaf-3.0.12.RELEASE.jar:3.0.12.RELEASE]
	at org.thymeleaf.spring5.view.ThymeleafView.renderFragment(ThymeleafView.java:366) ~[thymeleaf-spring5-3.0.12.RELEASE.jar:3.0.12.RELEASE]
	at org.thymeleaf.spring5.view.ThymeleafView.render(ThymeleafView.java:190) ~[thymeleaf-spring5-3.0.12.RELEASE.jar:3.0.12.RELEASE]
	at org.springframework.web.servlet.DispatcherServlet.render(DispatcherServlet.java:1393) ~[spring-webmvc-5.3.3.jar:5.3.3]
	at org.springframework.web.servlet.DispatcherServlet.processDispatchResult(DispatcherServlet.java:1138) ~[spring-webmvc-5.3.3.jar:5.3.3]
	at org.springframework.web.servlet.DispatcherServlet.doDispatch(DispatcherServlet.java:1077) ~[spring-webmvc-5.3.3.jar:5.3.3]
	at org.springframework.web.servlet.DispatcherServlet.doService(DispatcherServlet.java:962) ~[spring-webmvc-5.3.3.jar:5.3.3]
	at org.springframework.web.servlet.FrameworkServlet.processRequest(FrameworkServlet.java:1006) ~[spring-webmvc-5.3.3.jar:5.3.3]
	at org.springframework.web.servlet.FrameworkServlet.doGet(FrameworkServlet.java:898) ~[spring-webmvc-5.3.3.jar:5.3.3]
	at javax.servlet.http.HttpServlet.service(HttpServlet.java:626) ~[tomcat-embed-core-9.0.41.jar:4.0.FR]
	at org.springframework.web.servlet.FrameworkServlet.service(FrameworkServlet.java:883) ~[spring-webmvc-5.3.3.jar:5.3.3]
	at javax.servlet.http.HttpServlet.service(HttpServlet.java:733) ~[tomcat-embed-core-9.0.41.jar:4.0.FR]
	at org.apache.catalina.core.ApplicationFilterChain.internalDoFilter(ApplicationFilterChain.java:231) ~[tomcat-embed-core-9.0.41.jar:9.0.41]
	at org.apache.catalina.core.ApplicationFilterChain.doFilter(ApplicationFilterChain.java:166) ~[tomcat-embed-core-9.0.41.jar:9.0.41]
	at org.springframework.web.filter.RequestContextFilter.doFilterInternal(RequestContextFilter.java:100) ~[spring-web-5.3.3.jar:5.3.3]
	at org.springframework.web.filter.OncePerRequestFilter.doFilter(OncePerRequestFilter.java:119) ~[spring-web-5.3.3.jar:5.3.3]
	at org.apache.catalina.core.ApplicationFilterChain.internalDoFilter(ApplicationFilterChain.java:193) ~[tomcat-embed-core-9.0.41.jar:9.0.41]
	at org.apache.catalina.core.ApplicationFilterChain.doFilter(ApplicationFilterChain.java:166) ~[tomcat-embed-core-9.0.41.jar:9.0.41]
	at org.springframework.web.filter.OncePerRequestFilter.doFilter(OncePerRequestFilter.java:103) ~[spring-web-5.3.3.jar:5.3.3]
	at org.apache.catalina.core.ApplicationFilterChain.internalDoFilter(ApplicationFilterChain.java:193) ~[tomcat-embed-core-9.0.41.jar:9.0.41]
	at org.apache.catalina.core.ApplicationFilterChain.doFilter(ApplicationFilterChain.java:166) ~[tomcat-embed-core-9.0.41.jar:9.0.41]
	at org.springframework.web.filter.OncePerRequestFilter.doFilter(OncePerRequestFilter.java:103) ~[spring-web-5.3.3.jar:5.3.3]
	at org.apache.catalina.core.ApplicationFilterChain.internalDoFilter(ApplicationFilterChain.java:193) ~[tomcat-embed-core-9.0.41.jar:9.0.41]
	at org.apache.catalina.core.ApplicationFilterChain.doFilter(ApplicationFilterChain.java:166) ~[tomcat-embed-core-9.0.41.jar:9.0.41]
	at org.apache.catalina.core.ApplicationDispatcher.invoke(ApplicationDispatcher.java:712) ~[tomcat-embed-core-9.0.41.jar:9.0.41]
	at org.apache.catalina.core.ApplicationDispatcher.doInclude(ApplicationDispatcher.java:580) ~[tomcat-embed-core-9.0.41.jar:9.0.41]
	at org.apache.catalina.core.ApplicationDispatcher.include(ApplicationDispatcher.java:516) ~[tomcat-embed-core-9.0.41.jar:9.0.41]
	at org.apache.catalina.core.StandardHostValve.custom(StandardHostValve.java:392) ~[tomcat-embed-core-9.0.41.jar:9.0.41]
	at org.apache.catalina.core.StandardHostValve.status(StandardHostValve.java:257) ~[tomcat-embed-core-9.0.41.jar:9.0.41]
	at org.apache.catalina.core.StandardHostValve.throwable(StandardHostValve.java:352) ~[tomcat-embed-core-9.0.41.jar:9.0.41]
	at org.apache.catalina.core.StandardHostValve.invoke(StandardHostValve.java:177) ~[tomcat-embed-core-9.0.41.jar:9.0.41]
	at org.apache.catalina.valves.ErrorReportValve.invoke(ErrorReportValve.java:92) ~[tomcat-embed-core-9.0.41.jar:9.0.41]
	at org.apache.catalina.core.StandardEngineValve.invoke(StandardEngineValve.java:78) ~[tomcat-embed-core-9.0.41.jar:9.0.41]
	at org.apache.catalina.connector.CoyoteAdapter.service(CoyoteAdapter.java:343) ~[tomcat-embed-core-9.0.41.jar:9.0.41]
	at org.apache.coyote.http11.Http11Processor.service(Http11Processor.java:374) ~[tomcat-embed-core-9.0.41.jar:9.0.41]
	at org.apache.coyote.AbstractProcessorLight.process(AbstractProcessorLight.java:65) ~[tomcat-embed-core-9.0.41.jar:9.0.41]
	at org.apache.coyote.AbstractProtocol$ConnectionHandler.process(AbstractProtocol.java:888) ~[tomcat-embed-core-9.0.41.jar:9.0.41]
	at org.apache.tomcat.util.net.NioEndpoint$SocketProcessor.doRun(NioEndpoint.java:1597) ~[tomcat-embed-core-9.0.41.jar:9.0.41]
	at org.apache.tomcat.util.net.SocketProcessorBase.run(SocketProcessorBase.java:49) ~[tomcat-embed-core-9.0.41.jar:9.0.41]
	at java.base/java.util.concurrent.ThreadPoolExecutor.runWorker(ThreadPoolExecutor.java:1130) ~[na:na]
	at java.base/java.util.concurrent.ThreadPoolExecutor$Worker.run(ThreadPoolExecutor.java:630) ~[na:na]
	at org.apache.tomcat.util.threads.TaskThread$WrappingRunnable.run(TaskThread.java:61) ~[tomcat-embed-core-9.0.41.jar:9.0.41]
	at java.base/java.lang.Thread.run(Thread.java:832) ~[na:na]
Caused by: org.attoparser.ParseException: Cannot resolve fragment. Signature "page_head (title,remove)" declares 2 parameters, but fragment selection specifies 1 parameters. Fragment selection does not correctly match. (template: "error" - line 4, col 7)
	at org.attoparser.MarkupParser.parseDocument(MarkupParser.java:393) ~[attoparser-2.0.5.RELEASE.jar:2.0.5.RELEASE]
	at org.attoparser.MarkupParser.parse(MarkupParser.java:257) ~[attoparser-2.0.5.RELEASE.jar:2.0.5.RELEASE]
	at org.thymeleaf.templateparser.markup.AbstractMarkupTemplateParser.parse(AbstractMarkupTemplateParser.java:230) ~[thymeleaf-3.0.12.RELEASE.jar:3.0.12.RELEASE]
	... 46 common frames omitted
Caused by: org.thymeleaf.exceptions.TemplateProcessingException: Cannot resolve fragment. Signature "page_head (title,remove)" declares 2 parameters, but fragment selection specifies 1 parameters. Fragment selection does not correctly match. (template: "error" - line 4, col 7)
	at org.thymeleaf.standard.expression.FragmentSignatureUtils.processParameters(FragmentSignatureUtils.java:190) ~[thymeleaf-3.0.12.RELEASE.jar:3.0.12.RELEASE]
	at org.thymeleaf.standard.processor.AbstractStandardFragmentInsertionTagProcessor.doProcess(AbstractStandardFragmentInsertionTagProcessor.java:175) ~[thymeleaf-3.0.12.RELEASE.jar:3.0.12.RELEASE]
	at org.thymeleaf.processor.element.AbstractAttributeTagProcessor.doProcess(AbstractAttributeTagProcessor.java:74) ~[thymeleaf-3.0.12.RELEASE.jar:3.0.12.RELEASE]
	at org.thymeleaf.processor.element.AbstractElementTagProcessor.process(AbstractElementTagProcessor.java:95) ~[thymeleaf-3.0.12.RELEASE.jar:3.0.12.RELEASE]
	at org.thymeleaf.util.ProcessorConfigurationUtils$ElementTagProcessorWrapper.process(ProcessorConfigurationUtils.java:633) ~[thymeleaf-3.0.12.RELEASE.jar:3.0.12.RELEASE]
	at org.thymeleaf.engine.ProcessorTemplateHandler.handleStandaloneElement(ProcessorTemplateHandler.java:918) ~[thymeleaf-3.0.12.RELEASE.jar:3.0.12.RELEASE]
	at org.thymeleaf.engine.TemplateHandlerAdapterMarkupHandler.handleStandaloneElementEnd(TemplateHandlerAdapterMarkupHandler.java:260) ~[thymeleaf-3.0.12.RELEASE.jar:3.0.12.RELEASE]
	at org.thymeleaf.templateparser.markup.InlinedOutputExpressionMarkupHandler$InlineMarkupAdapterPreProcessorHandler.handleStandaloneElementEnd(InlinedOutputExpressionMarkupHandler.java:256) ~[thymeleaf-3.0.12.RELEASE.jar:3.0.12.RELEASE]
	at org.thymeleaf.standard.inline.OutputExpressionInlinePreProcessorHandler.handleStandaloneElementEnd(OutputExpressionInlinePreProcessorHandler.java:169) ~[thymeleaf-3.0.12.RELEASE.jar:3.0.12.RELEASE]
	at org.thymeleaf.templateparser.markup.InlinedOutputExpressionMarkupHandler.handleStandaloneElementEnd(InlinedOutputExpressionMarkupHandler.java:104) ~[thymeleaf-3.0.12.RELEASE.jar:3.0.12.RELEASE]
	at org.attoparser.HtmlElement.handleStandaloneElementEnd(HtmlElement.java:79) ~[attoparser-2.0.5.RELEASE.jar:2.0.5.RELEASE]
	at org.attoparser.HtmlMarkupHandler.handleStandaloneElementEnd(HtmlMarkupHandler.java:241) ~[attoparser-2.0.5.RELEASE.jar:2.0.5.RELEASE]
	at org.attoparser.MarkupEventProcessorHandler.handleStandaloneElementEnd(MarkupEventProcessorHandler.java:327) ~[attoparser-2.0.5.RELEASE.jar:2.0.5.RELEASE]
	at org.attoparser.ParsingElementMarkupUtil.parseStandaloneElement(ParsingElementMarkupUtil.java:96) ~[attoparser-2.0.5.RELEASE.jar:2.0.5.RELEASE]
	at org.attoparser.MarkupParser.parseBuffer(MarkupParser.java:706) ~[attoparser-2.0.5.RELEASE.jar:2.0.5.RELEASE]
	at org.attoparser.MarkupParser.parseDocument(MarkupParser.java:301) ~[attoparser-2.0.5.RELEASE.jar:2.0.5.RELEASE]
	... 48 common frames omitted

2021-06-11 23:54:06.337 ERROR 4968 --- [http-nio-8081-exec-9] o.a.c.c.C.[.[.[.[dispatcherServlet]      : Servlet.service() for servlet [dispatcherServlet] threw exception

org.thymeleaf.exceptions.TemplateProcessingException: Cannot resolve fragment. Signature "page_head (title,remove)" declares 2 parameters, but fragment selection specifies 1 parameters. Fragment selection does not correctly match. (template: "error" - line 4, col 7)
	at org.thymeleaf.standard.expression.FragmentSignatureUtils.processParameters(FragmentSignatureUtils.java:190) ~[thymeleaf-3.0.12.RELEASE.jar:3.0.12.RELEASE]
	at org.thymeleaf.standard.processor.AbstractStandardFragmentInsertionTagProcessor.doProcess(AbstractStandardFragmentInsertionTagProcessor.java:175) ~[thymeleaf-3.0.12.RELEASE.jar:3.0.12.RELEASE]
	at org.thymeleaf.processor.element.AbstractAttributeTagProcessor.doProcess(AbstractAttributeTagProcessor.java:74) ~[thymeleaf-3.0.12.RELEASE.jar:3.0.12.RELEASE]
	at org.thymeleaf.processor.element.AbstractElementTagProcessor.process(AbstractElementTagProcessor.java:95) ~[thymeleaf-3.0.12.RELEASE.jar:3.0.12.RELEASE]
	at org.thymeleaf.util.ProcessorConfigurationUtils$ElementTagProcessorWrapper.process(ProcessorConfigurationUtils.java:633) ~[thymeleaf-3.0.12.RELEASE.jar:3.0.12.RELEASE]
	at org.thymeleaf.engine.ProcessorTemplateHandler.handleStandaloneElement(ProcessorTemplateHandler.java:918) ~[thymeleaf-3.0.12.RELEASE.jar:3.0.12.RELEASE]
	at org.thymeleaf.engine.TemplateHandlerAdapterMarkupHandler.handleStandaloneElementEnd(TemplateHandlerAdapterMarkupHandler.java:260) ~[thymeleaf-3.0.12.RELEASE.jar:3.0.12.RELEASE]
	at org.thymeleaf.templateparser.markup.InlinedOutputExpressionMarkupHandler$InlineMarkupAdapterPreProcessorHandler.handleStandaloneElementEnd(InlinedOutputExpressionMarkupHandler.java:256) ~[thymeleaf-3.0.12.RELEASE.jar:3.0.12.RELEASE]
	at org.thymeleaf.standard.inline.OutputExpressionInlinePreProcessorHandler.handleStandaloneElementEnd(OutputExpressionInlinePreProcessorHandler.java:169) ~[thymeleaf-3.0.12.RELEASE.jar:3.0.12.RELEASE]
	at org.thymeleaf.templateparser.markup.InlinedOutputExpressionMarkupHandler.handleStandaloneElementEnd(InlinedOutputExpressionMarkupHandler.java:104) ~[thymeleaf-3.0.12.RELEASE.jar:3.0.12.RELEASE]
	at org.attoparser.HtmlElement.handleStandaloneElementEnd(HtmlElement.java:79) ~[attoparser-2.0.5.RELEASE.jar:2.0.5.RELEASE]
	at org.attoparser.HtmlMarkupHandler.handleStandaloneElementEnd(HtmlMarkupHandler.java:241) ~[attoparser-2.0.5.RELEASE.jar:2.0.5.RELEASE]
	at org.attoparser.MarkupEventProcessorHandler.handleStandaloneElementEnd(MarkupEventProcessorHandler.java:327) ~[attoparser-2.0.5.RELEASE.jar:2.0.5.RELEASE]
	at org.attoparser.ParsingElementMarkupUtil.parseStandaloneElement(ParsingElementMarkupUtil.java:96) ~[attoparser-2.0.5.RELEASE.jar:2.0.5.RELEASE]
	at org.attoparser.MarkupParser.parseBuffer(MarkupParser.java:706) ~[attoparser-2.0.5.RELEASE.jar:2.0.5.RELEASE]
	at org.attoparser.MarkupParser.parseDocument(MarkupParser.java:301) ~[attoparser-2.0.5.RELEASE.jar:2.0.5.RELEASE]
	at org.attoparser.MarkupParser.parse(MarkupParser.java:257) ~[attoparser-2.0.5.RELEASE.jar:2.0.5.RELEASE]
	at org.thymeleaf.templateparser.markup.AbstractMarkupTemplateParser.parse(AbstractMarkupTemplateParser.java:230) ~[thymeleaf-3.0.12.RELEASE.jar:3.0.12.RELEASE]
	at org.thymeleaf.templateparser.markup.AbstractMarkupTemplateParser.parseStandalone(AbstractMarkupTemplateParser.java:100) ~[thymeleaf-3.0.12.RELEASE.jar:3.0.12.RELEASE]
	at org.thymeleaf.engine.TemplateManager.parseAndProcess(TemplateManager.java:666) ~[thymeleaf-3.0.12.RELEASE.jar:3.0.12.RELEASE]
	at org.thymeleaf.TemplateEngine.process(TemplateEngine.java:1098) ~[thymeleaf-3.0.12.RELEASE.jar:3.0.12.RELEASE]
	at org.thymeleaf.TemplateEngine.process(TemplateEngine.java:1072) ~[thymeleaf-3.0.12.RELEASE.jar:3.0.12.RELEASE]
	at org.thymeleaf.spring5.view.ThymeleafView.renderFragment(ThymeleafView.java:366) ~[thymeleaf-spring5-3.0.12.RELEASE.jar:3.0.12.RELEASE]
	at org.thymeleaf.spring5.view.ThymeleafView.render(ThymeleafView.java:190) ~[thymeleaf-spring5-3.0.12.RELEASE.jar:3.0.12.RELEASE]
	at org.springframework.web.servlet.DispatcherServlet.render(DispatcherServlet.java:1393) ~[spring-webmvc-5.3.3.jar:5.3.3]
	at org.springframework.web.servlet.DispatcherServlet.processDispatchResult(DispatcherServlet.java:1138) ~[spring-webmvc-5.3.3.jar:5.3.3]
	at org.springframework.web.servlet.DispatcherServlet.doDispatch(DispatcherServlet.java:1077) ~[spring-webmvc-5.3.3.jar:5.3.3]
	at org.springframework.web.servlet.DispatcherServlet.doService(DispatcherServlet.java:962) ~[spring-webmvc-5.3.3.jar:5.3.3]
	at org.springframework.web.servlet.FrameworkServlet.processRequest(FrameworkServlet.java:1006) ~[spring-webmvc-5.3.3.jar:5.3.3]
	at org.springframework.web.servlet.FrameworkServlet.doGet(FrameworkServlet.java:898) ~[spring-webmvc-5.3.3.jar:5.3.3]
	at javax.servlet.http.HttpServlet.service(HttpServlet.java:626) ~[tomcat-embed-core-9.0.41.jar:4.0.FR]
	at org.springframework.web.servlet.FrameworkServlet.service(FrameworkServlet.java:883) ~[spring-webmvc-5.3.3.jar:5.3.3]
	at javax.servlet.http.HttpServlet.service(HttpServlet.java:733) ~[tomcat-embed-core-9.0.41.jar:4.0.FR]
	at org.apache.catalina.core.ApplicationFilterChain.internalDoFilter(ApplicationFilterChain.java:231) ~[tomcat-embed-core-9.0.41.jar:9.0.41]
	at org.apache.catalina.core.ApplicationFilterChain.doFilter(ApplicationFilterChain.java:166) ~[tomcat-embed-core-9.0.41.jar:9.0.41]
	at org.springframework.web.filter.RequestContextFilter.doFilterInternal(RequestContextFilter.java:100) ~[spring-web-5.3.3.jar:5.3.3]
	at org.springframework.web.filter.OncePerRequestFilter.doFilter(OncePerRequestFilter.java:119) ~[spring-web-5.3.3.jar:5.3.3]
	at org.apache.catalina.core.ApplicationFilterChain.internalDoFilter(ApplicationFilterChain.java:193) ~[tomcat-embed-core-9.0.41.jar:9.0.41]
	at org.apache.catalina.core.ApplicationFilterChain.doFilter(ApplicationFilterChain.java:166) ~[tomcat-embed-core-9.0.41.jar:9.0.41]
	at org.springframework.web.filter.OncePerRequestFilter.doFilter(OncePerRequestFilter.java:103) ~[spring-web-5.3.3.jar:5.3.3]
	at org.apache.catalina.core.ApplicationFilterChain.internalDoFilter(ApplicationFilterChain.java:193) ~[tomcat-embed-core-9.0.41.jar:9.0.41]
	at org.apache.catalina.core.ApplicationFilterChain.doFilter(ApplicationFilterChain.java:166) ~[tomcat-embed-core-9.0.41.jar:9.0.41]
	at org.springframework.web.filter.OncePerRequestFilter.doFilter(OncePerRequestFilter.java:103) ~[spring-web-5.3.3.jar:5.3.3]
	at org.apache.catalina.core.ApplicationFilterChain.internalDoFilter(ApplicationFilterChain.java:193) ~[tomcat-embed-core-9.0.41.jar:9.0.41]
	at org.apache.catalina.core.ApplicationFilterChain.doFilter(ApplicationFilterChain.java:166) ~[tomcat-embed-core-9.0.41.jar:9.0.41]
	at org.apache.catalina.core.ApplicationDispatcher.invoke(ApplicationDispatcher.java:712) ~[tomcat-embed-core-9.0.41.jar:9.0.41]
	at org.apache.catalina.core.ApplicationDispatcher.doInclude(ApplicationDispatcher.java:580) ~[tomcat-embed-core-9.0.41.jar:9.0.41]
	at org.apache.catalina.core.ApplicationDispatcher.include(ApplicationDispatcher.java:516) ~[tomcat-embed-core-9.0.41.jar:9.0.41]
	at org.apache.catalina.core.StandardHostValve.custom(StandardHostValve.java:392) ~[tomcat-embed-core-9.0.41.jar:9.0.41]
	at org.apache.catalina.core.StandardHostValve.status(StandardHostValve.java:257) ~[tomcat-embed-core-9.0.41.jar:9.0.41]
	at org.apache.catalina.core.StandardHostValve.throwable(StandardHostValve.java:352) ~[tomcat-embed-core-9.0.41.jar:9.0.41]
	at org.apache.catalina.core.StandardHostValve.invoke(StandardHostValve.java:177) ~[tomcat-embed-core-9.0.41.jar:9.0.41]
	at org.apache.catalina.valves.ErrorReportValve.invoke(ErrorReportValve.java:92) ~[tomcat-embed-core-9.0.41.jar:9.0.41]
	at org.apache.catalina.core.StandardEngineValve.invoke(StandardEngineValve.java:78) ~[tomcat-embed-core-9.0.41.jar:9.0.41]
	at org.apache.catalina.connector.CoyoteAdapter.service(CoyoteAdapter.java:343) ~[tomcat-embed-core-9.0.41.jar:9.0.41]
	at org.apache.coyote.http11.Http11Processor.service(Http11Processor.java:374) ~[tomcat-embed-core-9.0.41.jar:9.0.41]
	at org.apache.coyote.AbstractProcessorLight.process(AbstractProcessorLight.java:65) ~[tomcat-embed-core-9.0.41.jar:9.0.41]
	at org.apache.coyote.AbstractProtocol$ConnectionHandler.process(AbstractProtocol.java:888) ~[tomcat-embed-core-9.0.41.jar:9.0.41]
	at org.apache.tomcat.util.net.NioEndpoint$SocketProcessor.doRun(NioEndpoint.java:1597) ~[tomcat-embed-core-9.0.41.jar:9.0.41]
	at org.apache.tomcat.util.net.SocketProcessorBase.run(SocketProcessorBase.java:49) ~[tomcat-embed-core-9.0.41.jar:9.0.41]
	at java.base/java.util.concurrent.ThreadPoolExecutor.runWorker(ThreadPoolExecutor.java:1130) ~[na:na]
	at java.base/java.util.concurrent.ThreadPoolExecutor$Worker.run(ThreadPoolExecutor.java:630) ~[na:na]
	at org.apache.tomcat.util.threads.TaskThread$WrappingRunnable.run(TaskThread.java:61) ~[tomcat-embed-core-9.0.41.jar:9.0.41]
	at java.base/java.lang.Thread.run(Thread.java:832) ~[na:na]

2021-06-11 23:54:06.339 ERROR 4968 --- [http-nio-8081-exec-9] o.a.c.c.C.[Tomcat].[localhost]           : Exception Processing ErrorPage[errorCode=0, location=/error]

org.springframework.web.util.NestedServletException: Request processing failed; nested exception is org.thymeleaf.exceptions.TemplateInputException: An error happened during template parsing (template: "class path resource [templates/error.html]")
	at org.springframework.web.servlet.FrameworkServlet.processRequest(FrameworkServlet.java:1014) ~[spring-webmvc-5.3.3.jar:5.3.3]
	at org.springframework.web.servlet.FrameworkServlet.doGet(FrameworkServlet.java:898) ~[spring-webmvc-5.3.3.jar:5.3.3]
	at javax.servlet.http.HttpServlet.service(HttpServlet.java:626) ~[tomcat-embed-core-9.0.41.jar:4.0.FR]
	at org.springframework.web.servlet.FrameworkServlet.service(FrameworkServlet.java:883) ~[spring-webmvc-5.3.3.jar:5.3.3]
	at javax.servlet.http.HttpServlet.service(HttpServlet.java:733) ~[tomcat-embed-core-9.0.41.jar:4.0.FR]
	at org.apache.catalina.core.ApplicationFilterChain.internalDoFilter(ApplicationFilterChain.java:231) ~[tomcat-embed-core-9.0.41.jar:9.0.41]
	at org.apache.catalina.core.ApplicationFilterChain.doFilter(ApplicationFilterChain.java:166) ~[tomcat-embed-core-9.0.41.jar:9.0.41]
	at org.springframework.web.filter.RequestContextFilter.doFilterInternal(RequestContextFilter.java:100) ~[spring-web-5.3.3.jar:5.3.3]
	at org.springframework.web.filter.OncePerRequestFilter.doFilter(OncePerRequestFilter.java:119) ~[spring-web-5.3.3.jar:5.3.3]
	at org.apache.catalina.core.ApplicationFilterChain.internalDoFilter(ApplicationFilterChain.java:193) ~[tomcat-embed-core-9.0.41.jar:9.0.41]
	at org.apache.catalina.core.ApplicationFilterChain.doFilter(ApplicationFilterChain.java:166) ~[tomcat-embed-core-9.0.41.jar:9.0.41]
	at org.springframework.web.filter.OncePerRequestFilter.doFilter(OncePerRequestFilter.java:103) ~[spring-web-5.3.3.jar:5.3.3]
	at org.apache.catalina.core.ApplicationFilterChain.internalDoFilter(ApplicationFilterChain.java:193) ~[tomcat-embed-core-9.0.41.jar:9.0.41]
	at org.apache.catalina.core.ApplicationFilterChain.doFilter(ApplicationFilterChain.java:166) ~[tomcat-embed-core-9.0.41.jar:9.0.41]
	at org.springframework.web.filter.OncePerRequestFilter.doFilter(OncePerRequestFilter.java:103) ~[spring-web-5.3.3.jar:5.3.3]
	at org.apache.catalina.core.ApplicationFilterChain.internalDoFilter(ApplicationFilterChain.java:193) ~[tomcat-embed-core-9.0.41.jar:9.0.41]
	at org.apache.catalina.core.ApplicationFilterChain.doFilter(ApplicationFilterChain.java:166) ~[tomcat-embed-core-9.0.41.jar:9.0.41]
	at org.apache.catalina.core.ApplicationDispatcher.invoke(ApplicationDispatcher.java:712) ~[tomcat-embed-core-9.0.41.jar:9.0.41]
	at org.apache.catalina.core.ApplicationDispatcher.doInclude(ApplicationDispatcher.java:580) ~[tomcat-embed-core-9.0.41.jar:9.0.41]
	at org.apache.catalina.core.ApplicationDispatcher.include(ApplicationDispatcher.java:516) ~[tomcat-embed-core-9.0.41.jar:9.0.41]
	at org.apache.catalina.core.StandardHostValve.custom(StandardHostValve.java:392) ~[tomcat-embed-core-9.0.41.jar:9.0.41]
	at org.apache.catalina.core.StandardHostValve.status(StandardHostValve.java:257) ~[tomcat-embed-core-9.0.41.jar:9.0.41]
	at org.apache.catalina.core.StandardHostValve.throwable(StandardHostValve.java:352) ~[tomcat-embed-core-9.0.41.jar:9.0.41]
	at org.apache.catalina.core.StandardHostValve.invoke(StandardHostValve.java:177) ~[tomcat-embed-core-9.0.41.jar:9.0.41]
	at org.apache.catalina.valves.ErrorReportValve.invoke(ErrorReportValve.java:92) ~[tomcat-embed-core-9.0.41.jar:9.0.41]
	at org.apache.catalina.core.StandardEngineValve.invoke(StandardEngineValve.java:78) ~[tomcat-embed-core-9.0.41.jar:9.0.41]
	at org.apache.catalina.connector.CoyoteAdapter.service(CoyoteAdapter.java:343) ~[tomcat-embed-core-9.0.41.jar:9.0.41]
	at org.apache.coyote.http11.Http11Processor.service(Http11Processor.java:374) ~[tomcat-embed-core-9.0.41.jar:9.0.41]
	at org.apache.coyote.AbstractProcessorLight.process(AbstractProcessorLight.java:65) ~[tomcat-embed-core-9.0.41.jar:9.0.41]
	at org.apache.coyote.AbstractProtocol$ConnectionHandler.process(AbstractProtocol.java:888) ~[tomcat-embed-core-9.0.41.jar:9.0.41]
	at org.apache.tomcat.util.net.NioEndpoint$SocketProcessor.doRun(NioEndpoint.java:1597) ~[tomcat-embed-core-9.0.41.jar:9.0.41]
	at org.apache.tomcat.util.net.SocketProcessorBase.run(SocketProcessorBase.java:49) ~[tomcat-embed-core-9.0.41.jar:9.0.41]
	at java.base/java.util.concurrent.ThreadPoolExecutor.runWorker(ThreadPoolExecutor.java:1130) ~[na:na]
	at java.base/java.util.concurrent.ThreadPoolExecutor$Worker.run(ThreadPoolExecutor.java:630) ~[na:na]
	at org.apache.tomcat.util.threads.TaskThread$WrappingRunnable.run(TaskThread.java:61) ~[tomcat-embed-core-9.0.41.jar:9.0.41]
	at java.base/java.lang.Thread.run(Thread.java:832) ~[na:na]
Caused by: org.thymeleaf.exceptions.TemplateInputException: An error happened during template parsing (template: "class path resource [templates/error.html]")
	at org.thymeleaf.templateparser.markup.AbstractMarkupTemplateParser.parse(AbstractMarkupTemplateParser.java:241) ~[thymeleaf-3.0.12.RELEASE.jar:3.0.12.RELEASE]
	at org.thymeleaf.templateparser.markup.AbstractMarkupTemplateParser.parseStandalone(AbstractMarkupTemplateParser.java:100) ~[thymeleaf-3.0.12.RELEASE.jar:3.0.12.RELEASE]
	at org.thymeleaf.engine.TemplateManager.parseAndProcess(TemplateManager.java:666) ~[thymeleaf-3.0.12.RELEASE.jar:3.0.12.RELEASE]
	at org.thymeleaf.TemplateEngine.process(TemplateEngine.java:1098) ~[thymeleaf-3.0.12.RELEASE.jar:3.0.12.RELEASE]
	at org.thymeleaf.TemplateEngine.process(TemplateEngine.java:1072) ~[thymeleaf-3.0.12.RELEASE.jar:3.0.12.RELEASE]
	at org.thymeleaf.spring5.view.ThymeleafView.renderFragment(ThymeleafView.java:366) ~[thymeleaf-spring5-3.0.12.RELEASE.jar:3.0.12.RELEASE]
	at org.thymeleaf.spring5.view.ThymeleafView.render(ThymeleafView.java:190) ~[thymeleaf-spring5-3.0.12.RELEASE.jar:3.0.12.RELEASE]
	at org.springframework.web.servlet.DispatcherServlet.render(DispatcherServlet.java:1393) ~[spring-webmvc-5.3.3.jar:5.3.3]
	at org.springframework.web.servlet.DispatcherServlet.processDispatchResult(DispatcherServlet.java:1138) ~[spring-webmvc-5.3.3.jar:5.3.3]
	at org.springframework.web.servlet.DispatcherServlet.doDispatch(DispatcherServlet.java:1077) ~[spring-webmvc-5.3.3.jar:5.3.3]
	at org.springframework.web.servlet.DispatcherServlet.doService(DispatcherServlet.java:962) ~[spring-webmvc-5.3.3.jar:5.3.3]
	at org.springframework.web.servlet.FrameworkServlet.processRequest(FrameworkServlet.java:1006) ~[spring-webmvc-5.3.3.jar:5.3.3]
	... 35 common frames omitted
Caused by: org.attoparser.ParseException: Cannot resolve fragment. Signature "page_head (title,remove)" declares 2 parameters, but fragment selection specifies 1 parameters. Fragment selection does not correctly match. (template: "error" - line 4, col 7)
	at org.attoparser.MarkupParser.parseDocument(MarkupParser.java:393) ~[attoparser-2.0.5.RELEASE.jar:2.0.5.RELEASE]
	at org.attoparser.MarkupParser.parse(MarkupParser.java:257) ~[attoparser-2.0.5.RELEASE.jar:2.0.5.RELEASE]
	at org.thymeleaf.templateparser.markup.AbstractMarkupTemplateParser.parse(AbstractMarkupTemplateParser.java:230) ~[thymeleaf-3.0.12.RELEASE.jar:3.0.12.RELEASE]
	... 46 common frames omitted
Caused by: org.thymeleaf.exceptions.TemplateProcessingException: Cannot resolve fragment. Signature "page_head (title,remove)" declares 2 parameters, but fragment selection specifies 1 parameters. Fragment selection does not correctly match. (template: "error" - line 4, col 7)
	at org.thymeleaf.standard.expression.FragmentSignatureUtils.processParameters(FragmentSignatureUtils.java:190) ~[thymeleaf-3.0.12.RELEASE.jar:3.0.12.RELEASE]
	at org.thymeleaf.standard.processor.AbstractStandardFragmentInsertionTagProcessor.doProcess(AbstractStandardFragmentInsertionTagProcessor.java:175) ~[thymeleaf-3.0.12.RELEASE.jar:3.0.12.RELEASE]
	at org.thymeleaf.processor.element.AbstractAttributeTagProcessor.doProcess(AbstractAttributeTagProcessor.java:74) ~[thymeleaf-3.0.12.RELEASE.jar:3.0.12.RELEASE]
	at org.thymeleaf.processor.element.AbstractElementTagProcessor.process(AbstractElementTagProcessor.java:95) ~[thymeleaf-3.0.12.RELEASE.jar:3.0.12.RELEASE]
	at org.thymeleaf.util.ProcessorConfigurationUtils$ElementTagProcessorWrapper.process(ProcessorConfigurationUtils.java:633) ~[thymeleaf-3.0.12.RELEASE.jar:3.0.12.RELEASE]
	at org.thymeleaf.engine.ProcessorTemplateHandler.handleStandaloneElement(ProcessorTemplateHandler.java:918) ~[thymeleaf-3.0.12.RELEASE.jar:3.0.12.RELEASE]
	at org.thymeleaf.engine.TemplateHandlerAdapterMarkupHandler.handleStandaloneElementEnd(TemplateHandlerAdapterMarkupHandler.java:260) ~[thymeleaf-3.0.12.RELEASE.jar:3.0.12.RELEASE]
	at org.thymeleaf.templateparser.markup.InlinedOutputExpressionMarkupHandler$InlineMarkupAdapterPreProcessorHandler.handleStandaloneElementEnd(InlinedOutputExpressionMarkupHandler.java:256) ~[thymeleaf-3.0.12.RELEASE.jar:3.0.12.RELEASE]
	at org.thymeleaf.standard.inline.OutputExpressionInlinePreProcessorHandler.handleStandaloneElementEnd(OutputExpressionInlinePreProcessorHandler.java:169) ~[thymeleaf-3.0.12.RELEASE.jar:3.0.12.RELEASE]
	at org.thymeleaf.templateparser.markup.InlinedOutputExpressionMarkupHandler.handleStandaloneElementEnd(InlinedOutputExpressionMarkupHandler.java:104) ~[thymeleaf-3.0.12.RELEASE.jar:3.0.12.RELEASE]
	at org.attoparser.HtmlElement.handleStandaloneElementEnd(HtmlElement.java:79) ~[attoparser-2.0.5.RELEASE.jar:2.0.5.RELEASE]
	at org.attoparser.HtmlMarkupHandler.handleStandaloneElementEnd(HtmlMarkupHandler.java:241) ~[attoparser-2.0.5.RELEASE.jar:2.0.5.RELEASE]
	at org.attoparser.MarkupEventProcessorHandler.handleStandaloneElementEnd(MarkupEventProcessorHandler.java:327) ~[attoparser-2.0.5.RELEASE.jar:2.0.5.RELEASE]
	at org.attoparser.ParsingElementMarkupUtil.parseStandaloneElement(ParsingElementMarkupUtil.java:96) ~[attoparser-2.0.5.RELEASE.jar:2.0.5.RELEASE]
	at org.attoparser.MarkupParser.parseBuffer(MarkupParser.java:706) ~[attoparser-2.0.5.RELEASE.jar:2.0.5.RELEASE]
	at org.attoparser.MarkupParser.parseDocument(MarkupParser.java:301) ~[attoparser-2.0.5.RELEASE.jar:2.0.5.RELEASE]
	... 48 common frames omitted

