2021-09-17 17:38:48.151  INFO 13760 --- [restartedMain] .s.d.r.c.RepositoryConfigurationDelegate : Bootstrapping Spring Data JPA repositories in DEFAULT mode.
2021-09-17 17:38:48.425  INFO 13760 --- [restartedMain] .s.d.r.c.RepositoryConfigurationDelegate : Finished Spring Data repository scanning in 242 ms. Found 12 JPA repository interfaces.
2021-09-17 17:38:49.454  INFO 13760 --- [restartedMain] o.s.b.w.embedded.tomcat.TomcatWebServer  : Tomcat initialized with port(s): 8081 (http)
2021-09-17 17:38:49.466  INFO 13760 --- [restartedMain] o.apache.catalina.core.StandardService   : Starting service [Tomcat]
2021-09-17 17:38:49.467  INFO 13760 --- [restartedMain] org.apache.catalina.core.StandardEngine  : Starting Servlet engine: [Apache Tomcat/9.0.41]
2021-09-17 17:38:49.652  INFO 13760 --- [restartedMain] o.a.c.c.C.[.[localhost].[/ShopmeAdmin]   : Initializing Spring embedded WebApplicationContext
2021-09-17 17:38:49.653  INFO 13760 --- [restartedMain] w.s.c.ServletWebServerApplicationContext : Root WebApplicationContext: initialization completed in 3864 ms
2021-09-17 17:38:50.124  INFO 13760 --- [restartedMain] o.hibernate.jpa.internal.util.LogHelper  : HHH000204: Processing PersistenceUnitInfo [name: default]
2021-09-17 17:38:50.274  INFO 13760 --- [restartedMain] org.hibernate.Version                    : HHH000412: Hibernate ORM core version 5.4.27.Final
2021-09-17 17:38:50.515  INFO 13760 --- [restartedMain] o.hibernate.annotations.common.Version   : HCANN000001: Hibernate Commons Annotations {5.1.2.Final}
2021-09-17 17:38:50.696  INFO 13760 --- [restartedMain] com.zaxxer.hikari.HikariDataSource       : HikariPool-1 - Starting...
2021-09-17 17:38:51.103  INFO 13760 --- [restartedMain] com.zaxxer.hikari.HikariDataSource       : HikariPool-1 - Start completed.
2021-09-17 17:38:51.140  INFO 13760 --- [restartedMain] org.hibernate.dialect.Dialect            : HHH000400: Using dialect: org.hibernate.dialect.MySQL8Dialect
2021-09-17 17:38:52.644  INFO 13760 --- [restartedMain] o.h.e.t.j.p.i.JtaPlatformInitiator       : HHH000490: Using JtaPlatform implementation: [org.hibernate.engine.transaction.jta.platform.internal.NoJtaPlatform]
2021-09-17 17:38:52.666  INFO 13760 --- [restartedMain] j.LocalContainerEntityManagerFactoryBean : Initialized JPA EntityManagerFactory for persistence unit 'default'
2021-09-17 17:38:52.751  INFO 13760 --- [restartedMain] o.s.b.d.a.OptionalLiveReloadServer       : LiveReload server is running on port 35729
2021-09-17 17:38:53.439  WARN 13760 --- [restartedMain] JpaBaseConfiguration$JpaWebConfiguration : spring.jpa.open-in-view is enabled by default. Therefore, database queries may be performed during view rendering. Explicitly configure spring.jpa.open-in-view to disable this warning
2021-09-17 17:38:54.098  INFO 13760 --- [restartedMain] o.s.s.web.DefaultSecurityFilterChain     : Will secure Ant [pattern='/images/**'] with []
2021-09-17 17:38:54.098  INFO 13760 --- [restartedMain] o.s.s.web.DefaultSecurityFilterChain     : Will secure Ant [pattern='/js/**'] with []
2021-09-17 17:38:54.099  INFO 13760 --- [restartedMain] o.s.s.web.DefaultSecurityFilterChain     : Will secure Ant [pattern='/webjars/**'] with []
2021-09-17 17:38:54.099  INFO 13760 --- [restartedMain] o.s.s.web.DefaultSecurityFilterChain     : Will secure Ant [pattern='/css/**'] with []
2021-09-17 17:38:54.160  INFO 13760 --- [restartedMain] o.s.s.web.DefaultSecurityFilterChain     : Will secure any request with [org.springframework.security.web.context.request.async.WebAsyncManagerIntegrationFilter@13842b21, org.springframework.security.web.context.SecurityContextPersistenceFilter@49bcd28d, org.springframework.security.web.header.HeaderWriterFilter@6408cbb1, org.springframework.security.web.csrf.CsrfFilter@3a2e388d, org.springframework.security.web.authentication.logout.LogoutFilter@470a0ff8, org.springframework.security.web.authentication.UsernamePasswordAuthenticationFilter@8a4257e, org.springframework.security.web.savedrequest.RequestCacheAwareFilter@10a89c1a, org.springframework.security.web.servletapi.SecurityContextHolderAwareRequestFilter@3977249d, org.springframework.security.web.authentication.rememberme.RememberMeAuthenticationFilter@2092ee0, org.springframework.security.web.authentication.AnonymousAuthenticationFilter@45c783a1, org.springframework.security.web.session.SessionManagementFilter@748ba1c, org.springframework.security.web.access.ExceptionTranslationFilter@748fc9ef, org.springframework.security.web.access.intercept.FilterSecurityInterceptor@5a687eaa]
2021-09-17 17:38:54.319  INFO 13760 --- [restartedMain] o.s.s.concurrent.ThreadPoolTaskExecutor  : Initializing ExecutorService 'applicationTaskExecutor'
2021-09-17 17:38:54.461  INFO 13760 --- [restartedMain] o.s.b.a.w.s.WelcomePageHandlerMapping    : Adding welcome page template: index
2021-09-17 17:38:55.377  INFO 13760 --- [restartedMain] o.s.b.w.embedded.tomcat.TomcatWebServer  : Tomcat started on port(s): 8081 (http) with context path '/ShopmeAdmin'
2021-09-17 17:38:55.386  INFO 13760 --- [restartedMain] c.shopme.admin.ShopmeBackEndApplication  : Started ShopmeBackEndApplication in 10.148 seconds (JVM running for 11.497)
2021-09-17 17:39:06.138  INFO 13760 --- [http-nio-8081-exec-2] o.a.c.c.C.[.[localhost].[/ShopmeAdmin]   : Initializing Spring DispatcherServlet 'dispatcherServlet'
2021-09-17 17:39:06.138  INFO 13760 --- [http-nio-8081-exec-2] o.s.web.servlet.DispatcherServlet        : Initializing Servlet 'dispatcherServlet'
2021-09-17 17:39:06.140  INFO 13760 --- [http-nio-8081-exec-2] o.s.web.servlet.DispatcherServlet        : Completed initialization in 2 ms
2021-09-17 17:40:47.717  INFO 13760 --- [RMI TCP Connection(10)-127.0.0.1] inMXBeanRegistrar$SpringApplicationAdmin : Application shutdown requested.
2021-09-17 17:40:47.897  INFO 13760 --- [RMI TCP Connection(10)-127.0.0.1] o.s.s.concurrent.ThreadPoolTaskExecutor  : Shutting down ExecutorService 'applicationTaskExecutor'
2021-09-17 17:40:47.907  INFO 13760 --- [RMI TCP Connection(10)-127.0.0.1] j.LocalContainerEntityManagerFactoryBean : Closing JPA EntityManagerFactory for persistence unit 'default'
2021-09-17 17:40:47.913  INFO 13760 --- [RMI TCP Connection(10)-127.0.0.1] com.zaxxer.hikari.HikariDataSource       : HikariPool-1 - Shutdown initiated...
2021-09-17 17:40:47.925  INFO 13760 --- [RMI TCP Connection(10)-127.0.0.1] com.zaxxer.hikari.HikariDataSource       : HikariPool-1 - Shutdown completed.
