2021-10-15 00:31:21.182  INFO 1732 --- [http-nio-8081-exec-10] c.s.a.controller.StateRestController     : StateRestController | listByCountry | countryId : 242
2021-10-15 00:31:21.195  INFO 1732 --- [http-nio-8081-exec-10] c.s.a.controller.StateRestController     : StateRestController | listByCountry | listStates.size() : 58
2021-10-15 00:31:21.196  INFO 1732 --- [http-nio-8081-exec-10] c.s.a.controller.StateRestController     : StateRestController | listByCountry | result : [StateDTO [id=43, name=An Giang], StateDTO [id=137, name=Ba Ria Vung Tau], StateDTO [id=7, name=Bac Giang], StateDTO [id=144, name=Bac Kan], StateDTO [id=121, name=Bac Lieu], StateDTO [id=38, name=Bac Ninh], StateDTO [id=143, name=Ben Tre], StateDTO [id=42, name=Binh Dinh], StateDTO [id=22, name=Binh Duong], StateDTO [id=133, name=Binh Phuoc], StateDTO [id=138, name=Binh Thuan], StateDTO [id=123, name=Ca Mau], StateDTO [id=20, name=Can Tho], StateDTO [id=2, name=Da Nang], StateDTO [id=131, name=Dak Lak], StateDTO [id=134, name=Dak Nong], StateDTO [id=119, name=Dong Nai], StateDTO [id=135, name=Dong Thap], StateDTO [id=128, name=Gia Lai], StateDTO [id=116, name=Ha Giang], StateDTO [id=1, name=Ha Noi], StateDTO [id=40, name=Ha Tinh], StateDTO [id=139, name=Hai Duong], StateDTO [id=6, name=Hai Phong], StateDTO [id=136, name=Hau Giang], StateDTO [id=5, name=Ho Chi Minh City], StateDTO [id=117, name=Hoa Binh], StateDTO [id=41, name=Hue], StateDTO [id=140, name=Hung Yen], StateDTO [id=110, name=Khanh Hoa], StateDTO [id=113, name=Kien Giang], StateDTO [id=146, name=Kon Tum], StateDTO [id=114, name=Lai Chau], StateDTO [id=130, name=Lam Dong], StateDTO [id=51, name=Lang Son], StateDTO [id=115, name=Lao Cai], StateDTO [id=142, name=Long An], StateDTO [id=109, name=Nam Dinh], StateDTO [id=10, name=Nghe An], StateDTO [id=145, name=Ninh Binh], StateDTO [id=150, name=Phu Tho], StateDTO [id=132, name=Phu Yen], StateDTO [id=124, name=Quang Binh], StateDTO [id=126, name=Quang Nam], StateDTO [id=127, name=Quang Ngai], StateDTO [id=9, name=Quang Ninh], StateDTO [id=125, name=Quang Tri], StateDTO [id=120, name=Soc Trang], StateDTO [id=8, name=Son La], StateDTO [id=112, name=Tay Ninh], StateDTO [id=118, name=Thai Binh], StateDTO [id=141, name=Thai Nguyen], StateDTO [id=23, name=Thanh Hoa], StateDTO [id=147, name=Tra Vinh], StateDTO [id=149, name=Tuyen Quang], StateDTO [id=151, name=Vinh Long], StateDTO [id=129, name=Vinh Phuc], StateDTO [id=148, name=Yen Bai]]
2021-10-15 00:31:25.746  INFO 1732 --- [http-nio-8081-exec-6] c.s.a.c.ProductSearchController          : ProductSearchController | showSearchProductPage is started
2021-10-15 00:31:27.611  INFO 1732 --- [http-nio-8081-exec-4] c.s.a.c.ProductSearchController          : ProductSearchController | searchProducts is started
2021-10-15 00:31:27.611  INFO 1732 --- [http-nio-8081-exec-4] c.s.a.c.ProductSearchController          : ProductSearchController | searchProducts | keyword : Canon
2021-10-15 00:31:27.618  INFO 1732 --- [http-nio-8081-exec-10] c.s.a.p.PagingAndSortingArgumentResolver : PagingAndSortingArgumentResolver | resolveArgument | sortField : name
2021-10-15 00:31:27.619  INFO 1732 --- [http-nio-8081-exec-10] c.s.a.p.PagingAndSortingArgumentResolver : PagingAndSortingArgumentResolver | resolveArgument | sortDir : asc
2021-10-15 00:31:27.619  INFO 1732 --- [http-nio-8081-exec-10] c.s.a.p.PagingAndSortingArgumentResolver : PagingAndSortingArgumentResolver | resolveArgument | reverseSortDir : desc
2021-10-15 00:31:27.619  INFO 1732 --- [http-nio-8081-exec-10] c.s.a.p.PagingAndSortingArgumentResolver : PagingAndSortingArgumentResolver | resolveArgument | keyword : Canon
2021-10-15 00:31:27.619  INFO 1732 --- [http-nio-8081-exec-10] c.s.a.p.PagingAndSortingArgumentResolver : PagingAndSortingArgumentResolver | resolveArgument | moduleURL : /orders/search_product
2021-10-15 00:31:27.619  INFO 1732 --- [http-nio-8081-exec-10] c.s.a.c.ProductSearchController          : ProductSearchController | searchProductsByPage is started
2021-10-15 00:31:27.619  INFO 1732 --- [http-nio-8081-exec-10] c.s.a.c.ProductSearchController          : ProductSearchController | searchProductsByPage | helper : com.shopme.admin.paging.PagingAndSortingHelper@4bb635cc
2021-10-15 00:31:27.619  INFO 1732 --- [http-nio-8081-exec-10] c.s.a.c.ProductSearchController          : ProductSearchController | searchProductsByPage | pageNum : 1
2021-10-15 00:31:27.624  INFO 1732 --- [http-nio-8081-exec-10] c.s.admin.paging.PagingAndSortingHelper  : PagingAndSortingArgumentResolver | createPageable is started
2021-10-15 00:31:27.625  INFO 1732 --- [http-nio-8081-exec-10] c.s.admin.paging.PagingAndSortingHelper  : PagingAndSortingArgumentResolver | createPageable | sort : name: ASC
2021-10-15 00:31:27.625  INFO 1732 --- [http-nio-8081-exec-10] c.s.admin.paging.PagingAndSortingHelper  : PagingAndSortingArgumentResolver | createPageable | pageNum - 1 : 0
2021-10-15 00:31:27.625  INFO 1732 --- [http-nio-8081-exec-10] c.s.admin.paging.PagingAndSortingHelper  : PagingAndSortingArgumentResolver | createPageable | pageSize : 5
2021-10-15 00:31:27.645  INFO 1732 --- [http-nio-8081-exec-10] c.s.admin.paging.PagingAndSortingHelper  : PagingAndSortingArgumentResolver | updateModelAttributes is started
2021-10-15 00:31:27.645  INFO 1732 --- [http-nio-8081-exec-10] c.s.admin.paging.PagingAndSortingHelper  : PagingAndSortingArgumentResolver | updateModelAttributes | startCount : 1
2021-10-15 00:31:27.645  INFO 1732 --- [http-nio-8081-exec-10] c.s.admin.paging.PagingAndSortingHelper  : PagingAndSortingArgumentResolver | updateModelAttributes | endCount : 5
2021-10-15 00:31:27.645  INFO 1732 --- [http-nio-8081-exec-10] c.s.admin.paging.PagingAndSortingHelper  : PagingAndSortingArgumentResolver | updateModelAttributes | page.getTotalElements() : 6
2021-10-15 00:31:27.645  INFO 1732 --- [http-nio-8081-exec-10] c.s.admin.paging.PagingAndSortingHelper  : PagingAndSortingArgumentResolver | updateModelAttributes | endCount : 5
2021-10-15 00:31:27.645  INFO 1732 --- [http-nio-8081-exec-10] c.s.admin.paging.PagingAndSortingHelper  : PagingAndSortingArgumentResolver | updateModelAttributes | currentPage : 1
2021-10-15 00:31:27.645  INFO 1732 --- [http-nio-8081-exec-10] c.s.admin.paging.PagingAndSortingHelper  : PagingAndSortingArgumentResolver | updateModelAttributes | totalPages : 2
2021-10-15 00:31:27.645  INFO 1732 --- [http-nio-8081-exec-10] c.s.admin.paging.PagingAndSortingHelper  : PagingAndSortingArgumentResolver | updateModelAttributes | totalItems : 6
2021-10-15 00:31:27.645  INFO 1732 --- [http-nio-8081-exec-10] c.s.admin.paging.PagingAndSortingHelper  : PagingAndSortingArgumentResolver | updateModelAttributes | listName : [Product [id=19, name=Canon EF 50mm f/1.8 STM Lens], Product [id=21, name=Canon EF 75-300mm f/4-5.6 III Telephoto Zoom Lens], Product [id=1, name=Canon EOS M50 Mirrorless Vlogging Camera Kit with EF-M 15-45mm lens, Black], Product [id=9, name=Canon PowerShot ELPH 180 Digital Camera], Product [id=16, name=Canon Speedlite 470EX-AI, Auto Intelligent Flash Photography]]
2021-10-15 00:32:08.498  INFO 1732 --- [RMI TCP Connection(24)-127.0.0.1] inMXBeanRegistrar$SpringApplicationAdmin : Application shutdown requested.
2021-10-15 00:32:08.535  INFO 1732 --- [RMI TCP Connection(24)-127.0.0.1] o.s.s.concurrent.ThreadPoolTaskExecutor  : Shutting down ExecutorService 'applicationTaskExecutor'
2021-10-15 00:32:08.539  INFO 1732 --- [RMI TCP Connection(24)-127.0.0.1] j.LocalContainerEntityManagerFactoryBean : Closing JPA EntityManagerFactory for persistence unit 'default'
2021-10-15 00:32:08.543  INFO 1732 --- [RMI TCP Connection(24)-127.0.0.1] com.zaxxer.hikari.HikariDataSource       : HikariPool-1 - Shutdown initiated...
2021-10-15 00:32:08.549  INFO 1732 --- [RMI TCP Connection(24)-127.0.0.1] com.zaxxer.hikari.HikariDataSource       : HikariPool-1 - Shutdown completed.
