2021-07-18 18:33:46.665  INFO 13732 --- [restartedMain] com.shopme.ShopmeFrontEndApplication     : Starting ShopmeFrontEndApplication using Java 15.0.1 on DESKTOP-E7L6HLO with PID 13732 (C:\Users\Noyan\Desktop\sts-4.9.0.RELEASE\workspace\Shopme\ShopmeWebParent\ShopmeFrontEnd\target\classes started by Noyan in C:\Users\Noyan\Desktop\sts-4.9.0.RELEASE\workspace\Shopme\ShopmeWebParent\ShopmeFrontEnd)
2021-07-18 18:33:46.675  INFO 13732 --- [restartedMain] com.shopme.ShopmeFrontEndApplication     : No active profile set, falling back to default profiles: default
2021-07-18 18:33:46.747  INFO 13732 --- [restartedMain] .e.DevToolsPropertyDefaultsPostProcessor : Devtools property defaults active! Set 'spring.devtools.add-properties' to 'false' to disable
2021-07-18 18:33:46.748  INFO 13732 --- [restartedMain] .e.DevToolsPropertyDefaultsPostProcessor : For additional web related logging consider setting the 'logging.level.web' property to 'DEBUG'
2021-07-18 18:33:47.916  INFO 13732 --- [restartedMain] .s.d.r.c.RepositoryConfigurationDelegate : Bootstrapping Spring Data JPA repositories in DEFAULT mode.
2021-07-18 18:33:48.022  INFO 13732 --- [restartedMain] .s.d.r.c.RepositoryConfigurationDelegate : Finished Spring Data repository scanning in 94 ms. Found 6 JPA repository interfaces.
2021-07-18 18:33:48.739  INFO 13732 --- [restartedMain] o.s.b.w.embedded.tomcat.TomcatWebServer  : Tomcat initialized with port(s): 80 (http)
2021-07-18 18:33:48.755  INFO 13732 --- [restartedMain] o.apache.catalina.core.StandardService   : Starting service [Tomcat]
2021-07-18 18:33:48.755  INFO 13732 --- [restartedMain] org.apache.catalina.core.StandardEngine  : Starting Servlet engine: [Apache Tomcat/9.0.41]
2021-07-18 18:33:48.894  INFO 13732 --- [restartedMain] o.a.c.c.C.[.[localhost].[/Shopme]        : Initializing Spring embedded WebApplicationContext
2021-07-18 18:33:48.895  INFO 13732 --- [restartedMain] w.s.c.ServletWebServerApplicationContext : Root WebApplicationContext: initialization completed in 2146 ms
2021-07-18 18:33:49.156  INFO 13732 --- [restartedMain] o.hibernate.jpa.internal.util.LogHelper  : HHH000204: Processing PersistenceUnitInfo [name: default]
2021-07-18 18:33:49.236  INFO 13732 --- [restartedMain] org.hibernate.Version                    : HHH000412: Hibernate ORM core version 5.4.27.Final
2021-07-18 18:33:49.435  INFO 13732 --- [restartedMain] o.hibernate.annotations.common.Version   : HCANN000001: Hibernate Commons Annotations {5.1.2.Final}
2021-07-18 18:33:49.564  INFO 13732 --- [restartedMain] com.zaxxer.hikari.HikariDataSource       : HikariPool-1 - Starting...
2021-07-18 18:33:49.961  INFO 13732 --- [restartedMain] com.zaxxer.hikari.HikariDataSource       : HikariPool-1 - Start completed.
2021-07-18 18:33:49.983  INFO 13732 --- [restartedMain] org.hibernate.dialect.Dialect            : HHH000400: Using dialect: org.hibernate.dialect.MySQL8Dialect
2021-07-18 18:33:51.380  INFO 13732 --- [restartedMain] o.h.e.t.j.p.i.JtaPlatformInitiator       : HHH000490: Using JtaPlatform implementation: [org.hibernate.engine.transaction.jta.platform.internal.NoJtaPlatform]
2021-07-18 18:33:51.401  INFO 13732 --- [restartedMain] j.LocalContainerEntityManagerFactoryBean : Initialized JPA EntityManagerFactory for persistence unit 'default'
2021-07-18 18:33:51.964  INFO 13732 --- [restartedMain] o.s.b.d.a.OptionalLiveReloadServer       : LiveReload server is running on port 35729
2021-07-18 18:33:52.153  WARN 13732 --- [restartedMain] JpaBaseConfiguration$JpaWebConfiguration : spring.jpa.open-in-view is enabled by default. Therefore, database queries may be performed during view rendering. Explicitly configure spring.jpa.open-in-view to disable this warning
2021-07-18 18:33:52.233  INFO 13732 --- [restartedMain] .s.s.UserDetailsServiceAutoConfiguration : 

Using generated security password: 425658b6-0864-4d67-8e67-44b82d2cfcb4

2021-07-18 18:33:52.317  INFO 13732 --- [restartedMain] o.s.s.web.DefaultSecurityFilterChain     : Will secure Ant [pattern='/images/**'] with []
2021-07-18 18:33:52.318  INFO 13732 --- [restartedMain] o.s.s.web.DefaultSecurityFilterChain     : Will secure Ant [pattern='/js/**'] with []
2021-07-18 18:33:52.318  INFO 13732 --- [restartedMain] o.s.s.web.DefaultSecurityFilterChain     : Will secure Ant [pattern='/webjars/**'] with []
2021-07-18 18:33:52.357  INFO 13732 --- [restartedMain] o.s.s.web.DefaultSecurityFilterChain     : Will secure any request with [org.springframework.security.web.context.request.async.WebAsyncManagerIntegrationFilter@52a07b58, org.springframework.security.web.context.SecurityContextPersistenceFilter@4c1d2e20, org.springframework.security.web.header.HeaderWriterFilter@56ec95ed, org.springframework.security.web.csrf.CsrfFilter@57c3e2ef, org.springframework.security.web.authentication.logout.LogoutFilter@35256fd9, org.springframework.security.web.savedrequest.RequestCacheAwareFilter@4532fb7d, org.springframework.security.web.servletapi.SecurityContextHolderAwareRequestFilter@3543e5f0, org.springframework.security.web.authentication.AnonymousAuthenticationFilter@23ca9ef0, org.springframework.security.web.session.SessionManagementFilter@61c7c922, org.springframework.security.web.access.ExceptionTranslationFilter@4603749d, org.springframework.security.web.access.intercept.FilterSecurityInterceptor@5ba0ca5]
2021-07-18 18:33:52.524  INFO 13732 --- [restartedMain] o.s.s.concurrent.ThreadPoolTaskExecutor  : Initializing ExecutorService 'applicationTaskExecutor'
2021-07-18 18:33:52.677  INFO 13732 --- [restartedMain] o.s.b.a.w.s.WelcomePageHandlerMapping    : Adding welcome page template: index
2021-07-18 18:33:53.338  INFO 13732 --- [restartedMain] o.s.b.w.embedded.tomcat.TomcatWebServer  : Tomcat started on port(s): 80 (http) with context path '/Shopme'
2021-07-18 18:33:53.347  INFO 13732 --- [restartedMain] com.shopme.ShopmeFrontEndApplication     : Started ShopmeFrontEndApplication in 7.157 seconds (JVM running for 8.369)
2021-07-18 18:35:38.096  INFO 13732 --- [http-nio-80-exec-1] o.a.c.c.C.[.[localhost].[/Shopme]        : Initializing Spring DispatcherServlet 'dispatcherServlet'
2021-07-18 18:35:38.097  INFO 13732 --- [http-nio-80-exec-1] o.s.web.servlet.DispatcherServlet        : Initializing Servlet 'dispatcherServlet'
2021-07-18 18:35:38.099  INFO 13732 --- [http-nio-80-exec-1] o.s.web.servlet.DispatcherServlet        : Completed initialization in 2 ms
2021-07-18 18:35:38.137  INFO 13732 --- [http-nio-80-exec-1] com.shopme.filter.SettingFilter          : SettingFilter | doFilter is called
2021-07-18 18:35:38.139  INFO 13732 --- [http-nio-80-exec-1] com.shopme.filter.SettingFilter          : SettingFilter | doFilter | url : http://localhost/Shopme/
2021-07-18 18:35:38.214  INFO 13732 --- [http-nio-80-exec-1] com.shopme.filter.SettingFilter          : SettingFilter | doFilter | generalSettings : [Setting [key=COPYRIGHT, value=Copyright (C) 2021 Shopme Ltd.], Setting [key=CURRENCY_ID, value=1], Setting [key=CURRENCY_SYMBOL, value=$], Setting [key=CURRENCY_SYMBOL_POSITION, value=Before price], Setting [key=DECIMAL_DIGITS, value=2], Setting [key=DECIMAL_POINT_TYPE, value=POINT], Setting [key=SITE_LOGO, value=/site-logo/ShopmeAdminSmall.png], Setting [key=SITE_NAME, value=Shopme], Setting [key=THOUSANDS_POINT_TYPE, value=COMMA]]
2021-07-18 18:35:38.215  INFO 13732 --- [http-nio-80-exec-1] com.shopme.filter.SettingFilter          : SettingFilter | doFilter | generalSettings : [Setting [key=COPYRIGHT, value=Copyright (C) 2021 Shopme Ltd.], Setting [key=CURRENCY_ID, value=1], Setting [key=CURRENCY_SYMBOL, value=$], Setting [key=CURRENCY_SYMBOL_POSITION, value=Before price], Setting [key=DECIMAL_DIGITS, value=2], Setting [key=DECIMAL_POINT_TYPE, value=POINT], Setting [key=SITE_LOGO, value=/site-logo/ShopmeAdminSmall.png], Setting [key=SITE_NAME, value=Shopme], Setting [key=THOUSANDS_POINT_TYPE, value=COMMA]]
2021-07-18 18:35:38.215  INFO 13732 --- [http-nio-80-exec-1] com.shopme.filter.SettingFilter          : SettingFilter | doFilter | generalSettings : [Setting [key=COPYRIGHT, value=Copyright (C) 2021 Shopme Ltd.], Setting [key=CURRENCY_ID, value=1], Setting [key=CURRENCY_SYMBOL, value=$], Setting [key=CURRENCY_SYMBOL_POSITION, value=Before price], Setting [key=DECIMAL_DIGITS, value=2], Setting [key=DECIMAL_POINT_TYPE, value=POINT], Setting [key=SITE_LOGO, value=/site-logo/ShopmeAdminSmall.png], Setting [key=SITE_NAME, value=Shopme], Setting [key=THOUSANDS_POINT_TYPE, value=COMMA]]
2021-07-18 18:35:38.216  INFO 13732 --- [http-nio-80-exec-1] com.shopme.filter.SettingFilter          : SettingFilter | doFilter | generalSettings : [Setting [key=COPYRIGHT, value=Copyright (C) 2021 Shopme Ltd.], Setting [key=CURRENCY_ID, value=1], Setting [key=CURRENCY_SYMBOL, value=$], Setting [key=CURRENCY_SYMBOL_POSITION, value=Before price], Setting [key=DECIMAL_DIGITS, value=2], Setting [key=DECIMAL_POINT_TYPE, value=POINT], Setting [key=SITE_LOGO, value=/site-logo/ShopmeAdminSmall.png], Setting [key=SITE_NAME, value=Shopme], Setting [key=THOUSANDS_POINT_TYPE, value=COMMA]]
2021-07-18 18:35:38.216  INFO 13732 --- [http-nio-80-exec-1] com.shopme.filter.SettingFilter          : SettingFilter | doFilter | generalSettings : [Setting [key=COPYRIGHT, value=Copyright (C) 2021 Shopme Ltd.], Setting [key=CURRENCY_ID, value=1], Setting [key=CURRENCY_SYMBOL, value=$], Setting [key=CURRENCY_SYMBOL_POSITION, value=Before price], Setting [key=DECIMAL_DIGITS, value=2], Setting [key=DECIMAL_POINT_TYPE, value=POINT], Setting [key=SITE_LOGO, value=/site-logo/ShopmeAdminSmall.png], Setting [key=SITE_NAME, value=Shopme], Setting [key=THOUSANDS_POINT_TYPE, value=COMMA]]
2021-07-18 18:35:38.216  INFO 13732 --- [http-nio-80-exec-1] com.shopme.filter.SettingFilter          : SettingFilter | doFilter | generalSettings : [Setting [key=COPYRIGHT, value=Copyright (C) 2021 Shopme Ltd.], Setting [key=CURRENCY_ID, value=1], Setting [key=CURRENCY_SYMBOL, value=$], Setting [key=CURRENCY_SYMBOL_POSITION, value=Before price], Setting [key=DECIMAL_DIGITS, value=2], Setting [key=DECIMAL_POINT_TYPE, value=POINT], Setting [key=SITE_LOGO, value=/site-logo/ShopmeAdminSmall.png], Setting [key=SITE_NAME, value=Shopme], Setting [key=THOUSANDS_POINT_TYPE, value=COMMA]]
2021-07-18 18:35:38.216  INFO 13732 --- [http-nio-80-exec-1] com.shopme.filter.SettingFilter          : SettingFilter | doFilter | generalSettings : [Setting [key=COPYRIGHT, value=Copyright (C) 2021 Shopme Ltd.], Setting [key=CURRENCY_ID, value=1], Setting [key=CURRENCY_SYMBOL, value=$], Setting [key=CURRENCY_SYMBOL_POSITION, value=Before price], Setting [key=DECIMAL_DIGITS, value=2], Setting [key=DECIMAL_POINT_TYPE, value=POINT], Setting [key=SITE_LOGO, value=/site-logo/ShopmeAdminSmall.png], Setting [key=SITE_NAME, value=Shopme], Setting [key=THOUSANDS_POINT_TYPE, value=COMMA]]
2021-07-18 18:35:38.217  INFO 13732 --- [http-nio-80-exec-1] com.shopme.filter.SettingFilter          : SettingFilter | doFilter | generalSettings : [Setting [key=COPYRIGHT, value=Copyright (C) 2021 Shopme Ltd.], Setting [key=CURRENCY_ID, value=1], Setting [key=CURRENCY_SYMBOL, value=$], Setting [key=CURRENCY_SYMBOL_POSITION, value=Before price], Setting [key=DECIMAL_DIGITS, value=2], Setting [key=DECIMAL_POINT_TYPE, value=POINT], Setting [key=SITE_LOGO, value=/site-logo/ShopmeAdminSmall.png], Setting [key=SITE_NAME, value=Shopme], Setting [key=THOUSANDS_POINT_TYPE, value=COMMA]]
2021-07-18 18:35:38.217  INFO 13732 --- [http-nio-80-exec-1] com.shopme.filter.SettingFilter          : SettingFilter | doFilter | generalSettings : [Setting [key=COPYRIGHT, value=Copyright (C) 2021 Shopme Ltd.], Setting [key=CURRENCY_ID, value=1], Setting [key=CURRENCY_SYMBOL, value=$], Setting [key=CURRENCY_SYMBOL_POSITION, value=Before price], Setting [key=DECIMAL_DIGITS, value=2], Setting [key=DECIMAL_POINT_TYPE, value=POINT], Setting [key=SITE_LOGO, value=/site-logo/ShopmeAdminSmall.png], Setting [key=SITE_NAME, value=Shopme], Setting [key=THOUSANDS_POINT_TYPE, value=COMMA]]
2021-07-18 18:35:38.910  INFO 13732 --- [http-nio-80-exec-2] com.shopme.filter.SettingFilter          : SettingFilter | doFilter is called
2021-07-18 18:35:38.911  INFO 13732 --- [http-nio-80-exec-2] com.shopme.filter.SettingFilter          : SettingFilter | doFilter | url : http://localhost/Shopme/webjars/bootstrap/4.3.1/css/bootstrap.min.css
2021-07-18 18:35:38.911  INFO 13732 --- [http-nio-80-exec-2] com.shopme.filter.SettingFilter          : SettingFilter | doFilter | .css , .js , .png , . jpg | url : http://localhost/Shopme/webjars/bootstrap/4.3.1/css/bootstrap.min.css
2021-07-18 18:35:38.911  INFO 13732 --- [http-nio-80-exec-3] com.shopme.filter.SettingFilter          : SettingFilter | doFilter is called
2021-07-18 18:35:38.911  INFO 13732 --- [http-nio-80-exec-3] com.shopme.filter.SettingFilter          : SettingFilter | doFilter | url : http://localhost/Shopme/webjars/jquery/3.4.1/jquery.min.js
2021-07-18 18:35:38.911  INFO 13732 --- [http-nio-80-exec-4] com.shopme.filter.SettingFilter          : SettingFilter | doFilter is called
2021-07-18 18:35:38.912  INFO 13732 --- [http-nio-80-exec-3] com.shopme.filter.SettingFilter          : SettingFilter | doFilter | .css , .js , .png , . jpg | url : http://localhost/Shopme/webjars/jquery/3.4.1/jquery.min.js
2021-07-18 18:35:38.912  INFO 13732 --- [http-nio-80-exec-4] com.shopme.filter.SettingFilter          : SettingFilter | doFilter | url : http://localhost/Shopme/webjars/bootstrap/4.3.1/js/bootstrap.min.js
2021-07-18 18:35:38.912  INFO 13732 --- [http-nio-80-exec-4] com.shopme.filter.SettingFilter          : SettingFilter | doFilter | .css , .js , .png , . jpg | url : http://localhost/Shopme/webjars/bootstrap/4.3.1/js/bootstrap.min.js
2021-07-18 18:35:39.102  INFO 13732 --- [http-nio-80-exec-5] com.shopme.filter.SettingFilter          : SettingFilter | doFilter is called
2021-07-18 18:35:39.102  INFO 13732 --- [http-nio-80-exec-5] com.shopme.filter.SettingFilter          : SettingFilter | doFilter | url : http://localhost/Shopme/site-logo/ShopmeAdminSmall.png
2021-07-18 18:35:39.102  INFO 13732 --- [http-nio-80-exec-5] com.shopme.filter.SettingFilter          : SettingFilter | doFilter | .css , .js , .png , . jpg | url : http://localhost/Shopme/site-logo/ShopmeAdminSmall.png
2021-07-18 18:35:39.102  INFO 13732 --- [http-nio-80-exec-6] com.shopme.filter.SettingFilter          : SettingFilter | doFilter is called
2021-07-18 18:35:39.103  INFO 13732 --- [http-nio-80-exec-6] com.shopme.filter.SettingFilter          : SettingFilter | doFilter | url : http://localhost/Shopme/category-images/9/bags_cases.png
2021-07-18 18:35:39.103  INFO 13732 --- [http-nio-80-exec-6] com.shopme.filter.SettingFilter          : SettingFilter | doFilter | .css , .js , .png , . jpg | url : http://localhost/Shopme/category-images/9/bags_cases.png
2021-07-18 18:35:39.136  INFO 13732 --- [http-nio-80-exec-7] com.shopme.filter.SettingFilter          : SettingFilter | doFilter is called
2021-07-18 18:35:39.137  INFO 13732 --- [http-nio-80-exec-7] com.shopme.filter.SettingFilter          : SettingFilter | doFilter | url : http://localhost/Shopme/category-images/17/cables%20and%20adapters.png
2021-07-18 18:35:39.137  INFO 13732 --- [http-nio-80-exec-7] com.shopme.filter.SettingFilter          : SettingFilter | doFilter | .css , .js , .png , . jpg | url : http://localhost/Shopme/category-images/17/cables%20and%20adapters.png
2021-07-18 18:35:39.139  INFO 13732 --- [http-nio-80-exec-8] com.shopme.filter.SettingFilter          : SettingFilter | doFilter is called
2021-07-18 18:35:39.140  INFO 13732 --- [http-nio-80-exec-8] com.shopme.filter.SettingFilter          : SettingFilter | doFilter | url : http://localhost/Shopme/category-images/14/carrier%20cellphones.png
2021-07-18 18:35:39.140  INFO 13732 --- [http-nio-80-exec-8] com.shopme.filter.SettingFilter          : SettingFilter | doFilter | .css , .js , .png , . jpg | url : http://localhost/Shopme/category-images/14/carrier%20cellphones.png
2021-07-18 18:35:39.142  INFO 13732 --- [http-nio-80-exec-9] com.shopme.filter.SettingFilter          : SettingFilter | doFilter is called
2021-07-18 18:35:39.142  INFO 13732 --- [http-nio-80-exec-9] com.shopme.filter.SettingFilter          : SettingFilter | doFilter | url : http://localhost/Shopme/category-images/20/cellphone%20cases.png
2021-07-18 18:35:39.143  INFO 13732 --- [http-nio-80-exec-9] com.shopme.filter.SettingFilter          : SettingFilter | doFilter | .css , .js , .png , . jpg | url : http://localhost/Shopme/category-images/20/cellphone%20cases.png
2021-07-18 18:35:39.144  INFO 13732 --- [http-nio-80-exec-4] com.shopme.filter.SettingFilter          : SettingFilter | doFilter is called
2021-07-18 18:35:39.144  INFO 13732 --- [http-nio-80-exec-1] com.shopme.filter.SettingFilter          : SettingFilter | doFilter is called
2021-07-18 18:35:39.144  INFO 13732 --- [http-nio-80-exec-10] com.shopme.filter.SettingFilter          : SettingFilter | doFilter is called
2021-07-18 18:35:39.144  INFO 13732 --- [http-nio-80-exec-4] com.shopme.filter.SettingFilter          : SettingFilter | doFilter | url : http://localhost/Shopme/category-images/10/digital%20cameras.png
2021-07-18 18:35:39.144  INFO 13732 --- [http-nio-80-exec-1] com.shopme.filter.SettingFilter          : SettingFilter | doFilter | url : http://localhost/Shopme/category-images/5/desktop%20computers.png
2021-07-18 18:35:39.144  INFO 13732 --- [http-nio-80-exec-4] com.shopme.filter.SettingFilter          : SettingFilter | doFilter | .css , .js , .png , . jpg | url : http://localhost/Shopme/category-images/10/digital%20cameras.png
2021-07-18 18:35:39.144  INFO 13732 --- [http-nio-80-exec-10] com.shopme.filter.SettingFilter          : SettingFilter | doFilter | url : http://localhost/Shopme/category-images/22/computer%20processors.png
2021-07-18 18:35:39.144  INFO 13732 --- [http-nio-80-exec-1] com.shopme.filter.SettingFilter          : SettingFilter | doFilter | .css , .js , .png , . jpg | url : http://localhost/Shopme/category-images/5/desktop%20computers.png
2021-07-18 18:35:39.145  INFO 13732 --- [http-nio-80-exec-10] com.shopme.filter.SettingFilter          : SettingFilter | doFilter | .css , .js , .png , . jpg | url : http://localhost/Shopme/category-images/22/computer%20processors.png
2021-07-18 18:35:39.148  INFO 13732 --- [http-nio-80-exec-3] com.shopme.filter.SettingFilter          : SettingFilter | doFilter is called
2021-07-18 18:35:39.148  INFO 13732 --- [http-nio-80-exec-3] com.shopme.filter.SettingFilter          : SettingFilter | doFilter | url : http://localhost/Shopme/category-images/11/flashes.png
2021-07-18 18:35:39.148  INFO 13732 --- [http-nio-80-exec-3] com.shopme.filter.SettingFilter          : SettingFilter | doFilter | .css , .js , .png , . jpg | url : http://localhost/Shopme/category-images/11/flashes.png
2021-07-18 18:35:39.156  INFO 13732 --- [http-nio-80-exec-2] com.shopme.filter.SettingFilter          : SettingFilter | doFilter is called
2021-07-18 18:35:39.157  INFO 13732 --- [http-nio-80-exec-2] com.shopme.filter.SettingFilter          : SettingFilter | doFilter | url : http://localhost/Shopme/category-images/23/graphic%20cards.png
2021-07-18 18:35:39.157  INFO 13732 --- [http-nio-80-exec-2] com.shopme.filter.SettingFilter          : SettingFilter | doFilter | .css , .js , .png , . jpg | url : http://localhost/Shopme/category-images/23/graphic%20cards.png
2021-07-18 18:35:39.158  INFO 13732 --- [http-nio-80-exec-5] com.shopme.filter.SettingFilter          : SettingFilter | doFilter is called
2021-07-18 18:35:39.158  INFO 13732 --- [http-nio-80-exec-5] com.shopme.filter.SettingFilter          : SettingFilter | doFilter | url : http://localhost/Shopme/category-images/21/headphones.png
2021-07-18 18:35:39.158  INFO 13732 --- [http-nio-80-exec-5] com.shopme.filter.SettingFilter          : SettingFilter | doFilter | .css , .js , .png , . jpg | url : http://localhost/Shopme/category-images/21/headphones.png
2021-07-18 18:35:39.163  INFO 13732 --- [http-nio-80-exec-6] com.shopme.filter.SettingFilter          : SettingFilter | doFilter is called
2021-07-18 18:35:39.163  INFO 13732 --- [http-nio-80-exec-6] com.shopme.filter.SettingFilter          : SettingFilter | doFilter | url : http://localhost/Shopme/category-images/24/internal%20hard%20drive.png
2021-07-18 18:35:39.163  INFO 13732 --- [http-nio-80-exec-6] com.shopme.filter.SettingFilter          : SettingFilter | doFilter | .css , .js , .png , . jpg | url : http://localhost/Shopme/category-images/24/internal%20hard%20drive.png
2021-07-18 18:35:39.164  INFO 13732 --- [http-nio-80-exec-7] com.shopme.filter.SettingFilter          : SettingFilter | doFilter is called
2021-07-18 18:35:39.164  INFO 13732 --- [http-nio-80-exec-8] com.shopme.filter.SettingFilter          : SettingFilter | doFilter is called
2021-07-18 18:35:39.164  INFO 13732 --- [http-nio-80-exec-7] com.shopme.filter.SettingFilter          : SettingFilter | doFilter | url : http://localhost/Shopme/category-images/25/internal%20optical%20drives.png
2021-07-18 18:35:39.164  INFO 13732 --- [http-nio-80-exec-8] com.shopme.filter.SettingFilter          : SettingFilter | doFilter | url : http://localhost/Shopme/category-images/6/laptop%20computers.png
2021-07-18 18:35:39.165  INFO 13732 --- [http-nio-80-exec-7] com.shopme.filter.SettingFilter          : SettingFilter | doFilter | .css , .js , .png , . jpg | url : http://localhost/Shopme/category-images/25/internal%20optical%20drives.png
2021-07-18 18:35:39.165  INFO 13732 --- [http-nio-80-exec-8] com.shopme.filter.SettingFilter          : SettingFilter | doFilter | .css , .js , .png , . jpg | url : http://localhost/Shopme/category-images/6/laptop%20computers.png
2021-07-18 18:35:39.166  INFO 13732 --- [http-nio-80-exec-9] com.shopme.filter.SettingFilter          : SettingFilter | doFilter is called
2021-07-18 18:35:39.167  INFO 13732 --- [http-nio-80-exec-9] com.shopme.filter.SettingFilter          : SettingFilter | doFilter | url : http://localhost/Shopme/category-images/12/lenses.png
2021-07-18 18:35:39.167  INFO 13732 --- [http-nio-80-exec-9] com.shopme.filter.SettingFilter          : SettingFilter | doFilter | .css , .js , .png , . jpg | url : http://localhost/Shopme/category-images/12/lenses.png
2021-07-18 18:35:39.169  INFO 13732 --- [http-nio-80-exec-10] com.shopme.filter.SettingFilter          : SettingFilter | doFilter is called
2021-07-18 18:35:39.169  INFO 13732 --- [http-nio-80-exec-10] com.shopme.filter.SettingFilter          : SettingFilter | doFilter | url : http://localhost/Shopme/category-images/18/microsd%20cards.png
2021-07-18 18:35:39.169  INFO 13732 --- [http-nio-80-exec-10] com.shopme.filter.SettingFilter          : SettingFilter | doFilter | .css , .js , .png , . jpg | url : http://localhost/Shopme/category-images/18/microsd%20cards.png
2021-07-18 18:35:39.169  INFO 13732 --- [http-nio-80-exec-4] com.shopme.filter.SettingFilter          : SettingFilter | doFilter is called
2021-07-18 18:35:39.170  INFO 13732 --- [http-nio-80-exec-4] com.shopme.filter.SettingFilter          : SettingFilter | doFilter | url : http://localhost/Shopme/category-images/29/computer%20memory.png
2021-07-18 18:35:39.170  INFO 13732 --- [http-nio-80-exec-4] com.shopme.filter.SettingFilter          : SettingFilter | doFilter | .css , .js , .png , . jpg | url : http://localhost/Shopme/category-images/29/computer%20memory.png
2021-07-18 18:35:39.174  INFO 13732 --- [http-nio-80-exec-3] com.shopme.filter.SettingFilter          : SettingFilter | doFilter is called
2021-07-18 18:35:39.174  INFO 13732 --- [http-nio-80-exec-1] com.shopme.filter.SettingFilter          : SettingFilter | doFilter is called
2021-07-18 18:35:39.175  INFO 13732 --- [http-nio-80-exec-1] com.shopme.filter.SettingFilter          : SettingFilter | doFilter | url : http://localhost/Shopme/category-images/30/motherboards.png
2021-07-18 18:35:39.175  INFO 13732 --- [http-nio-80-exec-3] com.shopme.filter.SettingFilter          : SettingFilter | doFilter | url : http://localhost/Shopme/category-images/31/network%20cards.png
2021-07-18 18:35:39.175  INFO 13732 --- [http-nio-80-exec-1] com.shopme.filter.SettingFilter          : SettingFilter | doFilter | .css , .js , .png , . jpg | url : http://localhost/Shopme/category-images/30/motherboards.png
2021-07-18 18:35:39.175  INFO 13732 --- [http-nio-80-exec-3] com.shopme.filter.SettingFilter          : SettingFilter | doFilter | .css , .js , .png , . jpg | url : http://localhost/Shopme/category-images/31/network%20cards.png
2021-07-18 18:35:39.177  INFO 13732 --- [http-nio-80-exec-5] com.shopme.filter.SettingFilter          : SettingFilter | doFilter is called
2021-07-18 18:35:39.177  INFO 13732 --- [http-nio-80-exec-5] com.shopme.filter.SettingFilter          : SettingFilter | doFilter | url : http://localhost/Shopme/category-images/26/power%20supplies.png
2021-07-18 18:35:39.177  INFO 13732 --- [http-nio-80-exec-5] com.shopme.filter.SettingFilter          : SettingFilter | doFilter | .css , .js , .png , . jpg | url : http://localhost/Shopme/category-images/26/power%20supplies.png
2021-07-18 18:35:39.180  INFO 13732 --- [http-nio-80-exec-6] com.shopme.filter.SettingFilter          : SettingFilter | doFilter is called
2021-07-18 18:35:39.180  INFO 13732 --- [http-nio-80-exec-2] com.shopme.filter.SettingFilter          : SettingFilter | doFilter is called
2021-07-18 18:35:39.181  INFO 13732 --- [http-nio-80-exec-6] com.shopme.filter.SettingFilter          : SettingFilter | doFilter | url : http://localhost/Shopme/category-images/28/sound%20cards.png
2021-07-18 18:35:39.181  INFO 13732 --- [http-nio-80-exec-2] com.shopme.filter.SettingFilter          : SettingFilter | doFilter | url : http://localhost/Shopme/category-images/27/solid%20state%20drives.png
2021-07-18 18:35:39.181  INFO 13732 --- [http-nio-80-exec-6] com.shopme.filter.SettingFilter          : SettingFilter | doFilter | .css , .js , .png , . jpg | url : http://localhost/Shopme/category-images/28/sound%20cards.png
2021-07-18 18:35:39.181  INFO 13732 --- [http-nio-80-exec-2] com.shopme.filter.SettingFilter          : SettingFilter | doFilter | .css , .js , .png , . jpg | url : http://localhost/Shopme/category-images/27/solid%20state%20drives.png
2021-07-18 18:35:39.182  INFO 13732 --- [http-nio-80-exec-8] com.shopme.filter.SettingFilter          : SettingFilter | doFilter is called
2021-07-18 18:35:39.182  INFO 13732 --- [http-nio-80-exec-8] com.shopme.filter.SettingFilter          : SettingFilter | doFilter | url : http://localhost/Shopme/category-images/19/cellphone_stands.png
2021-07-18 18:35:39.182  INFO 13732 --- [http-nio-80-exec-8] com.shopme.filter.SettingFilter          : SettingFilter | doFilter | .css , .js , .png , . jpg | url : http://localhost/Shopme/category-images/19/cellphone_stands.png
2021-07-18 18:35:39.185  INFO 13732 --- [http-nio-80-exec-7] com.shopme.filter.SettingFilter          : SettingFilter | doFilter is called
2021-07-18 18:35:39.185  INFO 13732 --- [http-nio-80-exec-7] com.shopme.filter.SettingFilter          : SettingFilter | doFilter | url : http://localhost/Shopme/category-images/7/tablets.png
2021-07-18 18:35:39.185  INFO 13732 --- [http-nio-80-exec-7] com.shopme.filter.SettingFilter          : SettingFilter | doFilter | .css , .js , .png , . jpg | url : http://localhost/Shopme/category-images/7/tablets.png
2021-07-18 18:35:39.186  INFO 13732 --- [http-nio-80-exec-9] com.shopme.filter.SettingFilter          : SettingFilter | doFilter is called
2021-07-18 18:35:39.186  INFO 13732 --- [http-nio-80-exec-9] com.shopme.filter.SettingFilter          : SettingFilter | doFilter | url : http://localhost/Shopme/category-images/13/tripods_monopods.png
2021-07-18 18:35:39.186  INFO 13732 --- [http-nio-80-exec-9] com.shopme.filter.SettingFilter          : SettingFilter | doFilter | .css , .js , .png , . jpg | url : http://localhost/Shopme/category-images/13/tripods_monopods.png
2021-07-18 18:35:39.188  INFO 13732 --- [http-nio-80-exec-10] com.shopme.filter.SettingFilter          : SettingFilter | doFilter is called
2021-07-18 18:35:39.188  INFO 13732 --- [http-nio-80-exec-10] com.shopme.filter.SettingFilter          : SettingFilter | doFilter | url : http://localhost/Shopme/category-images/15/unlocked%20cellphones.png
2021-07-18 18:35:39.188  INFO 13732 --- [http-nio-80-exec-10] com.shopme.filter.SettingFilter          : SettingFilter | doFilter | .css , .js , .png , . jpg | url : http://localhost/Shopme/category-images/15/unlocked%20cellphones.png
2021-07-18 18:35:43.277  INFO 13732 --- [http-nio-80-exec-3] com.shopme.filter.SettingFilter          : SettingFilter | doFilter is called
2021-07-18 18:35:43.278  INFO 13732 --- [http-nio-80-exec-3] com.shopme.filter.SettingFilter          : SettingFilter | doFilter | url : http://localhost/Shopme/register
2021-07-18 18:35:43.283  INFO 13732 --- [http-nio-80-exec-3] com.shopme.filter.SettingFilter          : SettingFilter | doFilter | generalSettings : [Setting [key=COPYRIGHT, value=Copyright (C) 2021 Shopme Ltd.], Setting [key=CURRENCY_ID, value=1], Setting [key=CURRENCY_SYMBOL, value=$], Setting [key=CURRENCY_SYMBOL_POSITION, value=Before price], Setting [key=DECIMAL_DIGITS, value=2], Setting [key=DECIMAL_POINT_TYPE, value=POINT], Setting [key=SITE_LOGO, value=/site-logo/ShopmeAdminSmall.png], Setting [key=SITE_NAME, value=Shopme], Setting [key=THOUSANDS_POINT_TYPE, value=COMMA]]
2021-07-18 18:35:43.283  INFO 13732 --- [http-nio-80-exec-3] com.shopme.filter.SettingFilter          : SettingFilter | doFilter | generalSettings : [Setting [key=COPYRIGHT, value=Copyright (C) 2021 Shopme Ltd.], Setting [key=CURRENCY_ID, value=1], Setting [key=CURRENCY_SYMBOL, value=$], Setting [key=CURRENCY_SYMBOL_POSITION, value=Before price], Setting [key=DECIMAL_DIGITS, value=2], Setting [key=DECIMAL_POINT_TYPE, value=POINT], Setting [key=SITE_LOGO, value=/site-logo/ShopmeAdminSmall.png], Setting [key=SITE_NAME, value=Shopme], Setting [key=THOUSANDS_POINT_TYPE, value=COMMA]]
2021-07-18 18:35:43.284  INFO 13732 --- [http-nio-80-exec-3] com.shopme.filter.SettingFilter          : SettingFilter | doFilter | generalSettings : [Setting [key=COPYRIGHT, value=Copyright (C) 2021 Shopme Ltd.], Setting [key=CURRENCY_ID, value=1], Setting [key=CURRENCY_SYMBOL, value=$], Setting [key=CURRENCY_SYMBOL_POSITION, value=Before price], Setting [key=DECIMAL_DIGITS, value=2], Setting [key=DECIMAL_POINT_TYPE, value=POINT], Setting [key=SITE_LOGO, value=/site-logo/ShopmeAdminSmall.png], Setting [key=SITE_NAME, value=Shopme], Setting [key=THOUSANDS_POINT_TYPE, value=COMMA]]
2021-07-18 18:35:43.284  INFO 13732 --- [http-nio-80-exec-3] com.shopme.filter.SettingFilter          : SettingFilter | doFilter | generalSettings : [Setting [key=COPYRIGHT, value=Copyright (C) 2021 Shopme Ltd.], Setting [key=CURRENCY_ID, value=1], Setting [key=CURRENCY_SYMBOL, value=$], Setting [key=CURRENCY_SYMBOL_POSITION, value=Before price], Setting [key=DECIMAL_DIGITS, value=2], Setting [key=DECIMAL_POINT_TYPE, value=POINT], Setting [key=SITE_LOGO, value=/site-logo/ShopmeAdminSmall.png], Setting [key=SITE_NAME, value=Shopme], Setting [key=THOUSANDS_POINT_TYPE, value=COMMA]]
2021-07-18 18:35:43.284  INFO 13732 --- [http-nio-80-exec-3] com.shopme.filter.SettingFilter          : SettingFilter | doFilter | generalSettings : [Setting [key=COPYRIGHT, value=Copyright (C) 2021 Shopme Ltd.], Setting [key=CURRENCY_ID, value=1], Setting [key=CURRENCY_SYMBOL, value=$], Setting [key=CURRENCY_SYMBOL_POSITION, value=Before price], Setting [key=DECIMAL_DIGITS, value=2], Setting [key=DECIMAL_POINT_TYPE, value=POINT], Setting [key=SITE_LOGO, value=/site-logo/ShopmeAdminSmall.png], Setting [key=SITE_NAME, value=Shopme], Setting [key=THOUSANDS_POINT_TYPE, value=COMMA]]
2021-07-18 18:35:43.284  INFO 13732 --- [http-nio-80-exec-3] com.shopme.filter.SettingFilter          : SettingFilter | doFilter | generalSettings : [Setting [key=COPYRIGHT, value=Copyright (C) 2021 Shopme Ltd.], Setting [key=CURRENCY_ID, value=1], Setting [key=CURRENCY_SYMBOL, value=$], Setting [key=CURRENCY_SYMBOL_POSITION, value=Before price], Setting [key=DECIMAL_DIGITS, value=2], Setting [key=DECIMAL_POINT_TYPE, value=POINT], Setting [key=SITE_LOGO, value=/site-logo/ShopmeAdminSmall.png], Setting [key=SITE_NAME, value=Shopme], Setting [key=THOUSANDS_POINT_TYPE, value=COMMA]]
2021-07-18 18:35:43.284  INFO 13732 --- [http-nio-80-exec-3] com.shopme.filter.SettingFilter          : SettingFilter | doFilter | generalSettings : [Setting [key=COPYRIGHT, value=Copyright (C) 2021 Shopme Ltd.], Setting [key=CURRENCY_ID, value=1], Setting [key=CURRENCY_SYMBOL, value=$], Setting [key=CURRENCY_SYMBOL_POSITION, value=Before price], Setting [key=DECIMAL_DIGITS, value=2], Setting [key=DECIMAL_POINT_TYPE, value=POINT], Setting [key=SITE_LOGO, value=/site-logo/ShopmeAdminSmall.png], Setting [key=SITE_NAME, value=Shopme], Setting [key=THOUSANDS_POINT_TYPE, value=COMMA]]
2021-07-18 18:35:43.284  INFO 13732 --- [http-nio-80-exec-3] com.shopme.filter.SettingFilter          : SettingFilter | doFilter | generalSettings : [Setting [key=COPYRIGHT, value=Copyright (C) 2021 Shopme Ltd.], Setting [key=CURRENCY_ID, value=1], Setting [key=CURRENCY_SYMBOL, value=$], Setting [key=CURRENCY_SYMBOL_POSITION, value=Before price], Setting [key=DECIMAL_DIGITS, value=2], Setting [key=DECIMAL_POINT_TYPE, value=POINT], Setting [key=SITE_LOGO, value=/site-logo/ShopmeAdminSmall.png], Setting [key=SITE_NAME, value=Shopme], Setting [key=THOUSANDS_POINT_TYPE, value=COMMA]]
2021-07-18 18:35:43.284  INFO 13732 --- [http-nio-80-exec-3] com.shopme.filter.SettingFilter          : SettingFilter | doFilter | generalSettings : [Setting [key=COPYRIGHT, value=Copyright (C) 2021 Shopme Ltd.], Setting [key=CURRENCY_ID, value=1], Setting [key=CURRENCY_SYMBOL, value=$], Setting [key=CURRENCY_SYMBOL_POSITION, value=Before price], Setting [key=DECIMAL_DIGITS, value=2], Setting [key=DECIMAL_POINT_TYPE, value=POINT], Setting [key=SITE_LOGO, value=/site-logo/ShopmeAdminSmall.png], Setting [key=SITE_NAME, value=Shopme], Setting [key=THOUSANDS_POINT_TYPE, value=COMMA]]
2021-07-18 18:35:43.581  INFO 13732 --- [http-nio-80-exec-1] com.shopme.filter.SettingFilter          : SettingFilter | doFilter is called
2021-07-18 18:35:43.582  INFO 13732 --- [http-nio-80-exec-6] com.shopme.filter.SettingFilter          : SettingFilter | doFilter is called
2021-07-18 18:35:43.582  INFO 13732 --- [http-nio-80-exec-5] com.shopme.filter.SettingFilter          : SettingFilter | doFilter is called
2021-07-18 18:35:43.582  INFO 13732 --- [http-nio-80-exec-6] com.shopme.filter.SettingFilter          : SettingFilter | doFilter | url : http://localhost/Shopme/webjars/bootstrap/4.3.1/js/bootstrap.min.js
2021-07-18 18:35:43.582  INFO 13732 --- [http-nio-80-exec-6] com.shopme.filter.SettingFilter          : SettingFilter | doFilter | .css , .js , .png , . jpg | url : http://localhost/Shopme/webjars/bootstrap/4.3.1/js/bootstrap.min.js
2021-07-18 18:35:43.582  INFO 13732 --- [http-nio-80-exec-1] com.shopme.filter.SettingFilter          : SettingFilter | doFilter | url : http://localhost/Shopme/webjars/bootstrap/4.3.1/css/bootstrap.min.css
2021-07-18 18:35:43.583  INFO 13732 --- [http-nio-80-exec-1] com.shopme.filter.SettingFilter          : SettingFilter | doFilter | .css , .js , .png , . jpg | url : http://localhost/Shopme/webjars/bootstrap/4.3.1/css/bootstrap.min.css
2021-07-18 18:35:43.582  INFO 13732 --- [http-nio-80-exec-5] com.shopme.filter.SettingFilter          : SettingFilter | doFilter | url : http://localhost/Shopme/webjars/jquery/3.4.1/jquery.min.js
2021-07-18 18:35:43.584  INFO 13732 --- [http-nio-80-exec-5] com.shopme.filter.SettingFilter          : SettingFilter | doFilter | .css , .js , .png , . jpg | url : http://localhost/Shopme/webjars/jquery/3.4.1/jquery.min.js
2021-07-18 18:35:43.654  INFO 13732 --- [http-nio-80-exec-2] com.shopme.filter.SettingFilter          : SettingFilter | doFilter is called
2021-07-18 18:35:43.655  INFO 13732 --- [http-nio-80-exec-2] com.shopme.filter.SettingFilter          : SettingFilter | doFilter | url : http://localhost/Shopme/js/register.js
2021-07-18 18:35:43.655  INFO 13732 --- [http-nio-80-exec-2] com.shopme.filter.SettingFilter          : SettingFilter | doFilter | .css , .js , .png , . jpg | url : http://localhost/Shopme/js/register.js
2021-07-18 18:35:43.656  INFO 13732 --- [http-nio-80-exec-8] com.shopme.filter.SettingFilter          : SettingFilter | doFilter is called
2021-07-18 18:35:43.657  INFO 13732 --- [http-nio-80-exec-8] com.shopme.filter.SettingFilter          : SettingFilter | doFilter | url : http://localhost/Shopme/site-logo/ShopmeAdminSmall.png
2021-07-18 18:35:43.657  INFO 13732 --- [http-nio-80-exec-8] com.shopme.filter.SettingFilter          : SettingFilter | doFilter | .css , .js , .png , . jpg | url : http://localhost/Shopme/site-logo/ShopmeAdminSmall.png
2021-07-18 18:35:51.856  INFO 13732 --- [http-nio-80-exec-7] com.shopme.filter.SettingFilter          : SettingFilter | doFilter is called
2021-07-18 18:35:51.856  INFO 13732 --- [http-nio-80-exec-7] com.shopme.filter.SettingFilter          : SettingFilter | doFilter | url : http://localhost/Shopme/settings/list_states_by_country/226
2021-07-18 18:35:51.860  INFO 13732 --- [http-nio-80-exec-7] com.shopme.filter.SettingFilter          : SettingFilter | doFilter | generalSettings : [Setting [key=COPYRIGHT, value=Copyright (C) 2021 Shopme Ltd.], Setting [key=CURRENCY_ID, value=1], Setting [key=CURRENCY_SYMBOL, value=$], Setting [key=CURRENCY_SYMBOL_POSITION, value=Before price], Setting [key=DECIMAL_DIGITS, value=2], Setting [key=DECIMAL_POINT_TYPE, value=POINT], Setting [key=SITE_LOGO, value=/site-logo/ShopmeAdminSmall.png], Setting [key=SITE_NAME, value=Shopme], Setting [key=THOUSANDS_POINT_TYPE, value=COMMA]]
2021-07-18 18:35:51.860  INFO 13732 --- [http-nio-80-exec-7] com.shopme.filter.SettingFilter          : SettingFilter | doFilter | generalSettings : [Setting [key=COPYRIGHT, value=Copyright (C) 2021 Shopme Ltd.], Setting [key=CURRENCY_ID, value=1], Setting [key=CURRENCY_SYMBOL, value=$], Setting [key=CURRENCY_SYMBOL_POSITION, value=Before price], Setting [key=DECIMAL_DIGITS, value=2], Setting [key=DECIMAL_POINT_TYPE, value=POINT], Setting [key=SITE_LOGO, value=/site-logo/ShopmeAdminSmall.png], Setting [key=SITE_NAME, value=Shopme], Setting [key=THOUSANDS_POINT_TYPE, value=COMMA]]
2021-07-18 18:35:51.860  INFO 13732 --- [http-nio-80-exec-7] com.shopme.filter.SettingFilter          : SettingFilter | doFilter | generalSettings : [Setting [key=COPYRIGHT, value=Copyright (C) 2021 Shopme Ltd.], Setting [key=CURRENCY_ID, value=1], Setting [key=CURRENCY_SYMBOL, value=$], Setting [key=CURRENCY_SYMBOL_POSITION, value=Before price], Setting [key=DECIMAL_DIGITS, value=2], Setting [key=DECIMAL_POINT_TYPE, value=POINT], Setting [key=SITE_LOGO, value=/site-logo/ShopmeAdminSmall.png], Setting [key=SITE_NAME, value=Shopme], Setting [key=THOUSANDS_POINT_TYPE, value=COMMA]]
2021-07-18 18:35:51.861  INFO 13732 --- [http-nio-80-exec-7] com.shopme.filter.SettingFilter          : SettingFilter | doFilter | generalSettings : [Setting [key=COPYRIGHT, value=Copyright (C) 2021 Shopme Ltd.], Setting [key=CURRENCY_ID, value=1], Setting [key=CURRENCY_SYMBOL, value=$], Setting [key=CURRENCY_SYMBOL_POSITION, value=Before price], Setting [key=DECIMAL_DIGITS, value=2], Setting [key=DECIMAL_POINT_TYPE, value=POINT], Setting [key=SITE_LOGO, value=/site-logo/ShopmeAdminSmall.png], Setting [key=SITE_NAME, value=Shopme], Setting [key=THOUSANDS_POINT_TYPE, value=COMMA]]
2021-07-18 18:35:51.861  INFO 13732 --- [http-nio-80-exec-7] com.shopme.filter.SettingFilter          : SettingFilter | doFilter | generalSettings : [Setting [key=COPYRIGHT, value=Copyright (C) 2021 Shopme Ltd.], Setting [key=CURRENCY_ID, value=1], Setting [key=CURRENCY_SYMBOL, value=$], Setting [key=CURRENCY_SYMBOL_POSITION, value=Before price], Setting [key=DECIMAL_DIGITS, value=2], Setting [key=DECIMAL_POINT_TYPE, value=POINT], Setting [key=SITE_LOGO, value=/site-logo/ShopmeAdminSmall.png], Setting [key=SITE_NAME, value=Shopme], Setting [key=THOUSANDS_POINT_TYPE, value=COMMA]]
2021-07-18 18:35:51.861  INFO 13732 --- [http-nio-80-exec-7] com.shopme.filter.SettingFilter          : SettingFilter | doFilter | generalSettings : [Setting [key=COPYRIGHT, value=Copyright (C) 2021 Shopme Ltd.], Setting [key=CURRENCY_ID, value=1], Setting [key=CURRENCY_SYMBOL, value=$], Setting [key=CURRENCY_SYMBOL_POSITION, value=Before price], Setting [key=DECIMAL_DIGITS, value=2], Setting [key=DECIMAL_POINT_TYPE, value=POINT], Setting [key=SITE_LOGO, value=/site-logo/ShopmeAdminSmall.png], Setting [key=SITE_NAME, value=Shopme], Setting [key=THOUSANDS_POINT_TYPE, value=COMMA]]
2021-07-18 18:35:51.861  INFO 13732 --- [http-nio-80-exec-7] com.shopme.filter.SettingFilter          : SettingFilter | doFilter | generalSettings : [Setting [key=COPYRIGHT, value=Copyright (C) 2021 Shopme Ltd.], Setting [key=CURRENCY_ID, value=1], Setting [key=CURRENCY_SYMBOL, value=$], Setting [key=CURRENCY_SYMBOL_POSITION, value=Before price], Setting [key=DECIMAL_DIGITS, value=2], Setting [key=DECIMAL_POINT_TYPE, value=POINT], Setting [key=SITE_LOGO, value=/site-logo/ShopmeAdminSmall.png], Setting [key=SITE_NAME, value=Shopme], Setting [key=THOUSANDS_POINT_TYPE, value=COMMA]]
2021-07-18 18:35:51.861  INFO 13732 --- [http-nio-80-exec-7] com.shopme.filter.SettingFilter          : SettingFilter | doFilter | generalSettings : [Setting [key=COPYRIGHT, value=Copyright (C) 2021 Shopme Ltd.], Setting [key=CURRENCY_ID, value=1], Setting [key=CURRENCY_SYMBOL, value=$], Setting [key=CURRENCY_SYMBOL_POSITION, value=Before price], Setting [key=DECIMAL_DIGITS, value=2], Setting [key=DECIMAL_POINT_TYPE, value=POINT], Setting [key=SITE_LOGO, value=/site-logo/ShopmeAdminSmall.png], Setting [key=SITE_NAME, value=Shopme], Setting [key=THOUSANDS_POINT_TYPE, value=COMMA]]
2021-07-18 18:35:51.861  INFO 13732 --- [http-nio-80-exec-7] com.shopme.filter.SettingFilter          : SettingFilter | doFilter | generalSettings : [Setting [key=COPYRIGHT, value=Copyright (C) 2021 Shopme Ltd.], Setting [key=CURRENCY_ID, value=1], Setting [key=CURRENCY_SYMBOL, value=$], Setting [key=CURRENCY_SYMBOL_POSITION, value=Before price], Setting [key=DECIMAL_DIGITS, value=2], Setting [key=DECIMAL_POINT_TYPE, value=POINT], Setting [key=SITE_LOGO, value=/site-logo/ShopmeAdminSmall.png], Setting [key=SITE_NAME, value=Shopme], Setting [key=THOUSANDS_POINT_TYPE, value=COMMA]]
2021-07-18 18:35:58.285  INFO 13732 --- [http-nio-80-exec-9] com.shopme.filter.SettingFilter          : SettingFilter | doFilter is called
2021-07-18 18:35:58.286  INFO 13732 --- [http-nio-80-exec-9] com.shopme.filter.SettingFilter          : SettingFilter | doFilter | url : http://localhost/Shopme/settings/list_states_by_country/213
2021-07-18 18:35:58.290  INFO 13732 --- [http-nio-80-exec-9] com.shopme.filter.SettingFilter          : SettingFilter | doFilter | generalSettings : [Setting [key=COPYRIGHT, value=Copyright (C) 2021 Shopme Ltd.], Setting [key=CURRENCY_ID, value=1], Setting [key=CURRENCY_SYMBOL, value=$], Setting [key=CURRENCY_SYMBOL_POSITION, value=Before price], Setting [key=DECIMAL_DIGITS, value=2], Setting [key=DECIMAL_POINT_TYPE, value=POINT], Setting [key=SITE_LOGO, value=/site-logo/ShopmeAdminSmall.png], Setting [key=SITE_NAME, value=Shopme], Setting [key=THOUSANDS_POINT_TYPE, value=COMMA]]
2021-07-18 18:35:58.290  INFO 13732 --- [http-nio-80-exec-9] com.shopme.filter.SettingFilter          : SettingFilter | doFilter | generalSettings : [Setting [key=COPYRIGHT, value=Copyright (C) 2021 Shopme Ltd.], Setting [key=CURRENCY_ID, value=1], Setting [key=CURRENCY_SYMBOL, value=$], Setting [key=CURRENCY_SYMBOL_POSITION, value=Before price], Setting [key=DECIMAL_DIGITS, value=2], Setting [key=DECIMAL_POINT_TYPE, value=POINT], Setting [key=SITE_LOGO, value=/site-logo/ShopmeAdminSmall.png], Setting [key=SITE_NAME, value=Shopme], Setting [key=THOUSANDS_POINT_TYPE, value=COMMA]]
2021-07-18 18:35:58.290  INFO 13732 --- [http-nio-80-exec-9] com.shopme.filter.SettingFilter          : SettingFilter | doFilter | generalSettings : [Setting [key=COPYRIGHT, value=Copyright (C) 2021 Shopme Ltd.], Setting [key=CURRENCY_ID, value=1], Setting [key=CURRENCY_SYMBOL, value=$], Setting [key=CURRENCY_SYMBOL_POSITION, value=Before price], Setting [key=DECIMAL_DIGITS, value=2], Setting [key=DECIMAL_POINT_TYPE, value=POINT], Setting [key=SITE_LOGO, value=/site-logo/ShopmeAdminSmall.png], Setting [key=SITE_NAME, value=Shopme], Setting [key=THOUSANDS_POINT_TYPE, value=COMMA]]
2021-07-18 18:35:58.290  INFO 13732 --- [http-nio-80-exec-9] com.shopme.filter.SettingFilter          : SettingFilter | doFilter | generalSettings : [Setting [key=COPYRIGHT, value=Copyright (C) 2021 Shopme Ltd.], Setting [key=CURRENCY_ID, value=1], Setting [key=CURRENCY_SYMBOL, value=$], Setting [key=CURRENCY_SYMBOL_POSITION, value=Before price], Setting [key=DECIMAL_DIGITS, value=2], Setting [key=DECIMAL_POINT_TYPE, value=POINT], Setting [key=SITE_LOGO, value=/site-logo/ShopmeAdminSmall.png], Setting [key=SITE_NAME, value=Shopme], Setting [key=THOUSANDS_POINT_TYPE, value=COMMA]]
2021-07-18 18:35:58.291  INFO 13732 --- [http-nio-80-exec-9] com.shopme.filter.SettingFilter          : SettingFilter | doFilter | generalSettings : [Setting [key=COPYRIGHT, value=Copyright (C) 2021 Shopme Ltd.], Setting [key=CURRENCY_ID, value=1], Setting [key=CURRENCY_SYMBOL, value=$], Setting [key=CURRENCY_SYMBOL_POSITION, value=Before price], Setting [key=DECIMAL_DIGITS, value=2], Setting [key=DECIMAL_POINT_TYPE, value=POINT], Setting [key=SITE_LOGO, value=/site-logo/ShopmeAdminSmall.png], Setting [key=SITE_NAME, value=Shopme], Setting [key=THOUSANDS_POINT_TYPE, value=COMMA]]
2021-07-18 18:35:58.291  INFO 13732 --- [http-nio-80-exec-9] com.shopme.filter.SettingFilter          : SettingFilter | doFilter | generalSettings : [Setting [key=COPYRIGHT, value=Copyright (C) 2021 Shopme Ltd.], Setting [key=CURRENCY_ID, value=1], Setting [key=CURRENCY_SYMBOL, value=$], Setting [key=CURRENCY_SYMBOL_POSITION, value=Before price], Setting [key=DECIMAL_DIGITS, value=2], Setting [key=DECIMAL_POINT_TYPE, value=POINT], Setting [key=SITE_LOGO, value=/site-logo/ShopmeAdminSmall.png], Setting [key=SITE_NAME, value=Shopme], Setting [key=THOUSANDS_POINT_TYPE, value=COMMA]]
2021-07-18 18:35:58.291  INFO 13732 --- [http-nio-80-exec-9] com.shopme.filter.SettingFilter          : SettingFilter | doFilter | generalSettings : [Setting [key=COPYRIGHT, value=Copyright (C) 2021 Shopme Ltd.], Setting [key=CURRENCY_ID, value=1], Setting [key=CURRENCY_SYMBOL, value=$], Setting [key=CURRENCY_SYMBOL_POSITION, value=Before price], Setting [key=DECIMAL_DIGITS, value=2], Setting [key=DECIMAL_POINT_TYPE, value=POINT], Setting [key=SITE_LOGO, value=/site-logo/ShopmeAdminSmall.png], Setting [key=SITE_NAME, value=Shopme], Setting [key=THOUSANDS_POINT_TYPE, value=COMMA]]
2021-07-18 18:35:58.291  INFO 13732 --- [http-nio-80-exec-9] com.shopme.filter.SettingFilter          : SettingFilter | doFilter | generalSettings : [Setting [key=COPYRIGHT, value=Copyright (C) 2021 Shopme Ltd.], Setting [key=CURRENCY_ID, value=1], Setting [key=CURRENCY_SYMBOL, value=$], Setting [key=CURRENCY_SYMBOL_POSITION, value=Before price], Setting [key=DECIMAL_DIGITS, value=2], Setting [key=DECIMAL_POINT_TYPE, value=POINT], Setting [key=SITE_LOGO, value=/site-logo/ShopmeAdminSmall.png], Setting [key=SITE_NAME, value=Shopme], Setting [key=THOUSANDS_POINT_TYPE, value=COMMA]]
2021-07-18 18:35:58.291  INFO 13732 --- [http-nio-80-exec-9] com.shopme.filter.SettingFilter          : SettingFilter | doFilter | generalSettings : [Setting [key=COPYRIGHT, value=Copyright (C) 2021 Shopme Ltd.], Setting [key=CURRENCY_ID, value=1], Setting [key=CURRENCY_SYMBOL, value=$], Setting [key=CURRENCY_SYMBOL_POSITION, value=Before price], Setting [key=DECIMAL_DIGITS, value=2], Setting [key=DECIMAL_POINT_TYPE, value=POINT], Setting [key=SITE_LOGO, value=/site-logo/ShopmeAdminSmall.png], Setting [key=SITE_NAME, value=Shopme], Setting [key=THOUSANDS_POINT_TYPE, value=COMMA]]
2021-07-18 18:36:08.488  INFO 13732 --- [http-nio-80-exec-10] com.shopme.filter.SettingFilter          : SettingFilter | doFilter is called
2021-07-18 18:36:08.488  INFO 13732 --- [http-nio-80-exec-10] com.shopme.filter.SettingFilter          : SettingFilter | doFilter | url : http://localhost/Shopme/settings/list_states_by_country/5
2021-07-18 18:36:08.491  INFO 13732 --- [http-nio-80-exec-10] com.shopme.filter.SettingFilter          : SettingFilter | doFilter | generalSettings : [Setting [key=COPYRIGHT, value=Copyright (C) 2021 Shopme Ltd.], Setting [key=CURRENCY_ID, value=1], Setting [key=CURRENCY_SYMBOL, value=$], Setting [key=CURRENCY_SYMBOL_POSITION, value=Before price], Setting [key=DECIMAL_DIGITS, value=2], Setting [key=DECIMAL_POINT_TYPE, value=POINT], Setting [key=SITE_LOGO, value=/site-logo/ShopmeAdminSmall.png], Setting [key=SITE_NAME, value=Shopme], Setting [key=THOUSANDS_POINT_TYPE, value=COMMA]]
2021-07-18 18:36:08.491  INFO 13732 --- [http-nio-80-exec-10] com.shopme.filter.SettingFilter          : SettingFilter | doFilter | generalSettings : [Setting [key=COPYRIGHT, value=Copyright (C) 2021 Shopme Ltd.], Setting [key=CURRENCY_ID, value=1], Setting [key=CURRENCY_SYMBOL, value=$], Setting [key=CURRENCY_SYMBOL_POSITION, value=Before price], Setting [key=DECIMAL_DIGITS, value=2], Setting [key=DECIMAL_POINT_TYPE, value=POINT], Setting [key=SITE_LOGO, value=/site-logo/ShopmeAdminSmall.png], Setting [key=SITE_NAME, value=Shopme], Setting [key=THOUSANDS_POINT_TYPE, value=COMMA]]
2021-07-18 18:36:08.491  INFO 13732 --- [http-nio-80-exec-10] com.shopme.filter.SettingFilter          : SettingFilter | doFilter | generalSettings : [Setting [key=COPYRIGHT, value=Copyright (C) 2021 Shopme Ltd.], Setting [key=CURRENCY_ID, value=1], Setting [key=CURRENCY_SYMBOL, value=$], Setting [key=CURRENCY_SYMBOL_POSITION, value=Before price], Setting [key=DECIMAL_DIGITS, value=2], Setting [key=DECIMAL_POINT_TYPE, value=POINT], Setting [key=SITE_LOGO, value=/site-logo/ShopmeAdminSmall.png], Setting [key=SITE_NAME, value=Shopme], Setting [key=THOUSANDS_POINT_TYPE, value=COMMA]]
2021-07-18 18:36:08.491  INFO 13732 --- [http-nio-80-exec-10] com.shopme.filter.SettingFilter          : SettingFilter | doFilter | generalSettings : [Setting [key=COPYRIGHT, value=Copyright (C) 2021 Shopme Ltd.], Setting [key=CURRENCY_ID, value=1], Setting [key=CURRENCY_SYMBOL, value=$], Setting [key=CURRENCY_SYMBOL_POSITION, value=Before price], Setting [key=DECIMAL_DIGITS, value=2], Setting [key=DECIMAL_POINT_TYPE, value=POINT], Setting [key=SITE_LOGO, value=/site-logo/ShopmeAdminSmall.png], Setting [key=SITE_NAME, value=Shopme], Setting [key=THOUSANDS_POINT_TYPE, value=COMMA]]
2021-07-18 18:36:08.491  INFO 13732 --- [http-nio-80-exec-10] com.shopme.filter.SettingFilter          : SettingFilter | doFilter | generalSettings : [Setting [key=COPYRIGHT, value=Copyright (C) 2021 Shopme Ltd.], Setting [key=CURRENCY_ID, value=1], Setting [key=CURRENCY_SYMBOL, value=$], Setting [key=CURRENCY_SYMBOL_POSITION, value=Before price], Setting [key=DECIMAL_DIGITS, value=2], Setting [key=DECIMAL_POINT_TYPE, value=POINT], Setting [key=SITE_LOGO, value=/site-logo/ShopmeAdminSmall.png], Setting [key=SITE_NAME, value=Shopme], Setting [key=THOUSANDS_POINT_TYPE, value=COMMA]]
2021-07-18 18:36:08.492  INFO 13732 --- [http-nio-80-exec-10] com.shopme.filter.SettingFilter          : SettingFilter | doFilter | generalSettings : [Setting [key=COPYRIGHT, value=Copyright (C) 2021 Shopme Ltd.], Setting [key=CURRENCY_ID, value=1], Setting [key=CURRENCY_SYMBOL, value=$], Setting [key=CURRENCY_SYMBOL_POSITION, value=Before price], Setting [key=DECIMAL_DIGITS, value=2], Setting [key=DECIMAL_POINT_TYPE, value=POINT], Setting [key=SITE_LOGO, value=/site-logo/ShopmeAdminSmall.png], Setting [key=SITE_NAME, value=Shopme], Setting [key=THOUSANDS_POINT_TYPE, value=COMMA]]
2021-07-18 18:36:08.492  INFO 13732 --- [http-nio-80-exec-10] com.shopme.filter.SettingFilter          : SettingFilter | doFilter | generalSettings : [Setting [key=COPYRIGHT, value=Copyright (C) 2021 Shopme Ltd.], Setting [key=CURRENCY_ID, value=1], Setting [key=CURRENCY_SYMBOL, value=$], Setting [key=CURRENCY_SYMBOL_POSITION, value=Before price], Setting [key=DECIMAL_DIGITS, value=2], Setting [key=DECIMAL_POINT_TYPE, value=POINT], Setting [key=SITE_LOGO, value=/site-logo/ShopmeAdminSmall.png], Setting [key=SITE_NAME, value=Shopme], Setting [key=THOUSANDS_POINT_TYPE, value=COMMA]]
2021-07-18 18:36:08.492  INFO 13732 --- [http-nio-80-exec-10] com.shopme.filter.SettingFilter          : SettingFilter | doFilter | generalSettings : [Setting [key=COPYRIGHT, value=Copyright (C) 2021 Shopme Ltd.], Setting [key=CURRENCY_ID, value=1], Setting [key=CURRENCY_SYMBOL, value=$], Setting [key=CURRENCY_SYMBOL_POSITION, value=Before price], Setting [key=DECIMAL_DIGITS, value=2], Setting [key=DECIMAL_POINT_TYPE, value=POINT], Setting [key=SITE_LOGO, value=/site-logo/ShopmeAdminSmall.png], Setting [key=SITE_NAME, value=Shopme], Setting [key=THOUSANDS_POINT_TYPE, value=COMMA]]
2021-07-18 18:36:08.492  INFO 13732 --- [http-nio-80-exec-10] com.shopme.filter.SettingFilter          : SettingFilter | doFilter | generalSettings : [Setting [key=COPYRIGHT, value=Copyright (C) 2021 Shopme Ltd.], Setting [key=CURRENCY_ID, value=1], Setting [key=CURRENCY_SYMBOL, value=$], Setting [key=CURRENCY_SYMBOL_POSITION, value=Before price], Setting [key=DECIMAL_DIGITS, value=2], Setting [key=DECIMAL_POINT_TYPE, value=POINT], Setting [key=SITE_LOGO, value=/site-logo/ShopmeAdminSmall.png], Setting [key=SITE_NAME, value=Shopme], Setting [key=THOUSANDS_POINT_TYPE, value=COMMA]]
2021-07-18 18:37:04.350  INFO 13732 --- [RMI TCP Connection(14)-127.0.0.1] inMXBeanRegistrar$SpringApplicationAdmin : Application shutdown requested.
2021-07-18 18:37:04.398  INFO 13732 --- [RMI TCP Connection(14)-127.0.0.1] o.s.s.concurrent.ThreadPoolTaskExecutor  : Shutting down ExecutorService 'applicationTaskExecutor'
2021-07-18 18:37:04.402  INFO 13732 --- [RMI TCP Connection(14)-127.0.0.1] j.LocalContainerEntityManagerFactoryBean : Closing JPA EntityManagerFactory for persistence unit 'default'
2021-07-18 18:37:04.406  INFO 13732 --- [RMI TCP Connection(14)-127.0.0.1] com.zaxxer.hikari.HikariDataSource       : HikariPool-1 - Shutdown initiated...
2021-07-18 18:37:04.417  INFO 13732 --- [RMI TCP Connection(14)-127.0.0.1] com.zaxxer.hikari.HikariDataSource       : HikariPool-1 - Shutdown completed.
