2021-08-13 12:39:01.951  INFO 9004 --- [http-nio-80-exec-7] com.shopme.filter.SettingFilter          : SettingFilter | doFilter | generalSettings : [Setting [key=COPYRIGHT, value=Copyright (C) 2021 Shopme Ltd.], Setting [key=CURRENCY_ID, value=1], Setting [key=CURRENCY_SYMBOL, value=$], Setting [key=CURRENCY_SYMBOL_POSITION, value=Before price], Setting [key=DECIMAL_DIGITS, value=2], Setting [key=DECIMAL_POINT_TYPE, value=POINT], Setting [key=SITE_LOGO, value=/site-logo/ShopmeAdminSmall.png], Setting [key=SITE_NAME, value=Shopme], Setting [key=THOUSANDS_POINT_TYPE, value=COMMA]]
2021-08-13 12:39:01.956  INFO 9004 --- [http-nio-80-exec-7] com.shopme.filter.SettingFilter          : SettingFilter | doFilter | generalSettings : [Setting [key=COPYRIGHT, value=Copyright (C) 2021 Shopme Ltd.], Setting [key=CURRENCY_ID, value=1], Setting [key=CURRENCY_SYMBOL, value=$], Setting [key=CURRENCY_SYMBOL_POSITION, value=Before price], Setting [key=DECIMAL_DIGITS, value=2], Setting [key=DECIMAL_POINT_TYPE, value=POINT], Setting [key=SITE_LOGO, value=/site-logo/ShopmeAdminSmall.png], Setting [key=SITE_NAME, value=Shopme], Setting [key=THOUSANDS_POINT_TYPE, value=COMMA]]
2021-08-13 12:39:01.962  INFO 9004 --- [http-nio-80-exec-7] com.shopme.filter.SettingFilter          : SettingFilter | doFilter | generalSettings : [Setting [key=COPYRIGHT, value=Copyright (C) 2021 Shopme Ltd.], Setting [key=CURRENCY_ID, value=1], Setting [key=CURRENCY_SYMBOL, value=$], Setting [key=CURRENCY_SYMBOL_POSITION, value=Before price], Setting [key=DECIMAL_DIGITS, value=2], Setting [key=DECIMAL_POINT_TYPE, value=POINT], Setting [key=SITE_LOGO, value=/site-logo/ShopmeAdminSmall.png], Setting [key=SITE_NAME, value=Shopme], Setting [key=THOUSANDS_POINT_TYPE, value=COMMA]]
2021-08-13 12:39:01.962  INFO 9004 --- [http-nio-80-exec-7] com.shopme.filter.SettingFilter          : SettingFilter | doFilter | generalSettings : [Setting [key=COPYRIGHT, value=Copyright (C) 2021 Shopme Ltd.], Setting [key=CURRENCY_ID, value=1], Setting [key=CURRENCY_SYMBOL, value=$], Setting [key=CURRENCY_SYMBOL_POSITION, value=Before price], Setting [key=DECIMAL_DIGITS, value=2], Setting [key=DECIMAL_POINT_TYPE, value=POINT], Setting [key=SITE_LOGO, value=/site-logo/ShopmeAdminSmall.png], Setting [key=SITE_NAME, value=Shopme], Setting [key=THOUSANDS_POINT_TYPE, value=COMMA]]
2021-08-13 12:39:01.962  INFO 9004 --- [http-nio-80-exec-7] com.shopme.filter.SettingFilter          : SettingFilter | doFilter | generalSettings : [Setting [key=COPYRIGHT, value=Copyright (C) 2021 Shopme Ltd.], Setting [key=CURRENCY_ID, value=1], Setting [key=CURRENCY_SYMBOL, value=$], Setting [key=CURRENCY_SYMBOL_POSITION, value=Before price], Setting [key=DECIMAL_DIGITS, value=2], Setting [key=DECIMAL_POINT_TYPE, value=POINT], Setting [key=SITE_LOGO, value=/site-logo/ShopmeAdminSmall.png], Setting [key=SITE_NAME, value=Shopme], Setting [key=THOUSANDS_POINT_TYPE, value=COMMA]]
2021-08-13 12:39:01.963  INFO 9004 --- [http-nio-80-exec-7] com.shopme.controller.MainController     : ProductController | viewHomePage is called
2021-08-13 12:39:02.006  INFO 9004 --- [http-nio-80-exec-7] com.shopme.controller.MainController     : ProductController | viewHomePage | listCategories : 25
2021-08-13 12:39:02.033  INFO 9004 --- [http-nio-80-exec-7] com.shopme.security.CustomerUserDetails  : CustomerUserDetails | getFullName: Anh Le Hoang
2021-08-13 12:39:02.035  INFO 9004 --- [http-nio-80-exec-7] com.shopme.security.CustomerUserDetails  : CustomerUserDetails | getFullName: Anh Le Hoang
2021-08-13 12:39:02.089  INFO 9004 --- [http-nio-80-exec-7] com.shopme.security.CustomerUserDetails  : CustomerUserDetails | username: lehoanganhvn@gmail.com
2021-08-13 12:39:02.244  INFO 9004 --- [http-nio-80-exec-5] com.shopme.filter.SettingFilter          : SettingFilter | doFilter is called
2021-08-13 12:39:02.244  INFO 9004 --- [http-nio-80-exec-5] com.shopme.filter.SettingFilter          : SettingFilter | doFilter | url : http://localhost/Shopme/webjars/bootstrap/4.3.1/css/bootstrap.min.css
2021-08-13 12:39:02.244  INFO 9004 --- [http-nio-80-exec-5] com.shopme.filter.SettingFilter          : SettingFilter | doFilter | .css , .js , .png , . jpg | url : http://localhost/Shopme/webjars/bootstrap/4.3.1/css/bootstrap.min.css
2021-08-13 12:39:02.245  INFO 9004 --- [http-nio-80-exec-10] com.shopme.filter.SettingFilter          : SettingFilter | doFilter is called
2021-08-13 12:39:02.245  INFO 9004 --- [http-nio-80-exec-4] com.shopme.filter.SettingFilter          : SettingFilter | doFilter is called
2021-08-13 12:39:02.245  INFO 9004 --- [http-nio-80-exec-9] com.shopme.filter.SettingFilter          : SettingFilter | doFilter is called
2021-08-13 12:39:02.245  INFO 9004 --- [http-nio-80-exec-10] com.shopme.filter.SettingFilter          : SettingFilter | doFilter | url : http://localhost/Shopme/fontawesome/all.css
2021-08-13 12:39:02.245  INFO 9004 --- [http-nio-80-exec-4] com.shopme.filter.SettingFilter          : SettingFilter | doFilter | url : http://localhost/Shopme/webjars/jquery/3.4.1/jquery.min.js
2021-08-13 12:39:02.245  INFO 9004 --- [http-nio-80-exec-9] com.shopme.filter.SettingFilter          : SettingFilter | doFilter | url : http://localhost/Shopme/webjars/bootstrap/4.3.1/js/bootstrap.min.js
2021-08-13 12:39:02.245  INFO 9004 --- [http-nio-80-exec-10] com.shopme.filter.SettingFilter          : SettingFilter | doFilter | .css , .js , .png , . jpg | url : http://localhost/Shopme/fontawesome/all.css
2021-08-13 12:39:02.245  INFO 9004 --- [http-nio-80-exec-9] com.shopme.filter.SettingFilter          : SettingFilter | doFilter | .css , .js , .png , . jpg | url : http://localhost/Shopme/webjars/bootstrap/4.3.1/js/bootstrap.min.js
2021-08-13 12:39:02.245  INFO 9004 --- [http-nio-80-exec-4] com.shopme.filter.SettingFilter          : SettingFilter | doFilter | .css , .js , .png , . jpg | url : http://localhost/Shopme/webjars/jquery/3.4.1/jquery.min.js
2021-08-13 12:39:02.251  INFO 9004 --- [http-nio-80-exec-10] com.shopme.security.CustomerUserDetails  : CustomerUserDetails | username: lehoanganhvn@gmail.com
2021-08-13 12:39:02.342  INFO 9004 --- [http-nio-80-exec-6] com.shopme.filter.SettingFilter          : SettingFilter | doFilter is called
2021-08-13 12:39:02.342  INFO 9004 --- [http-nio-80-exec-6] com.shopme.filter.SettingFilter          : SettingFilter | doFilter | url : http://localhost/Shopme/site-logo/ShopmeAdminSmall.png
2021-08-13 12:39:02.342  INFO 9004 --- [http-nio-80-exec-6] com.shopme.filter.SettingFilter          : SettingFilter | doFilter | .css , .js , .png , . jpg | url : http://localhost/Shopme/site-logo/ShopmeAdminSmall.png
2021-08-13 12:39:02.343  INFO 9004 --- [http-nio-80-exec-8] com.shopme.filter.SettingFilter          : SettingFilter | doFilter is called
2021-08-13 12:39:02.343  INFO 9004 --- [http-nio-80-exec-8] com.shopme.filter.SettingFilter          : SettingFilter | doFilter | url : http://localhost/Shopme/category-images/9/bags_cases.png
2021-08-13 12:39:02.343  INFO 9004 --- [http-nio-80-exec-8] com.shopme.filter.SettingFilter          : SettingFilter | doFilter | .css , .js , .png , . jpg | url : http://localhost/Shopme/category-images/9/bags_cases.png
2021-08-13 12:39:02.345  INFO 9004 --- [http-nio-80-exec-6] com.shopme.security.CustomerUserDetails  : CustomerUserDetails | username: lehoanganhvn@gmail.com
2021-08-13 12:39:02.347  INFO 9004 --- [http-nio-80-exec-8] com.shopme.security.CustomerUserDetails  : CustomerUserDetails | username: lehoanganhvn@gmail.com
2021-08-13 12:39:02.377  INFO 9004 --- [http-nio-80-exec-1] com.shopme.filter.SettingFilter          : SettingFilter | doFilter is called
2021-08-13 12:39:02.377  INFO 9004 --- [http-nio-80-exec-1] com.shopme.filter.SettingFilter          : SettingFilter | doFilter | url : http://localhost/Shopme/category-images/17/cables%20and%20adapters.png
2021-08-13 12:39:02.377  INFO 9004 --- [http-nio-80-exec-1] com.shopme.filter.SettingFilter          : SettingFilter | doFilter | .css , .js , .png , . jpg | url : http://localhost/Shopme/category-images/17/cables%20and%20adapters.png
2021-08-13 12:39:02.379  INFO 9004 --- [http-nio-80-exec-2] com.shopme.filter.SettingFilter          : SettingFilter | doFilter is called
2021-08-13 12:39:02.379  INFO 9004 --- [http-nio-80-exec-2] com.shopme.filter.SettingFilter          : SettingFilter | doFilter | url : http://localhost/Shopme/category-images/14/carrier%20cellphones.png
2021-08-13 12:39:02.379  INFO 9004 --- [http-nio-80-exec-2] com.shopme.filter.SettingFilter          : SettingFilter | doFilter | .css , .js , .png , . jpg | url : http://localhost/Shopme/category-images/14/carrier%20cellphones.png
2021-08-13 12:39:02.381  INFO 9004 --- [http-nio-80-exec-1] com.shopme.security.CustomerUserDetails  : CustomerUserDetails | username: lehoanganhvn@gmail.com
2021-08-13 12:39:02.383  INFO 9004 --- [http-nio-80-exec-3] com.shopme.filter.SettingFilter          : SettingFilter | doFilter is called
2021-08-13 12:39:02.383  INFO 9004 --- [http-nio-80-exec-2] com.shopme.security.CustomerUserDetails  : CustomerUserDetails | username: lehoanganhvn@gmail.com
2021-08-13 12:39:02.383  INFO 9004 --- [http-nio-80-exec-3] com.shopme.filter.SettingFilter          : SettingFilter | doFilter | url : http://localhost/Shopme/category-images/20/cellphone%20cases.png
2021-08-13 12:39:02.383  INFO 9004 --- [http-nio-80-exec-3] com.shopme.filter.SettingFilter          : SettingFilter | doFilter | .css , .js , .png , . jpg | url : http://localhost/Shopme/category-images/20/cellphone%20cases.png
2021-08-13 12:39:02.384  INFO 9004 --- [http-nio-80-exec-7] com.shopme.filter.SettingFilter          : SettingFilter | doFilter is called
2021-08-13 12:39:02.384  INFO 9004 --- [http-nio-80-exec-7] com.shopme.filter.SettingFilter          : SettingFilter | doFilter | url : http://localhost/Shopme/category-images/22/computer%20processors.png
2021-08-13 12:39:02.384  INFO 9004 --- [http-nio-80-exec-7] com.shopme.filter.SettingFilter          : SettingFilter | doFilter | .css , .js , .png , . jpg | url : http://localhost/Shopme/category-images/22/computer%20processors.png
2021-08-13 12:39:02.386  INFO 9004 --- [http-nio-80-exec-10] com.shopme.filter.SettingFilter          : SettingFilter | doFilter is called
2021-08-13 12:39:02.386  INFO 9004 --- [http-nio-80-exec-10] com.shopme.filter.SettingFilter          : SettingFilter | doFilter | url : http://localhost/Shopme/category-images/5/desktop%20computers.png
2021-08-13 12:39:02.386  INFO 9004 --- [http-nio-80-exec-9] com.shopme.filter.SettingFilter          : SettingFilter | doFilter is called
2021-08-13 12:39:02.386  INFO 9004 --- [http-nio-80-exec-9] com.shopme.filter.SettingFilter          : SettingFilter | doFilter | url : http://localhost/Shopme/category-images/10/digital%20cameras.png
2021-08-13 12:39:02.386  INFO 9004 --- [http-nio-80-exec-9] com.shopme.filter.SettingFilter          : SettingFilter | doFilter | .css , .js , .png , . jpg | url : http://localhost/Shopme/category-images/10/digital%20cameras.png
2021-08-13 12:39:02.386  INFO 9004 --- [http-nio-80-exec-10] com.shopme.filter.SettingFilter          : SettingFilter | doFilter | .css , .js , .png , . jpg | url : http://localhost/Shopme/category-images/5/desktop%20computers.png
2021-08-13 12:39:02.387  INFO 9004 --- [http-nio-80-exec-3] com.shopme.security.CustomerUserDetails  : CustomerUserDetails | username: lehoanganhvn@gmail.com
2021-08-13 12:39:02.388  INFO 9004 --- [http-nio-80-exec-7] com.shopme.security.CustomerUserDetails  : CustomerUserDetails | username: lehoanganhvn@gmail.com
2021-08-13 12:39:02.390  INFO 9004 --- [http-nio-80-exec-10] com.shopme.security.CustomerUserDetails  : CustomerUserDetails | username: lehoanganhvn@gmail.com
2021-08-13 12:39:02.390  INFO 9004 --- [http-nio-80-exec-9] com.shopme.security.CustomerUserDetails  : CustomerUserDetails | username: lehoanganhvn@gmail.com
2021-08-13 12:39:02.390  INFO 9004 --- [http-nio-80-exec-4] com.shopme.filter.SettingFilter          : SettingFilter | doFilter is called
2021-08-13 12:39:02.390  INFO 9004 --- [http-nio-80-exec-4] com.shopme.filter.SettingFilter          : SettingFilter | doFilter | url : http://localhost/Shopme/category-images/11/flashes.png
2021-08-13 12:39:02.390  INFO 9004 --- [http-nio-80-exec-4] com.shopme.filter.SettingFilter          : SettingFilter | doFilter | .css , .js , .png , . jpg | url : http://localhost/Shopme/category-images/11/flashes.png
2021-08-13 12:39:02.392  INFO 9004 --- [http-nio-80-exec-5] com.shopme.filter.SettingFilter          : SettingFilter | doFilter is called
2021-08-13 12:39:02.393  INFO 9004 --- [http-nio-80-exec-5] com.shopme.filter.SettingFilter          : SettingFilter | doFilter | url : http://localhost/Shopme/category-images/23/graphic%20cards.png
2021-08-13 12:39:02.393  INFO 9004 --- [http-nio-80-exec-5] com.shopme.filter.SettingFilter          : SettingFilter | doFilter | .css , .js , .png , . jpg | url : http://localhost/Shopme/category-images/23/graphic%20cards.png
2021-08-13 12:39:02.394  INFO 9004 --- [http-nio-80-exec-4] com.shopme.security.CustomerUserDetails  : CustomerUserDetails | username: lehoanganhvn@gmail.com
2021-08-13 12:39:02.396  INFO 9004 --- [http-nio-80-exec-6] com.shopme.filter.SettingFilter          : SettingFilter | doFilter is called
2021-08-13 12:39:02.396  INFO 9004 --- [http-nio-80-exec-6] com.shopme.filter.SettingFilter          : SettingFilter | doFilter | url : http://localhost/Shopme/category-images/21/headphones.png
2021-08-13 12:39:02.396  INFO 9004 --- [http-nio-80-exec-6] com.shopme.filter.SettingFilter          : SettingFilter | doFilter | .css , .js , .png , . jpg | url : http://localhost/Shopme/category-images/21/headphones.png
2021-08-13 12:39:02.397  INFO 9004 --- [http-nio-80-exec-5] com.shopme.security.CustomerUserDetails  : CustomerUserDetails | username: lehoanganhvn@gmail.com
2021-08-13 12:39:02.398  INFO 9004 --- [http-nio-80-exec-8] com.shopme.filter.SettingFilter          : SettingFilter | doFilter is called
2021-08-13 12:39:02.398  INFO 9004 --- [http-nio-80-exec-8] com.shopme.filter.SettingFilter          : SettingFilter | doFilter | url : http://localhost/Shopme/category-images/24/internal%20hard%20drive.png
2021-08-13 12:39:02.398  INFO 9004 --- [http-nio-80-exec-8] com.shopme.filter.SettingFilter          : SettingFilter | doFilter | .css , .js , .png , . jpg | url : http://localhost/Shopme/category-images/24/internal%20hard%20drive.png
2021-08-13 12:39:02.399  INFO 9004 --- [http-nio-80-exec-1] com.shopme.filter.SettingFilter          : SettingFilter | doFilter is called
2021-08-13 12:39:02.399  INFO 9004 --- [http-nio-80-exec-2] com.shopme.filter.SettingFilter          : SettingFilter | doFilter is called
2021-08-13 12:39:02.399  INFO 9004 --- [http-nio-80-exec-1] com.shopme.filter.SettingFilter          : SettingFilter | doFilter | url : http://localhost/Shopme/category-images/25/internal%20optical%20drives.png
2021-08-13 12:39:02.399  INFO 9004 --- [http-nio-80-exec-2] com.shopme.filter.SettingFilter          : SettingFilter | doFilter | url : http://localhost/Shopme/category-images/6/laptop%20computers.png
2021-08-13 12:39:02.399  INFO 9004 --- [http-nio-80-exec-1] com.shopme.filter.SettingFilter          : SettingFilter | doFilter | .css , .js , .png , . jpg | url : http://localhost/Shopme/category-images/25/internal%20optical%20drives.png
2021-08-13 12:39:02.399  INFO 9004 --- [http-nio-80-exec-2] com.shopme.filter.SettingFilter          : SettingFilter | doFilter | .css , .js , .png , . jpg | url : http://localhost/Shopme/category-images/6/laptop%20computers.png
2021-08-13 12:39:02.400  INFO 9004 --- [http-nio-80-exec-3] com.shopme.filter.SettingFilter          : SettingFilter | doFilter is called
2021-08-13 12:39:02.400  INFO 9004 --- [http-nio-80-exec-3] com.shopme.filter.SettingFilter          : SettingFilter | doFilter | url : http://localhost/Shopme/category-images/12/lenses.png
2021-08-13 12:39:02.400  INFO 9004 --- [http-nio-80-exec-3] com.shopme.filter.SettingFilter          : SettingFilter | doFilter | .css , .js , .png , . jpg | url : http://localhost/Shopme/category-images/12/lenses.png
2021-08-13 12:39:02.401  INFO 9004 --- [http-nio-80-exec-6] com.shopme.security.CustomerUserDetails  : CustomerUserDetails | username: lehoanganhvn@gmail.com
2021-08-13 12:39:02.402  INFO 9004 --- [http-nio-80-exec-8] com.shopme.security.CustomerUserDetails  : CustomerUserDetails | username: lehoanganhvn@gmail.com
2021-08-13 12:39:02.402  INFO 9004 --- [http-nio-80-exec-1] com.shopme.security.CustomerUserDetails  : CustomerUserDetails | username: lehoanganhvn@gmail.com
2021-08-13 12:39:02.402  INFO 9004 --- [http-nio-80-exec-2] com.shopme.security.CustomerUserDetails  : CustomerUserDetails | username: lehoanganhvn@gmail.com
2021-08-13 12:39:02.403  INFO 9004 --- [http-nio-80-exec-7] com.shopme.filter.SettingFilter          : SettingFilter | doFilter is called
2021-08-13 12:39:02.403  INFO 9004 --- [http-nio-80-exec-7] com.shopme.filter.SettingFilter          : SettingFilter | doFilter | url : http://localhost/Shopme/category-images/29/computer%20memory.png
2021-08-13 12:39:02.403  INFO 9004 --- [http-nio-80-exec-3] com.shopme.security.CustomerUserDetails  : CustomerUserDetails | username: lehoanganhvn@gmail.com
2021-08-13 12:39:02.403  INFO 9004 --- [http-nio-80-exec-7] com.shopme.filter.SettingFilter          : SettingFilter | doFilter | .css , .js , .png , . jpg | url : http://localhost/Shopme/category-images/29/computer%20memory.png
2021-08-13 12:39:02.407  INFO 9004 --- [http-nio-80-exec-7] com.shopme.security.CustomerUserDetails  : CustomerUserDetails | username: lehoanganhvn@gmail.com
2021-08-13 12:39:02.407  INFO 9004 --- [http-nio-80-exec-10] com.shopme.filter.SettingFilter          : SettingFilter | doFilter is called
2021-08-13 12:39:02.407  INFO 9004 --- [http-nio-80-exec-10] com.shopme.filter.SettingFilter          : SettingFilter | doFilter | url : http://localhost/Shopme/category-images/18/microsd%20cards.png
2021-08-13 12:39:02.407  INFO 9004 --- [http-nio-80-exec-10] com.shopme.filter.SettingFilter          : SettingFilter | doFilter | .css , .js , .png , . jpg | url : http://localhost/Shopme/category-images/18/microsd%20cards.png
2021-08-13 12:39:02.409  INFO 9004 --- [http-nio-80-exec-9] com.shopme.filter.SettingFilter          : SettingFilter | doFilter is called
2021-08-13 12:39:02.409  INFO 9004 --- [http-nio-80-exec-9] com.shopme.filter.SettingFilter          : SettingFilter | doFilter | url : http://localhost/Shopme/category-images/30/motherboards.png
2021-08-13 12:39:02.409  INFO 9004 --- [http-nio-80-exec-9] com.shopme.filter.SettingFilter          : SettingFilter | doFilter | .css , .js , .png , . jpg | url : http://localhost/Shopme/category-images/30/motherboards.png
2021-08-13 12:39:02.411  INFO 9004 --- [http-nio-80-exec-10] com.shopme.security.CustomerUserDetails  : CustomerUserDetails | username: lehoanganhvn@gmail.com
2021-08-13 12:39:02.411  INFO 9004 --- [http-nio-80-exec-4] com.shopme.filter.SettingFilter          : SettingFilter | doFilter is called
2021-08-13 12:39:02.411  INFO 9004 --- [http-nio-80-exec-4] com.shopme.filter.SettingFilter          : SettingFilter | doFilter | url : http://localhost/Shopme/category-images/31/network%20cards.png
2021-08-13 12:39:02.411  INFO 9004 --- [http-nio-80-exec-4] com.shopme.filter.SettingFilter          : SettingFilter | doFilter | .css , .js , .png , . jpg | url : http://localhost/Shopme/category-images/31/network%20cards.png
2021-08-13 12:39:02.413  INFO 9004 --- [http-nio-80-exec-9] com.shopme.security.CustomerUserDetails  : CustomerUserDetails | username: lehoanganhvn@gmail.com
2021-08-13 12:39:02.413  INFO 9004 --- [http-nio-80-exec-5] com.shopme.filter.SettingFilter          : SettingFilter | doFilter is called
2021-08-13 12:39:02.414  INFO 9004 --- [http-nio-80-exec-5] com.shopme.filter.SettingFilter          : SettingFilter | doFilter | url : http://localhost/Shopme/category-images/26/power%20supplies.png
2021-08-13 12:39:02.414  INFO 9004 --- [http-nio-80-exec-5] com.shopme.filter.SettingFilter          : SettingFilter | doFilter | .css , .js , .png , . jpg | url : http://localhost/Shopme/category-images/26/power%20supplies.png
2021-08-13 12:39:02.415  INFO 9004 --- [http-nio-80-exec-6] com.shopme.filter.SettingFilter          : SettingFilter | doFilter is called
2021-08-13 12:39:02.415  INFO 9004 --- [http-nio-80-exec-6] com.shopme.filter.SettingFilter          : SettingFilter | doFilter | url : http://localhost/Shopme/category-images/27/solid%20state%20drives.png
2021-08-13 12:39:02.415  INFO 9004 --- [http-nio-80-exec-6] com.shopme.filter.SettingFilter          : SettingFilter | doFilter | .css , .js , .png , . jpg | url : http://localhost/Shopme/category-images/27/solid%20state%20drives.png
2021-08-13 12:39:02.415  INFO 9004 --- [http-nio-80-exec-4] com.shopme.security.CustomerUserDetails  : CustomerUserDetails | username: lehoanganhvn@gmail.com
2021-08-13 12:39:02.416  INFO 9004 --- [http-nio-80-exec-8] com.shopme.filter.SettingFilter          : SettingFilter | doFilter is called
2021-08-13 12:39:02.417  INFO 9004 --- [http-nio-80-exec-8] com.shopme.filter.SettingFilter          : SettingFilter | doFilter | url : http://localhost/Shopme/category-images/28/sound%20cards.png
2021-08-13 12:39:02.417  INFO 9004 --- [http-nio-80-exec-8] com.shopme.filter.SettingFilter          : SettingFilter | doFilter | .css , .js , .png , . jpg | url : http://localhost/Shopme/category-images/28/sound%20cards.png
2021-08-13 12:39:02.417  INFO 9004 --- [http-nio-80-exec-5] com.shopme.security.CustomerUserDetails  : CustomerUserDetails | username: lehoanganhvn@gmail.com
2021-08-13 12:39:02.417  INFO 9004 --- [http-nio-80-exec-1] com.shopme.filter.SettingFilter          : SettingFilter | doFilter is called
2021-08-13 12:39:02.418  INFO 9004 --- [http-nio-80-exec-1] com.shopme.filter.SettingFilter          : SettingFilter | doFilter | url : http://localhost/Shopme/category-images/19/cellphone_stands.png
2021-08-13 12:39:02.418  INFO 9004 --- [http-nio-80-exec-1] com.shopme.filter.SettingFilter          : SettingFilter | doFilter | .css , .js , .png , . jpg | url : http://localhost/Shopme/category-images/19/cellphone_stands.png
2021-08-13 12:39:02.418  INFO 9004 --- [http-nio-80-exec-6] com.shopme.security.CustomerUserDetails  : CustomerUserDetails | username: lehoanganhvn@gmail.com
2021-08-13 12:39:02.420  INFO 9004 --- [http-nio-80-exec-2] com.shopme.filter.SettingFilter          : SettingFilter | doFilter is called
2021-08-13 12:39:02.420  INFO 9004 --- [http-nio-80-exec-2] com.shopme.filter.SettingFilter          : SettingFilter | doFilter | url : http://localhost/Shopme/category-images/7/tablets.png
2021-08-13 12:39:02.420  INFO 9004 --- [http-nio-80-exec-2] com.shopme.filter.SettingFilter          : SettingFilter | doFilter | .css , .js , .png , . jpg | url : http://localhost/Shopme/category-images/7/tablets.png
2021-08-13 12:39:02.420  INFO 9004 --- [http-nio-80-exec-8] com.shopme.security.CustomerUserDetails  : CustomerUserDetails | username: lehoanganhvn@gmail.com
2021-08-13 12:39:02.421  INFO 9004 --- [http-nio-80-exec-1] com.shopme.security.CustomerUserDetails  : CustomerUserDetails | username: lehoanganhvn@gmail.com
2021-08-13 12:39:02.423  INFO 9004 --- [http-nio-80-exec-3] com.shopme.filter.SettingFilter          : SettingFilter | doFilter is called
2021-08-13 12:39:02.423  INFO 9004 --- [http-nio-80-exec-3] com.shopme.filter.SettingFilter          : SettingFilter | doFilter | url : http://localhost/Shopme/category-images/13/tripods_monopods.png
2021-08-13 12:39:02.423  INFO 9004 --- [http-nio-80-exec-3] com.shopme.filter.SettingFilter          : SettingFilter | doFilter | .css , .js , .png , . jpg | url : http://localhost/Shopme/category-images/13/tripods_monopods.png
2021-08-13 12:39:02.424  INFO 9004 --- [http-nio-80-exec-2] com.shopme.security.CustomerUserDetails  : CustomerUserDetails | username: lehoanganhvn@gmail.com
2021-08-13 12:39:02.425  INFO 9004 --- [http-nio-80-exec-7] com.shopme.filter.SettingFilter          : SettingFilter | doFilter is called
2021-08-13 12:39:02.425  INFO 9004 --- [http-nio-80-exec-7] com.shopme.filter.SettingFilter          : SettingFilter | doFilter | url : http://localhost/Shopme/category-images/15/unlocked%20cellphones.png
2021-08-13 12:39:02.425  INFO 9004 --- [http-nio-80-exec-7] com.shopme.filter.SettingFilter          : SettingFilter | doFilter | .css , .js , .png , . jpg | url : http://localhost/Shopme/category-images/15/unlocked%20cellphones.png
2021-08-13 12:39:02.426  INFO 9004 --- [http-nio-80-exec-3] com.shopme.security.CustomerUserDetails  : CustomerUserDetails | username: lehoanganhvn@gmail.com
2021-08-13 12:39:02.428  INFO 9004 --- [http-nio-80-exec-7] com.shopme.security.CustomerUserDetails  : CustomerUserDetails | username: lehoanganhvn@gmail.com
2021-08-13 12:52:52.578  INFO 9004 --- [RMI TCP Connection(82)-127.0.0.1] inMXBeanRegistrar$SpringApplicationAdmin : Application shutdown requested.
2021-08-13 12:52:52.650  INFO 9004 --- [RMI TCP Connection(82)-127.0.0.1] o.s.s.concurrent.ThreadPoolTaskExecutor  : Shutting down ExecutorService 'applicationTaskExecutor'
2021-08-13 12:52:52.656  INFO 9004 --- [RMI TCP Connection(82)-127.0.0.1] j.LocalContainerEntityManagerFactoryBean : Closing JPA EntityManagerFactory for persistence unit 'default'
2021-08-13 12:52:52.664  INFO 9004 --- [RMI TCP Connection(82)-127.0.0.1] com.zaxxer.hikari.HikariDataSource       : HikariPool-1 - Shutdown initiated...
2021-08-13 12:52:52.672  INFO 9004 --- [RMI TCP Connection(82)-127.0.0.1] com.zaxxer.hikari.HikariDataSource       : HikariPool-1 - Shutdown completed.
2021-08-16 12:32:32.828  INFO 13656 --- [restartedMain] com.shopme.ShopmeFrontEndApplication     : Starting ShopmeFrontEndApplication using Java 15.0.1 on DESKTOP-E7L6HLO with PID 13656 (C:\Users\Noyan\Desktop\sts-4.9.0.RELEASE\workspace\Shopme\ShopmeWebParent\ShopmeFrontEnd\target\classes started by Noyan in C:\Users\Noyan\Desktop\sts-4.9.0.RELEASE\workspace\Shopme\ShopmeWebParent\ShopmeFrontEnd)
2021-08-16 12:32:32.840  INFO 13656 --- [restartedMain] com.shopme.ShopmeFrontEndApplication     : No active profile set, falling back to default profiles: default
2021-08-16 12:32:32.921  INFO 13656 --- [restartedMain] .e.DevToolsPropertyDefaultsPostProcessor : Devtools property defaults active! Set 'spring.devtools.add-properties' to 'false' to disable
2021-08-16 12:32:32.922  INFO 13656 --- [restartedMain] .e.DevToolsPropertyDefaultsPostProcessor : For additional web related logging consider setting the 'logging.level.web' property to 'DEBUG'
2021-08-16 12:32:34.510  INFO 13656 --- [restartedMain] .s.d.r.c.RepositoryConfigurationDelegate : Bootstrapping Spring Data JPA repositories in DEFAULT mode.
2021-08-16 12:32:34.681  INFO 13656 --- [restartedMain] .s.d.r.c.RepositoryConfigurationDelegate : Finished Spring Data repository scanning in 144 ms. Found 7 JPA repository interfaces.
2021-08-16 12:32:35.497  INFO 13656 --- [restartedMain] o.s.b.w.embedded.tomcat.TomcatWebServer  : Tomcat initialized with port(s): 80 (http)
2021-08-16 12:32:35.525  INFO 13656 --- [restartedMain] o.apache.catalina.core.StandardService   : Starting service [Tomcat]
2021-08-16 12:32:35.527  INFO 13656 --- [restartedMain] org.apache.catalina.core.StandardEngine  : Starting Servlet engine: [Apache Tomcat/9.0.41]
2021-08-16 12:32:35.762  INFO 13656 --- [restartedMain] o.a.c.c.C.[.[localhost].[/Shopme]        : Initializing Spring embedded WebApplicationContext
2021-08-16 12:32:35.762  INFO 13656 --- [restartedMain] w.s.c.ServletWebServerApplicationContext : Root WebApplicationContext: initialization completed in 2839 ms
2021-08-16 12:32:36.026  INFO 13656 --- [restartedMain] o.hibernate.jpa.internal.util.LogHelper  : HHH000204: Processing PersistenceUnitInfo [name: default]
2021-08-16 12:32:36.128  INFO 13656 --- [restartedMain] org.hibernate.Version                    : HHH000412: Hibernate ORM core version 5.4.27.Final
2021-08-16 12:32:36.344  INFO 13656 --- [restartedMain] o.hibernate.annotations.common.Version   : HCANN000001: Hibernate Commons Annotations {5.1.2.Final}
2021-08-16 12:32:36.500  INFO 13656 --- [restartedMain] com.zaxxer.hikari.HikariDataSource       : HikariPool-1 - Starting...
2021-08-16 12:32:36.904  INFO 13656 --- [restartedMain] com.zaxxer.hikari.HikariDataSource       : HikariPool-1 - Start completed.
2021-08-16 12:32:36.933  INFO 13656 --- [restartedMain] org.hibernate.dialect.Dialect            : HHH000400: Using dialect: org.hibernate.dialect.MySQL8Dialect
2021-08-16 12:32:38.711  INFO 13656 --- [restartedMain] o.h.e.t.j.p.i.JtaPlatformInitiator       : HHH000490: Using JtaPlatform implementation: [org.hibernate.engine.transaction.jta.platform.internal.NoJtaPlatform]
2021-08-16 12:32:38.730  INFO 13656 --- [restartedMain] j.LocalContainerEntityManagerFactoryBean : Initialized JPA EntityManagerFactory for persistence unit 'default'
2021-08-16 12:32:39.223  INFO 13656 --- [restartedMain] o.s.b.d.a.OptionalLiveReloadServer       : LiveReload server is running on port 35729
2021-08-16 12:32:39.429  WARN 13656 --- [restartedMain] JpaBaseConfiguration$JpaWebConfiguration : spring.jpa.open-in-view is enabled by default. Therefore, database queries may be performed during view rendering. Explicitly configure spring.jpa.open-in-view to disable this warning
2021-08-16 12:32:39.687  INFO 13656 --- [restartedMain] o.s.s.web.DefaultSecurityFilterChain     : Will secure Ant [pattern='/images/**'] with []
2021-08-16 12:32:39.688  INFO 13656 --- [restartedMain] o.s.s.web.DefaultSecurityFilterChain     : Will secure Ant [pattern='/js/**'] with []
2021-08-16 12:32:39.688  INFO 13656 --- [restartedMain] o.s.s.web.DefaultSecurityFilterChain     : Will secure Ant [pattern='/webjars/**'] with []
2021-08-16 12:32:39.735  INFO 13656 --- [restartedMain] o.s.s.web.DefaultSecurityFilterChain     : Will secure any request with [org.springframework.security.web.context.request.async.WebAsyncManagerIntegrationFilter@131de377, org.springframework.security.web.context.SecurityContextPersistenceFilter@554cf83a, org.springframework.security.web.header.HeaderWriterFilter@3ecc5366, org.springframework.security.web.csrf.CsrfFilter@2ab918f0, org.springframework.security.web.authentication.logout.LogoutFilter@6f1d7bf0, org.springframework.security.oauth2.client.web.OAuth2AuthorizationRequestRedirectFilter@388251a0, org.springframework.security.oauth2.client.web.OAuth2LoginAuthenticationFilter@4922d3aa, org.springframework.security.web.authentication.UsernamePasswordAuthenticationFilter@7b771331, org.springframework.security.web.savedrequest.RequestCacheAwareFilter@de13485, org.springframework.security.web.servletapi.SecurityContextHolderAwareRequestFilter@33c5e917, org.springframework.security.web.authentication.rememberme.RememberMeAuthenticationFilter@39b8bab1, org.springframework.security.web.authentication.AnonymousAuthenticationFilter@4cfdcd3d, org.springframework.security.web.session.SessionManagementFilter@6a704b45, org.springframework.security.web.access.ExceptionTranslationFilter@9a3ff8d, org.springframework.security.web.access.intercept.FilterSecurityInterceptor@3c99b814]
2021-08-16 12:32:39.837  INFO 13656 --- [restartedMain] o.s.s.concurrent.ThreadPoolTaskExecutor  : Initializing ExecutorService 'applicationTaskExecutor'
2021-08-16 12:32:39.920  INFO 13656 --- [restartedMain] o.s.b.a.w.s.WelcomePageHandlerMapping    : Adding welcome page template: index
2021-08-16 12:32:40.405  INFO 13656 --- [restartedMain] o.s.b.w.embedded.tomcat.TomcatWebServer  : Tomcat started on port(s): 80 (http) with context path '/Shopme'
2021-08-16 12:32:40.417  INFO 13656 --- [restartedMain] com.shopme.ShopmeFrontEndApplication     : Started ShopmeFrontEndApplication in 8.358 seconds (JVM running for 10.069)
2021-08-16 12:33:33.197  INFO 13656 --- [http-nio-80-exec-1] o.a.c.c.C.[.[localhost].[/Shopme]        : Initializing Spring DispatcherServlet 'dispatcherServlet'
2021-08-16 12:33:33.198  INFO 13656 --- [http-nio-80-exec-1] o.s.web.servlet.DispatcherServlet        : Initializing Servlet 'dispatcherServlet'
2021-08-16 12:33:33.200  INFO 13656 --- [http-nio-80-exec-1] o.s.web.servlet.DispatcherServlet        : Completed initialization in 2 ms
2021-08-16 12:33:33.318  INFO 13656 --- [http-nio-80-exec-1] com.shopme.security.CustomerUserDetails  : CustomerUserDetails | customer: Customer [id=1, email=lehoanganhvn@gmail.com, firstName=Anh, lastName=Le Hoang]
2021-08-16 12:33:33.319  INFO 13656 --- [http-nio-80-exec-1] com.shopme.security.CustomerUserDetails  : CustomerUserDetails | username: lehoanganhvn@gmail.com
2021-08-16 12:33:33.320  INFO 13656 --- [http-nio-80-exec-1] com.shopme.security.CustomerUserDetails  : CustomerUserDetails | password: $2a$10$ZQdbl6XeG/Z3frq.iJxnyucOhaoLhaa5BocnHnZKRPAntcZqQR9bu
2021-08-16 12:33:33.321  INFO 13656 --- [http-nio-80-exec-1] com.shopme.security.CustomerUserDetails  : CustomerUserDetails | isEnabled: true
2021-08-16 12:33:33.391  INFO 13656 --- [http-nio-80-exec-1] com.shopme.filter.SettingFilter          : SettingFilter | doFilter is called
2021-08-16 12:33:33.392  INFO 13656 --- [http-nio-80-exec-1] com.shopme.filter.SettingFilter          : SettingFilter | doFilter | url : http://localhost/Shopme/
2021-08-16 12:33:33.398  INFO 13656 --- [http-nio-80-exec-1] com.shopme.filter.SettingFilter          : SettingFilter | doFilter | generalSettings : [Setting [key=COPYRIGHT, value=Copyright (C) 2021 Shopme Ltd.], Setting [key=CURRENCY_ID, value=1], Setting [key=CURRENCY_SYMBOL, value=$], Setting [key=CURRENCY_SYMBOL_POSITION, value=Before price], Setting [key=DECIMAL_DIGITS, value=2], Setting [key=DECIMAL_POINT_TYPE, value=POINT], Setting [key=SITE_LOGO, value=/site-logo/ShopmeAdminSmall.png], Setting [key=SITE_NAME, value=Shopme], Setting [key=THOUSANDS_POINT_TYPE, value=COMMA]]
2021-08-16 12:33:33.398  INFO 13656 --- [http-nio-80-exec-1] com.shopme.filter.SettingFilter          : SettingFilter | doFilter | generalSettings : [Setting [key=COPYRIGHT, value=Copyright (C) 2021 Shopme Ltd.], Setting [key=CURRENCY_ID, value=1], Setting [key=CURRENCY_SYMBOL, value=$], Setting [key=CURRENCY_SYMBOL_POSITION, value=Before price], Setting [key=DECIMAL_DIGITS, value=2], Setting [key=DECIMAL_POINT_TYPE, value=POINT], Setting [key=SITE_LOGO, value=/site-logo/ShopmeAdminSmall.png], Setting [key=SITE_NAME, value=Shopme], Setting [key=THOUSANDS_POINT_TYPE, value=COMMA]]
2021-08-16 12:33:33.398  INFO 13656 --- [http-nio-80-exec-1] com.shopme.filter.SettingFilter          : SettingFilter | doFilter | generalSettings : [Setting [key=COPYRIGHT, value=Copyright (C) 2021 Shopme Ltd.], Setting [key=CURRENCY_ID, value=1], Setting [key=CURRENCY_SYMBOL, value=$], Setting [key=CURRENCY_SYMBOL_POSITION, value=Before price], Setting [key=DECIMAL_DIGITS, value=2], Setting [key=DECIMAL_POINT_TYPE, value=POINT], Setting [key=SITE_LOGO, value=/site-logo/ShopmeAdminSmall.png], Setting [key=SITE_NAME, value=Shopme], Setting [key=THOUSANDS_POINT_TYPE, value=COMMA]]
2021-08-16 12:33:33.398  INFO 13656 --- [http-nio-80-exec-1] com.shopme.filter.SettingFilter          : SettingFilter | doFilter | generalSettings : [Setting [key=COPYRIGHT, value=Copyright (C) 2021 Shopme Ltd.], Setting [key=CURRENCY_ID, value=1], Setting [key=CURRENCY_SYMBOL, value=$], Setting [key=CURRENCY_SYMBOL_POSITION, value=Before price], Setting [key=DECIMAL_DIGITS, value=2], Setting [key=DECIMAL_POINT_TYPE, value=POINT], Setting [key=SITE_LOGO, value=/site-logo/ShopmeAdminSmall.png], Setting [key=SITE_NAME, value=Shopme], Setting [key=THOUSANDS_POINT_TYPE, value=COMMA]]
2021-08-16 12:33:33.399  INFO 13656 --- [http-nio-80-exec-1] com.shopme.filter.SettingFilter          : SettingFilter | doFilter | generalSettings : [Setting [key=COPYRIGHT, value=Copyright (C) 2021 Shopme Ltd.], Setting [key=CURRENCY_ID, value=1], Setting [key=CURRENCY_SYMBOL, value=$], Setting [key=CURRENCY_SYMBOL_POSITION, value=Before price], Setting [key=DECIMAL_DIGITS, value=2], Setting [key=DECIMAL_POINT_TYPE, value=POINT], Setting [key=SITE_LOGO, value=/site-logo/ShopmeAdminSmall.png], Setting [key=SITE_NAME, value=Shopme], Setting [key=THOUSANDS_POINT_TYPE, value=COMMA]]
2021-08-16 12:33:33.399  INFO 13656 --- [http-nio-80-exec-1] com.shopme.filter.SettingFilter          : SettingFilter | doFilter | generalSettings : [Setting [key=COPYRIGHT, value=Copyright (C) 2021 Shopme Ltd.], Setting [key=CURRENCY_ID, value=1], Setting [key=CURRENCY_SYMBOL, value=$], Setting [key=CURRENCY_SYMBOL_POSITION, value=Before price], Setting [key=DECIMAL_DIGITS, value=2], Setting [key=DECIMAL_POINT_TYPE, value=POINT], Setting [key=SITE_LOGO, value=/site-logo/ShopmeAdminSmall.png], Setting [key=SITE_NAME, value=Shopme], Setting [key=THOUSANDS_POINT_TYPE, value=COMMA]]
2021-08-16 12:33:33.399  INFO 13656 --- [http-nio-80-exec-1] com.shopme.filter.SettingFilter          : SettingFilter | doFilter | generalSettings : [Setting [key=COPYRIGHT, value=Copyright (C) 2021 Shopme Ltd.], Setting [key=CURRENCY_ID, value=1], Setting [key=CURRENCY_SYMBOL, value=$], Setting [key=CURRENCY_SYMBOL_POSITION, value=Before price], Setting [key=DECIMAL_DIGITS, value=2], Setting [key=DECIMAL_POINT_TYPE, value=POINT], Setting [key=SITE_LOGO, value=/site-logo/ShopmeAdminSmall.png], Setting [key=SITE_NAME, value=Shopme], Setting [key=THOUSANDS_POINT_TYPE, value=COMMA]]
2021-08-16 12:33:33.399  INFO 13656 --- [http-nio-80-exec-1] com.shopme.filter.SettingFilter          : SettingFilter | doFilter | generalSettings : [Setting [key=COPYRIGHT, value=Copyright (C) 2021 Shopme Ltd.], Setting [key=CURRENCY_ID, value=1], Setting [key=CURRENCY_SYMBOL, value=$], Setting [key=CURRENCY_SYMBOL_POSITION, value=Before price], Setting [key=DECIMAL_DIGITS, value=2], Setting [key=DECIMAL_POINT_TYPE, value=POINT], Setting [key=SITE_LOGO, value=/site-logo/ShopmeAdminSmall.png], Setting [key=SITE_NAME, value=Shopme], Setting [key=THOUSANDS_POINT_TYPE, value=COMMA]]
2021-08-16 12:33:33.399  INFO 13656 --- [http-nio-80-exec-1] com.shopme.filter.SettingFilter          : SettingFilter | doFilter | generalSettings : [Setting [key=COPYRIGHT, value=Copyright (C) 2021 Shopme Ltd.], Setting [key=CURRENCY_ID, value=1], Setting [key=CURRENCY_SYMBOL, value=$], Setting [key=CURRENCY_SYMBOL_POSITION, value=Before price], Setting [key=DECIMAL_DIGITS, value=2], Setting [key=DECIMAL_POINT_TYPE, value=POINT], Setting [key=SITE_LOGO, value=/site-logo/ShopmeAdminSmall.png], Setting [key=SITE_NAME, value=Shopme], Setting [key=THOUSANDS_POINT_TYPE, value=COMMA]]
2021-08-16 12:33:33.421  INFO 13656 --- [http-nio-80-exec-1] com.shopme.controller.MainController     : ProductController | viewHomePage is called
2021-08-16 12:33:33.486  INFO 13656 --- [http-nio-80-exec-1] com.shopme.controller.MainController     : ProductController | viewHomePage | listCategories : 25
2021-08-16 12:33:34.095  INFO 13656 --- [http-nio-80-exec-1] com.shopme.security.CustomerUserDetails  : CustomerUserDetails | getFullName: Anh Le Hoang
2021-08-16 12:33:34.099  INFO 13656 --- [http-nio-80-exec-1] com.shopme.security.CustomerUserDetails  : CustomerUserDetails | getFullName: Anh Le Hoang
2021-08-16 12:33:34.171  INFO 13656 --- [http-nio-80-exec-1] com.shopme.security.CustomerUserDetails  : CustomerUserDetails | username: lehoanganhvn@gmail.com
2021-08-16 12:33:34.244  INFO 13656 --- [http-nio-80-exec-2] com.shopme.filter.SettingFilter          : SettingFilter | doFilter is called
2021-08-16 12:33:34.245  INFO 13656 --- [http-nio-80-exec-2] com.shopme.filter.SettingFilter          : SettingFilter | doFilter | url : http://localhost/Shopme/webjars/bootstrap/4.3.1/css/bootstrap.min.css
2021-08-16 12:33:34.245  INFO 13656 --- [http-nio-80-exec-2] com.shopme.filter.SettingFilter          : SettingFilter | doFilter | .css , .js , .png , . jpg | url : http://localhost/Shopme/webjars/bootstrap/4.3.1/css/bootstrap.min.css
2021-08-16 12:33:34.245  INFO 13656 --- [http-nio-80-exec-4] com.shopme.filter.SettingFilter          : SettingFilter | doFilter is called
2021-08-16 12:33:34.245  INFO 13656 --- [http-nio-80-exec-4] com.shopme.filter.SettingFilter          : SettingFilter | doFilter | url : http://localhost/Shopme/webjars/jquery/3.4.1/jquery.min.js
2021-08-16 12:33:34.246  INFO 13656 --- [http-nio-80-exec-4] com.shopme.filter.SettingFilter          : SettingFilter | doFilter | .css , .js , .png , . jpg | url : http://localhost/Shopme/webjars/jquery/3.4.1/jquery.min.js
2021-08-16 12:33:34.246  INFO 13656 --- [http-nio-80-exec-5] com.shopme.filter.SettingFilter          : SettingFilter | doFilter is called
2021-08-16 12:33:34.246  INFO 13656 --- [http-nio-80-exec-5] com.shopme.filter.SettingFilter          : SettingFilter | doFilter | url : http://localhost/Shopme/webjars/bootstrap/4.3.1/js/bootstrap.min.js
2021-08-16 12:33:34.246  INFO 13656 --- [http-nio-80-exec-5] com.shopme.filter.SettingFilter          : SettingFilter | doFilter | .css , .js , .png , . jpg | url : http://localhost/Shopme/webjars/bootstrap/4.3.1/js/bootstrap.min.js
2021-08-16 12:33:34.246  INFO 13656 --- [http-nio-80-exec-3] com.shopme.filter.SettingFilter          : SettingFilter | doFilter is called
2021-08-16 12:33:34.246  INFO 13656 --- [http-nio-80-exec-3] com.shopme.filter.SettingFilter          : SettingFilter | doFilter | url : http://localhost/Shopme/fontawesome/all.css
2021-08-16 12:33:34.246  INFO 13656 --- [http-nio-80-exec-3] com.shopme.filter.SettingFilter          : SettingFilter | doFilter | .css , .js , .png , . jpg | url : http://localhost/Shopme/fontawesome/all.css
2021-08-16 12:33:34.281  INFO 13656 --- [http-nio-80-exec-3] com.shopme.security.CustomerUserDetails  : CustomerUserDetails | username: lehoanganhvn@gmail.com
2021-08-16 12:33:34.436  INFO 13656 --- [http-nio-80-exec-6] com.shopme.filter.SettingFilter          : SettingFilter | doFilter is called
2021-08-16 12:33:34.436  INFO 13656 --- [http-nio-80-exec-6] com.shopme.filter.SettingFilter          : SettingFilter | doFilter | url : http://localhost/Shopme/site-logo/ShopmeAdminSmall.png
2021-08-16 12:33:34.436  INFO 13656 --- [http-nio-80-exec-6] com.shopme.filter.SettingFilter          : SettingFilter | doFilter | .css , .js , .png , . jpg | url : http://localhost/Shopme/site-logo/ShopmeAdminSmall.png
2021-08-16 12:33:34.437  INFO 13656 --- [http-nio-80-exec-7] com.shopme.filter.SettingFilter          : SettingFilter | doFilter is called
2021-08-16 12:33:34.437  INFO 13656 --- [http-nio-80-exec-7] com.shopme.filter.SettingFilter          : SettingFilter | doFilter | url : http://localhost/Shopme/category-images/9/bags_cases.png
2021-08-16 12:33:34.437  INFO 13656 --- [http-nio-80-exec-7] com.shopme.filter.SettingFilter          : SettingFilter | doFilter | .css , .js , .png , . jpg | url : http://localhost/Shopme/category-images/9/bags_cases.png
2021-08-16 12:33:34.458  INFO 13656 --- [http-nio-80-exec-6] com.shopme.security.CustomerUserDetails  : CustomerUserDetails | username: lehoanganhvn@gmail.com
2021-08-16 12:33:34.458  INFO 13656 --- [http-nio-80-exec-7] com.shopme.security.CustomerUserDetails  : CustomerUserDetails | username: lehoanganhvn@gmail.com
2021-08-16 12:33:34.472  INFO 13656 --- [http-nio-80-exec-8] com.shopme.filter.SettingFilter          : SettingFilter | doFilter is called
2021-08-16 12:33:34.473  INFO 13656 --- [http-nio-80-exec-8] com.shopme.filter.SettingFilter          : SettingFilter | doFilter | url : http://localhost/Shopme/category-images/17/cables%20and%20adapters.png
2021-08-16 12:33:34.473  INFO 13656 --- [http-nio-80-exec-8] com.shopme.filter.SettingFilter          : SettingFilter | doFilter | .css , .js , .png , . jpg | url : http://localhost/Shopme/category-images/17/cables%20and%20adapters.png
2021-08-16 12:33:34.476  INFO 13656 --- [http-nio-80-exec-10] com.shopme.filter.SettingFilter          : SettingFilter | doFilter is called
2021-08-16 12:33:34.476  INFO 13656 --- [http-nio-80-exec-10] com.shopme.filter.SettingFilter          : SettingFilter | doFilter | url : http://localhost/Shopme/category-images/20/cellphone%20cases.png
2021-08-16 12:33:34.476  INFO 13656 --- [http-nio-80-exec-1] com.shopme.filter.SettingFilter          : SettingFilter | doFilter is called
2021-08-16 12:33:34.476  INFO 13656 --- [http-nio-80-exec-10] com.shopme.filter.SettingFilter          : SettingFilter | doFilter | .css , .js , .png , . jpg | url : http://localhost/Shopme/category-images/20/cellphone%20cases.png
2021-08-16 12:33:34.476  INFO 13656 --- [http-nio-80-exec-9] com.shopme.filter.SettingFilter          : SettingFilter | doFilter is called
2021-08-16 12:33:34.476  INFO 13656 --- [http-nio-80-exec-1] com.shopme.filter.SettingFilter          : SettingFilter | doFilter | url : http://localhost/Shopme/category-images/22/computer%20processors.png
2021-08-16 12:33:34.476  INFO 13656 --- [http-nio-80-exec-9] com.shopme.filter.SettingFilter          : SettingFilter | doFilter | url : http://localhost/Shopme/category-images/14/carrier%20cellphones.png
2021-08-16 12:33:34.477  INFO 13656 --- [http-nio-80-exec-1] com.shopme.filter.SettingFilter          : SettingFilter | doFilter | .css , .js , .png , . jpg | url : http://localhost/Shopme/category-images/22/computer%20processors.png
2021-08-16 12:33:34.477  INFO 13656 --- [http-nio-80-exec-9] com.shopme.filter.SettingFilter          : SettingFilter | doFilter | .css , .js , .png , . jpg | url : http://localhost/Shopme/category-images/14/carrier%20cellphones.png
2021-08-16 12:33:34.477  INFO 13656 --- [http-nio-80-exec-5] com.shopme.filter.SettingFilter          : SettingFilter | doFilter is called
2021-08-16 12:33:34.477  INFO 13656 --- [http-nio-80-exec-4] com.shopme.filter.SettingFilter          : SettingFilter | doFilter is called
2021-08-16 12:33:34.477  INFO 13656 --- [http-nio-80-exec-5] com.shopme.filter.SettingFilter          : SettingFilter | doFilter | url : http://localhost/Shopme/category-images/5/desktop%20computers.png
2021-08-16 12:33:34.477  INFO 13656 --- [http-nio-80-exec-4] com.shopme.filter.SettingFilter          : SettingFilter | doFilter | url : http://localhost/Shopme/category-images/10/digital%20cameras.png
2021-08-16 12:33:34.477  INFO 13656 --- [http-nio-80-exec-5] com.shopme.filter.SettingFilter          : SettingFilter | doFilter | .css , .js , .png , . jpg | url : http://localhost/Shopme/category-images/5/desktop%20computers.png
2021-08-16 12:33:34.477  INFO 13656 --- [http-nio-80-exec-4] com.shopme.filter.SettingFilter          : SettingFilter | doFilter | .css , .js , .png , . jpg | url : http://localhost/Shopme/category-images/10/digital%20cameras.png
2021-08-16 12:33:34.479  INFO 13656 --- [http-nio-80-exec-8] com.shopme.security.CustomerUserDetails  : CustomerUserDetails | username: lehoanganhvn@gmail.com
2021-08-16 12:33:34.482  INFO 13656 --- [http-nio-80-exec-2] com.shopme.filter.SettingFilter          : SettingFilter | doFilter is called
2021-08-16 12:33:34.482  INFO 13656 --- [http-nio-80-exec-2] com.shopme.filter.SettingFilter          : SettingFilter | doFilter | url : http://localhost/Shopme/category-images/11/flashes.png
2021-08-16 12:33:34.482  INFO 13656 --- [http-nio-80-exec-9] com.shopme.security.CustomerUserDetails  : CustomerUserDetails | username: lehoanganhvn@gmail.com
2021-08-16 12:33:34.482  INFO 13656 --- [http-nio-80-exec-2] com.shopme.filter.SettingFilter          : SettingFilter | doFilter | .css , .js , .png , . jpg | url : http://localhost/Shopme/category-images/11/flashes.png
2021-08-16 12:33:34.482  INFO 13656 --- [http-nio-80-exec-4] com.shopme.security.CustomerUserDetails  : CustomerUserDetails | username: lehoanganhvn@gmail.com
2021-08-16 12:33:34.483  INFO 13656 --- [http-nio-80-exec-1] com.shopme.security.CustomerUserDetails  : CustomerUserDetails | username: lehoanganhvn@gmail.com
2021-08-16 12:33:34.483  INFO 13656 --- [http-nio-80-exec-10] com.shopme.security.CustomerUserDetails  : CustomerUserDetails | username: lehoanganhvn@gmail.com
2021-08-16 12:33:34.484  INFO 13656 --- [http-nio-80-exec-5] com.shopme.security.CustomerUserDetails  : CustomerUserDetails | username: lehoanganhvn@gmail.com
2021-08-16 12:33:34.489  INFO 13656 --- [http-nio-80-exec-2] com.shopme.security.CustomerUserDetails  : CustomerUserDetails | username: lehoanganhvn@gmail.com
2021-08-16 12:33:34.490  INFO 13656 --- [http-nio-80-exec-3] com.shopme.filter.SettingFilter          : SettingFilter | doFilter is called
2021-08-16 12:33:34.491  INFO 13656 --- [http-nio-80-exec-3] com.shopme.filter.SettingFilter          : SettingFilter | doFilter | url : http://localhost/Shopme/category-images/23/graphic%20cards.png
2021-08-16 12:33:34.491  INFO 13656 --- [http-nio-80-exec-3] com.shopme.filter.SettingFilter          : SettingFilter | doFilter | .css , .js , .png , . jpg | url : http://localhost/Shopme/category-images/23/graphic%20cards.png
2021-08-16 12:33:34.492  INFO 13656 --- [http-nio-80-exec-6] com.shopme.filter.SettingFilter          : SettingFilter | doFilter is called
2021-08-16 12:33:34.492  INFO 13656 --- [http-nio-80-exec-6] com.shopme.filter.SettingFilter          : SettingFilter | doFilter | url : http://localhost/Shopme/category-images/21/headphones.png
2021-08-16 12:33:34.492  INFO 13656 --- [http-nio-80-exec-6] com.shopme.filter.SettingFilter          : SettingFilter | doFilter | .css , .js , .png , . jpg | url : http://localhost/Shopme/category-images/21/headphones.png
2021-08-16 12:33:34.492  INFO 13656 --- [http-nio-80-exec-7] com.shopme.filter.SettingFilter          : SettingFilter | doFilter is called
2021-08-16 12:33:34.492  INFO 13656 --- [http-nio-80-exec-7] com.shopme.filter.SettingFilter          : SettingFilter | doFilter | url : http://localhost/Shopme/category-images/24/internal%20hard%20drive.png
2021-08-16 12:33:34.493  INFO 13656 --- [http-nio-80-exec-7] com.shopme.filter.SettingFilter          : SettingFilter | doFilter | .css , .js , .png , . jpg | url : http://localhost/Shopme/category-images/24/internal%20hard%20drive.png
2021-08-16 12:33:34.493  INFO 13656 --- [http-nio-80-exec-8] com.shopme.filter.SettingFilter          : SettingFilter | doFilter is called
2021-08-16 12:33:34.493  INFO 13656 --- [http-nio-80-exec-8] com.shopme.filter.SettingFilter          : SettingFilter | doFilter | url : http://localhost/Shopme/category-images/25/internal%20optical%20drives.png
2021-08-16 12:33:34.493  INFO 13656 --- [http-nio-80-exec-8] com.shopme.filter.SettingFilter          : SettingFilter | doFilter | .css , .js , .png , . jpg | url : http://localhost/Shopme/category-images/25/internal%20optical%20drives.png
2021-08-16 12:33:34.493  INFO 13656 --- [http-nio-80-exec-9] com.shopme.filter.SettingFilter          : SettingFilter | doFilter is called
2021-08-16 12:33:34.493  INFO 13656 --- [http-nio-80-exec-9] com.shopme.filter.SettingFilter          : SettingFilter | doFilter | url : http://localhost/Shopme/category-images/6/laptop%20computers.png
2021-08-16 12:33:34.494  INFO 13656 --- [http-nio-80-exec-9] com.shopme.filter.SettingFilter          : SettingFilter | doFilter | .css , .js , .png , . jpg | url : http://localhost/Shopme/category-images/6/laptop%20computers.png
2021-08-16 12:33:34.494  INFO 13656 --- [http-nio-80-exec-4] com.shopme.filter.SettingFilter          : SettingFilter | doFilter is called
2021-08-16 12:33:34.494  INFO 13656 --- [http-nio-80-exec-4] com.shopme.filter.SettingFilter          : SettingFilter | doFilter | url : http://localhost/Shopme/category-images/12/lenses.png
2021-08-16 12:33:34.494  INFO 13656 --- [http-nio-80-exec-4] com.shopme.filter.SettingFilter          : SettingFilter | doFilter | .css , .js , .png , . jpg | url : http://localhost/Shopme/category-images/12/lenses.png
2021-08-16 12:33:34.497  INFO 13656 --- [http-nio-80-exec-3] com.shopme.security.CustomerUserDetails  : CustomerUserDetails | username: lehoanganhvn@gmail.com
2021-08-16 12:33:34.497  INFO 13656 --- [http-nio-80-exec-6] com.shopme.security.CustomerUserDetails  : CustomerUserDetails | username: lehoanganhvn@gmail.com
2021-08-16 12:33:34.498  INFO 13656 --- [http-nio-80-exec-8] com.shopme.security.CustomerUserDetails  : CustomerUserDetails | username: lehoanganhvn@gmail.com
2021-08-16 12:33:34.498  INFO 13656 --- [http-nio-80-exec-7] com.shopme.security.CustomerUserDetails  : CustomerUserDetails | username: lehoanganhvn@gmail.com
2021-08-16 12:33:34.499  INFO 13656 --- [http-nio-80-exec-4] com.shopme.security.CustomerUserDetails  : CustomerUserDetails | username: lehoanganhvn@gmail.com
2021-08-16 12:33:34.499  INFO 13656 --- [http-nio-80-exec-9] com.shopme.security.CustomerUserDetails  : CustomerUserDetails | username: lehoanganhvn@gmail.com
2021-08-16 12:33:34.504  INFO 13656 --- [http-nio-80-exec-10] com.shopme.filter.SettingFilter          : SettingFilter | doFilter is called
2021-08-16 12:33:34.504  INFO 13656 --- [http-nio-80-exec-10] com.shopme.filter.SettingFilter          : SettingFilter | doFilter | url : http://localhost/Shopme/category-images/29/computer%20memory.png
2021-08-16 12:33:34.504  INFO 13656 --- [http-nio-80-exec-10] com.shopme.filter.SettingFilter          : SettingFilter | doFilter | .css , .js , .png , . jpg | url : http://localhost/Shopme/category-images/29/computer%20memory.png
2021-08-16 12:33:34.505  INFO 13656 --- [http-nio-80-exec-1] com.shopme.filter.SettingFilter          : SettingFilter | doFilter is called
2021-08-16 12:33:34.506  INFO 13656 --- [http-nio-80-exec-1] com.shopme.filter.SettingFilter          : SettingFilter | doFilter | url : http://localhost/Shopme/category-images/18/microsd%20cards.png
2021-08-16 12:33:34.506  INFO 13656 --- [http-nio-80-exec-1] com.shopme.filter.SettingFilter          : SettingFilter | doFilter | .css , .js , .png , . jpg | url : http://localhost/Shopme/category-images/18/microsd%20cards.png
2021-08-16 12:33:34.508  INFO 13656 --- [http-nio-80-exec-5] com.shopme.filter.SettingFilter          : SettingFilter | doFilter is called
2021-08-16 12:33:34.508  INFO 13656 --- [http-nio-80-exec-2] com.shopme.filter.SettingFilter          : SettingFilter | doFilter is called
2021-08-16 12:33:34.508  INFO 13656 --- [http-nio-80-exec-5] com.shopme.filter.SettingFilter          : SettingFilter | doFilter | url : http://localhost/Shopme/category-images/30/motherboards.png
2021-08-16 12:33:34.508  INFO 13656 --- [http-nio-80-exec-2] com.shopme.filter.SettingFilter          : SettingFilter | doFilter | url : http://localhost/Shopme/category-images/31/network%20cards.png
2021-08-16 12:33:34.508  INFO 13656 --- [http-nio-80-exec-2] com.shopme.filter.SettingFilter          : SettingFilter | doFilter | .css , .js , .png , . jpg | url : http://localhost/Shopme/category-images/31/network%20cards.png
2021-08-16 12:33:34.508  INFO 13656 --- [http-nio-80-exec-6] com.shopme.filter.SettingFilter          : SettingFilter | doFilter is called
2021-08-16 12:33:34.508  INFO 13656 --- [http-nio-80-exec-5] com.shopme.filter.SettingFilter          : SettingFilter | doFilter | .css , .js , .png , . jpg | url : http://localhost/Shopme/category-images/30/motherboards.png
2021-08-16 12:33:34.508  INFO 13656 --- [http-nio-80-exec-6] com.shopme.filter.SettingFilter          : SettingFilter | doFilter | url : http://localhost/Shopme/category-images/26/power%20supplies.png
2021-08-16 12:33:34.508  INFO 13656 --- [http-nio-80-exec-3] com.shopme.filter.SettingFilter          : SettingFilter | doFilter is called
2021-08-16 12:33:34.508  INFO 13656 --- [http-nio-80-exec-6] com.shopme.filter.SettingFilter          : SettingFilter | doFilter | .css , .js , .png , . jpg | url : http://localhost/Shopme/category-images/26/power%20supplies.png
2021-08-16 12:33:34.508  INFO 13656 --- [http-nio-80-exec-3] com.shopme.filter.SettingFilter          : SettingFilter | doFilter | url : http://localhost/Shopme/category-images/27/solid%20state%20drives.png
2021-08-16 12:33:34.508  INFO 13656 --- [http-nio-80-exec-3] com.shopme.filter.SettingFilter          : SettingFilter | doFilter | .css , .js , .png , . jpg | url : http://localhost/Shopme/category-images/27/solid%20state%20drives.png
2021-08-16 12:33:34.518  INFO 13656 --- [http-nio-80-exec-10] com.shopme.security.CustomerUserDetails  : CustomerUserDetails | username: lehoanganhvn@gmail.com
2021-08-16 12:33:34.520  INFO 13656 --- [http-nio-80-exec-1] com.shopme.security.CustomerUserDetails  : CustomerUserDetails | username: lehoanganhvn@gmail.com
2021-08-16 12:33:34.521  INFO 13656 --- [http-nio-80-exec-5] com.shopme.security.CustomerUserDetails  : CustomerUserDetails | username: lehoanganhvn@gmail.com
2021-08-16 12:33:34.521  INFO 13656 --- [http-nio-80-exec-2] com.shopme.security.CustomerUserDetails  : CustomerUserDetails | username: lehoanganhvn@gmail.com
2021-08-16 12:33:34.521  INFO 13656 --- [http-nio-80-exec-8] com.shopme.filter.SettingFilter          : SettingFilter | doFilter is called
2021-08-16 12:33:34.521  INFO 13656 --- [http-nio-80-exec-8] com.shopme.filter.SettingFilter          : SettingFilter | doFilter | url : http://localhost/Shopme/category-images/28/sound%20cards.png
2021-08-16 12:33:34.521  INFO 13656 --- [http-nio-80-exec-3] com.shopme.security.CustomerUserDetails  : CustomerUserDetails | username: lehoanganhvn@gmail.com
2021-08-16 12:33:34.521  INFO 13656 --- [http-nio-80-exec-6] com.shopme.security.CustomerUserDetails  : CustomerUserDetails | username: lehoanganhvn@gmail.com
2021-08-16 12:33:34.522  INFO 13656 --- [http-nio-80-exec-8] com.shopme.filter.SettingFilter          : SettingFilter | doFilter | .css , .js , .png , . jpg | url : http://localhost/Shopme/category-images/28/sound%20cards.png
2021-08-16 12:33:34.527  INFO 13656 --- [http-nio-80-exec-4] com.shopme.filter.SettingFilter          : SettingFilter | doFilter is called
2021-08-16 12:33:34.527  INFO 13656 --- [http-nio-80-exec-7] com.shopme.filter.SettingFilter          : SettingFilter | doFilter is called
2021-08-16 12:33:34.527  INFO 13656 --- [http-nio-80-exec-8] com.shopme.security.CustomerUserDetails  : CustomerUserDetails | username: lehoanganhvn@gmail.com
2021-08-16 12:33:34.527  INFO 13656 --- [http-nio-80-exec-7] com.shopme.filter.SettingFilter          : SettingFilter | doFilter | url : http://localhost/Shopme/category-images/19/cellphone_stands.png
2021-08-16 12:33:34.527  INFO 13656 --- [http-nio-80-exec-4] com.shopme.filter.SettingFilter          : SettingFilter | doFilter | url : http://localhost/Shopme/category-images/7/tablets.png
2021-08-16 12:33:34.527  INFO 13656 --- [http-nio-80-exec-7] com.shopme.filter.SettingFilter          : SettingFilter | doFilter | .css , .js , .png , . jpg | url : http://localhost/Shopme/category-images/19/cellphone_stands.png
2021-08-16 12:33:34.527  INFO 13656 --- [http-nio-80-exec-4] com.shopme.filter.SettingFilter          : SettingFilter | doFilter | .css , .js , .png , . jpg | url : http://localhost/Shopme/category-images/7/tablets.png
2021-08-16 12:33:34.528  INFO 13656 --- [http-nio-80-exec-9] com.shopme.filter.SettingFilter          : SettingFilter | doFilter is called
2021-08-16 12:33:34.528  INFO 13656 --- [http-nio-80-exec-9] com.shopme.filter.SettingFilter          : SettingFilter | doFilter | url : http://localhost/Shopme/category-images/13/tripods_monopods.png
2021-08-16 12:33:34.529  INFO 13656 --- [http-nio-80-exec-9] com.shopme.filter.SettingFilter          : SettingFilter | doFilter | .css , .js , .png , . jpg | url : http://localhost/Shopme/category-images/13/tripods_monopods.png
2021-08-16 12:33:34.529  INFO 13656 --- [http-nio-80-exec-10] com.shopme.filter.SettingFilter          : SettingFilter | doFilter is called
2021-08-16 12:33:34.529  INFO 13656 --- [http-nio-80-exec-10] com.shopme.filter.SettingFilter          : SettingFilter | doFilter | url : http://localhost/Shopme/category-images/15/unlocked%20cellphones.png
2021-08-16 12:33:34.529  INFO 13656 --- [http-nio-80-exec-10] com.shopme.filter.SettingFilter          : SettingFilter | doFilter | .css , .js , .png , . jpg | url : http://localhost/Shopme/category-images/15/unlocked%20cellphones.png
2021-08-16 12:33:34.532  INFO 13656 --- [http-nio-80-exec-4] com.shopme.security.CustomerUserDetails  : CustomerUserDetails | username: lehoanganhvn@gmail.com
2021-08-16 12:33:34.532  INFO 13656 --- [http-nio-80-exec-7] com.shopme.security.CustomerUserDetails  : CustomerUserDetails | username: lehoanganhvn@gmail.com
2021-08-16 12:33:34.533  INFO 13656 --- [http-nio-80-exec-9] com.shopme.security.CustomerUserDetails  : CustomerUserDetails | username: lehoanganhvn@gmail.com
2021-08-16 12:33:34.533  INFO 13656 --- [http-nio-80-exec-10] com.shopme.security.CustomerUserDetails  : CustomerUserDetails | username: lehoanganhvn@gmail.com
2021-08-16 12:33:34.628  INFO 13656 --- [http-nio-80-exec-1] com.shopme.filter.SettingFilter          : SettingFilter | doFilter is called
2021-08-16 12:33:34.628  INFO 13656 --- [http-nio-80-exec-1] com.shopme.filter.SettingFilter          : SettingFilter | doFilter | url : http://localhost/Shopme/webfonts/fa-solid-900.woff2
2021-08-16 12:33:34.633  INFO 13656 --- [http-nio-80-exec-1] com.shopme.filter.SettingFilter          : SettingFilter | doFilter | generalSettings : [Setting [key=COPYRIGHT, value=Copyright (C) 2021 Shopme Ltd.], Setting [key=CURRENCY_ID, value=1], Setting [key=CURRENCY_SYMBOL, value=$], Setting [key=CURRENCY_SYMBOL_POSITION, value=Before price], Setting [key=DECIMAL_DIGITS, value=2], Setting [key=DECIMAL_POINT_TYPE, value=POINT], Setting [key=SITE_LOGO, value=/site-logo/ShopmeAdminSmall.png], Setting [key=SITE_NAME, value=Shopme], Setting [key=THOUSANDS_POINT_TYPE, value=COMMA]]
2021-08-16 12:33:34.634  INFO 13656 --- [http-nio-80-exec-1] com.shopme.filter.SettingFilter          : SettingFilter | doFilter | generalSettings : [Setting [key=COPYRIGHT, value=Copyright (C) 2021 Shopme Ltd.], Setting [key=CURRENCY_ID, value=1], Setting [key=CURRENCY_SYMBOL, value=$], Setting [key=CURRENCY_SYMBOL_POSITION, value=Before price], Setting [key=DECIMAL_DIGITS, value=2], Setting [key=DECIMAL_POINT_TYPE, value=POINT], Setting [key=SITE_LOGO, value=/site-logo/ShopmeAdminSmall.png], Setting [key=SITE_NAME, value=Shopme], Setting [key=THOUSANDS_POINT_TYPE, value=COMMA]]
2021-08-16 12:33:34.634  INFO 13656 --- [http-nio-80-exec-1] com.shopme.filter.SettingFilter          : SettingFilter | doFilter | generalSettings : [Setting [key=COPYRIGHT, value=Copyright (C) 2021 Shopme Ltd.], Setting [key=CURRENCY_ID, value=1], Setting [key=CURRENCY_SYMBOL, value=$], Setting [key=CURRENCY_SYMBOL_POSITION, value=Before price], Setting [key=DECIMAL_DIGITS, value=2], Setting [key=DECIMAL_POINT_TYPE, value=POINT], Setting [key=SITE_LOGO, value=/site-logo/ShopmeAdminSmall.png], Setting [key=SITE_NAME, value=Shopme], Setting [key=THOUSANDS_POINT_TYPE, value=COMMA]]
2021-08-16 12:33:34.634  INFO 13656 --- [http-nio-80-exec-1] com.shopme.filter.SettingFilter          : SettingFilter | doFilter | generalSettings : [Setting [key=COPYRIGHT, value=Copyright (C) 2021 Shopme Ltd.], Setting [key=CURRENCY_ID, value=1], Setting [key=CURRENCY_SYMBOL, value=$], Setting [key=CURRENCY_SYMBOL_POSITION, value=Before price], Setting [key=DECIMAL_DIGITS, value=2], Setting [key=DECIMAL_POINT_TYPE, value=POINT], Setting [key=SITE_LOGO, value=/site-logo/ShopmeAdminSmall.png], Setting [key=SITE_NAME, value=Shopme], Setting [key=THOUSANDS_POINT_TYPE, value=COMMA]]
2021-08-16 12:33:34.634  INFO 13656 --- [http-nio-80-exec-1] com.shopme.filter.SettingFilter          : SettingFilter | doFilter | generalSettings : [Setting [key=COPYRIGHT, value=Copyright (C) 2021 Shopme Ltd.], Setting [key=CURRENCY_ID, value=1], Setting [key=CURRENCY_SYMBOL, value=$], Setting [key=CURRENCY_SYMBOL_POSITION, value=Before price], Setting [key=DECIMAL_DIGITS, value=2], Setting [key=DECIMAL_POINT_TYPE, value=POINT], Setting [key=SITE_LOGO, value=/site-logo/ShopmeAdminSmall.png], Setting [key=SITE_NAME, value=Shopme], Setting [key=THOUSANDS_POINT_TYPE, value=COMMA]]
2021-08-16 12:33:34.634  INFO 13656 --- [http-nio-80-exec-1] com.shopme.filter.SettingFilter          : SettingFilter | doFilter | generalSettings : [Setting [key=COPYRIGHT, value=Copyright (C) 2021 Shopme Ltd.], Setting [key=CURRENCY_ID, value=1], Setting [key=CURRENCY_SYMBOL, value=$], Setting [key=CURRENCY_SYMBOL_POSITION, value=Before price], Setting [key=DECIMAL_DIGITS, value=2], Setting [key=DECIMAL_POINT_TYPE, value=POINT], Setting [key=SITE_LOGO, value=/site-logo/ShopmeAdminSmall.png], Setting [key=SITE_NAME, value=Shopme], Setting [key=THOUSANDS_POINT_TYPE, value=COMMA]]
2021-08-16 12:33:34.634  INFO 13656 --- [http-nio-80-exec-1] com.shopme.filter.SettingFilter          : SettingFilter | doFilter | generalSettings : [Setting [key=COPYRIGHT, value=Copyright (C) 2021 Shopme Ltd.], Setting [key=CURRENCY_ID, value=1], Setting [key=CURRENCY_SYMBOL, value=$], Setting [key=CURRENCY_SYMBOL_POSITION, value=Before price], Setting [key=DECIMAL_DIGITS, value=2], Setting [key=DECIMAL_POINT_TYPE, value=POINT], Setting [key=SITE_LOGO, value=/site-logo/ShopmeAdminSmall.png], Setting [key=SITE_NAME, value=Shopme], Setting [key=THOUSANDS_POINT_TYPE, value=COMMA]]
2021-08-16 12:33:34.634  INFO 13656 --- [http-nio-80-exec-1] com.shopme.filter.SettingFilter          : SettingFilter | doFilter | generalSettings : [Setting [key=COPYRIGHT, value=Copyright (C) 2021 Shopme Ltd.], Setting [key=CURRENCY_ID, value=1], Setting [key=CURRENCY_SYMBOL, value=$], Setting [key=CURRENCY_SYMBOL_POSITION, value=Before price], Setting [key=DECIMAL_DIGITS, value=2], Setting [key=DECIMAL_POINT_TYPE, value=POINT], Setting [key=SITE_LOGO, value=/site-logo/ShopmeAdminSmall.png], Setting [key=SITE_NAME, value=Shopme], Setting [key=THOUSANDS_POINT_TYPE, value=COMMA]]
2021-08-16 12:33:34.634  INFO 13656 --- [http-nio-80-exec-1] com.shopme.filter.SettingFilter          : SettingFilter | doFilter | generalSettings : [Setting [key=COPYRIGHT, value=Copyright (C) 2021 Shopme Ltd.], Setting [key=CURRENCY_ID, value=1], Setting [key=CURRENCY_SYMBOL, value=$], Setting [key=CURRENCY_SYMBOL_POSITION, value=Before price], Setting [key=DECIMAL_DIGITS, value=2], Setting [key=DECIMAL_POINT_TYPE, value=POINT], Setting [key=SITE_LOGO, value=/site-logo/ShopmeAdminSmall.png], Setting [key=SITE_NAME, value=Shopme], Setting [key=THOUSANDS_POINT_TYPE, value=COMMA]]
2021-08-16 12:33:34.658  INFO 13656 --- [http-nio-80-exec-1] com.shopme.security.CustomerUserDetails  : CustomerUserDetails | username: lehoanganhvn@gmail.com
2021-08-16 12:33:36.389  INFO 13656 --- [http-nio-80-exec-5] com.shopme.filter.SettingFilter          : SettingFilter | doFilter is called
2021-08-16 12:33:36.390  INFO 13656 --- [http-nio-80-exec-5] com.shopme.filter.SettingFilter          : SettingFilter | doFilter | url : http://localhost/Shopme/cart
2021-08-16 12:33:36.394  INFO 13656 --- [http-nio-80-exec-5] com.shopme.filter.SettingFilter          : SettingFilter | doFilter | generalSettings : [Setting [key=COPYRIGHT, value=Copyright (C) 2021 Shopme Ltd.], Setting [key=CURRENCY_ID, value=1], Setting [key=CURRENCY_SYMBOL, value=$], Setting [key=CURRENCY_SYMBOL_POSITION, value=Before price], Setting [key=DECIMAL_DIGITS, value=2], Setting [key=DECIMAL_POINT_TYPE, value=POINT], Setting [key=SITE_LOGO, value=/site-logo/ShopmeAdminSmall.png], Setting [key=SITE_NAME, value=Shopme], Setting [key=THOUSANDS_POINT_TYPE, value=COMMA]]
2021-08-16 12:33:36.394  INFO 13656 --- [http-nio-80-exec-5] com.shopme.filter.SettingFilter          : SettingFilter | doFilter | generalSettings : [Setting [key=COPYRIGHT, value=Copyright (C) 2021 Shopme Ltd.], Setting [key=CURRENCY_ID, value=1], Setting [key=CURRENCY_SYMBOL, value=$], Setting [key=CURRENCY_SYMBOL_POSITION, value=Before price], Setting [key=DECIMAL_DIGITS, value=2], Setting [key=DECIMAL_POINT_TYPE, value=POINT], Setting [key=SITE_LOGO, value=/site-logo/ShopmeAdminSmall.png], Setting [key=SITE_NAME, value=Shopme], Setting [key=THOUSANDS_POINT_TYPE, value=COMMA]]
2021-08-16 12:33:36.394  INFO 13656 --- [http-nio-80-exec-5] com.shopme.filter.SettingFilter          : SettingFilter | doFilter | generalSettings : [Setting [key=COPYRIGHT, value=Copyright (C) 2021 Shopme Ltd.], Setting [key=CURRENCY_ID, value=1], Setting [key=CURRENCY_SYMBOL, value=$], Setting [key=CURRENCY_SYMBOL_POSITION, value=Before price], Setting [key=DECIMAL_DIGITS, value=2], Setting [key=DECIMAL_POINT_TYPE, value=POINT], Setting [key=SITE_LOGO, value=/site-logo/ShopmeAdminSmall.png], Setting [key=SITE_NAME, value=Shopme], Setting [key=THOUSANDS_POINT_TYPE, value=COMMA]]
2021-08-16 12:33:36.394  INFO 13656 --- [http-nio-80-exec-5] com.shopme.filter.SettingFilter          : SettingFilter | doFilter | generalSettings : [Setting [key=COPYRIGHT, value=Copyright (C) 2021 Shopme Ltd.], Setting [key=CURRENCY_ID, value=1], Setting [key=CURRENCY_SYMBOL, value=$], Setting [key=CURRENCY_SYMBOL_POSITION, value=Before price], Setting [key=DECIMAL_DIGITS, value=2], Setting [key=DECIMAL_POINT_TYPE, value=POINT], Setting [key=SITE_LOGO, value=/site-logo/ShopmeAdminSmall.png], Setting [key=SITE_NAME, value=Shopme], Setting [key=THOUSANDS_POINT_TYPE, value=COMMA]]
2021-08-16 12:33:36.394  INFO 13656 --- [http-nio-80-exec-5] com.shopme.filter.SettingFilter          : SettingFilter | doFilter | generalSettings : [Setting [key=COPYRIGHT, value=Copyright (C) 2021 Shopme Ltd.], Setting [key=CURRENCY_ID, value=1], Setting [key=CURRENCY_SYMBOL, value=$], Setting [key=CURRENCY_SYMBOL_POSITION, value=Before price], Setting [key=DECIMAL_DIGITS, value=2], Setting [key=DECIMAL_POINT_TYPE, value=POINT], Setting [key=SITE_LOGO, value=/site-logo/ShopmeAdminSmall.png], Setting [key=SITE_NAME, value=Shopme], Setting [key=THOUSANDS_POINT_TYPE, value=COMMA]]
2021-08-16 12:33:36.394  INFO 13656 --- [http-nio-80-exec-5] com.shopme.filter.SettingFilter          : SettingFilter | doFilter | generalSettings : [Setting [key=COPYRIGHT, value=Copyright (C) 2021 Shopme Ltd.], Setting [key=CURRENCY_ID, value=1], Setting [key=CURRENCY_SYMBOL, value=$], Setting [key=CURRENCY_SYMBOL_POSITION, value=Before price], Setting [key=DECIMAL_DIGITS, value=2], Setting [key=DECIMAL_POINT_TYPE, value=POINT], Setting [key=SITE_LOGO, value=/site-logo/ShopmeAdminSmall.png], Setting [key=SITE_NAME, value=Shopme], Setting [key=THOUSANDS_POINT_TYPE, value=COMMA]]
2021-08-16 12:33:36.394  INFO 13656 --- [http-nio-80-exec-5] com.shopme.filter.SettingFilter          : SettingFilter | doFilter | generalSettings : [Setting [key=COPYRIGHT, value=Copyright (C) 2021 Shopme Ltd.], Setting [key=CURRENCY_ID, value=1], Setting [key=CURRENCY_SYMBOL, value=$], Setting [key=CURRENCY_SYMBOL_POSITION, value=Before price], Setting [key=DECIMAL_DIGITS, value=2], Setting [key=DECIMAL_POINT_TYPE, value=POINT], Setting [key=SITE_LOGO, value=/site-logo/ShopmeAdminSmall.png], Setting [key=SITE_NAME, value=Shopme], Setting [key=THOUSANDS_POINT_TYPE, value=COMMA]]
2021-08-16 12:33:36.395  INFO 13656 --- [http-nio-80-exec-5] com.shopme.filter.SettingFilter          : SettingFilter | doFilter | generalSettings : [Setting [key=COPYRIGHT, value=Copyright (C) 2021 Shopme Ltd.], Setting [key=CURRENCY_ID, value=1], Setting [key=CURRENCY_SYMBOL, value=$], Setting [key=CURRENCY_SYMBOL_POSITION, value=Before price], Setting [key=DECIMAL_DIGITS, value=2], Setting [key=DECIMAL_POINT_TYPE, value=POINT], Setting [key=SITE_LOGO, value=/site-logo/ShopmeAdminSmall.png], Setting [key=SITE_NAME, value=Shopme], Setting [key=THOUSANDS_POINT_TYPE, value=COMMA]]
2021-08-16 12:33:36.395  INFO 13656 --- [http-nio-80-exec-5] com.shopme.filter.SettingFilter          : SettingFilter | doFilter | generalSettings : [Setting [key=COPYRIGHT, value=Copyright (C) 2021 Shopme Ltd.], Setting [key=CURRENCY_ID, value=1], Setting [key=CURRENCY_SYMBOL, value=$], Setting [key=CURRENCY_SYMBOL_POSITION, value=Before price], Setting [key=DECIMAL_DIGITS, value=2], Setting [key=DECIMAL_POINT_TYPE, value=POINT], Setting [key=SITE_LOGO, value=/site-logo/ShopmeAdminSmall.png], Setting [key=SITE_NAME, value=Shopme], Setting [key=THOUSANDS_POINT_TYPE, value=COMMA]]
2021-08-16 12:33:36.396  INFO 13656 --- [http-nio-80-exec-5] c.s.controller.ShoppingCartController    : ShoppingCartController | viewCart is called
2021-08-16 12:33:36.397  INFO 13656 --- [http-nio-80-exec-5] c.shopme.util.CustomerShoppingCartUtil   : CustomerShoppingCartUtil | getAuthenticatedCustomer is called
2021-08-16 12:33:36.397  INFO 13656 --- [http-nio-80-exec-5] com.shopme.util.CustomerAccountUtil      : CustomerController | getEmailOfAuthenticatedCustomer is called
2021-08-16 12:33:36.398  INFO 13656 --- [http-nio-80-exec-5] com.shopme.util.CustomerAccountUtil      : CustomerController | getEmailOfAuthenticatedCustomer | principal : RememberMeAuthenticationToken [Principal=com.shopme.security.CustomerUserDetails@78ad7010, Credentials=[PROTECTED], Authenticated=true, Details=WebAuthenticationDetails [RemoteIpAddress=0:0:0:0:0:0:0:1, SessionId=null], Granted Authorities=[]]
2021-08-16 12:33:36.398  INFO 13656 --- [http-nio-80-exec-5] com.shopme.util.CustomerAccountUtil      : CustomerController | getEmailOfAuthenticatedCustomer | principal instanceof UsernamePasswordAuthenticationToken  : false
2021-08-16 12:33:36.398  INFO 13656 --- [http-nio-80-exec-5] com.shopme.util.CustomerAccountUtil      : CustomerController | getEmailOfAuthenticatedCustomer | principal instanceof RememberMeAuthenticationToken  : true
2021-08-16 12:33:36.399  INFO 13656 --- [http-nio-80-exec-5] com.shopme.util.CustomerAccountUtil      : CustomerController | getEmailOfAuthenticatedCustomer | principal instanceof OAuth2AuthenticationToken  : false
2021-08-16 12:33:36.399  INFO 13656 --- [http-nio-80-exec-5] com.shopme.security.CustomerUserDetails  : CustomerUserDetails | username: lehoanganhvn@gmail.com
2021-08-16 12:33:36.400  INFO 13656 --- [http-nio-80-exec-5] com.shopme.util.CustomerAccountUtil      : CustomerController | getEmailOfAuthenticatedCustomer | customerEmail : lehoanganhvn@gmail.com
2021-08-16 12:33:36.400  INFO 13656 --- [http-nio-80-exec-5] c.shopme.util.CustomerShoppingCartUtil   : CustomerShoppingCartUtil | getAuthenticatedCustomer | email : lehoanganhvn@gmail.com
2021-08-16 12:33:36.456  INFO 13656 --- [http-nio-80-exec-5] c.shopme.util.CustomerShoppingCartUtil   : CustomerShoppingCartUtil | getAuthenticatedCustomer | customerService.getCustomerByEmail(email) : Customer [id=1, email=lehoanganhvn@gmail.com, firstName=Anh, lastName=Le Hoang]
2021-08-16 12:33:36.465  INFO 13656 --- [http-nio-80-exec-5] com.shopme.service.ShoppingCartService   : ShoppingCartService | listCartItems is called
2021-08-16 12:33:36.522  INFO 13656 --- [http-nio-80-exec-5] com.shopme.service.ShoppingCartService   : ShoppingCartService | listCartItems | listCartItems size : 1
2021-08-16 12:33:36.526  INFO 13656 --- [http-nio-80-exec-5] c.s.controller.ShoppingCartController    : ShoppingCartController | viewCart | customer : Customer [id=1, email=lehoanganhvn@gmail.com, firstName=Anh, lastName=Le Hoang]
2021-08-16 12:33:36.526  INFO 13656 --- [http-nio-80-exec-5] c.s.controller.ShoppingCartController    : ShoppingCartController | viewCart | cartItems : 1
2021-08-16 12:33:36.526  INFO 13656 --- [http-nio-80-exec-5] c.s.controller.ShoppingCartController    : ShoppingCartController | viewCart | item.getSubtotal() : 2396.0
2021-08-16 12:33:36.527  INFO 13656 --- [http-nio-80-exec-5] c.s.controller.ShoppingCartController    : ShoppingCartController | viewCart | estimatedTotal : 2396.0
2021-08-16 12:33:36.574  INFO 13656 --- [http-nio-80-exec-5] com.shopme.security.CustomerUserDetails  : CustomerUserDetails | getFullName: Anh Le Hoang
2021-08-16 12:33:36.578  INFO 13656 --- [http-nio-80-exec-5] com.shopme.security.CustomerUserDetails  : CustomerUserDetails | getFullName: Anh Le Hoang
2021-08-16 12:33:36.666  INFO 13656 --- [http-nio-80-exec-5] com.shopme.security.CustomerUserDetails  : CustomerUserDetails | username: lehoanganhvn@gmail.com
2021-08-16 12:33:36.763  INFO 13656 --- [http-nio-80-exec-3] com.shopme.filter.SettingFilter          : SettingFilter | doFilter is called
2021-08-16 12:33:36.763  INFO 13656 --- [http-nio-80-exec-3] com.shopme.filter.SettingFilter          : SettingFilter | doFilter | url : http://localhost/Shopme/webjars/bootstrap/4.3.1/css/bootstrap.min.css
2021-08-16 12:33:36.763  INFO 13656 --- [http-nio-80-exec-3] com.shopme.filter.SettingFilter          : SettingFilter | doFilter | .css , .js , .png , . jpg | url : http://localhost/Shopme/webjars/bootstrap/4.3.1/css/bootstrap.min.css
2021-08-16 12:33:36.764  INFO 13656 --- [http-nio-80-exec-8] com.shopme.filter.SettingFilter          : SettingFilter | doFilter is called
2021-08-16 12:33:36.764  INFO 13656 --- [http-nio-80-exec-4] com.shopme.filter.SettingFilter          : SettingFilter | doFilter is called
2021-08-16 12:33:36.764  INFO 13656 --- [http-nio-80-exec-8] com.shopme.filter.SettingFilter          : SettingFilter | doFilter | url : http://localhost/Shopme/webjars/jquery/3.4.1/jquery.min.js
2021-08-16 12:33:36.764  INFO 13656 --- [http-nio-80-exec-4] com.shopme.filter.SettingFilter          : SettingFilter | doFilter | url : http://localhost/Shopme/webjars/bootstrap/4.3.1/js/bootstrap.min.js
2021-08-16 12:33:36.764  INFO 13656 --- [http-nio-80-exec-8] com.shopme.filter.SettingFilter          : SettingFilter | doFilter | .css , .js , .png , . jpg | url : http://localhost/Shopme/webjars/jquery/3.4.1/jquery.min.js
2021-08-16 12:33:36.764  INFO 13656 --- [http-nio-80-exec-6] com.shopme.filter.SettingFilter          : SettingFilter | doFilter is called
2021-08-16 12:33:36.764  INFO 13656 --- [http-nio-80-exec-4] com.shopme.filter.SettingFilter          : SettingFilter | doFilter | .css , .js , .png , . jpg | url : http://localhost/Shopme/webjars/bootstrap/4.3.1/js/bootstrap.min.js
2021-08-16 12:33:36.764  INFO 13656 --- [http-nio-80-exec-6] com.shopme.filter.SettingFilter          : SettingFilter | doFilter | url : http://localhost/Shopme/fontawesome/all.css
2021-08-16 12:33:36.764  INFO 13656 --- [http-nio-80-exec-6] com.shopme.filter.SettingFilter          : SettingFilter | doFilter | .css , .js , .png , . jpg | url : http://localhost/Shopme/fontawesome/all.css
2021-08-16 12:33:36.770  INFO 13656 --- [http-nio-80-exec-6] com.shopme.security.CustomerUserDetails  : CustomerUserDetails | username: lehoanganhvn@gmail.com
2021-08-16 12:33:36.822  INFO 13656 --- [http-nio-80-exec-7] com.shopme.filter.SettingFilter          : SettingFilter | doFilter is called
2021-08-16 12:33:36.822  INFO 13656 --- [http-nio-80-exec-7] com.shopme.filter.SettingFilter          : SettingFilter | doFilter | url : http://localhost/Shopme/site-logo/ShopmeAdminSmall.png
2021-08-16 12:33:36.822  INFO 13656 --- [http-nio-80-exec-7] com.shopme.filter.SettingFilter          : SettingFilter | doFilter | .css , .js , .png , . jpg | url : http://localhost/Shopme/site-logo/ShopmeAdminSmall.png
2021-08-16 12:33:36.823  INFO 13656 --- [http-nio-80-exec-9] com.shopme.filter.SettingFilter          : SettingFilter | doFilter is called
2021-08-16 12:33:36.823  INFO 13656 --- [http-nio-80-exec-9] com.shopme.filter.SettingFilter          : SettingFilter | doFilter | url : http://localhost/Shopme/product-images/1/canon%20eos%20m50.png
2021-08-16 12:33:36.823  INFO 13656 --- [http-nio-80-exec-9] com.shopme.filter.SettingFilter          : SettingFilter | doFilter | .css , .js , .png , . jpg | url : http://localhost/Shopme/product-images/1/canon%20eos%20m50.png
2021-08-16 12:33:36.826  INFO 13656 --- [http-nio-80-exec-7] com.shopme.security.CustomerUserDetails  : CustomerUserDetails | username: lehoanganhvn@gmail.com
2021-08-16 12:33:36.836  INFO 13656 --- [http-nio-80-exec-9] com.shopme.security.CustomerUserDetails  : CustomerUserDetails | username: lehoanganhvn@gmail.com
2021-08-16 12:33:36.900  INFO 13656 --- [http-nio-80-exec-10] com.shopme.filter.SettingFilter          : SettingFilter | doFilter is called
2021-08-16 12:33:36.900  INFO 13656 --- [http-nio-80-exec-10] com.shopme.filter.SettingFilter          : SettingFilter | doFilter | url : http://localhost/Shopme/webfonts/fa-solid-900.woff2
2021-08-16 12:33:36.904  INFO 13656 --- [http-nio-80-exec-10] com.shopme.filter.SettingFilter          : SettingFilter | doFilter | generalSettings : [Setting [key=COPYRIGHT, value=Copyright (C) 2021 Shopme Ltd.], Setting [key=CURRENCY_ID, value=1], Setting [key=CURRENCY_SYMBOL, value=$], Setting [key=CURRENCY_SYMBOL_POSITION, value=Before price], Setting [key=DECIMAL_DIGITS, value=2], Setting [key=DECIMAL_POINT_TYPE, value=POINT], Setting [key=SITE_LOGO, value=/site-logo/ShopmeAdminSmall.png], Setting [key=SITE_NAME, value=Shopme], Setting [key=THOUSANDS_POINT_TYPE, value=COMMA]]
2021-08-16 12:33:36.904  INFO 13656 --- [http-nio-80-exec-10] com.shopme.filter.SettingFilter          : SettingFilter | doFilter | generalSettings : [Setting [key=COPYRIGHT, value=Copyright (C) 2021 Shopme Ltd.], Setting [key=CURRENCY_ID, value=1], Setting [key=CURRENCY_SYMBOL, value=$], Setting [key=CURRENCY_SYMBOL_POSITION, value=Before price], Setting [key=DECIMAL_DIGITS, value=2], Setting [key=DECIMAL_POINT_TYPE, value=POINT], Setting [key=SITE_LOGO, value=/site-logo/ShopmeAdminSmall.png], Setting [key=SITE_NAME, value=Shopme], Setting [key=THOUSANDS_POINT_TYPE, value=COMMA]]
2021-08-16 12:33:36.904  INFO 13656 --- [http-nio-80-exec-10] com.shopme.filter.SettingFilter          : SettingFilter | doFilter | generalSettings : [Setting [key=COPYRIGHT, value=Copyright (C) 2021 Shopme Ltd.], Setting [key=CURRENCY_ID, value=1], Setting [key=CURRENCY_SYMBOL, value=$], Setting [key=CURRENCY_SYMBOL_POSITION, value=Before price], Setting [key=DECIMAL_DIGITS, value=2], Setting [key=DECIMAL_POINT_TYPE, value=POINT], Setting [key=SITE_LOGO, value=/site-logo/ShopmeAdminSmall.png], Setting [key=SITE_NAME, value=Shopme], Setting [key=THOUSANDS_POINT_TYPE, value=COMMA]]
2021-08-16 12:33:36.904  INFO 13656 --- [http-nio-80-exec-10] com.shopme.filter.SettingFilter          : SettingFilter | doFilter | generalSettings : [Setting [key=COPYRIGHT, value=Copyright (C) 2021 Shopme Ltd.], Setting [key=CURRENCY_ID, value=1], Setting [key=CURRENCY_SYMBOL, value=$], Setting [key=CURRENCY_SYMBOL_POSITION, value=Before price], Setting [key=DECIMAL_DIGITS, value=2], Setting [key=DECIMAL_POINT_TYPE, value=POINT], Setting [key=SITE_LOGO, value=/site-logo/ShopmeAdminSmall.png], Setting [key=SITE_NAME, value=Shopme], Setting [key=THOUSANDS_POINT_TYPE, value=COMMA]]
2021-08-16 12:33:36.904  INFO 13656 --- [http-nio-80-exec-10] com.shopme.filter.SettingFilter          : SettingFilter | doFilter | generalSettings : [Setting [key=COPYRIGHT, value=Copyright (C) 2021 Shopme Ltd.], Setting [key=CURRENCY_ID, value=1], Setting [key=CURRENCY_SYMBOL, value=$], Setting [key=CURRENCY_SYMBOL_POSITION, value=Before price], Setting [key=DECIMAL_DIGITS, value=2], Setting [key=DECIMAL_POINT_TYPE, value=POINT], Setting [key=SITE_LOGO, value=/site-logo/ShopmeAdminSmall.png], Setting [key=SITE_NAME, value=Shopme], Setting [key=THOUSANDS_POINT_TYPE, value=COMMA]]
2021-08-16 12:33:36.904  INFO 13656 --- [http-nio-80-exec-10] com.shopme.filter.SettingFilter          : SettingFilter | doFilter | generalSettings : [Setting [key=COPYRIGHT, value=Copyright (C) 2021 Shopme Ltd.], Setting [key=CURRENCY_ID, value=1], Setting [key=CURRENCY_SYMBOL, value=$], Setting [key=CURRENCY_SYMBOL_POSITION, value=Before price], Setting [key=DECIMAL_DIGITS, value=2], Setting [key=DECIMAL_POINT_TYPE, value=POINT], Setting [key=SITE_LOGO, value=/site-logo/ShopmeAdminSmall.png], Setting [key=SITE_NAME, value=Shopme], Setting [key=THOUSANDS_POINT_TYPE, value=COMMA]]
2021-08-16 12:33:36.904  INFO 13656 --- [http-nio-80-exec-10] com.shopme.filter.SettingFilter          : SettingFilter | doFilter | generalSettings : [Setting [key=COPYRIGHT, value=Copyright (C) 2021 Shopme Ltd.], Setting [key=CURRENCY_ID, value=1], Setting [key=CURRENCY_SYMBOL, value=$], Setting [key=CURRENCY_SYMBOL_POSITION, value=Before price], Setting [key=DECIMAL_DIGITS, value=2], Setting [key=DECIMAL_POINT_TYPE, value=POINT], Setting [key=SITE_LOGO, value=/site-logo/ShopmeAdminSmall.png], Setting [key=SITE_NAME, value=Shopme], Setting [key=THOUSANDS_POINT_TYPE, value=COMMA]]
2021-08-16 12:33:36.904  INFO 13656 --- [http-nio-80-exec-10] com.shopme.filter.SettingFilter          : SettingFilter | doFilter | generalSettings : [Setting [key=COPYRIGHT, value=Copyright (C) 2021 Shopme Ltd.], Setting [key=CURRENCY_ID, value=1], Setting [key=CURRENCY_SYMBOL, value=$], Setting [key=CURRENCY_SYMBOL_POSITION, value=Before price], Setting [key=DECIMAL_DIGITS, value=2], Setting [key=DECIMAL_POINT_TYPE, value=POINT], Setting [key=SITE_LOGO, value=/site-logo/ShopmeAdminSmall.png], Setting [key=SITE_NAME, value=Shopme], Setting [key=THOUSANDS_POINT_TYPE, value=COMMA]]
2021-08-16 12:33:36.904  INFO 13656 --- [http-nio-80-exec-10] com.shopme.filter.SettingFilter          : SettingFilter | doFilter | generalSettings : [Setting [key=COPYRIGHT, value=Copyright (C) 2021 Shopme Ltd.], Setting [key=CURRENCY_ID, value=1], Setting [key=CURRENCY_SYMBOL, value=$], Setting [key=CURRENCY_SYMBOL_POSITION, value=Before price], Setting [key=DECIMAL_DIGITS, value=2], Setting [key=DECIMAL_POINT_TYPE, value=POINT], Setting [key=SITE_LOGO, value=/site-logo/ShopmeAdminSmall.png], Setting [key=SITE_NAME, value=Shopme], Setting [key=THOUSANDS_POINT_TYPE, value=COMMA]]
2021-08-16 12:33:36.909  INFO 13656 --- [http-nio-80-exec-10] com.shopme.security.CustomerUserDetails  : CustomerUserDetails | username: lehoanganhvn@gmail.com
2021-08-16 12:37:49.966  INFO 13656 --- [RMI TCP Connection(14)-127.0.0.1] inMXBeanRegistrar$SpringApplicationAdmin : Application shutdown requested.
2021-08-16 12:37:50.017  INFO 13656 --- [RMI TCP Connection(14)-127.0.0.1] o.s.s.concurrent.ThreadPoolTaskExecutor  : Shutting down ExecutorService 'applicationTaskExecutor'
2021-08-16 12:37:50.024  INFO 13656 --- [RMI TCP Connection(14)-127.0.0.1] j.LocalContainerEntityManagerFactoryBean : Closing JPA EntityManagerFactory for persistence unit 'default'
2021-08-16 12:37:50.031  INFO 13656 --- [RMI TCP Connection(14)-127.0.0.1] com.zaxxer.hikari.HikariDataSource       : HikariPool-1 - Shutdown initiated...
2021-08-16 12:37:50.045  INFO 13656 --- [RMI TCP Connection(14)-127.0.0.1] com.zaxxer.hikari.HikariDataSource       : HikariPool-1 - Shutdown completed.
