2021-12-21 13:45:36.335  INFO 5148 --- [http-nio-80-exec-7] com.shopme.filter.SettingFilter          : SettingFilter | doFilter | S3_BASE_URI : https://shopmefiles.s3.eu-central-1.amazonaws.com
2021-12-21 13:45:36.338  INFO 5148 --- [http-nio-80-exec-7] com.shopme.controller.MainController     : MainController | viewHomePage is called
2021-12-21 13:45:36.353  INFO 5148 --- [http-nio-80-exec-7] com.shopme.controller.MainController     : MainController | viewHomePage | listCategories : 25
2021-12-21 13:45:36.465  INFO 5148 --- [http-nio-80-exec-8] com.shopme.filter.SettingFilter          : SettingFilter | doFilter is called
2021-12-21 13:45:36.465  INFO 5148 --- [http-nio-80-exec-5] com.shopme.filter.SettingFilter          : SettingFilter | doFilter is called
2021-12-21 13:45:36.465  INFO 5148 --- [http-nio-80-exec-6] com.shopme.filter.SettingFilter          : SettingFilter | doFilter is called
2021-12-21 13:45:36.466  INFO 5148 --- [http-nio-80-exec-4] com.shopme.filter.SettingFilter          : SettingFilter | doFilter is called
2021-12-21 13:45:36.471  INFO 5148 --- [http-nio-80-exec-5] com.shopme.filter.SettingFilter          : SettingFilter | doFilter | url : http://localhost/Shopme/css/styles.css
2021-12-21 13:45:36.466  INFO 5148 --- [http-nio-80-exec-10] com.shopme.filter.SettingFilter          : SettingFilter | doFilter is called
2021-12-21 13:45:36.471  INFO 5148 --- [http-nio-80-exec-4] com.shopme.filter.SettingFilter          : SettingFilter | doFilter | url : http://localhost/Shopme/webjars/jquery/3.4.1/jquery.min.js
2021-12-21 13:45:36.471  INFO 5148 --- [http-nio-80-exec-8] com.shopme.filter.SettingFilter          : SettingFilter | doFilter | url : http://localhost/Shopme/webjars/bootstrap/4.3.1/css/bootstrap.min.css
2021-12-21 13:45:36.471  INFO 5148 --- [http-nio-80-exec-10] com.shopme.filter.SettingFilter          : SettingFilter | doFilter | url : http://localhost/Shopme/webjars/bootstrap/4.3.1/js/bootstrap.min.js
2021-12-21 13:45:36.471  INFO 5148 --- [http-nio-80-exec-6] com.shopme.filter.SettingFilter          : SettingFilter | doFilter | url : http://localhost/Shopme/fontawesome/all.css
2021-12-21 13:45:36.471  INFO 5148 --- [http-nio-80-exec-5] com.shopme.filter.SettingFilter          : SettingFilter | doFilter | .css , .js , .png , . jpg | url : http://localhost/Shopme/css/styles.css
2021-12-21 13:45:36.471  INFO 5148 --- [http-nio-80-exec-6] com.shopme.filter.SettingFilter          : SettingFilter | doFilter | .css , .js , .png , . jpg | url : http://localhost/Shopme/fontawesome/all.css
2021-12-21 13:45:36.471  INFO 5148 --- [http-nio-80-exec-4] com.shopme.filter.SettingFilter          : SettingFilter | doFilter | .css , .js , .png , . jpg | url : http://localhost/Shopme/webjars/jquery/3.4.1/jquery.min.js
2021-12-21 13:45:36.471  INFO 5148 --- [http-nio-80-exec-8] com.shopme.filter.SettingFilter          : SettingFilter | doFilter | .css , .js , .png , . jpg | url : http://localhost/Shopme/webjars/bootstrap/4.3.1/css/bootstrap.min.css
2021-12-21 13:45:36.471  INFO 5148 --- [http-nio-80-exec-10] com.shopme.filter.SettingFilter          : SettingFilter | doFilter | .css , .js , .png , . jpg | url : http://localhost/Shopme/webjars/bootstrap/4.3.1/js/bootstrap.min.js
2021-12-21 13:47:30.897  INFO 5148 --- [Thread-4] o.s.s.concurrent.ThreadPoolTaskExecutor  : Shutting down ExecutorService 'applicationTaskExecutor'
2021-12-21 13:47:30.902  INFO 5148 --- [Thread-4] j.LocalContainerEntityManagerFactoryBean : Closing JPA EntityManagerFactory for persistence unit 'default'
2021-12-21 13:47:30.904  INFO 5148 --- [Thread-4] com.zaxxer.hikari.HikariDataSource       : HikariPool-1 - Shutdown initiated...
2021-12-21 13:47:30.908  INFO 5148 --- [Thread-4] com.zaxxer.hikari.HikariDataSource       : HikariPool-1 - Shutdown completed.
2021-12-21 13:47:30.978  INFO 5148 --- [restartedMain] com.shopme.ShopmeFrontEndApplication     : Starting ShopmeFrontEndApplication using Java 15.0.1 on DESKTOP-E7L6HLO with PID 5148 (C:\Users\Noyan\Desktop\sts-4.9.0.RELEASE\workspace\Shopme\ShopmeWebParent\ShopmeFrontEnd\target\classes started by Noyan in C:\Users\Noyan\Desktop\sts-4.9.0.RELEASE\workspace\Shopme\ShopmeWebParent\ShopmeFrontEnd)
2021-12-21 13:47:30.978  INFO 5148 --- [restartedMain] com.shopme.ShopmeFrontEndApplication     : No active profile set, falling back to default profiles: default
2021-12-21 13:47:31.160  INFO 5148 --- [restartedMain] .s.d.r.c.RepositoryConfigurationDelegate : Bootstrapping Spring Data JPA repositories in DEFAULT mode.
2021-12-21 13:47:31.210  INFO 5148 --- [restartedMain] .s.d.r.c.RepositoryConfigurationDelegate : Finished Spring Data repository scanning in 50 ms. Found 13 JPA repository interfaces.
2021-12-21 13:47:31.287  INFO 5148 --- [restartedMain] o.s.b.w.embedded.tomcat.TomcatWebServer  : Tomcat initialized with port(s): 80 (http)
2021-12-21 13:47:31.287  INFO 5148 --- [restartedMain] o.apache.catalina.core.StandardService   : Starting service [Tomcat]
2021-12-21 13:47:31.287  INFO 5148 --- [restartedMain] org.apache.catalina.core.StandardEngine  : Starting Servlet engine: [Apache Tomcat/9.0.41]
2021-12-21 13:47:31.309  INFO 5148 --- [restartedMain] o.a.c.c.C.[.[localhost].[/Shopme]        : Initializing Spring embedded WebApplicationContext
2021-12-21 13:47:31.309  INFO 5148 --- [restartedMain] w.s.c.ServletWebServerApplicationContext : Root WebApplicationContext: initialization completed in 329 ms
2021-12-21 13:47:31.348  INFO 5148 --- [restartedMain] o.hibernate.jpa.internal.util.LogHelper  : HHH000204: Processing PersistenceUnitInfo [name: default]
2021-12-21 13:47:31.354  INFO 5148 --- [restartedMain] com.zaxxer.hikari.HikariDataSource       : HikariPool-2 - Starting...
2021-12-21 13:47:31.369  INFO 5148 --- [restartedMain] com.zaxxer.hikari.HikariDataSource       : HikariPool-2 - Start completed.
2021-12-21 13:47:31.370  INFO 5148 --- [restartedMain] org.hibernate.dialect.Dialect            : HHH000400: Using dialect: org.hibernate.dialect.MySQL8Dialect
2021-12-21 13:47:31.616  INFO 5148 --- [restartedMain] o.h.e.t.j.p.i.JtaPlatformInitiator       : HHH000490: Using JtaPlatform implementation: [org.hibernate.engine.transaction.jta.platform.internal.NoJtaPlatform]
2021-12-21 13:47:31.616  INFO 5148 --- [restartedMain] j.LocalContainerEntityManagerFactoryBean : Initialized JPA EntityManagerFactory for persistence unit 'default'
2021-12-21 13:47:31.669  INFO 5148 --- [restartedMain] o.s.b.d.a.OptionalLiveReloadServer       : LiveReload server is running on port 35729
2021-12-21 13:47:31.736  WARN 5148 --- [restartedMain] JpaBaseConfiguration$JpaWebConfiguration : spring.jpa.open-in-view is enabled by default. Therefore, database queries may be performed during view rendering. Explicitly configure spring.jpa.open-in-view to disable this warning
2021-12-21 13:47:31.897  INFO 5148 --- [restartedMain] o.s.s.web.DefaultSecurityFilterChain     : Will secure Ant [pattern='/images/**'] with []
2021-12-21 13:47:31.897  INFO 5148 --- [restartedMain] o.s.s.web.DefaultSecurityFilterChain     : Will secure Ant [pattern='/js/**'] with []
2021-12-21 13:47:31.897  INFO 5148 --- [restartedMain] o.s.s.web.DefaultSecurityFilterChain     : Will secure Ant [pattern='/webjars/**'] with []
2021-12-21 13:47:31.897  INFO 5148 --- [restartedMain] o.s.s.web.DefaultSecurityFilterChain     : Will secure Ant [pattern='/css/**'] with []
2021-12-21 13:47:31.905  INFO 5148 --- [restartedMain] o.s.s.web.DefaultSecurityFilterChain     : Will secure any request with [org.springframework.security.web.context.request.async.WebAsyncManagerIntegrationFilter@53d20875, org.springframework.security.web.context.SecurityContextPersistenceFilter@4f495771, org.springframework.security.web.header.HeaderWriterFilter@24f3ed6f, org.springframework.security.web.csrf.CsrfFilter@25f5f7b1, org.springframework.security.web.authentication.logout.LogoutFilter@acbecd3, org.springframework.security.oauth2.client.web.OAuth2AuthorizationRequestRedirectFilter@74cfea5c, org.springframework.security.oauth2.client.web.OAuth2LoginAuthenticationFilter@39cdd1f5, org.springframework.security.web.authentication.UsernamePasswordAuthenticationFilter@5e16764b, org.springframework.security.web.savedrequest.RequestCacheAwareFilter@2aca9902, org.springframework.security.web.servletapi.SecurityContextHolderAwareRequestFilter@11e991a1, org.springframework.security.web.authentication.rememberme.RememberMeAuthenticationFilter@3e1b85d3, org.springframework.security.web.authentication.AnonymousAuthenticationFilter@58c49559, org.springframework.security.web.session.SessionManagementFilter@458b780e, org.springframework.security.web.access.ExceptionTranslationFilter@3a2bf9bb, org.springframework.security.web.access.intercept.FilterSecurityInterceptor@c817a0d]
2021-12-21 13:47:31.925  INFO 5148 --- [restartedMain] o.s.s.concurrent.ThreadPoolTaskExecutor  : Initializing ExecutorService 'applicationTaskExecutor'
2021-12-21 13:47:31.936  INFO 5148 --- [restartedMain] o.s.b.a.w.s.WelcomePageHandlerMapping    : Adding welcome page template: index
2021-12-21 13:47:32.064  INFO 5148 --- [restartedMain] o.s.b.w.embedded.tomcat.TomcatWebServer  : Tomcat started on port(s): 80 (http) with context path '/Shopme'
2021-12-21 13:47:32.067  INFO 5148 --- [restartedMain] com.shopme.ShopmeFrontEndApplication     : Started ShopmeFrontEndApplication in 1.117 seconds (JVM running for 270.198)
2021-12-21 13:47:32.068  INFO 5148 --- [restartedMain] .ConditionEvaluationDeltaLoggingListener : Condition evaluation unchanged
2021-12-21 14:25:45.824  INFO 5148 --- [RMI TCP Connection(63)-127.0.0.1] inMXBeanRegistrar$SpringApplicationAdmin : Application shutdown requested.
2021-12-21 14:25:45.869  INFO 5148 --- [RMI TCP Connection(63)-127.0.0.1] o.s.s.concurrent.ThreadPoolTaskExecutor  : Shutting down ExecutorService 'applicationTaskExecutor'
2021-12-21 14:25:45.873  INFO 5148 --- [RMI TCP Connection(63)-127.0.0.1] j.LocalContainerEntityManagerFactoryBean : Closing JPA EntityManagerFactory for persistence unit 'default'
2021-12-21 14:25:45.874  INFO 5148 --- [RMI TCP Connection(63)-127.0.0.1] com.zaxxer.hikari.HikariDataSource       : HikariPool-2 - Shutdown initiated...
2021-12-21 14:25:45.879  INFO 5148 --- [RMI TCP Connection(63)-127.0.0.1] com.zaxxer.hikari.HikariDataSource       : HikariPool-2 - Shutdown completed.
