2021-08-08 23:30:13.558  INFO 14508 --- [restartedMain] o.s.s.web.DefaultSecurityFilterChain     : Will secure Ant [pattern='/webjars/**'] with []
2021-08-08 23:30:13.602  INFO 14508 --- [restartedMain] o.s.s.web.DefaultSecurityFilterChain     : Will secure any request with [org.springframework.security.web.context.request.async.WebAsyncManagerIntegrationFilter@5a04da7f, org.springframework.security.web.context.SecurityContextPersistenceFilter@2584b123, org.springframework.security.web.header.HeaderWriterFilter@33547d2e, org.springframework.security.web.csrf.CsrfFilter@3f7997c, org.springframework.security.web.authentication.logout.LogoutFilter@5654d1ed, org.springframework.security.oauth2.client.web.OAuth2AuthorizationRequestRedirectFilter@783be9e7, org.springframework.security.oauth2.client.web.OAuth2LoginAuthenticationFilter@af3dc56, org.springframework.security.web.authentication.UsernamePasswordAuthenticationFilter@15ecfe91, org.springframework.security.web.savedrequest.RequestCacheAwareFilter@682c7d40, org.springframework.security.web.servletapi.SecurityContextHolderAwareRequestFilter@2f3f8fd, org.springframework.security.web.authentication.rememberme.RememberMeAuthenticationFilter@7d5760e3, org.springframework.security.web.authentication.AnonymousAuthenticationFilter@4e01bc05, org.springframework.security.web.session.SessionManagementFilter@2441a28, org.springframework.security.web.access.ExceptionTranslationFilter@340f2044, org.springframework.security.web.access.intercept.FilterSecurityInterceptor@63e09336]
2021-08-08 23:30:13.682  INFO 14508 --- [restartedMain] o.s.s.concurrent.ThreadPoolTaskExecutor  : Initializing ExecutorService 'applicationTaskExecutor'
2021-08-08 23:30:13.735  INFO 14508 --- [restartedMain] o.s.b.a.w.s.WelcomePageHandlerMapping    : Adding welcome page template: index
2021-08-08 23:30:14.016  INFO 14508 --- [restartedMain] o.s.b.w.embedded.tomcat.TomcatWebServer  : Tomcat started on port(s): 80 (http) with context path '/Shopme'
2021-08-08 23:30:14.023  INFO 14508 --- [restartedMain] com.shopme.ShopmeFrontEndApplication     : Started ShopmeFrontEndApplication in 3.42 seconds (JVM running for 3.975)
2021-08-08 23:30:18.069  INFO 14508 --- [http-nio-80-exec-1] o.a.c.c.C.[.[localhost].[/Shopme]        : Initializing Spring DispatcherServlet 'dispatcherServlet'
2021-08-08 23:30:18.069  INFO 14508 --- [http-nio-80-exec-1] o.s.web.servlet.DispatcherServlet        : Initializing Servlet 'dispatcherServlet'
2021-08-08 23:30:18.070  INFO 14508 --- [http-nio-80-exec-1] o.s.web.servlet.DispatcherServlet        : Completed initialization in 1 ms
2021-08-08 23:30:18.084  INFO 14508 --- [http-nio-80-exec-1] com.shopme.filter.SettingFilter          : SettingFilter | doFilter is called
2021-08-08 23:30:18.084  INFO 14508 --- [http-nio-80-exec-1] com.shopme.filter.SettingFilter          : SettingFilter | doFilter | url : http://localhost/Shopme/
2021-08-08 23:30:18.120  INFO 14508 --- [http-nio-80-exec-1] com.shopme.filter.SettingFilter          : SettingFilter | doFilter | generalSettings : [Setting [key=COPYRIGHT, value=Copyright (C) 2021 Shopme Ltd.], Setting [key=CURRENCY_ID, value=1], Setting [key=CURRENCY_SYMBOL, value=$], Setting [key=CURRENCY_SYMBOL_POSITION, value=Before price], Setting [key=DECIMAL_DIGITS, value=2], Setting [key=DECIMAL_POINT_TYPE, value=POINT], Setting [key=SITE_LOGO, value=/site-logo/ShopmeAdminSmall.png], Setting [key=SITE_NAME, value=Shopme], Setting [key=THOUSANDS_POINT_TYPE, value=COMMA]]
2021-08-08 23:30:18.120  INFO 14508 --- [http-nio-80-exec-1] com.shopme.filter.SettingFilter          : SettingFilter | doFilter | generalSettings : [Setting [key=COPYRIGHT, value=Copyright (C) 2021 Shopme Ltd.], Setting [key=CURRENCY_ID, value=1], Setting [key=CURRENCY_SYMBOL, value=$], Setting [key=CURRENCY_SYMBOL_POSITION, value=Before price], Setting [key=DECIMAL_DIGITS, value=2], Setting [key=DECIMAL_POINT_TYPE, value=POINT], Setting [key=SITE_LOGO, value=/site-logo/ShopmeAdminSmall.png], Setting [key=SITE_NAME, value=Shopme], Setting [key=THOUSANDS_POINT_TYPE, value=COMMA]]
2021-08-08 23:30:18.120  INFO 14508 --- [http-nio-80-exec-1] com.shopme.filter.SettingFilter          : SettingFilter | doFilter | generalSettings : [Setting [key=COPYRIGHT, value=Copyright (C) 2021 Shopme Ltd.], Setting [key=CURRENCY_ID, value=1], Setting [key=CURRENCY_SYMBOL, value=$], Setting [key=CURRENCY_SYMBOL_POSITION, value=Before price], Setting [key=DECIMAL_DIGITS, value=2], Setting [key=DECIMAL_POINT_TYPE, value=POINT], Setting [key=SITE_LOGO, value=/site-logo/ShopmeAdminSmall.png], Setting [key=SITE_NAME, value=Shopme], Setting [key=THOUSANDS_POINT_TYPE, value=COMMA]]
2021-08-08 23:30:18.120  INFO 14508 --- [http-nio-80-exec-1] com.shopme.filter.SettingFilter          : SettingFilter | doFilter | generalSettings : [Setting [key=COPYRIGHT, value=Copyright (C) 2021 Shopme Ltd.], Setting [key=CURRENCY_ID, value=1], Setting [key=CURRENCY_SYMBOL, value=$], Setting [key=CURRENCY_SYMBOL_POSITION, value=Before price], Setting [key=DECIMAL_DIGITS, value=2], Setting [key=DECIMAL_POINT_TYPE, value=POINT], Setting [key=SITE_LOGO, value=/site-logo/ShopmeAdminSmall.png], Setting [key=SITE_NAME, value=Shopme], Setting [key=THOUSANDS_POINT_TYPE, value=COMMA]]
2021-08-08 23:30:18.120  INFO 14508 --- [http-nio-80-exec-1] com.shopme.filter.SettingFilter          : SettingFilter | doFilter | generalSettings : [Setting [key=COPYRIGHT, value=Copyright (C) 2021 Shopme Ltd.], Setting [key=CURRENCY_ID, value=1], Setting [key=CURRENCY_SYMBOL, value=$], Setting [key=CURRENCY_SYMBOL_POSITION, value=Before price], Setting [key=DECIMAL_DIGITS, value=2], Setting [key=DECIMAL_POINT_TYPE, value=POINT], Setting [key=SITE_LOGO, value=/site-logo/ShopmeAdminSmall.png], Setting [key=SITE_NAME, value=Shopme], Setting [key=THOUSANDS_POINT_TYPE, value=COMMA]]
2021-08-08 23:30:18.120  INFO 14508 --- [http-nio-80-exec-1] com.shopme.filter.SettingFilter          : SettingFilter | doFilter | generalSettings : [Setting [key=COPYRIGHT, value=Copyright (C) 2021 Shopme Ltd.], Setting [key=CURRENCY_ID, value=1], Setting [key=CURRENCY_SYMBOL, value=$], Setting [key=CURRENCY_SYMBOL_POSITION, value=Before price], Setting [key=DECIMAL_DIGITS, value=2], Setting [key=DECIMAL_POINT_TYPE, value=POINT], Setting [key=SITE_LOGO, value=/site-logo/ShopmeAdminSmall.png], Setting [key=SITE_NAME, value=Shopme], Setting [key=THOUSANDS_POINT_TYPE, value=COMMA]]
2021-08-08 23:30:18.121  INFO 14508 --- [http-nio-80-exec-1] com.shopme.filter.SettingFilter          : SettingFilter | doFilter | generalSettings : [Setting [key=COPYRIGHT, value=Copyright (C) 2021 Shopme Ltd.], Setting [key=CURRENCY_ID, value=1], Setting [key=CURRENCY_SYMBOL, value=$], Setting [key=CURRENCY_SYMBOL_POSITION, value=Before price], Setting [key=DECIMAL_DIGITS, value=2], Setting [key=DECIMAL_POINT_TYPE, value=POINT], Setting [key=SITE_LOGO, value=/site-logo/ShopmeAdminSmall.png], Setting [key=SITE_NAME, value=Shopme], Setting [key=THOUSANDS_POINT_TYPE, value=COMMA]]
2021-08-08 23:30:18.121  INFO 14508 --- [http-nio-80-exec-1] com.shopme.filter.SettingFilter          : SettingFilter | doFilter | generalSettings : [Setting [key=COPYRIGHT, value=Copyright (C) 2021 Shopme Ltd.], Setting [key=CURRENCY_ID, value=1], Setting [key=CURRENCY_SYMBOL, value=$], Setting [key=CURRENCY_SYMBOL_POSITION, value=Before price], Setting [key=DECIMAL_DIGITS, value=2], Setting [key=DECIMAL_POINT_TYPE, value=POINT], Setting [key=SITE_LOGO, value=/site-logo/ShopmeAdminSmall.png], Setting [key=SITE_NAME, value=Shopme], Setting [key=THOUSANDS_POINT_TYPE, value=COMMA]]
2021-08-08 23:30:18.121  INFO 14508 --- [http-nio-80-exec-1] com.shopme.filter.SettingFilter          : SettingFilter | doFilter | generalSettings : [Setting [key=COPYRIGHT, value=Copyright (C) 2021 Shopme Ltd.], Setting [key=CURRENCY_ID, value=1], Setting [key=CURRENCY_SYMBOL, value=$], Setting [key=CURRENCY_SYMBOL_POSITION, value=Before price], Setting [key=DECIMAL_DIGITS, value=2], Setting [key=DECIMAL_POINT_TYPE, value=POINT], Setting [key=SITE_LOGO, value=/site-logo/ShopmeAdminSmall.png], Setting [key=SITE_NAME, value=Shopme], Setting [key=THOUSANDS_POINT_TYPE, value=COMMA]]
2021-08-08 23:30:18.134  INFO 14508 --- [http-nio-80-exec-1] com.shopme.controller.MainController     : ProductController | viewHomePage is called
2021-08-08 23:30:18.170  INFO 14508 --- [http-nio-80-exec-1] com.shopme.controller.MainController     : ProductController | viewHomePage | listCategories : 25
2021-08-08 23:30:18.386  INFO 14508 --- [http-nio-80-exec-1] com.shopme.security.CustomerUserDetails  : CustomerUserDetails | getFullName: Anh Le Hoang
2021-08-08 23:30:18.389  INFO 14508 --- [http-nio-80-exec-1] com.shopme.security.CustomerUserDetails  : CustomerUserDetails | getFullName: Anh Le Hoang
2021-08-08 23:30:18.436  INFO 14508 --- [http-nio-80-exec-1] com.shopme.security.CustomerUserDetails  : CustomerUserDetails | username: lehoanganhvn@gmail.com
2021-08-08 23:30:18.501  INFO 14508 --- [http-nio-80-exec-2] com.shopme.filter.SettingFilter          : SettingFilter | doFilter is called
2021-08-08 23:30:18.502  INFO 14508 --- [http-nio-80-exec-2] com.shopme.filter.SettingFilter          : SettingFilter | doFilter | url : http://localhost/Shopme/webjars/bootstrap/4.3.1/css/bootstrap.min.css
2021-08-08 23:30:18.502  INFO 14508 --- [http-nio-80-exec-2] com.shopme.filter.SettingFilter          : SettingFilter | doFilter | .css , .js , .png , . jpg | url : http://localhost/Shopme/webjars/bootstrap/4.3.1/css/bootstrap.min.css
2021-08-08 23:30:18.504  INFO 14508 --- [http-nio-80-exec-5] com.shopme.filter.SettingFilter          : SettingFilter | doFilter is called
2021-08-08 23:30:18.504  INFO 14508 --- [http-nio-80-exec-3] com.shopme.filter.SettingFilter          : SettingFilter | doFilter is called
2021-08-08 23:30:18.504  INFO 14508 --- [http-nio-80-exec-4] com.shopme.filter.SettingFilter          : SettingFilter | doFilter is called
2021-08-08 23:30:18.504  INFO 14508 --- [http-nio-80-exec-5] com.shopme.filter.SettingFilter          : SettingFilter | doFilter | url : http://localhost/Shopme/webjars/bootstrap/4.3.1/js/bootstrap.min.js
2021-08-08 23:30:18.504  INFO 14508 --- [http-nio-80-exec-3] com.shopme.filter.SettingFilter          : SettingFilter | doFilter | url : http://localhost/Shopme/fontawesome/all.css
2021-08-08 23:30:18.504  INFO 14508 --- [http-nio-80-exec-5] com.shopme.filter.SettingFilter          : SettingFilter | doFilter | .css , .js , .png , . jpg | url : http://localhost/Shopme/webjars/bootstrap/4.3.1/js/bootstrap.min.js
2021-08-08 23:30:18.504  INFO 14508 --- [http-nio-80-exec-4] com.shopme.filter.SettingFilter          : SettingFilter | doFilter | url : http://localhost/Shopme/webjars/jquery/3.4.1/jquery.min.js
2021-08-08 23:30:18.504  INFO 14508 --- [http-nio-80-exec-3] com.shopme.filter.SettingFilter          : SettingFilter | doFilter | .css , .js , .png , . jpg | url : http://localhost/Shopme/fontawesome/all.css
2021-08-08 23:30:18.504  INFO 14508 --- [http-nio-80-exec-4] com.shopme.filter.SettingFilter          : SettingFilter | doFilter | .css , .js , .png , . jpg | url : http://localhost/Shopme/webjars/jquery/3.4.1/jquery.min.js
2021-08-08 23:30:18.515  INFO 14508 --- [http-nio-80-exec-3] com.shopme.security.CustomerUserDetails  : CustomerUserDetails | username: lehoanganhvn@gmail.com
2021-08-08 23:30:18.582  INFO 14508 --- [http-nio-80-exec-6] com.shopme.filter.SettingFilter          : SettingFilter | doFilter is called
2021-08-08 23:30:18.582  INFO 14508 --- [http-nio-80-exec-7] com.shopme.filter.SettingFilter          : SettingFilter | doFilter is called
2021-08-08 23:30:18.582  INFO 14508 --- [http-nio-80-exec-6] com.shopme.filter.SettingFilter          : SettingFilter | doFilter | url : http://localhost/Shopme/site-logo/ShopmeAdminSmall.png
2021-08-08 23:30:18.582  INFO 14508 --- [http-nio-80-exec-7] com.shopme.filter.SettingFilter          : SettingFilter | doFilter | url : http://localhost/Shopme/category-images/9/bags_cases.png
2021-08-08 23:30:18.582  INFO 14508 --- [http-nio-80-exec-6] com.shopme.filter.SettingFilter          : SettingFilter | doFilter | .css , .js , .png , . jpg | url : http://localhost/Shopme/site-logo/ShopmeAdminSmall.png
2021-08-08 23:30:18.582  INFO 14508 --- [http-nio-80-exec-7] com.shopme.filter.SettingFilter          : SettingFilter | doFilter | .css , .js , .png , . jpg | url : http://localhost/Shopme/category-images/9/bags_cases.png
2021-08-08 23:30:18.589  INFO 14508 --- [http-nio-80-exec-7] com.shopme.security.CustomerUserDetails  : CustomerUserDetails | username: lehoanganhvn@gmail.com
2021-08-08 23:30:18.589  INFO 14508 --- [http-nio-80-exec-6] com.shopme.security.CustomerUserDetails  : CustomerUserDetails | username: lehoanganhvn@gmail.com
2021-08-08 23:30:18.597  INFO 14508 --- [http-nio-80-exec-8] com.shopme.filter.SettingFilter          : SettingFilter | doFilter is called
2021-08-08 23:30:18.597  INFO 14508 --- [http-nio-80-exec-9] com.shopme.filter.SettingFilter          : SettingFilter | doFilter is called
2021-08-08 23:30:18.598  INFO 14508 --- [http-nio-80-exec-9] com.shopme.filter.SettingFilter          : SettingFilter | doFilter | url : http://localhost/Shopme/category-images/14/carrier%20cellphones.png
2021-08-08 23:30:18.598  INFO 14508 --- [http-nio-80-exec-8] com.shopme.filter.SettingFilter          : SettingFilter | doFilter | url : http://localhost/Shopme/category-images/17/cables%20and%20adapters.png
2021-08-08 23:30:18.598  INFO 14508 --- [http-nio-80-exec-9] com.shopme.filter.SettingFilter          : SettingFilter | doFilter | .css , .js , .png , . jpg | url : http://localhost/Shopme/category-images/14/carrier%20cellphones.png
2021-08-08 23:30:18.598  INFO 14508 --- [http-nio-80-exec-8] com.shopme.filter.SettingFilter          : SettingFilter | doFilter | .css , .js , .png , . jpg | url : http://localhost/Shopme/category-images/17/cables%20and%20adapters.png
2021-08-08 23:30:18.598  INFO 14508 --- [http-nio-80-exec-10] com.shopme.filter.SettingFilter          : SettingFilter | doFilter is called
2021-08-08 23:30:18.598  INFO 14508 --- [http-nio-80-exec-10] com.shopme.filter.SettingFilter          : SettingFilter | doFilter | url : http://localhost/Shopme/category-images/20/cellphone%20cases.png
2021-08-08 23:30:18.598  INFO 14508 --- [http-nio-80-exec-10] com.shopme.filter.SettingFilter          : SettingFilter | doFilter | .css , .js , .png , . jpg | url : http://localhost/Shopme/category-images/20/cellphone%20cases.png
2021-08-08 23:30:18.598  INFO 14508 --- [http-nio-80-exec-1] com.shopme.filter.SettingFilter          : SettingFilter | doFilter is called
2021-08-08 23:30:18.598  INFO 14508 --- [http-nio-80-exec-1] com.shopme.filter.SettingFilter          : SettingFilter | doFilter | url : http://localhost/Shopme/category-images/22/computer%20processors.png
2021-08-08 23:30:18.598  INFO 14508 --- [http-nio-80-exec-5] com.shopme.filter.SettingFilter          : SettingFilter | doFilter is called
2021-08-08 23:30:18.598  INFO 14508 --- [http-nio-80-exec-1] com.shopme.filter.SettingFilter          : SettingFilter | doFilter | .css , .js , .png , . jpg | url : http://localhost/Shopme/category-images/22/computer%20processors.png
2021-08-08 23:30:18.598  INFO 14508 --- [http-nio-80-exec-5] com.shopme.filter.SettingFilter          : SettingFilter | doFilter | url : http://localhost/Shopme/category-images/5/desktop%20computers.png
2021-08-08 23:30:18.599  INFO 14508 --- [http-nio-80-exec-5] com.shopme.filter.SettingFilter          : SettingFilter | doFilter | .css , .js , .png , . jpg | url : http://localhost/Shopme/category-images/5/desktop%20computers.png
2021-08-08 23:30:18.599  INFO 14508 --- [http-nio-80-exec-3] com.shopme.filter.SettingFilter          : SettingFilter | doFilter is called
2021-08-08 23:30:18.599  INFO 14508 --- [http-nio-80-exec-3] com.shopme.filter.SettingFilter          : SettingFilter | doFilter | url : http://localhost/Shopme/category-images/10/digital%20cameras.png
2021-08-08 23:30:18.599  INFO 14508 --- [http-nio-80-exec-3] com.shopme.filter.SettingFilter          : SettingFilter | doFilter | .css , .js , .png , . jpg | url : http://localhost/Shopme/category-images/10/digital%20cameras.png
2021-08-08 23:30:18.600  INFO 14508 --- [http-nio-80-exec-8] com.shopme.security.CustomerUserDetails  : CustomerUserDetails | username: lehoanganhvn@gmail.com
2021-08-08 23:30:18.600  INFO 14508 --- [http-nio-80-exec-9] com.shopme.security.CustomerUserDetails  : CustomerUserDetails | username: lehoanganhvn@gmail.com
2021-08-08 23:30:18.600  INFO 14508 --- [http-nio-80-exec-1] com.shopme.security.CustomerUserDetails  : CustomerUserDetails | username: lehoanganhvn@gmail.com
2021-08-08 23:30:18.601  INFO 14508 --- [http-nio-80-exec-10] com.shopme.security.CustomerUserDetails  : CustomerUserDetails | username: lehoanganhvn@gmail.com
2021-08-08 23:30:18.601  INFO 14508 --- [http-nio-80-exec-5] com.shopme.security.CustomerUserDetails  : CustomerUserDetails | username: lehoanganhvn@gmail.com
2021-08-08 23:30:18.601  INFO 14508 --- [http-nio-80-exec-3] com.shopme.security.CustomerUserDetails  : CustomerUserDetails | username: lehoanganhvn@gmail.com
2021-08-08 23:30:18.605  INFO 14508 --- [http-nio-80-exec-7] com.shopme.filter.SettingFilter          : SettingFilter | doFilter is called
2021-08-08 23:30:18.605  INFO 14508 --- [http-nio-80-exec-4] com.shopme.filter.SettingFilter          : SettingFilter | doFilter is called
2021-08-08 23:30:18.605  INFO 14508 --- [http-nio-80-exec-2] com.shopme.filter.SettingFilter          : SettingFilter | doFilter is called
2021-08-08 23:30:18.606  INFO 14508 --- [http-nio-80-exec-4] com.shopme.filter.SettingFilter          : SettingFilter | doFilter | url : http://localhost/Shopme/category-images/11/flashes.png
2021-08-08 23:30:18.606  INFO 14508 --- [http-nio-80-exec-7] com.shopme.filter.SettingFilter          : SettingFilter | doFilter | url : http://localhost/Shopme/category-images/24/internal%20hard%20drive.png
2021-08-08 23:30:18.606  INFO 14508 --- [http-nio-80-exec-1] com.shopme.filter.SettingFilter          : SettingFilter | doFilter is called
2021-08-08 23:30:18.606  INFO 14508 --- [http-nio-80-exec-8] com.shopme.filter.SettingFilter          : SettingFilter | doFilter is called
2021-08-08 23:30:18.606  INFO 14508 --- [http-nio-80-exec-7] com.shopme.filter.SettingFilter          : SettingFilter | doFilter | .css , .js , .png , . jpg | url : http://localhost/Shopme/category-images/24/internal%20hard%20drive.png
2021-08-08 23:30:18.605  INFO 14508 --- [http-nio-80-exec-6] com.shopme.filter.SettingFilter          : SettingFilter | doFilter is called
2021-08-08 23:30:18.606  INFO 14508 --- [http-nio-80-exec-2] com.shopme.filter.SettingFilter          : SettingFilter | doFilter | url : http://localhost/Shopme/category-images/23/graphic%20cards.png
2021-08-08 23:30:18.606  INFO 14508 --- [http-nio-80-exec-4] com.shopme.filter.SettingFilter          : SettingFilter | doFilter | .css , .js , .png , . jpg | url : http://localhost/Shopme/category-images/11/flashes.png
2021-08-08 23:30:18.606  INFO 14508 --- [http-nio-80-exec-1] com.shopme.filter.SettingFilter          : SettingFilter | doFilter | url : http://localhost/Shopme/category-images/6/laptop%20computers.png
2021-08-08 23:30:18.606  INFO 14508 --- [http-nio-80-exec-2] com.shopme.filter.SettingFilter          : SettingFilter | doFilter | .css , .js , .png , . jpg | url : http://localhost/Shopme/category-images/23/graphic%20cards.png
2021-08-08 23:30:18.606  INFO 14508 --- [http-nio-80-exec-8] com.shopme.filter.SettingFilter          : SettingFilter | doFilter | url : http://localhost/Shopme/category-images/25/internal%20optical%20drives.png
2021-08-08 23:30:18.606  INFO 14508 --- [http-nio-80-exec-6] com.shopme.filter.SettingFilter          : SettingFilter | doFilter | url : http://localhost/Shopme/category-images/21/headphones.png
2021-08-08 23:30:18.606  INFO 14508 --- [http-nio-80-exec-1] com.shopme.filter.SettingFilter          : SettingFilter | doFilter | .css , .js , .png , . jpg | url : http://localhost/Shopme/category-images/6/laptop%20computers.png
2021-08-08 23:30:18.606  INFO 14508 --- [http-nio-80-exec-8] com.shopme.filter.SettingFilter          : SettingFilter | doFilter | .css , .js , .png , . jpg | url : http://localhost/Shopme/category-images/25/internal%20optical%20drives.png
2021-08-08 23:30:18.606  INFO 14508 --- [http-nio-80-exec-6] com.shopme.filter.SettingFilter          : SettingFilter | doFilter | .css , .js , .png , . jpg | url : http://localhost/Shopme/category-images/21/headphones.png
2021-08-08 23:30:18.608  INFO 14508 --- [http-nio-80-exec-1] com.shopme.security.CustomerUserDetails  : CustomerUserDetails | username: lehoanganhvn@gmail.com
2021-08-08 23:30:18.608  INFO 14508 --- [http-nio-80-exec-8] com.shopme.security.CustomerUserDetails  : CustomerUserDetails | username: lehoanganhvn@gmail.com
2021-08-08 23:30:18.609  INFO 14508 --- [http-nio-80-exec-4] com.shopme.security.CustomerUserDetails  : CustomerUserDetails | username: lehoanganhvn@gmail.com
2021-08-08 23:30:18.609  INFO 14508 --- [http-nio-80-exec-2] com.shopme.security.CustomerUserDetails  : CustomerUserDetails | username: lehoanganhvn@gmail.com
2021-08-08 23:30:18.609  INFO 14508 --- [http-nio-80-exec-6] com.shopme.security.CustomerUserDetails  : CustomerUserDetails | username: lehoanganhvn@gmail.com
2021-08-08 23:30:18.609  INFO 14508 --- [http-nio-80-exec-7] com.shopme.security.CustomerUserDetails  : CustomerUserDetails | username: lehoanganhvn@gmail.com
2021-08-08 23:30:18.614  INFO 14508 --- [http-nio-80-exec-4] com.shopme.filter.SettingFilter          : SettingFilter | doFilter is called
2021-08-08 23:30:18.614  INFO 14508 --- [http-nio-80-exec-1] com.shopme.filter.SettingFilter          : SettingFilter | doFilter is called
2021-08-08 23:30:18.614  INFO 14508 --- [http-nio-80-exec-4] com.shopme.filter.SettingFilter          : SettingFilter | doFilter | url : http://localhost/Shopme/category-images/31/network%20cards.png
2021-08-08 23:30:18.614  INFO 14508 --- [http-nio-80-exec-5] com.shopme.filter.SettingFilter          : SettingFilter | doFilter is called
2021-08-08 23:30:18.614  INFO 14508 --- [http-nio-80-exec-9] com.shopme.filter.SettingFilter          : SettingFilter | doFilter is called
2021-08-08 23:30:18.614  INFO 14508 --- [http-nio-80-exec-4] com.shopme.filter.SettingFilter          : SettingFilter | doFilter | .css , .js , .png , . jpg | url : http://localhost/Shopme/category-images/31/network%20cards.png
2021-08-08 23:30:18.614  INFO 14508 --- [http-nio-80-exec-5] com.shopme.filter.SettingFilter          : SettingFilter | doFilter | url : http://localhost/Shopme/category-images/18/microsd%20cards.png
2021-08-08 23:30:18.614  INFO 14508 --- [http-nio-80-exec-3] com.shopme.filter.SettingFilter          : SettingFilter | doFilter is called
2021-08-08 23:30:18.614  INFO 14508 --- [http-nio-80-exec-1] com.shopme.filter.SettingFilter          : SettingFilter | doFilter | url : http://localhost/Shopme/category-images/26/power%20supplies.png
2021-08-08 23:30:18.614  INFO 14508 --- [http-nio-80-exec-10] com.shopme.filter.SettingFilter          : SettingFilter | doFilter is called
2021-08-08 23:30:18.614  INFO 14508 --- [http-nio-80-exec-9] com.shopme.filter.SettingFilter          : SettingFilter | doFilter | url : http://localhost/Shopme/category-images/12/lenses.png
2021-08-08 23:30:18.614  INFO 14508 --- [http-nio-80-exec-10] com.shopme.filter.SettingFilter          : SettingFilter | doFilter | url : http://localhost/Shopme/category-images/29/computer%20memory.png
2021-08-08 23:30:18.614  INFO 14508 --- [http-nio-80-exec-1] com.shopme.filter.SettingFilter          : SettingFilter | doFilter | .css , .js , .png , . jpg | url : http://localhost/Shopme/category-images/26/power%20supplies.png
2021-08-08 23:30:18.614  INFO 14508 --- [http-nio-80-exec-5] com.shopme.filter.SettingFilter          : SettingFilter | doFilter | .css , .js , .png , . jpg | url : http://localhost/Shopme/category-images/18/microsd%20cards.png
2021-08-08 23:30:18.614  INFO 14508 --- [http-nio-80-exec-3] com.shopme.filter.SettingFilter          : SettingFilter | doFilter | url : http://localhost/Shopme/category-images/30/motherboards.png
2021-08-08 23:30:18.614  INFO 14508 --- [http-nio-80-exec-9] com.shopme.filter.SettingFilter          : SettingFilter | doFilter | .css , .js , .png , . jpg | url : http://localhost/Shopme/category-images/12/lenses.png
2021-08-08 23:30:18.614  INFO 14508 --- [http-nio-80-exec-10] com.shopme.filter.SettingFilter          : SettingFilter | doFilter | .css , .js , .png , . jpg | url : http://localhost/Shopme/category-images/29/computer%20memory.png
2021-08-08 23:30:18.614  INFO 14508 --- [http-nio-80-exec-3] com.shopme.filter.SettingFilter          : SettingFilter | doFilter | .css , .js , .png , . jpg | url : http://localhost/Shopme/category-images/30/motherboards.png
2021-08-08 23:30:18.616  INFO 14508 --- [http-nio-80-exec-10] com.shopme.security.CustomerUserDetails  : CustomerUserDetails | username: lehoanganhvn@gmail.com
2021-08-08 23:30:18.616  INFO 14508 --- [http-nio-80-exec-9] com.shopme.security.CustomerUserDetails  : CustomerUserDetails | username: lehoanganhvn@gmail.com
2021-08-08 23:30:18.616  INFO 14508 --- [http-nio-80-exec-1] com.shopme.security.CustomerUserDetails  : CustomerUserDetails | username: lehoanganhvn@gmail.com
2021-08-08 23:30:18.616  INFO 14508 --- [http-nio-80-exec-5] com.shopme.security.CustomerUserDetails  : CustomerUserDetails | username: lehoanganhvn@gmail.com
2021-08-08 23:30:18.616  INFO 14508 --- [http-nio-80-exec-3] com.shopme.security.CustomerUserDetails  : CustomerUserDetails | username: lehoanganhvn@gmail.com
2021-08-08 23:30:18.616  INFO 14508 --- [http-nio-80-exec-4] com.shopme.security.CustomerUserDetails  : CustomerUserDetails | username: lehoanganhvn@gmail.com
2021-08-08 23:30:18.621  INFO 14508 --- [http-nio-80-exec-1] com.shopme.filter.SettingFilter          : SettingFilter | doFilter is called
2021-08-08 23:30:18.621  INFO 14508 --- [http-nio-80-exec-8] com.shopme.filter.SettingFilter          : SettingFilter | doFilter is called
2021-08-08 23:30:18.621  INFO 14508 --- [http-nio-80-exec-10] com.shopme.filter.SettingFilter          : SettingFilter | doFilter is called
2021-08-08 23:30:18.621  INFO 14508 --- [http-nio-80-exec-1] com.shopme.filter.SettingFilter          : SettingFilter | doFilter | url : http://localhost/Shopme/category-images/13/tripods_monopods.png
2021-08-08 23:30:18.621  INFO 14508 --- [http-nio-80-exec-2] com.shopme.filter.SettingFilter          : SettingFilter | doFilter is called
2021-08-08 23:30:18.621  INFO 14508 --- [http-nio-80-exec-7] com.shopme.filter.SettingFilter          : SettingFilter | doFilter is called
2021-08-08 23:30:18.621  INFO 14508 --- [http-nio-80-exec-10] com.shopme.filter.SettingFilter          : SettingFilter | doFilter | url : http://localhost/Shopme/category-images/19/cellphone_stands.png
2021-08-08 23:30:18.621  INFO 14508 --- [http-nio-80-exec-2] com.shopme.filter.SettingFilter          : SettingFilter | doFilter | url : http://localhost/Shopme/category-images/28/sound%20cards.png
2021-08-08 23:30:18.621  INFO 14508 --- [http-nio-80-exec-6] com.shopme.filter.SettingFilter          : SettingFilter | doFilter is called
2021-08-08 23:30:18.621  INFO 14508 --- [http-nio-80-exec-8] com.shopme.filter.SettingFilter          : SettingFilter | doFilter | url : http://localhost/Shopme/category-images/27/solid%20state%20drives.png
2021-08-08 23:30:18.621  INFO 14508 --- [http-nio-80-exec-1] com.shopme.filter.SettingFilter          : SettingFilter | doFilter | .css , .js , .png , . jpg | url : http://localhost/Shopme/category-images/13/tripods_monopods.png
2021-08-08 23:30:18.621  INFO 14508 --- [http-nio-80-exec-10] com.shopme.filter.SettingFilter          : SettingFilter | doFilter | .css , .js , .png , . jpg | url : http://localhost/Shopme/category-images/19/cellphone_stands.png
2021-08-08 23:30:18.621  INFO 14508 --- [http-nio-80-exec-7] com.shopme.filter.SettingFilter          : SettingFilter | doFilter | url : http://localhost/Shopme/category-images/7/tablets.png
2021-08-08 23:30:18.621  INFO 14508 --- [http-nio-80-exec-2] com.shopme.filter.SettingFilter          : SettingFilter | doFilter | .css , .js , .png , . jpg | url : http://localhost/Shopme/category-images/28/sound%20cards.png
2021-08-08 23:30:18.622  INFO 14508 --- [http-nio-80-exec-6] com.shopme.filter.SettingFilter          : SettingFilter | doFilter | url : http://localhost/Shopme/category-images/15/unlocked%20cellphones.png
2021-08-08 23:30:18.622  INFO 14508 --- [http-nio-80-exec-8] com.shopme.filter.SettingFilter          : SettingFilter | doFilter | .css , .js , .png , . jpg | url : http://localhost/Shopme/category-images/27/solid%20state%20drives.png
2021-08-08 23:30:18.622  INFO 14508 --- [http-nio-80-exec-7] com.shopme.filter.SettingFilter          : SettingFilter | doFilter | .css , .js , .png , . jpg | url : http://localhost/Shopme/category-images/7/tablets.png
2021-08-08 23:30:18.622  INFO 14508 --- [http-nio-80-exec-6] com.shopme.filter.SettingFilter          : SettingFilter | doFilter | .css , .js , .png , . jpg | url : http://localhost/Shopme/category-images/15/unlocked%20cellphones.png
2021-08-08 23:30:18.624  INFO 14508 --- [http-nio-80-exec-1] com.shopme.security.CustomerUserDetails  : CustomerUserDetails | username: lehoanganhvn@gmail.com
2021-08-08 23:30:18.624  INFO 14508 --- [http-nio-80-exec-10] com.shopme.security.CustomerUserDetails  : CustomerUserDetails | username: lehoanganhvn@gmail.com
2021-08-08 23:30:18.624  INFO 14508 --- [http-nio-80-exec-7] com.shopme.security.CustomerUserDetails  : CustomerUserDetails | username: lehoanganhvn@gmail.com
2021-08-08 23:30:18.624  INFO 14508 --- [http-nio-80-exec-2] com.shopme.security.CustomerUserDetails  : CustomerUserDetails | username: lehoanganhvn@gmail.com
2021-08-08 23:30:18.624  INFO 14508 --- [http-nio-80-exec-6] com.shopme.security.CustomerUserDetails  : CustomerUserDetails | username: lehoanganhvn@gmail.com
2021-08-08 23:30:18.624  INFO 14508 --- [http-nio-80-exec-8] com.shopme.security.CustomerUserDetails  : CustomerUserDetails | username: lehoanganhvn@gmail.com
2021-08-08 23:30:31.164  INFO 14508 --- [RMI TCP Connection(8)-127.0.0.1] inMXBeanRegistrar$SpringApplicationAdmin : Application shutdown requested.
2021-08-08 23:30:31.195  INFO 14508 --- [RMI TCP Connection(8)-127.0.0.1] o.s.s.concurrent.ThreadPoolTaskExecutor  : Shutting down ExecutorService 'applicationTaskExecutor'
2021-08-08 23:30:31.197  INFO 14508 --- [RMI TCP Connection(8)-127.0.0.1] j.LocalContainerEntityManagerFactoryBean : Closing JPA EntityManagerFactory for persistence unit 'default'
2021-08-08 23:30:31.200  INFO 14508 --- [RMI TCP Connection(8)-127.0.0.1] com.zaxxer.hikari.HikariDataSource       : HikariPool-1 - Shutdown initiated...
2021-08-08 23:30:31.205  INFO 14508 --- [RMI TCP Connection(8)-127.0.0.1] com.zaxxer.hikari.HikariDataSource       : HikariPool-1 - Shutdown completed.
