2021-07-17 22:09:04.586  INFO 18824 --- [restartedMain] com.shopme.ShopmeFrontEndApplication     : Starting ShopmeFrontEndApplication using Java 15.0.1 on DESKTOP-E7L6HLO with PID 18824 (C:\Users\Noyan\Desktop\sts-4.9.0.RELEASE\workspace\Shopme\ShopmeWebParent\ShopmeFrontEnd\target\classes started by Noyan in C:\Users\Noyan\Desktop\sts-4.9.0.RELEASE\workspace\Shopme\ShopmeWebParent\ShopmeFrontEnd)
2021-07-17 22:09:04.590  INFO 18824 --- [restartedMain] com.shopme.ShopmeFrontEndApplication     : No active profile set, falling back to default profiles: default
2021-07-17 22:09:04.624  INFO 18824 --- [restartedMain] .e.DevToolsPropertyDefaultsPostProcessor : Devtools property defaults active! Set 'spring.devtools.add-properties' to 'false' to disable
2021-07-17 22:09:04.624  INFO 18824 --- [restartedMain] .e.DevToolsPropertyDefaultsPostProcessor : For additional web related logging consider setting the 'logging.level.web' property to 'DEBUG'
2021-07-17 22:09:05.308  INFO 18824 --- [restartedMain] .s.d.r.c.RepositoryConfigurationDelegate : Bootstrapping Spring Data JPA repositories in DEFAULT mode.
2021-07-17 22:09:05.366  INFO 18824 --- [restartedMain] .s.d.r.c.RepositoryConfigurationDelegate : Finished Spring Data repository scanning in 51 ms. Found 6 JPA repository interfaces.
2021-07-17 22:09:05.830  INFO 18824 --- [restartedMain] o.s.b.w.embedded.tomcat.TomcatWebServer  : Tomcat initialized with port(s): 80 (http)
2021-07-17 22:09:05.838  INFO 18824 --- [restartedMain] o.apache.catalina.core.StandardService   : Starting service [Tomcat]
2021-07-17 22:09:05.839  INFO 18824 --- [restartedMain] org.apache.catalina.core.StandardEngine  : Starting Servlet engine: [Apache Tomcat/9.0.41]
2021-07-17 22:09:05.909  INFO 18824 --- [restartedMain] o.a.c.c.C.[.[localhost].[/Shopme]        : Initializing Spring embedded WebApplicationContext
2021-07-17 22:09:05.909  INFO 18824 --- [restartedMain] w.s.c.ServletWebServerApplicationContext : Root WebApplicationContext: initialization completed in 1284 ms
2021-07-17 22:09:06.058  INFO 18824 --- [restartedMain] o.hibernate.jpa.internal.util.LogHelper  : HHH000204: Processing PersistenceUnitInfo [name: default]
2021-07-17 22:09:06.107  INFO 18824 --- [restartedMain] org.hibernate.Version                    : HHH000412: Hibernate ORM core version 5.4.27.Final
2021-07-17 22:09:06.234  INFO 18824 --- [restartedMain] o.hibernate.annotations.common.Version   : HCANN000001: Hibernate Commons Annotations {5.1.2.Final}
2021-07-17 22:09:06.326  INFO 18824 --- [restartedMain] com.zaxxer.hikari.HikariDataSource       : HikariPool-1 - Starting...
2021-07-17 22:09:06.573  INFO 18824 --- [restartedMain] com.zaxxer.hikari.HikariDataSource       : HikariPool-1 - Start completed.
2021-07-17 22:09:06.588  INFO 18824 --- [restartedMain] org.hibernate.dialect.Dialect            : HHH000400: Using dialect: org.hibernate.dialect.MySQL8Dialect
2021-07-17 22:09:07.444  INFO 18824 --- [restartedMain] o.h.e.t.j.p.i.JtaPlatformInitiator       : HHH000490: Using JtaPlatform implementation: [org.hibernate.engine.transaction.jta.platform.internal.NoJtaPlatform]
2021-07-17 22:09:07.450  INFO 18824 --- [restartedMain] j.LocalContainerEntityManagerFactoryBean : Initialized JPA EntityManagerFactory for persistence unit 'default'
2021-07-17 22:09:07.763  INFO 18824 --- [restartedMain] o.s.b.d.a.OptionalLiveReloadServer       : LiveReload server is running on port 35729
2021-07-17 22:09:07.889  WARN 18824 --- [restartedMain] JpaBaseConfiguration$JpaWebConfiguration : spring.jpa.open-in-view is enabled by default. Therefore, database queries may be performed during view rendering. Explicitly configure spring.jpa.open-in-view to disable this warning
2021-07-17 22:09:07.940  INFO 18824 --- [restartedMain] .s.s.UserDetailsServiceAutoConfiguration : 

Using generated security password: 6958deaa-bba2-4a45-b2c2-22574d3b6711

2021-07-17 22:09:07.989  INFO 18824 --- [restartedMain] o.s.s.web.DefaultSecurityFilterChain     : Will secure Ant [pattern='/images/**'] with []
2021-07-17 22:09:07.990  INFO 18824 --- [restartedMain] o.s.s.web.DefaultSecurityFilterChain     : Will secure Ant [pattern='/js/**'] with []
2021-07-17 22:09:07.990  INFO 18824 --- [restartedMain] o.s.s.web.DefaultSecurityFilterChain     : Will secure Ant [pattern='/webjars/**'] with []
2021-07-17 22:09:08.016  INFO 18824 --- [restartedMain] o.s.s.web.DefaultSecurityFilterChain     : Will secure any request with [org.springframework.security.web.context.request.async.WebAsyncManagerIntegrationFilter@236ad813, org.springframework.security.web.context.SecurityContextPersistenceFilter@51f4c6ce, org.springframework.security.web.header.HeaderWriterFilter@725c5611, org.springframework.security.web.csrf.CsrfFilter@56ec95ed, org.springframework.security.web.authentication.logout.LogoutFilter@5d5cdb92, org.springframework.security.web.savedrequest.RequestCacheAwareFilter@1c11efc9, org.springframework.security.web.servletapi.SecurityContextHolderAwareRequestFilter@6f990fcf, org.springframework.security.web.authentication.AnonymousAuthenticationFilter@45947722, org.springframework.security.web.session.SessionManagementFilter@69ba2ac3, org.springframework.security.web.access.ExceptionTranslationFilter@260106f8, org.springframework.security.web.access.intercept.FilterSecurityInterceptor@22012714]
2021-07-17 22:09:08.084  INFO 18824 --- [restartedMain] o.s.s.concurrent.ThreadPoolTaskExecutor  : Initializing ExecutorService 'applicationTaskExecutor'
2021-07-17 22:09:08.149  INFO 18824 --- [restartedMain] o.s.b.a.w.s.WelcomePageHandlerMapping    : Adding welcome page template: index
2021-07-17 22:09:08.452  INFO 18824 --- [restartedMain] o.s.b.w.embedded.tomcat.TomcatWebServer  : Tomcat started on port(s): 80 (http) with context path '/Shopme'
2021-07-17 22:09:08.459  INFO 18824 --- [restartedMain] com.shopme.ShopmeFrontEndApplication     : Started ShopmeFrontEndApplication in 4.17 seconds (JVM running for 4.832)
2021-07-17 22:10:33.310  INFO 18824 --- [http-nio-80-exec-1] o.a.c.c.C.[.[localhost].[/Shopme]        : Initializing Spring DispatcherServlet 'dispatcherServlet'
2021-07-17 22:10:33.311  INFO 18824 --- [http-nio-80-exec-1] o.s.web.servlet.DispatcherServlet        : Initializing Servlet 'dispatcherServlet'
2021-07-17 22:10:33.312  INFO 18824 --- [http-nio-80-exec-1] o.s.web.servlet.DispatcherServlet        : Completed initialization in 1 ms
2021-07-17 22:10:33.330  INFO 18824 --- [http-nio-80-exec-1] com.shopme.filter.SettingFilter          : SettingFilter | doFilter is called
2021-07-17 22:10:33.330  INFO 18824 --- [http-nio-80-exec-1] com.shopme.filter.SettingFilter          : SettingFilter | doFilter | url : http://localhost/Shopme/
2021-07-17 22:10:33.377  INFO 18824 --- [http-nio-80-exec-1] com.shopme.filter.SettingFilter          : SettingFilter | doFilter | generalSettings : [Setting [key=COPYRIGHT, value=Copyright (C) 2021 Shopme Ltd.], Setting [key=CURRENCY_ID, value=1], Setting [key=CURRENCY_SYMBOL, value=$], Setting [key=CURRENCY_SYMBOL_POSITION, value=Before price], Setting [key=DECIMAL_DIGITS, value=2], Setting [key=DECIMAL_POINT_TYPE, value=POINT], Setting [key=SITE_LOGO, value=/site-logo/ShopmeAdminSmall.png], Setting [key=SITE_NAME, value=Shopme], Setting [key=THOUSANDS_POINT_TYPE, value=COMMA]]
2021-07-17 22:10:33.377  INFO 18824 --- [http-nio-80-exec-1] com.shopme.filter.SettingFilter          : SettingFilter | doFilter | generalSettings : [Setting [key=COPYRIGHT, value=Copyright (C) 2021 Shopme Ltd.], Setting [key=CURRENCY_ID, value=1], Setting [key=CURRENCY_SYMBOL, value=$], Setting [key=CURRENCY_SYMBOL_POSITION, value=Before price], Setting [key=DECIMAL_DIGITS, value=2], Setting [key=DECIMAL_POINT_TYPE, value=POINT], Setting [key=SITE_LOGO, value=/site-logo/ShopmeAdminSmall.png], Setting [key=SITE_NAME, value=Shopme], Setting [key=THOUSANDS_POINT_TYPE, value=COMMA]]
2021-07-17 22:10:33.377  INFO 18824 --- [http-nio-80-exec-1] com.shopme.filter.SettingFilter          : SettingFilter | doFilter | generalSettings : [Setting [key=COPYRIGHT, value=Copyright (C) 2021 Shopme Ltd.], Setting [key=CURRENCY_ID, value=1], Setting [key=CURRENCY_SYMBOL, value=$], Setting [key=CURRENCY_SYMBOL_POSITION, value=Before price], Setting [key=DECIMAL_DIGITS, value=2], Setting [key=DECIMAL_POINT_TYPE, value=POINT], Setting [key=SITE_LOGO, value=/site-logo/ShopmeAdminSmall.png], Setting [key=SITE_NAME, value=Shopme], Setting [key=THOUSANDS_POINT_TYPE, value=COMMA]]
2021-07-17 22:10:33.377  INFO 18824 --- [http-nio-80-exec-1] com.shopme.filter.SettingFilter          : SettingFilter | doFilter | generalSettings : [Setting [key=COPYRIGHT, value=Copyright (C) 2021 Shopme Ltd.], Setting [key=CURRENCY_ID, value=1], Setting [key=CURRENCY_SYMBOL, value=$], Setting [key=CURRENCY_SYMBOL_POSITION, value=Before price], Setting [key=DECIMAL_DIGITS, value=2], Setting [key=DECIMAL_POINT_TYPE, value=POINT], Setting [key=SITE_LOGO, value=/site-logo/ShopmeAdminSmall.png], Setting [key=SITE_NAME, value=Shopme], Setting [key=THOUSANDS_POINT_TYPE, value=COMMA]]
2021-07-17 22:10:33.377  INFO 18824 --- [http-nio-80-exec-1] com.shopme.filter.SettingFilter          : SettingFilter | doFilter | generalSettings : [Setting [key=COPYRIGHT, value=Copyright (C) 2021 Shopme Ltd.], Setting [key=CURRENCY_ID, value=1], Setting [key=CURRENCY_SYMBOL, value=$], Setting [key=CURRENCY_SYMBOL_POSITION, value=Before price], Setting [key=DECIMAL_DIGITS, value=2], Setting [key=DECIMAL_POINT_TYPE, value=POINT], Setting [key=SITE_LOGO, value=/site-logo/ShopmeAdminSmall.png], Setting [key=SITE_NAME, value=Shopme], Setting [key=THOUSANDS_POINT_TYPE, value=COMMA]]
2021-07-17 22:10:33.377  INFO 18824 --- [http-nio-80-exec-1] com.shopme.filter.SettingFilter          : SettingFilter | doFilter | generalSettings : [Setting [key=COPYRIGHT, value=Copyright (C) 2021 Shopme Ltd.], Setting [key=CURRENCY_ID, value=1], Setting [key=CURRENCY_SYMBOL, value=$], Setting [key=CURRENCY_SYMBOL_POSITION, value=Before price], Setting [key=DECIMAL_DIGITS, value=2], Setting [key=DECIMAL_POINT_TYPE, value=POINT], Setting [key=SITE_LOGO, value=/site-logo/ShopmeAdminSmall.png], Setting [key=SITE_NAME, value=Shopme], Setting [key=THOUSANDS_POINT_TYPE, value=COMMA]]
2021-07-17 22:10:33.377  INFO 18824 --- [http-nio-80-exec-1] com.shopme.filter.SettingFilter          : SettingFilter | doFilter | generalSettings : [Setting [key=COPYRIGHT, value=Copyright (C) 2021 Shopme Ltd.], Setting [key=CURRENCY_ID, value=1], Setting [key=CURRENCY_SYMBOL, value=$], Setting [key=CURRENCY_SYMBOL_POSITION, value=Before price], Setting [key=DECIMAL_DIGITS, value=2], Setting [key=DECIMAL_POINT_TYPE, value=POINT], Setting [key=SITE_LOGO, value=/site-logo/ShopmeAdminSmall.png], Setting [key=SITE_NAME, value=Shopme], Setting [key=THOUSANDS_POINT_TYPE, value=COMMA]]
2021-07-17 22:10:33.377  INFO 18824 --- [http-nio-80-exec-1] com.shopme.filter.SettingFilter          : SettingFilter | doFilter | generalSettings : [Setting [key=COPYRIGHT, value=Copyright (C) 2021 Shopme Ltd.], Setting [key=CURRENCY_ID, value=1], Setting [key=CURRENCY_SYMBOL, value=$], Setting [key=CURRENCY_SYMBOL_POSITION, value=Before price], Setting [key=DECIMAL_DIGITS, value=2], Setting [key=DECIMAL_POINT_TYPE, value=POINT], Setting [key=SITE_LOGO, value=/site-logo/ShopmeAdminSmall.png], Setting [key=SITE_NAME, value=Shopme], Setting [key=THOUSANDS_POINT_TYPE, value=COMMA]]
2021-07-17 22:10:33.377  INFO 18824 --- [http-nio-80-exec-1] com.shopme.filter.SettingFilter          : SettingFilter | doFilter | generalSettings : [Setting [key=COPYRIGHT, value=Copyright (C) 2021 Shopme Ltd.], Setting [key=CURRENCY_ID, value=1], Setting [key=CURRENCY_SYMBOL, value=$], Setting [key=CURRENCY_SYMBOL_POSITION, value=Before price], Setting [key=DECIMAL_DIGITS, value=2], Setting [key=DECIMAL_POINT_TYPE, value=POINT], Setting [key=SITE_LOGO, value=/site-logo/ShopmeAdminSmall.png], Setting [key=SITE_NAME, value=Shopme], Setting [key=THOUSANDS_POINT_TYPE, value=COMMA]]
2021-07-17 22:10:33.756  INFO 18824 --- [http-nio-80-exec-2] com.shopme.filter.SettingFilter          : SettingFilter | doFilter is called
2021-07-17 22:10:33.756  INFO 18824 --- [http-nio-80-exec-2] com.shopme.filter.SettingFilter          : SettingFilter | doFilter | url : http://localhost/Shopme/webjars/bootstrap/4.3.1/css/bootstrap.min.css
2021-07-17 22:10:33.756  INFO 18824 --- [http-nio-80-exec-2] com.shopme.filter.SettingFilter          : SettingFilter | doFilter | .css , .js , .png , . jpg | url : http://localhost/Shopme/webjars/bootstrap/4.3.1/css/bootstrap.min.css
2021-07-17 22:10:33.760  INFO 18824 --- [http-nio-80-exec-4] com.shopme.filter.SettingFilter          : SettingFilter | doFilter is called
2021-07-17 22:10:33.760  INFO 18824 --- [http-nio-80-exec-3] com.shopme.filter.SettingFilter          : SettingFilter | doFilter is called
2021-07-17 22:10:33.761  INFO 18824 --- [http-nio-80-exec-4] com.shopme.filter.SettingFilter          : SettingFilter | doFilter | url : http://localhost/Shopme/webjars/bootstrap/4.3.1/js/bootstrap.min.js
2021-07-17 22:10:33.761  INFO 18824 --- [http-nio-80-exec-3] com.shopme.filter.SettingFilter          : SettingFilter | doFilter | url : http://localhost/Shopme/webjars/jquery/3.4.1/jquery.min.js
2021-07-17 22:10:33.761  INFO 18824 --- [http-nio-80-exec-4] com.shopme.filter.SettingFilter          : SettingFilter | doFilter | .css , .js , .png , . jpg | url : http://localhost/Shopme/webjars/bootstrap/4.3.1/js/bootstrap.min.js
2021-07-17 22:10:33.761  INFO 18824 --- [http-nio-80-exec-3] com.shopme.filter.SettingFilter          : SettingFilter | doFilter | .css , .js , .png , . jpg | url : http://localhost/Shopme/webjars/jquery/3.4.1/jquery.min.js
2021-07-17 22:10:33.860  INFO 18824 --- [http-nio-80-exec-5] com.shopme.filter.SettingFilter          : SettingFilter | doFilter is called
2021-07-17 22:10:33.860  INFO 18824 --- [http-nio-80-exec-6] com.shopme.filter.SettingFilter          : SettingFilter | doFilter is called
2021-07-17 22:10:33.860  INFO 18824 --- [http-nio-80-exec-5] com.shopme.filter.SettingFilter          : SettingFilter | doFilter | url : http://localhost/Shopme/site-logo/ShopmeAdminSmall.png
2021-07-17 22:10:33.861  INFO 18824 --- [http-nio-80-exec-5] com.shopme.filter.SettingFilter          : SettingFilter | doFilter | .css , .js , .png , . jpg | url : http://localhost/Shopme/site-logo/ShopmeAdminSmall.png
2021-07-17 22:10:33.861  INFO 18824 --- [http-nio-80-exec-6] com.shopme.filter.SettingFilter          : SettingFilter | doFilter | url : http://localhost/Shopme/category-images/9/bags_cases.png
2021-07-17 22:10:33.861  INFO 18824 --- [http-nio-80-exec-6] com.shopme.filter.SettingFilter          : SettingFilter | doFilter | .css , .js , .png , . jpg | url : http://localhost/Shopme/category-images/9/bags_cases.png
2021-07-17 22:10:33.873  INFO 18824 --- [http-nio-80-exec-7] com.shopme.filter.SettingFilter          : SettingFilter | doFilter is called
2021-07-17 22:10:33.874  INFO 18824 --- [http-nio-80-exec-7] com.shopme.filter.SettingFilter          : SettingFilter | doFilter | url : http://localhost/Shopme/category-images/17/cables%20and%20adapters.png
2021-07-17 22:10:33.874  INFO 18824 --- [http-nio-80-exec-7] com.shopme.filter.SettingFilter          : SettingFilter | doFilter | .css , .js , .png , . jpg | url : http://localhost/Shopme/category-images/17/cables%20and%20adapters.png
2021-07-17 22:10:33.875  INFO 18824 --- [http-nio-80-exec-9] com.shopme.filter.SettingFilter          : SettingFilter | doFilter is called
2021-07-17 22:10:33.875  INFO 18824 --- [http-nio-80-exec-8] com.shopme.filter.SettingFilter          : SettingFilter | doFilter is called
2021-07-17 22:10:33.875  INFO 18824 --- [http-nio-80-exec-9] com.shopme.filter.SettingFilter          : SettingFilter | doFilter | url : http://localhost/Shopme/category-images/20/cellphone%20cases.png
2021-07-17 22:10:33.875  INFO 18824 --- [http-nio-80-exec-8] com.shopme.filter.SettingFilter          : SettingFilter | doFilter | url : http://localhost/Shopme/category-images/14/carrier%20cellphones.png
2021-07-17 22:10:33.876  INFO 18824 --- [http-nio-80-exec-9] com.shopme.filter.SettingFilter          : SettingFilter | doFilter | .css , .js , .png , . jpg | url : http://localhost/Shopme/category-images/20/cellphone%20cases.png
2021-07-17 22:10:33.876  INFO 18824 --- [http-nio-80-exec-8] com.shopme.filter.SettingFilter          : SettingFilter | doFilter | .css , .js , .png , . jpg | url : http://localhost/Shopme/category-images/14/carrier%20cellphones.png
2021-07-17 22:10:33.877  INFO 18824 --- [http-nio-80-exec-1] com.shopme.filter.SettingFilter          : SettingFilter | doFilter is called
2021-07-17 22:10:33.877  INFO 18824 --- [http-nio-80-exec-1] com.shopme.filter.SettingFilter          : SettingFilter | doFilter | url : http://localhost/Shopme/category-images/5/desktop%20computers.png
2021-07-17 22:10:33.877  INFO 18824 --- [http-nio-80-exec-4] com.shopme.filter.SettingFilter          : SettingFilter | doFilter is called
2021-07-17 22:10:33.877  INFO 18824 --- [http-nio-80-exec-1] com.shopme.filter.SettingFilter          : SettingFilter | doFilter | .css , .js , .png , . jpg | url : http://localhost/Shopme/category-images/5/desktop%20computers.png
2021-07-17 22:10:33.877  INFO 18824 --- [http-nio-80-exec-4] com.shopme.filter.SettingFilter          : SettingFilter | doFilter | url : http://localhost/Shopme/category-images/10/digital%20cameras.png
2021-07-17 22:10:33.877  INFO 18824 --- [http-nio-80-exec-4] com.shopme.filter.SettingFilter          : SettingFilter | doFilter | .css , .js , .png , . jpg | url : http://localhost/Shopme/category-images/10/digital%20cameras.png
2021-07-17 22:10:33.877  INFO 18824 --- [http-nio-80-exec-10] com.shopme.filter.SettingFilter          : SettingFilter | doFilter is called
2021-07-17 22:10:33.877  INFO 18824 --- [http-nio-80-exec-10] com.shopme.filter.SettingFilter          : SettingFilter | doFilter | url : http://localhost/Shopme/category-images/22/computer%20processors.png
2021-07-17 22:10:33.877  INFO 18824 --- [http-nio-80-exec-10] com.shopme.filter.SettingFilter          : SettingFilter | doFilter | .css , .js , .png , . jpg | url : http://localhost/Shopme/category-images/22/computer%20processors.png
2021-07-17 22:10:33.879  INFO 18824 --- [http-nio-80-exec-2] com.shopme.filter.SettingFilter          : SettingFilter | doFilter is called
2021-07-17 22:10:33.880  INFO 18824 --- [http-nio-80-exec-2] com.shopme.filter.SettingFilter          : SettingFilter | doFilter | url : http://localhost/Shopme/category-images/11/flashes.png
2021-07-17 22:10:33.880  INFO 18824 --- [http-nio-80-exec-2] com.shopme.filter.SettingFilter          : SettingFilter | doFilter | .css , .js , .png , . jpg | url : http://localhost/Shopme/category-images/11/flashes.png
2021-07-17 22:10:33.885  INFO 18824 --- [http-nio-80-exec-3] com.shopme.filter.SettingFilter          : SettingFilter | doFilter is called
2021-07-17 22:10:33.885  INFO 18824 --- [http-nio-80-exec-5] com.shopme.filter.SettingFilter          : SettingFilter | doFilter is called
2021-07-17 22:10:33.885  INFO 18824 --- [http-nio-80-exec-6] com.shopme.filter.SettingFilter          : SettingFilter | doFilter is called
2021-07-17 22:10:33.885  INFO 18824 --- [http-nio-80-exec-7] com.shopme.filter.SettingFilter          : SettingFilter | doFilter is called
2021-07-17 22:10:33.886  INFO 18824 --- [http-nio-80-exec-3] com.shopme.filter.SettingFilter          : SettingFilter | doFilter | url : http://localhost/Shopme/category-images/23/graphic%20cards.png
2021-07-17 22:10:33.885  INFO 18824 --- [http-nio-80-exec-8] com.shopme.filter.SettingFilter          : SettingFilter | doFilter is called
2021-07-17 22:10:33.886  INFO 18824 --- [http-nio-80-exec-5] com.shopme.filter.SettingFilter          : SettingFilter | doFilter | url : http://localhost/Shopme/category-images/24/internal%20hard%20drive.png
2021-07-17 22:10:33.886  INFO 18824 --- [http-nio-80-exec-6] com.shopme.filter.SettingFilter          : SettingFilter | doFilter | url : http://localhost/Shopme/category-images/25/internal%20optical%20drives.png
2021-07-17 22:10:33.886  INFO 18824 --- [http-nio-80-exec-8] com.shopme.filter.SettingFilter          : SettingFilter | doFilter | url : http://localhost/Shopme/category-images/6/laptop%20computers.png
2021-07-17 22:10:33.886  INFO 18824 --- [http-nio-80-exec-5] com.shopme.filter.SettingFilter          : SettingFilter | doFilter | .css , .js , .png , . jpg | url : http://localhost/Shopme/category-images/24/internal%20hard%20drive.png
2021-07-17 22:10:33.886  INFO 18824 --- [http-nio-80-exec-7] com.shopme.filter.SettingFilter          : SettingFilter | doFilter | url : http://localhost/Shopme/category-images/21/headphones.png
2021-07-17 22:10:33.886  INFO 18824 --- [http-nio-80-exec-3] com.shopme.filter.SettingFilter          : SettingFilter | doFilter | .css , .js , .png , . jpg | url : http://localhost/Shopme/category-images/23/graphic%20cards.png
2021-07-17 22:10:33.886  INFO 18824 --- [http-nio-80-exec-6] com.shopme.filter.SettingFilter          : SettingFilter | doFilter | .css , .js , .png , . jpg | url : http://localhost/Shopme/category-images/25/internal%20optical%20drives.png
2021-07-17 22:10:33.886  INFO 18824 --- [http-nio-80-exec-8] com.shopme.filter.SettingFilter          : SettingFilter | doFilter | .css , .js , .png , . jpg | url : http://localhost/Shopme/category-images/6/laptop%20computers.png
2021-07-17 22:10:33.886  INFO 18824 --- [http-nio-80-exec-7] com.shopme.filter.SettingFilter          : SettingFilter | doFilter | .css , .js , .png , . jpg | url : http://localhost/Shopme/category-images/21/headphones.png
2021-07-17 22:10:33.888  INFO 18824 --- [http-nio-80-exec-1] com.shopme.filter.SettingFilter          : SettingFilter | doFilter is called
2021-07-17 22:10:33.888  INFO 18824 --- [http-nio-80-exec-1] com.shopme.filter.SettingFilter          : SettingFilter | doFilter | url : http://localhost/Shopme/category-images/12/lenses.png
2021-07-17 22:10:33.888  INFO 18824 --- [http-nio-80-exec-1] com.shopme.filter.SettingFilter          : SettingFilter | doFilter | .css , .js , .png , . jpg | url : http://localhost/Shopme/category-images/12/lenses.png
2021-07-17 22:10:33.893  INFO 18824 --- [http-nio-80-exec-9] com.shopme.filter.SettingFilter          : SettingFilter | doFilter is called
2021-07-17 22:10:33.893  INFO 18824 --- [http-nio-80-exec-9] com.shopme.filter.SettingFilter          : SettingFilter | doFilter | url : http://localhost/Shopme/category-images/29/computer%20memory.png
2021-07-17 22:10:33.893  INFO 18824 --- [http-nio-80-exec-9] com.shopme.filter.SettingFilter          : SettingFilter | doFilter | .css , .js , .png , . jpg | url : http://localhost/Shopme/category-images/29/computer%20memory.png
2021-07-17 22:10:33.893  INFO 18824 --- [http-nio-80-exec-4] com.shopme.filter.SettingFilter          : SettingFilter | doFilter is called
2021-07-17 22:10:33.893  INFO 18824 --- [http-nio-80-exec-4] com.shopme.filter.SettingFilter          : SettingFilter | doFilter | url : http://localhost/Shopme/category-images/18/microsd%20cards.png
2021-07-17 22:10:33.893  INFO 18824 --- [http-nio-80-exec-4] com.shopme.filter.SettingFilter          : SettingFilter | doFilter | .css , .js , .png , . jpg | url : http://localhost/Shopme/category-images/18/microsd%20cards.png
2021-07-17 22:10:33.893  INFO 18824 --- [http-nio-80-exec-10] com.shopme.filter.SettingFilter          : SettingFilter | doFilter is called
2021-07-17 22:10:33.893  INFO 18824 --- [http-nio-80-exec-10] com.shopme.filter.SettingFilter          : SettingFilter | doFilter | url : http://localhost/Shopme/category-images/30/motherboards.png
2021-07-17 22:10:33.893  INFO 18824 --- [http-nio-80-exec-10] com.shopme.filter.SettingFilter          : SettingFilter | doFilter | .css , .js , .png , . jpg | url : http://localhost/Shopme/category-images/30/motherboards.png
2021-07-17 22:10:33.894  INFO 18824 --- [http-nio-80-exec-2] com.shopme.filter.SettingFilter          : SettingFilter | doFilter is called
2021-07-17 22:10:33.894  INFO 18824 --- [http-nio-80-exec-2] com.shopme.filter.SettingFilter          : SettingFilter | doFilter | url : http://localhost/Shopme/category-images/31/network%20cards.png
2021-07-17 22:10:33.894  INFO 18824 --- [http-nio-80-exec-2] com.shopme.filter.SettingFilter          : SettingFilter | doFilter | .css , .js , .png , . jpg | url : http://localhost/Shopme/category-images/31/network%20cards.png
2021-07-17 22:10:33.894  INFO 18824 --- [http-nio-80-exec-3] com.shopme.filter.SettingFilter          : SettingFilter | doFilter is called
2021-07-17 22:10:33.894  INFO 18824 --- [http-nio-80-exec-3] com.shopme.filter.SettingFilter          : SettingFilter | doFilter | url : http://localhost/Shopme/category-images/26/power%20supplies.png
2021-07-17 22:10:33.894  INFO 18824 --- [http-nio-80-exec-3] com.shopme.filter.SettingFilter          : SettingFilter | doFilter | .css , .js , .png , . jpg | url : http://localhost/Shopme/category-images/26/power%20supplies.png
2021-07-17 22:10:33.895  INFO 18824 --- [http-nio-80-exec-7] com.shopme.filter.SettingFilter          : SettingFilter | doFilter is called
2021-07-17 22:10:33.895  INFO 18824 --- [http-nio-80-exec-7] com.shopme.filter.SettingFilter          : SettingFilter | doFilter | url : http://localhost/Shopme/category-images/27/solid%20state%20drives.png
2021-07-17 22:10:33.895  INFO 18824 --- [http-nio-80-exec-7] com.shopme.filter.SettingFilter          : SettingFilter | doFilter | .css , .js , .png , . jpg | url : http://localhost/Shopme/category-images/27/solid%20state%20drives.png
2021-07-17 22:10:33.899  INFO 18824 --- [http-nio-80-exec-8] com.shopme.filter.SettingFilter          : SettingFilter | doFilter is called
2021-07-17 22:10:33.899  INFO 18824 --- [http-nio-80-exec-6] com.shopme.filter.SettingFilter          : SettingFilter | doFilter is called
2021-07-17 22:10:33.899  INFO 18824 --- [http-nio-80-exec-8] com.shopme.filter.SettingFilter          : SettingFilter | doFilter | url : http://localhost/Shopme/category-images/19/cellphone_stands.png
2021-07-17 22:10:33.899  INFO 18824 --- [http-nio-80-exec-6] com.shopme.filter.SettingFilter          : SettingFilter | doFilter | url : http://localhost/Shopme/category-images/28/sound%20cards.png
2021-07-17 22:10:33.899  INFO 18824 --- [http-nio-80-exec-8] com.shopme.filter.SettingFilter          : SettingFilter | doFilter | .css , .js , .png , . jpg | url : http://localhost/Shopme/category-images/19/cellphone_stands.png
2021-07-17 22:10:33.899  INFO 18824 --- [http-nio-80-exec-6] com.shopme.filter.SettingFilter          : SettingFilter | doFilter | .css , .js , .png , . jpg | url : http://localhost/Shopme/category-images/28/sound%20cards.png
2021-07-17 22:10:33.900  INFO 18824 --- [http-nio-80-exec-5] com.shopme.filter.SettingFilter          : SettingFilter | doFilter is called
2021-07-17 22:10:33.900  INFO 18824 --- [http-nio-80-exec-1] com.shopme.filter.SettingFilter          : SettingFilter | doFilter is called
2021-07-17 22:10:33.900  INFO 18824 --- [http-nio-80-exec-5] com.shopme.filter.SettingFilter          : SettingFilter | doFilter | url : http://localhost/Shopme/category-images/7/tablets.png
2021-07-17 22:10:33.900  INFO 18824 --- [http-nio-80-exec-1] com.shopme.filter.SettingFilter          : SettingFilter | doFilter | url : http://localhost/Shopme/category-images/13/tripods_monopods.png
2021-07-17 22:10:33.900  INFO 18824 --- [http-nio-80-exec-4] com.shopme.filter.SettingFilter          : SettingFilter | doFilter is called
2021-07-17 22:10:33.900  INFO 18824 --- [http-nio-80-exec-5] com.shopme.filter.SettingFilter          : SettingFilter | doFilter | .css , .js , .png , . jpg | url : http://localhost/Shopme/category-images/7/tablets.png
2021-07-17 22:10:33.900  INFO 18824 --- [http-nio-80-exec-1] com.shopme.filter.SettingFilter          : SettingFilter | doFilter | .css , .js , .png , . jpg | url : http://localhost/Shopme/category-images/13/tripods_monopods.png
2021-07-17 22:10:33.900  INFO 18824 --- [http-nio-80-exec-4] com.shopme.filter.SettingFilter          : SettingFilter | doFilter | url : http://localhost/Shopme/category-images/15/unlocked%20cellphones.png
2021-07-17 22:10:33.900  INFO 18824 --- [http-nio-80-exec-4] com.shopme.filter.SettingFilter          : SettingFilter | doFilter | .css , .js , .png , . jpg | url : http://localhost/Shopme/category-images/15/unlocked%20cellphones.png
2021-07-17 22:10:37.217  INFO 18824 --- [http-nio-80-exec-10] com.shopme.filter.SettingFilter          : SettingFilter | doFilter is called
2021-07-17 22:10:37.217  INFO 18824 --- [http-nio-80-exec-10] com.shopme.filter.SettingFilter          : SettingFilter | doFilter | url : http://localhost/Shopme/register
2021-07-17 22:10:37.220  INFO 18824 --- [http-nio-80-exec-10] com.shopme.filter.SettingFilter          : SettingFilter | doFilter | generalSettings : [Setting [key=COPYRIGHT, value=Copyright (C) 2021 Shopme Ltd.], Setting [key=CURRENCY_ID, value=1], Setting [key=CURRENCY_SYMBOL, value=$], Setting [key=CURRENCY_SYMBOL_POSITION, value=Before price], Setting [key=DECIMAL_DIGITS, value=2], Setting [key=DECIMAL_POINT_TYPE, value=POINT], Setting [key=SITE_LOGO, value=/site-logo/ShopmeAdminSmall.png], Setting [key=SITE_NAME, value=Shopme], Setting [key=THOUSANDS_POINT_TYPE, value=COMMA]]
2021-07-17 22:10:37.220  INFO 18824 --- [http-nio-80-exec-10] com.shopme.filter.SettingFilter          : SettingFilter | doFilter | generalSettings : [Setting [key=COPYRIGHT, value=Copyright (C) 2021 Shopme Ltd.], Setting [key=CURRENCY_ID, value=1], Setting [key=CURRENCY_SYMBOL, value=$], Setting [key=CURRENCY_SYMBOL_POSITION, value=Before price], Setting [key=DECIMAL_DIGITS, value=2], Setting [key=DECIMAL_POINT_TYPE, value=POINT], Setting [key=SITE_LOGO, value=/site-logo/ShopmeAdminSmall.png], Setting [key=SITE_NAME, value=Shopme], Setting [key=THOUSANDS_POINT_TYPE, value=COMMA]]
2021-07-17 22:10:37.220  INFO 18824 --- [http-nio-80-exec-10] com.shopme.filter.SettingFilter          : SettingFilter | doFilter | generalSettings : [Setting [key=COPYRIGHT, value=Copyright (C) 2021 Shopme Ltd.], Setting [key=CURRENCY_ID, value=1], Setting [key=CURRENCY_SYMBOL, value=$], Setting [key=CURRENCY_SYMBOL_POSITION, value=Before price], Setting [key=DECIMAL_DIGITS, value=2], Setting [key=DECIMAL_POINT_TYPE, value=POINT], Setting [key=SITE_LOGO, value=/site-logo/ShopmeAdminSmall.png], Setting [key=SITE_NAME, value=Shopme], Setting [key=THOUSANDS_POINT_TYPE, value=COMMA]]
2021-07-17 22:10:37.220  INFO 18824 --- [http-nio-80-exec-10] com.shopme.filter.SettingFilter          : SettingFilter | doFilter | generalSettings : [Setting [key=COPYRIGHT, value=Copyright (C) 2021 Shopme Ltd.], Setting [key=CURRENCY_ID, value=1], Setting [key=CURRENCY_SYMBOL, value=$], Setting [key=CURRENCY_SYMBOL_POSITION, value=Before price], Setting [key=DECIMAL_DIGITS, value=2], Setting [key=DECIMAL_POINT_TYPE, value=POINT], Setting [key=SITE_LOGO, value=/site-logo/ShopmeAdminSmall.png], Setting [key=SITE_NAME, value=Shopme], Setting [key=THOUSANDS_POINT_TYPE, value=COMMA]]
2021-07-17 22:10:37.220  INFO 18824 --- [http-nio-80-exec-10] com.shopme.filter.SettingFilter          : SettingFilter | doFilter | generalSettings : [Setting [key=COPYRIGHT, value=Copyright (C) 2021 Shopme Ltd.], Setting [key=CURRENCY_ID, value=1], Setting [key=CURRENCY_SYMBOL, value=$], Setting [key=CURRENCY_SYMBOL_POSITION, value=Before price], Setting [key=DECIMAL_DIGITS, value=2], Setting [key=DECIMAL_POINT_TYPE, value=POINT], Setting [key=SITE_LOGO, value=/site-logo/ShopmeAdminSmall.png], Setting [key=SITE_NAME, value=Shopme], Setting [key=THOUSANDS_POINT_TYPE, value=COMMA]]
2021-07-17 22:10:37.220  INFO 18824 --- [http-nio-80-exec-10] com.shopme.filter.SettingFilter          : SettingFilter | doFilter | generalSettings : [Setting [key=COPYRIGHT, value=Copyright (C) 2021 Shopme Ltd.], Setting [key=CURRENCY_ID, value=1], Setting [key=CURRENCY_SYMBOL, value=$], Setting [key=CURRENCY_SYMBOL_POSITION, value=Before price], Setting [key=DECIMAL_DIGITS, value=2], Setting [key=DECIMAL_POINT_TYPE, value=POINT], Setting [key=SITE_LOGO, value=/site-logo/ShopmeAdminSmall.png], Setting [key=SITE_NAME, value=Shopme], Setting [key=THOUSANDS_POINT_TYPE, value=COMMA]]
2021-07-17 22:10:37.220  INFO 18824 --- [http-nio-80-exec-10] com.shopme.filter.SettingFilter          : SettingFilter | doFilter | generalSettings : [Setting [key=COPYRIGHT, value=Copyright (C) 2021 Shopme Ltd.], Setting [key=CURRENCY_ID, value=1], Setting [key=CURRENCY_SYMBOL, value=$], Setting [key=CURRENCY_SYMBOL_POSITION, value=Before price], Setting [key=DECIMAL_DIGITS, value=2], Setting [key=DECIMAL_POINT_TYPE, value=POINT], Setting [key=SITE_LOGO, value=/site-logo/ShopmeAdminSmall.png], Setting [key=SITE_NAME, value=Shopme], Setting [key=THOUSANDS_POINT_TYPE, value=COMMA]]
2021-07-17 22:10:37.220  INFO 18824 --- [http-nio-80-exec-10] com.shopme.filter.SettingFilter          : SettingFilter | doFilter | generalSettings : [Setting [key=COPYRIGHT, value=Copyright (C) 2021 Shopme Ltd.], Setting [key=CURRENCY_ID, value=1], Setting [key=CURRENCY_SYMBOL, value=$], Setting [key=CURRENCY_SYMBOL_POSITION, value=Before price], Setting [key=DECIMAL_DIGITS, value=2], Setting [key=DECIMAL_POINT_TYPE, value=POINT], Setting [key=SITE_LOGO, value=/site-logo/ShopmeAdminSmall.png], Setting [key=SITE_NAME, value=Shopme], Setting [key=THOUSANDS_POINT_TYPE, value=COMMA]]
2021-07-17 22:10:37.220  INFO 18824 --- [http-nio-80-exec-10] com.shopme.filter.SettingFilter          : SettingFilter | doFilter | generalSettings : [Setting [key=COPYRIGHT, value=Copyright (C) 2021 Shopme Ltd.], Setting [key=CURRENCY_ID, value=1], Setting [key=CURRENCY_SYMBOL, value=$], Setting [key=CURRENCY_SYMBOL_POSITION, value=Before price], Setting [key=DECIMAL_DIGITS, value=2], Setting [key=DECIMAL_POINT_TYPE, value=POINT], Setting [key=SITE_LOGO, value=/site-logo/ShopmeAdminSmall.png], Setting [key=SITE_NAME, value=Shopme], Setting [key=THOUSANDS_POINT_TYPE, value=COMMA]]
2021-07-17 22:10:37.362  INFO 18824 --- [http-nio-80-exec-2] com.shopme.filter.SettingFilter          : SettingFilter | doFilter is called
2021-07-17 22:10:37.362  INFO 18824 --- [http-nio-80-exec-3] com.shopme.filter.SettingFilter          : SettingFilter | doFilter is called
2021-07-17 22:10:37.362  INFO 18824 --- [http-nio-80-exec-7] com.shopme.filter.SettingFilter          : SettingFilter | doFilter is called
2021-07-17 22:10:37.362  INFO 18824 --- [http-nio-80-exec-3] com.shopme.filter.SettingFilter          : SettingFilter | doFilter | url : http://localhost/Shopme/webjars/jquery/3.4.1/jquery.min.js
2021-07-17 22:10:37.362  INFO 18824 --- [http-nio-80-exec-7] com.shopme.filter.SettingFilter          : SettingFilter | doFilter | url : http://localhost/Shopme/webjars/bootstrap/4.3.1/js/bootstrap.min.js
2021-07-17 22:10:37.362  INFO 18824 --- [http-nio-80-exec-3] com.shopme.filter.SettingFilter          : SettingFilter | doFilter | .css , .js , .png , . jpg | url : http://localhost/Shopme/webjars/jquery/3.4.1/jquery.min.js
2021-07-17 22:10:37.362  INFO 18824 --- [http-nio-80-exec-2] com.shopme.filter.SettingFilter          : SettingFilter | doFilter | url : http://localhost/Shopme/webjars/bootstrap/4.3.1/css/bootstrap.min.css
2021-07-17 22:10:37.362  INFO 18824 --- [http-nio-80-exec-2] com.shopme.filter.SettingFilter          : SettingFilter | doFilter | .css , .js , .png , . jpg | url : http://localhost/Shopme/webjars/bootstrap/4.3.1/css/bootstrap.min.css
2021-07-17 22:10:37.362  INFO 18824 --- [http-nio-80-exec-7] com.shopme.filter.SettingFilter          : SettingFilter | doFilter | .css , .js , .png , . jpg | url : http://localhost/Shopme/webjars/bootstrap/4.3.1/js/bootstrap.min.js
2021-07-17 22:10:37.391  INFO 18824 --- [http-nio-80-exec-8] com.shopme.filter.SettingFilter          : SettingFilter | doFilter is called
2021-07-17 22:10:37.391  INFO 18824 --- [http-nio-80-exec-8] com.shopme.filter.SettingFilter          : SettingFilter | doFilter | url : http://localhost/Shopme/js/register.js
2021-07-17 22:10:37.391  INFO 18824 --- [http-nio-80-exec-8] com.shopme.filter.SettingFilter          : SettingFilter | doFilter | .css , .js , .png , . jpg | url : http://localhost/Shopme/js/register.js
2021-07-17 22:10:37.391  INFO 18824 --- [http-nio-80-exec-6] com.shopme.filter.SettingFilter          : SettingFilter | doFilter is called
2021-07-17 22:10:37.391  INFO 18824 --- [http-nio-80-exec-6] com.shopme.filter.SettingFilter          : SettingFilter | doFilter | url : http://localhost/Shopme/site-logo/ShopmeAdminSmall.png
2021-07-17 22:10:37.391  INFO 18824 --- [http-nio-80-exec-6] com.shopme.filter.SettingFilter          : SettingFilter | doFilter | .css , .js , .png , . jpg | url : http://localhost/Shopme/site-logo/ShopmeAdminSmall.png
2021-07-17 22:10:45.628  INFO 18824 --- [http-nio-80-exec-1] com.shopme.filter.SettingFilter          : SettingFilter | doFilter is called
2021-07-17 22:10:45.628  INFO 18824 --- [http-nio-80-exec-1] com.shopme.filter.SettingFilter          : SettingFilter | doFilter | url : http://localhost/Shopme/settings/list_states_by_country/226
2021-07-17 22:10:45.630  INFO 18824 --- [http-nio-80-exec-1] com.shopme.filter.SettingFilter          : SettingFilter | doFilter | generalSettings : [Setting [key=COPYRIGHT, value=Copyright (C) 2021 Shopme Ltd.], Setting [key=CURRENCY_ID, value=1], Setting [key=CURRENCY_SYMBOL, value=$], Setting [key=CURRENCY_SYMBOL_POSITION, value=Before price], Setting [key=DECIMAL_DIGITS, value=2], Setting [key=DECIMAL_POINT_TYPE, value=POINT], Setting [key=SITE_LOGO, value=/site-logo/ShopmeAdminSmall.png], Setting [key=SITE_NAME, value=Shopme], Setting [key=THOUSANDS_POINT_TYPE, value=COMMA]]
2021-07-17 22:10:45.631  INFO 18824 --- [http-nio-80-exec-1] com.shopme.filter.SettingFilter          : SettingFilter | doFilter | generalSettings : [Setting [key=COPYRIGHT, value=Copyright (C) 2021 Shopme Ltd.], Setting [key=CURRENCY_ID, value=1], Setting [key=CURRENCY_SYMBOL, value=$], Setting [key=CURRENCY_SYMBOL_POSITION, value=Before price], Setting [key=DECIMAL_DIGITS, value=2], Setting [key=DECIMAL_POINT_TYPE, value=POINT], Setting [key=SITE_LOGO, value=/site-logo/ShopmeAdminSmall.png], Setting [key=SITE_NAME, value=Shopme], Setting [key=THOUSANDS_POINT_TYPE, value=COMMA]]
2021-07-17 22:10:45.631  INFO 18824 --- [http-nio-80-exec-1] com.shopme.filter.SettingFilter          : SettingFilter | doFilter | generalSettings : [Setting [key=COPYRIGHT, value=Copyright (C) 2021 Shopme Ltd.], Setting [key=CURRENCY_ID, value=1], Setting [key=CURRENCY_SYMBOL, value=$], Setting [key=CURRENCY_SYMBOL_POSITION, value=Before price], Setting [key=DECIMAL_DIGITS, value=2], Setting [key=DECIMAL_POINT_TYPE, value=POINT], Setting [key=SITE_LOGO, value=/site-logo/ShopmeAdminSmall.png], Setting [key=SITE_NAME, value=Shopme], Setting [key=THOUSANDS_POINT_TYPE, value=COMMA]]
2021-07-17 22:10:45.631  INFO 18824 --- [http-nio-80-exec-1] com.shopme.filter.SettingFilter          : SettingFilter | doFilter | generalSettings : [Setting [key=COPYRIGHT, value=Copyright (C) 2021 Shopme Ltd.], Setting [key=CURRENCY_ID, value=1], Setting [key=CURRENCY_SYMBOL, value=$], Setting [key=CURRENCY_SYMBOL_POSITION, value=Before price], Setting [key=DECIMAL_DIGITS, value=2], Setting [key=DECIMAL_POINT_TYPE, value=POINT], Setting [key=SITE_LOGO, value=/site-logo/ShopmeAdminSmall.png], Setting [key=SITE_NAME, value=Shopme], Setting [key=THOUSANDS_POINT_TYPE, value=COMMA]]
2021-07-17 22:10:45.631  INFO 18824 --- [http-nio-80-exec-1] com.shopme.filter.SettingFilter          : SettingFilter | doFilter | generalSettings : [Setting [key=COPYRIGHT, value=Copyright (C) 2021 Shopme Ltd.], Setting [key=CURRENCY_ID, value=1], Setting [key=CURRENCY_SYMBOL, value=$], Setting [key=CURRENCY_SYMBOL_POSITION, value=Before price], Setting [key=DECIMAL_DIGITS, value=2], Setting [key=DECIMAL_POINT_TYPE, value=POINT], Setting [key=SITE_LOGO, value=/site-logo/ShopmeAdminSmall.png], Setting [key=SITE_NAME, value=Shopme], Setting [key=THOUSANDS_POINT_TYPE, value=COMMA]]
2021-07-17 22:10:45.631  INFO 18824 --- [http-nio-80-exec-1] com.shopme.filter.SettingFilter          : SettingFilter | doFilter | generalSettings : [Setting [key=COPYRIGHT, value=Copyright (C) 2021 Shopme Ltd.], Setting [key=CURRENCY_ID, value=1], Setting [key=CURRENCY_SYMBOL, value=$], Setting [key=CURRENCY_SYMBOL_POSITION, value=Before price], Setting [key=DECIMAL_DIGITS, value=2], Setting [key=DECIMAL_POINT_TYPE, value=POINT], Setting [key=SITE_LOGO, value=/site-logo/ShopmeAdminSmall.png], Setting [key=SITE_NAME, value=Shopme], Setting [key=THOUSANDS_POINT_TYPE, value=COMMA]]
2021-07-17 22:10:45.631  INFO 18824 --- [http-nio-80-exec-1] com.shopme.filter.SettingFilter          : SettingFilter | doFilter | generalSettings : [Setting [key=COPYRIGHT, value=Copyright (C) 2021 Shopme Ltd.], Setting [key=CURRENCY_ID, value=1], Setting [key=CURRENCY_SYMBOL, value=$], Setting [key=CURRENCY_SYMBOL_POSITION, value=Before price], Setting [key=DECIMAL_DIGITS, value=2], Setting [key=DECIMAL_POINT_TYPE, value=POINT], Setting [key=SITE_LOGO, value=/site-logo/ShopmeAdminSmall.png], Setting [key=SITE_NAME, value=Shopme], Setting [key=THOUSANDS_POINT_TYPE, value=COMMA]]
2021-07-17 22:10:45.631  INFO 18824 --- [http-nio-80-exec-1] com.shopme.filter.SettingFilter          : SettingFilter | doFilter | generalSettings : [Setting [key=COPYRIGHT, value=Copyright (C) 2021 Shopme Ltd.], Setting [key=CURRENCY_ID, value=1], Setting [key=CURRENCY_SYMBOL, value=$], Setting [key=CURRENCY_SYMBOL_POSITION, value=Before price], Setting [key=DECIMAL_DIGITS, value=2], Setting [key=DECIMAL_POINT_TYPE, value=POINT], Setting [key=SITE_LOGO, value=/site-logo/ShopmeAdminSmall.png], Setting [key=SITE_NAME, value=Shopme], Setting [key=THOUSANDS_POINT_TYPE, value=COMMA]]
2021-07-17 22:10:45.631  INFO 18824 --- [http-nio-80-exec-1] com.shopme.filter.SettingFilter          : SettingFilter | doFilter | generalSettings : [Setting [key=COPYRIGHT, value=Copyright (C) 2021 Shopme Ltd.], Setting [key=CURRENCY_ID, value=1], Setting [key=CURRENCY_SYMBOL, value=$], Setting [key=CURRENCY_SYMBOL_POSITION, value=Before price], Setting [key=DECIMAL_DIGITS, value=2], Setting [key=DECIMAL_POINT_TYPE, value=POINT], Setting [key=SITE_LOGO, value=/site-logo/ShopmeAdminSmall.png], Setting [key=SITE_NAME, value=Shopme], Setting [key=THOUSANDS_POINT_TYPE, value=COMMA]]
2021-07-17 22:11:03.170  INFO 18824 --- [http-nio-80-exec-5] com.shopme.filter.SettingFilter          : SettingFilter | doFilter is called
2021-07-17 22:11:03.170  INFO 18824 --- [http-nio-80-exec-5] com.shopme.filter.SettingFilter          : SettingFilter | doFilter | url : http://localhost/Shopme/settings/list_states_by_country/213
2021-07-17 22:11:03.172  INFO 18824 --- [http-nio-80-exec-5] com.shopme.filter.SettingFilter          : SettingFilter | doFilter | generalSettings : [Setting [key=COPYRIGHT, value=Copyright (C) 2021 Shopme Ltd.], Setting [key=CURRENCY_ID, value=1], Setting [key=CURRENCY_SYMBOL, value=$], Setting [key=CURRENCY_SYMBOL_POSITION, value=Before price], Setting [key=DECIMAL_DIGITS, value=2], Setting [key=DECIMAL_POINT_TYPE, value=POINT], Setting [key=SITE_LOGO, value=/site-logo/ShopmeAdminSmall.png], Setting [key=SITE_NAME, value=Shopme], Setting [key=THOUSANDS_POINT_TYPE, value=COMMA]]
2021-07-17 22:11:03.173  INFO 18824 --- [http-nio-80-exec-5] com.shopme.filter.SettingFilter          : SettingFilter | doFilter | generalSettings : [Setting [key=COPYRIGHT, value=Copyright (C) 2021 Shopme Ltd.], Setting [key=CURRENCY_ID, value=1], Setting [key=CURRENCY_SYMBOL, value=$], Setting [key=CURRENCY_SYMBOL_POSITION, value=Before price], Setting [key=DECIMAL_DIGITS, value=2], Setting [key=DECIMAL_POINT_TYPE, value=POINT], Setting [key=SITE_LOGO, value=/site-logo/ShopmeAdminSmall.png], Setting [key=SITE_NAME, value=Shopme], Setting [key=THOUSANDS_POINT_TYPE, value=COMMA]]
2021-07-17 22:11:03.173  INFO 18824 --- [http-nio-80-exec-5] com.shopme.filter.SettingFilter          : SettingFilter | doFilter | generalSettings : [Setting [key=COPYRIGHT, value=Copyright (C) 2021 Shopme Ltd.], Setting [key=CURRENCY_ID, value=1], Setting [key=CURRENCY_SYMBOL, value=$], Setting [key=CURRENCY_SYMBOL_POSITION, value=Before price], Setting [key=DECIMAL_DIGITS, value=2], Setting [key=DECIMAL_POINT_TYPE, value=POINT], Setting [key=SITE_LOGO, value=/site-logo/ShopmeAdminSmall.png], Setting [key=SITE_NAME, value=Shopme], Setting [key=THOUSANDS_POINT_TYPE, value=COMMA]]
2021-07-17 22:11:03.173  INFO 18824 --- [http-nio-80-exec-5] com.shopme.filter.SettingFilter          : SettingFilter | doFilter | generalSettings : [Setting [key=COPYRIGHT, value=Copyright (C) 2021 Shopme Ltd.], Setting [key=CURRENCY_ID, value=1], Setting [key=CURRENCY_SYMBOL, value=$], Setting [key=CURRENCY_SYMBOL_POSITION, value=Before price], Setting [key=DECIMAL_DIGITS, value=2], Setting [key=DECIMAL_POINT_TYPE, value=POINT], Setting [key=SITE_LOGO, value=/site-logo/ShopmeAdminSmall.png], Setting [key=SITE_NAME, value=Shopme], Setting [key=THOUSANDS_POINT_TYPE, value=COMMA]]
2021-07-17 22:11:03.173  INFO 18824 --- [http-nio-80-exec-5] com.shopme.filter.SettingFilter          : SettingFilter | doFilter | generalSettings : [Setting [key=COPYRIGHT, value=Copyright (C) 2021 Shopme Ltd.], Setting [key=CURRENCY_ID, value=1], Setting [key=CURRENCY_SYMBOL, value=$], Setting [key=CURRENCY_SYMBOL_POSITION, value=Before price], Setting [key=DECIMAL_DIGITS, value=2], Setting [key=DECIMAL_POINT_TYPE, value=POINT], Setting [key=SITE_LOGO, value=/site-logo/ShopmeAdminSmall.png], Setting [key=SITE_NAME, value=Shopme], Setting [key=THOUSANDS_POINT_TYPE, value=COMMA]]
2021-07-17 22:11:03.173  INFO 18824 --- [http-nio-80-exec-5] com.shopme.filter.SettingFilter          : SettingFilter | doFilter | generalSettings : [Setting [key=COPYRIGHT, value=Copyright (C) 2021 Shopme Ltd.], Setting [key=CURRENCY_ID, value=1], Setting [key=CURRENCY_SYMBOL, value=$], Setting [key=CURRENCY_SYMBOL_POSITION, value=Before price], Setting [key=DECIMAL_DIGITS, value=2], Setting [key=DECIMAL_POINT_TYPE, value=POINT], Setting [key=SITE_LOGO, value=/site-logo/ShopmeAdminSmall.png], Setting [key=SITE_NAME, value=Shopme], Setting [key=THOUSANDS_POINT_TYPE, value=COMMA]]
2021-07-17 22:11:03.173  INFO 18824 --- [http-nio-80-exec-5] com.shopme.filter.SettingFilter          : SettingFilter | doFilter | generalSettings : [Setting [key=COPYRIGHT, value=Copyright (C) 2021 Shopme Ltd.], Setting [key=CURRENCY_ID, value=1], Setting [key=CURRENCY_SYMBOL, value=$], Setting [key=CURRENCY_SYMBOL_POSITION, value=Before price], Setting [key=DECIMAL_DIGITS, value=2], Setting [key=DECIMAL_POINT_TYPE, value=POINT], Setting [key=SITE_LOGO, value=/site-logo/ShopmeAdminSmall.png], Setting [key=SITE_NAME, value=Shopme], Setting [key=THOUSANDS_POINT_TYPE, value=COMMA]]
2021-07-17 22:11:03.173  INFO 18824 --- [http-nio-80-exec-5] com.shopme.filter.SettingFilter          : SettingFilter | doFilter | generalSettings : [Setting [key=COPYRIGHT, value=Copyright (C) 2021 Shopme Ltd.], Setting [key=CURRENCY_ID, value=1], Setting [key=CURRENCY_SYMBOL, value=$], Setting [key=CURRENCY_SYMBOL_POSITION, value=Before price], Setting [key=DECIMAL_DIGITS, value=2], Setting [key=DECIMAL_POINT_TYPE, value=POINT], Setting [key=SITE_LOGO, value=/site-logo/ShopmeAdminSmall.png], Setting [key=SITE_NAME, value=Shopme], Setting [key=THOUSANDS_POINT_TYPE, value=COMMA]]
2021-07-17 22:11:03.173  INFO 18824 --- [http-nio-80-exec-5] com.shopme.filter.SettingFilter          : SettingFilter | doFilter | generalSettings : [Setting [key=COPYRIGHT, value=Copyright (C) 2021 Shopme Ltd.], Setting [key=CURRENCY_ID, value=1], Setting [key=CURRENCY_SYMBOL, value=$], Setting [key=CURRENCY_SYMBOL_POSITION, value=Before price], Setting [key=DECIMAL_DIGITS, value=2], Setting [key=DECIMAL_POINT_TYPE, value=POINT], Setting [key=SITE_LOGO, value=/site-logo/ShopmeAdminSmall.png], Setting [key=SITE_NAME, value=Shopme], Setting [key=THOUSANDS_POINT_TYPE, value=COMMA]]
2021-07-17 22:11:08.081  INFO 18824 --- [http-nio-80-exec-4] com.shopme.filter.SettingFilter          : SettingFilter | doFilter is called
2021-07-17 22:11:08.082  INFO 18824 --- [http-nio-80-exec-4] com.shopme.filter.SettingFilter          : SettingFilter | doFilter | url : http://localhost/Shopme/settings/list_states_by_country/229
2021-07-17 22:11:08.085  INFO 18824 --- [http-nio-80-exec-4] com.shopme.filter.SettingFilter          : SettingFilter | doFilter | generalSettings : [Setting [key=COPYRIGHT, value=Copyright (C) 2021 Shopme Ltd.], Setting [key=CURRENCY_ID, value=1], Setting [key=CURRENCY_SYMBOL, value=$], Setting [key=CURRENCY_SYMBOL_POSITION, value=Before price], Setting [key=DECIMAL_DIGITS, value=2], Setting [key=DECIMAL_POINT_TYPE, value=POINT], Setting [key=SITE_LOGO, value=/site-logo/ShopmeAdminSmall.png], Setting [key=SITE_NAME, value=Shopme], Setting [key=THOUSANDS_POINT_TYPE, value=COMMA]]
2021-07-17 22:11:08.085  INFO 18824 --- [http-nio-80-exec-4] com.shopme.filter.SettingFilter          : SettingFilter | doFilter | generalSettings : [Setting [key=COPYRIGHT, value=Copyright (C) 2021 Shopme Ltd.], Setting [key=CURRENCY_ID, value=1], Setting [key=CURRENCY_SYMBOL, value=$], Setting [key=CURRENCY_SYMBOL_POSITION, value=Before price], Setting [key=DECIMAL_DIGITS, value=2], Setting [key=DECIMAL_POINT_TYPE, value=POINT], Setting [key=SITE_LOGO, value=/site-logo/ShopmeAdminSmall.png], Setting [key=SITE_NAME, value=Shopme], Setting [key=THOUSANDS_POINT_TYPE, value=COMMA]]
2021-07-17 22:11:08.085  INFO 18824 --- [http-nio-80-exec-4] com.shopme.filter.SettingFilter          : SettingFilter | doFilter | generalSettings : [Setting [key=COPYRIGHT, value=Copyright (C) 2021 Shopme Ltd.], Setting [key=CURRENCY_ID, value=1], Setting [key=CURRENCY_SYMBOL, value=$], Setting [key=CURRENCY_SYMBOL_POSITION, value=Before price], Setting [key=DECIMAL_DIGITS, value=2], Setting [key=DECIMAL_POINT_TYPE, value=POINT], Setting [key=SITE_LOGO, value=/site-logo/ShopmeAdminSmall.png], Setting [key=SITE_NAME, value=Shopme], Setting [key=THOUSANDS_POINT_TYPE, value=COMMA]]
2021-07-17 22:11:08.085  INFO 18824 --- [http-nio-80-exec-4] com.shopme.filter.SettingFilter          : SettingFilter | doFilter | generalSettings : [Setting [key=COPYRIGHT, value=Copyright (C) 2021 Shopme Ltd.], Setting [key=CURRENCY_ID, value=1], Setting [key=CURRENCY_SYMBOL, value=$], Setting [key=CURRENCY_SYMBOL_POSITION, value=Before price], Setting [key=DECIMAL_DIGITS, value=2], Setting [key=DECIMAL_POINT_TYPE, value=POINT], Setting [key=SITE_LOGO, value=/site-logo/ShopmeAdminSmall.png], Setting [key=SITE_NAME, value=Shopme], Setting [key=THOUSANDS_POINT_TYPE, value=COMMA]]
2021-07-17 22:11:08.085  INFO 18824 --- [http-nio-80-exec-4] com.shopme.filter.SettingFilter          : SettingFilter | doFilter | generalSettings : [Setting [key=COPYRIGHT, value=Copyright (C) 2021 Shopme Ltd.], Setting [key=CURRENCY_ID, value=1], Setting [key=CURRENCY_SYMBOL, value=$], Setting [key=CURRENCY_SYMBOL_POSITION, value=Before price], Setting [key=DECIMAL_DIGITS, value=2], Setting [key=DECIMAL_POINT_TYPE, value=POINT], Setting [key=SITE_LOGO, value=/site-logo/ShopmeAdminSmall.png], Setting [key=SITE_NAME, value=Shopme], Setting [key=THOUSANDS_POINT_TYPE, value=COMMA]]
2021-07-17 22:11:08.085  INFO 18824 --- [http-nio-80-exec-4] com.shopme.filter.SettingFilter          : SettingFilter | doFilter | generalSettings : [Setting [key=COPYRIGHT, value=Copyright (C) 2021 Shopme Ltd.], Setting [key=CURRENCY_ID, value=1], Setting [key=CURRENCY_SYMBOL, value=$], Setting [key=CURRENCY_SYMBOL_POSITION, value=Before price], Setting [key=DECIMAL_DIGITS, value=2], Setting [key=DECIMAL_POINT_TYPE, value=POINT], Setting [key=SITE_LOGO, value=/site-logo/ShopmeAdminSmall.png], Setting [key=SITE_NAME, value=Shopme], Setting [key=THOUSANDS_POINT_TYPE, value=COMMA]]
2021-07-17 22:11:08.085  INFO 18824 --- [http-nio-80-exec-4] com.shopme.filter.SettingFilter          : SettingFilter | doFilter | generalSettings : [Setting [key=COPYRIGHT, value=Copyright (C) 2021 Shopme Ltd.], Setting [key=CURRENCY_ID, value=1], Setting [key=CURRENCY_SYMBOL, value=$], Setting [key=CURRENCY_SYMBOL_POSITION, value=Before price], Setting [key=DECIMAL_DIGITS, value=2], Setting [key=DECIMAL_POINT_TYPE, value=POINT], Setting [key=SITE_LOGO, value=/site-logo/ShopmeAdminSmall.png], Setting [key=SITE_NAME, value=Shopme], Setting [key=THOUSANDS_POINT_TYPE, value=COMMA]]
2021-07-17 22:11:08.085  INFO 18824 --- [http-nio-80-exec-4] com.shopme.filter.SettingFilter          : SettingFilter | doFilter | generalSettings : [Setting [key=COPYRIGHT, value=Copyright (C) 2021 Shopme Ltd.], Setting [key=CURRENCY_ID, value=1], Setting [key=CURRENCY_SYMBOL, value=$], Setting [key=CURRENCY_SYMBOL_POSITION, value=Before price], Setting [key=DECIMAL_DIGITS, value=2], Setting [key=DECIMAL_POINT_TYPE, value=POINT], Setting [key=SITE_LOGO, value=/site-logo/ShopmeAdminSmall.png], Setting [key=SITE_NAME, value=Shopme], Setting [key=THOUSANDS_POINT_TYPE, value=COMMA]]
2021-07-17 22:11:08.085  INFO 18824 --- [http-nio-80-exec-4] com.shopme.filter.SettingFilter          : SettingFilter | doFilter | generalSettings : [Setting [key=COPYRIGHT, value=Copyright (C) 2021 Shopme Ltd.], Setting [key=CURRENCY_ID, value=1], Setting [key=CURRENCY_SYMBOL, value=$], Setting [key=CURRENCY_SYMBOL_POSITION, value=Before price], Setting [key=DECIMAL_DIGITS, value=2], Setting [key=DECIMAL_POINT_TYPE, value=POINT], Setting [key=SITE_LOGO, value=/site-logo/ShopmeAdminSmall.png], Setting [key=SITE_NAME, value=Shopme], Setting [key=THOUSANDS_POINT_TYPE, value=COMMA]]
2021-07-17 22:11:13.620  INFO 18824 --- [http-nio-80-exec-9] com.shopme.filter.SettingFilter          : SettingFilter | doFilter is called
2021-07-17 22:11:13.620  INFO 18824 --- [http-nio-80-exec-9] com.shopme.filter.SettingFilter          : SettingFilter | doFilter | url : http://localhost/Shopme/settings/list_states_by_country/6
2021-07-17 22:11:13.623  INFO 18824 --- [http-nio-80-exec-9] com.shopme.filter.SettingFilter          : SettingFilter | doFilter | generalSettings : [Setting [key=COPYRIGHT, value=Copyright (C) 2021 Shopme Ltd.], Setting [key=CURRENCY_ID, value=1], Setting [key=CURRENCY_SYMBOL, value=$], Setting [key=CURRENCY_SYMBOL_POSITION, value=Before price], Setting [key=DECIMAL_DIGITS, value=2], Setting [key=DECIMAL_POINT_TYPE, value=POINT], Setting [key=SITE_LOGO, value=/site-logo/ShopmeAdminSmall.png], Setting [key=SITE_NAME, value=Shopme], Setting [key=THOUSANDS_POINT_TYPE, value=COMMA]]
2021-07-17 22:11:13.623  INFO 18824 --- [http-nio-80-exec-9] com.shopme.filter.SettingFilter          : SettingFilter | doFilter | generalSettings : [Setting [key=COPYRIGHT, value=Copyright (C) 2021 Shopme Ltd.], Setting [key=CURRENCY_ID, value=1], Setting [key=CURRENCY_SYMBOL, value=$], Setting [key=CURRENCY_SYMBOL_POSITION, value=Before price], Setting [key=DECIMAL_DIGITS, value=2], Setting [key=DECIMAL_POINT_TYPE, value=POINT], Setting [key=SITE_LOGO, value=/site-logo/ShopmeAdminSmall.png], Setting [key=SITE_NAME, value=Shopme], Setting [key=THOUSANDS_POINT_TYPE, value=COMMA]]
2021-07-17 22:11:13.623  INFO 18824 --- [http-nio-80-exec-9] com.shopme.filter.SettingFilter          : SettingFilter | doFilter | generalSettings : [Setting [key=COPYRIGHT, value=Copyright (C) 2021 Shopme Ltd.], Setting [key=CURRENCY_ID, value=1], Setting [key=CURRENCY_SYMBOL, value=$], Setting [key=CURRENCY_SYMBOL_POSITION, value=Before price], Setting [key=DECIMAL_DIGITS, value=2], Setting [key=DECIMAL_POINT_TYPE, value=POINT], Setting [key=SITE_LOGO, value=/site-logo/ShopmeAdminSmall.png], Setting [key=SITE_NAME, value=Shopme], Setting [key=THOUSANDS_POINT_TYPE, value=COMMA]]
2021-07-17 22:11:13.623  INFO 18824 --- [http-nio-80-exec-9] com.shopme.filter.SettingFilter          : SettingFilter | doFilter | generalSettings : [Setting [key=COPYRIGHT, value=Copyright (C) 2021 Shopme Ltd.], Setting [key=CURRENCY_ID, value=1], Setting [key=CURRENCY_SYMBOL, value=$], Setting [key=CURRENCY_SYMBOL_POSITION, value=Before price], Setting [key=DECIMAL_DIGITS, value=2], Setting [key=DECIMAL_POINT_TYPE, value=POINT], Setting [key=SITE_LOGO, value=/site-logo/ShopmeAdminSmall.png], Setting [key=SITE_NAME, value=Shopme], Setting [key=THOUSANDS_POINT_TYPE, value=COMMA]]
2021-07-17 22:11:13.623  INFO 18824 --- [http-nio-80-exec-9] com.shopme.filter.SettingFilter          : SettingFilter | doFilter | generalSettings : [Setting [key=COPYRIGHT, value=Copyright (C) 2021 Shopme Ltd.], Setting [key=CURRENCY_ID, value=1], Setting [key=CURRENCY_SYMBOL, value=$], Setting [key=CURRENCY_SYMBOL_POSITION, value=Before price], Setting [key=DECIMAL_DIGITS, value=2], Setting [key=DECIMAL_POINT_TYPE, value=POINT], Setting [key=SITE_LOGO, value=/site-logo/ShopmeAdminSmall.png], Setting [key=SITE_NAME, value=Shopme], Setting [key=THOUSANDS_POINT_TYPE, value=COMMA]]
2021-07-17 22:11:13.623  INFO 18824 --- [http-nio-80-exec-9] com.shopme.filter.SettingFilter          : SettingFilter | doFilter | generalSettings : [Setting [key=COPYRIGHT, value=Copyright (C) 2021 Shopme Ltd.], Setting [key=CURRENCY_ID, value=1], Setting [key=CURRENCY_SYMBOL, value=$], Setting [key=CURRENCY_SYMBOL_POSITION, value=Before price], Setting [key=DECIMAL_DIGITS, value=2], Setting [key=DECIMAL_POINT_TYPE, value=POINT], Setting [key=SITE_LOGO, value=/site-logo/ShopmeAdminSmall.png], Setting [key=SITE_NAME, value=Shopme], Setting [key=THOUSANDS_POINT_TYPE, value=COMMA]]
2021-07-17 22:11:13.624  INFO 18824 --- [http-nio-80-exec-9] com.shopme.filter.SettingFilter          : SettingFilter | doFilter | generalSettings : [Setting [key=COPYRIGHT, value=Copyright (C) 2021 Shopme Ltd.], Setting [key=CURRENCY_ID, value=1], Setting [key=CURRENCY_SYMBOL, value=$], Setting [key=CURRENCY_SYMBOL_POSITION, value=Before price], Setting [key=DECIMAL_DIGITS, value=2], Setting [key=DECIMAL_POINT_TYPE, value=POINT], Setting [key=SITE_LOGO, value=/site-logo/ShopmeAdminSmall.png], Setting [key=SITE_NAME, value=Shopme], Setting [key=THOUSANDS_POINT_TYPE, value=COMMA]]
2021-07-17 22:11:13.624  INFO 18824 --- [http-nio-80-exec-9] com.shopme.filter.SettingFilter          : SettingFilter | doFilter | generalSettings : [Setting [key=COPYRIGHT, value=Copyright (C) 2021 Shopme Ltd.], Setting [key=CURRENCY_ID, value=1], Setting [key=CURRENCY_SYMBOL, value=$], Setting [key=CURRENCY_SYMBOL_POSITION, value=Before price], Setting [key=DECIMAL_DIGITS, value=2], Setting [key=DECIMAL_POINT_TYPE, value=POINT], Setting [key=SITE_LOGO, value=/site-logo/ShopmeAdminSmall.png], Setting [key=SITE_NAME, value=Shopme], Setting [key=THOUSANDS_POINT_TYPE, value=COMMA]]
2021-07-17 22:11:13.624  INFO 18824 --- [http-nio-80-exec-9] com.shopme.filter.SettingFilter          : SettingFilter | doFilter | generalSettings : [Setting [key=COPYRIGHT, value=Copyright (C) 2021 Shopme Ltd.], Setting [key=CURRENCY_ID, value=1], Setting [key=CURRENCY_SYMBOL, value=$], Setting [key=CURRENCY_SYMBOL_POSITION, value=Before price], Setting [key=DECIMAL_DIGITS, value=2], Setting [key=DECIMAL_POINT_TYPE, value=POINT], Setting [key=SITE_LOGO, value=/site-logo/ShopmeAdminSmall.png], Setting [key=SITE_NAME, value=Shopme], Setting [key=THOUSANDS_POINT_TYPE, value=COMMA]]
2021-07-17 22:11:17.553  INFO 18824 --- [http-nio-80-exec-10] com.shopme.filter.SettingFilter          : SettingFilter | doFilter is called
2021-07-17 22:11:17.553  INFO 18824 --- [http-nio-80-exec-10] com.shopme.filter.SettingFilter          : SettingFilter | doFilter | url : http://localhost/Shopme/settings/list_states_by_country/11
2021-07-17 22:11:17.556  INFO 18824 --- [http-nio-80-exec-10] com.shopme.filter.SettingFilter          : SettingFilter | doFilter | generalSettings : [Setting [key=COPYRIGHT, value=Copyright (C) 2021 Shopme Ltd.], Setting [key=CURRENCY_ID, value=1], Setting [key=CURRENCY_SYMBOL, value=$], Setting [key=CURRENCY_SYMBOL_POSITION, value=Before price], Setting [key=DECIMAL_DIGITS, value=2], Setting [key=DECIMAL_POINT_TYPE, value=POINT], Setting [key=SITE_LOGO, value=/site-logo/ShopmeAdminSmall.png], Setting [key=SITE_NAME, value=Shopme], Setting [key=THOUSANDS_POINT_TYPE, value=COMMA]]
2021-07-17 22:11:17.556  INFO 18824 --- [http-nio-80-exec-10] com.shopme.filter.SettingFilter          : SettingFilter | doFilter | generalSettings : [Setting [key=COPYRIGHT, value=Copyright (C) 2021 Shopme Ltd.], Setting [key=CURRENCY_ID, value=1], Setting [key=CURRENCY_SYMBOL, value=$], Setting [key=CURRENCY_SYMBOL_POSITION, value=Before price], Setting [key=DECIMAL_DIGITS, value=2], Setting [key=DECIMAL_POINT_TYPE, value=POINT], Setting [key=SITE_LOGO, value=/site-logo/ShopmeAdminSmall.png], Setting [key=SITE_NAME, value=Shopme], Setting [key=THOUSANDS_POINT_TYPE, value=COMMA]]
2021-07-17 22:11:17.556  INFO 18824 --- [http-nio-80-exec-10] com.shopme.filter.SettingFilter          : SettingFilter | doFilter | generalSettings : [Setting [key=COPYRIGHT, value=Copyright (C) 2021 Shopme Ltd.], Setting [key=CURRENCY_ID, value=1], Setting [key=CURRENCY_SYMBOL, value=$], Setting [key=CURRENCY_SYMBOL_POSITION, value=Before price], Setting [key=DECIMAL_DIGITS, value=2], Setting [key=DECIMAL_POINT_TYPE, value=POINT], Setting [key=SITE_LOGO, value=/site-logo/ShopmeAdminSmall.png], Setting [key=SITE_NAME, value=Shopme], Setting [key=THOUSANDS_POINT_TYPE, value=COMMA]]
2021-07-17 22:11:17.556  INFO 18824 --- [http-nio-80-exec-10] com.shopme.filter.SettingFilter          : SettingFilter | doFilter | generalSettings : [Setting [key=COPYRIGHT, value=Copyright (C) 2021 Shopme Ltd.], Setting [key=CURRENCY_ID, value=1], Setting [key=CURRENCY_SYMBOL, value=$], Setting [key=CURRENCY_SYMBOL_POSITION, value=Before price], Setting [key=DECIMAL_DIGITS, value=2], Setting [key=DECIMAL_POINT_TYPE, value=POINT], Setting [key=SITE_LOGO, value=/site-logo/ShopmeAdminSmall.png], Setting [key=SITE_NAME, value=Shopme], Setting [key=THOUSANDS_POINT_TYPE, value=COMMA]]
2021-07-17 22:11:17.556  INFO 18824 --- [http-nio-80-exec-10] com.shopme.filter.SettingFilter          : SettingFilter | doFilter | generalSettings : [Setting [key=COPYRIGHT, value=Copyright (C) 2021 Shopme Ltd.], Setting [key=CURRENCY_ID, value=1], Setting [key=CURRENCY_SYMBOL, value=$], Setting [key=CURRENCY_SYMBOL_POSITION, value=Before price], Setting [key=DECIMAL_DIGITS, value=2], Setting [key=DECIMAL_POINT_TYPE, value=POINT], Setting [key=SITE_LOGO, value=/site-logo/ShopmeAdminSmall.png], Setting [key=SITE_NAME, value=Shopme], Setting [key=THOUSANDS_POINT_TYPE, value=COMMA]]
2021-07-17 22:11:17.556  INFO 18824 --- [http-nio-80-exec-10] com.shopme.filter.SettingFilter          : SettingFilter | doFilter | generalSettings : [Setting [key=COPYRIGHT, value=Copyright (C) 2021 Shopme Ltd.], Setting [key=CURRENCY_ID, value=1], Setting [key=CURRENCY_SYMBOL, value=$], Setting [key=CURRENCY_SYMBOL_POSITION, value=Before price], Setting [key=DECIMAL_DIGITS, value=2], Setting [key=DECIMAL_POINT_TYPE, value=POINT], Setting [key=SITE_LOGO, value=/site-logo/ShopmeAdminSmall.png], Setting [key=SITE_NAME, value=Shopme], Setting [key=THOUSANDS_POINT_TYPE, value=COMMA]]
2021-07-17 22:11:17.556  INFO 18824 --- [http-nio-80-exec-10] com.shopme.filter.SettingFilter          : SettingFilter | doFilter | generalSettings : [Setting [key=COPYRIGHT, value=Copyright (C) 2021 Shopme Ltd.], Setting [key=CURRENCY_ID, value=1], Setting [key=CURRENCY_SYMBOL, value=$], Setting [key=CURRENCY_SYMBOL_POSITION, value=Before price], Setting [key=DECIMAL_DIGITS, value=2], Setting [key=DECIMAL_POINT_TYPE, value=POINT], Setting [key=SITE_LOGO, value=/site-logo/ShopmeAdminSmall.png], Setting [key=SITE_NAME, value=Shopme], Setting [key=THOUSANDS_POINT_TYPE, value=COMMA]]
2021-07-17 22:11:17.556  INFO 18824 --- [http-nio-80-exec-10] com.shopme.filter.SettingFilter          : SettingFilter | doFilter | generalSettings : [Setting [key=COPYRIGHT, value=Copyright (C) 2021 Shopme Ltd.], Setting [key=CURRENCY_ID, value=1], Setting [key=CURRENCY_SYMBOL, value=$], Setting [key=CURRENCY_SYMBOL_POSITION, value=Before price], Setting [key=DECIMAL_DIGITS, value=2], Setting [key=DECIMAL_POINT_TYPE, value=POINT], Setting [key=SITE_LOGO, value=/site-logo/ShopmeAdminSmall.png], Setting [key=SITE_NAME, value=Shopme], Setting [key=THOUSANDS_POINT_TYPE, value=COMMA]]
2021-07-17 22:11:17.556  INFO 18824 --- [http-nio-80-exec-10] com.shopme.filter.SettingFilter          : SettingFilter | doFilter | generalSettings : [Setting [key=COPYRIGHT, value=Copyright (C) 2021 Shopme Ltd.], Setting [key=CURRENCY_ID, value=1], Setting [key=CURRENCY_SYMBOL, value=$], Setting [key=CURRENCY_SYMBOL_POSITION, value=Before price], Setting [key=DECIMAL_DIGITS, value=2], Setting [key=DECIMAL_POINT_TYPE, value=POINT], Setting [key=SITE_LOGO, value=/site-logo/ShopmeAdminSmall.png], Setting [key=SITE_NAME, value=Shopme], Setting [key=THOUSANDS_POINT_TYPE, value=COMMA]]
2021-07-17 22:11:26.935  INFO 18824 --- [http-nio-80-exec-7] com.shopme.filter.SettingFilter          : SettingFilter | doFilter is called
2021-07-17 22:11:26.935  INFO 18824 --- [http-nio-80-exec-7] com.shopme.filter.SettingFilter          : SettingFilter | doFilter | url : http://localhost/Shopme/settings/list_states_by_country/234
2021-07-17 22:11:26.936  INFO 18824 --- [http-nio-80-exec-7] com.shopme.filter.SettingFilter          : SettingFilter | doFilter | generalSettings : [Setting [key=COPYRIGHT, value=Copyright (C) 2021 Shopme Ltd.], Setting [key=CURRENCY_ID, value=1], Setting [key=CURRENCY_SYMBOL, value=$], Setting [key=CURRENCY_SYMBOL_POSITION, value=Before price], Setting [key=DECIMAL_DIGITS, value=2], Setting [key=DECIMAL_POINT_TYPE, value=POINT], Setting [key=SITE_LOGO, value=/site-logo/ShopmeAdminSmall.png], Setting [key=SITE_NAME, value=Shopme], Setting [key=THOUSANDS_POINT_TYPE, value=COMMA]]
2021-07-17 22:11:26.937  INFO 18824 --- [http-nio-80-exec-7] com.shopme.filter.SettingFilter          : SettingFilter | doFilter | generalSettings : [Setting [key=COPYRIGHT, value=Copyright (C) 2021 Shopme Ltd.], Setting [key=CURRENCY_ID, value=1], Setting [key=CURRENCY_SYMBOL, value=$], Setting [key=CURRENCY_SYMBOL_POSITION, value=Before price], Setting [key=DECIMAL_DIGITS, value=2], Setting [key=DECIMAL_POINT_TYPE, value=POINT], Setting [key=SITE_LOGO, value=/site-logo/ShopmeAdminSmall.png], Setting [key=SITE_NAME, value=Shopme], Setting [key=THOUSANDS_POINT_TYPE, value=COMMA]]
2021-07-17 22:11:26.937  INFO 18824 --- [http-nio-80-exec-7] com.shopme.filter.SettingFilter          : SettingFilter | doFilter | generalSettings : [Setting [key=COPYRIGHT, value=Copyright (C) 2021 Shopme Ltd.], Setting [key=CURRENCY_ID, value=1], Setting [key=CURRENCY_SYMBOL, value=$], Setting [key=CURRENCY_SYMBOL_POSITION, value=Before price], Setting [key=DECIMAL_DIGITS, value=2], Setting [key=DECIMAL_POINT_TYPE, value=POINT], Setting [key=SITE_LOGO, value=/site-logo/ShopmeAdminSmall.png], Setting [key=SITE_NAME, value=Shopme], Setting [key=THOUSANDS_POINT_TYPE, value=COMMA]]
2021-07-17 22:11:26.937  INFO 18824 --- [http-nio-80-exec-7] com.shopme.filter.SettingFilter          : SettingFilter | doFilter | generalSettings : [Setting [key=COPYRIGHT, value=Copyright (C) 2021 Shopme Ltd.], Setting [key=CURRENCY_ID, value=1], Setting [key=CURRENCY_SYMBOL, value=$], Setting [key=CURRENCY_SYMBOL_POSITION, value=Before price], Setting [key=DECIMAL_DIGITS, value=2], Setting [key=DECIMAL_POINT_TYPE, value=POINT], Setting [key=SITE_LOGO, value=/site-logo/ShopmeAdminSmall.png], Setting [key=SITE_NAME, value=Shopme], Setting [key=THOUSANDS_POINT_TYPE, value=COMMA]]
2021-07-17 22:11:26.937  INFO 18824 --- [http-nio-80-exec-7] com.shopme.filter.SettingFilter          : SettingFilter | doFilter | generalSettings : [Setting [key=COPYRIGHT, value=Copyright (C) 2021 Shopme Ltd.], Setting [key=CURRENCY_ID, value=1], Setting [key=CURRENCY_SYMBOL, value=$], Setting [key=CURRENCY_SYMBOL_POSITION, value=Before price], Setting [key=DECIMAL_DIGITS, value=2], Setting [key=DECIMAL_POINT_TYPE, value=POINT], Setting [key=SITE_LOGO, value=/site-logo/ShopmeAdminSmall.png], Setting [key=SITE_NAME, value=Shopme], Setting [key=THOUSANDS_POINT_TYPE, value=COMMA]]
2021-07-17 22:11:26.937  INFO 18824 --- [http-nio-80-exec-7] com.shopme.filter.SettingFilter          : SettingFilter | doFilter | generalSettings : [Setting [key=COPYRIGHT, value=Copyright (C) 2021 Shopme Ltd.], Setting [key=CURRENCY_ID, value=1], Setting [key=CURRENCY_SYMBOL, value=$], Setting [key=CURRENCY_SYMBOL_POSITION, value=Before price], Setting [key=DECIMAL_DIGITS, value=2], Setting [key=DECIMAL_POINT_TYPE, value=POINT], Setting [key=SITE_LOGO, value=/site-logo/ShopmeAdminSmall.png], Setting [key=SITE_NAME, value=Shopme], Setting [key=THOUSANDS_POINT_TYPE, value=COMMA]]
2021-07-17 22:11:26.937  INFO 18824 --- [http-nio-80-exec-7] com.shopme.filter.SettingFilter          : SettingFilter | doFilter | generalSettings : [Setting [key=COPYRIGHT, value=Copyright (C) 2021 Shopme Ltd.], Setting [key=CURRENCY_ID, value=1], Setting [key=CURRENCY_SYMBOL, value=$], Setting [key=CURRENCY_SYMBOL_POSITION, value=Before price], Setting [key=DECIMAL_DIGITS, value=2], Setting [key=DECIMAL_POINT_TYPE, value=POINT], Setting [key=SITE_LOGO, value=/site-logo/ShopmeAdminSmall.png], Setting [key=SITE_NAME, value=Shopme], Setting [key=THOUSANDS_POINT_TYPE, value=COMMA]]
2021-07-17 22:11:26.937  INFO 18824 --- [http-nio-80-exec-7] com.shopme.filter.SettingFilter          : SettingFilter | doFilter | generalSettings : [Setting [key=COPYRIGHT, value=Copyright (C) 2021 Shopme Ltd.], Setting [key=CURRENCY_ID, value=1], Setting [key=CURRENCY_SYMBOL, value=$], Setting [key=CURRENCY_SYMBOL_POSITION, value=Before price], Setting [key=DECIMAL_DIGITS, value=2], Setting [key=DECIMAL_POINT_TYPE, value=POINT], Setting [key=SITE_LOGO, value=/site-logo/ShopmeAdminSmall.png], Setting [key=SITE_NAME, value=Shopme], Setting [key=THOUSANDS_POINT_TYPE, value=COMMA]]
2021-07-17 22:11:26.937  INFO 18824 --- [http-nio-80-exec-7] com.shopme.filter.SettingFilter          : SettingFilter | doFilter | generalSettings : [Setting [key=COPYRIGHT, value=Copyright (C) 2021 Shopme Ltd.], Setting [key=CURRENCY_ID, value=1], Setting [key=CURRENCY_SYMBOL, value=$], Setting [key=CURRENCY_SYMBOL_POSITION, value=Before price], Setting [key=DECIMAL_DIGITS, value=2], Setting [key=DECIMAL_POINT_TYPE, value=POINT], Setting [key=SITE_LOGO, value=/site-logo/ShopmeAdminSmall.png], Setting [key=SITE_NAME, value=Shopme], Setting [key=THOUSANDS_POINT_TYPE, value=COMMA]]
2021-07-17 22:19:47.930  INFO 18824 --- [RMI TCP Connection(20)-127.0.0.1] inMXBeanRegistrar$SpringApplicationAdmin : Application shutdown requested.
2021-07-17 22:19:47.969  INFO 18824 --- [RMI TCP Connection(20)-127.0.0.1] o.s.s.concurrent.ThreadPoolTaskExecutor  : Shutting down ExecutorService 'applicationTaskExecutor'
2021-07-17 22:19:47.973  INFO 18824 --- [RMI TCP Connection(20)-127.0.0.1] j.LocalContainerEntityManagerFactoryBean : Closing JPA EntityManagerFactory for persistence unit 'default'
2021-07-17 22:19:47.976  INFO 18824 --- [RMI TCP Connection(20)-127.0.0.1] com.zaxxer.hikari.HikariDataSource       : HikariPool-1 - Shutdown initiated...
2021-07-17 22:19:47.982  INFO 18824 --- [RMI TCP Connection(20)-127.0.0.1] com.zaxxer.hikari.HikariDataSource       : HikariPool-1 - Shutdown completed.
