2021-07-28 11:53:03.674  INFO 21412 --- [http-nio-80-exec-1] com.shopme.filter.SettingFilter          : SettingFilter | doFilter | generalSettings : [Setting [key=COPYRIGHT, value=Copyright (C) 2021 Shopme Ltd.], Setting [key=CURRENCY_ID, value=1], Setting [key=CURRENCY_SYMBOL, value=$], Setting [key=CURRENCY_SYMBOL_POSITION, value=Before price], Setting [key=DECIMAL_DIGITS, value=2], Setting [key=DECIMAL_POINT_TYPE, value=POINT], Setting [key=SITE_LOGO, value=/site-logo/ShopmeAdminSmall.png], Setting [key=SITE_NAME, value=Shopme], Setting [key=THOUSANDS_POINT_TYPE, value=COMMA]]
2021-07-28 11:53:03.681  INFO 21412 --- [http-nio-80-exec-1] com.shopme.filter.SettingFilter          : SettingFilter | doFilter | generalSettings : [Setting [key=COPYRIGHT, value=Copyright (C) 2021 Shopme Ltd.], Setting [key=CURRENCY_ID, value=1], Setting [key=CURRENCY_SYMBOL, value=$], Setting [key=CURRENCY_SYMBOL_POSITION, value=Before price], Setting [key=DECIMAL_DIGITS, value=2], Setting [key=DECIMAL_POINT_TYPE, value=POINT], Setting [key=SITE_LOGO, value=/site-logo/ShopmeAdminSmall.png], Setting [key=SITE_NAME, value=Shopme], Setting [key=THOUSANDS_POINT_TYPE, value=COMMA]]
2021-07-28 11:53:03.682  INFO 21412 --- [http-nio-80-exec-1] com.shopme.filter.SettingFilter          : SettingFilter | doFilter | generalSettings : [Setting [key=COPYRIGHT, value=Copyright (C) 2021 Shopme Ltd.], Setting [key=CURRENCY_ID, value=1], Setting [key=CURRENCY_SYMBOL, value=$], Setting [key=CURRENCY_SYMBOL_POSITION, value=Before price], Setting [key=DECIMAL_DIGITS, value=2], Setting [key=DECIMAL_POINT_TYPE, value=POINT], Setting [key=SITE_LOGO, value=/site-logo/ShopmeAdminSmall.png], Setting [key=SITE_NAME, value=Shopme], Setting [key=THOUSANDS_POINT_TYPE, value=COMMA]]
2021-07-28 11:53:03.682  INFO 21412 --- [http-nio-80-exec-1] com.shopme.filter.SettingFilter          : SettingFilter | doFilter | generalSettings : [Setting [key=COPYRIGHT, value=Copyright (C) 2021 Shopme Ltd.], Setting [key=CURRENCY_ID, value=1], Setting [key=CURRENCY_SYMBOL, value=$], Setting [key=CURRENCY_SYMBOL_POSITION, value=Before price], Setting [key=DECIMAL_DIGITS, value=2], Setting [key=DECIMAL_POINT_TYPE, value=POINT], Setting [key=SITE_LOGO, value=/site-logo/ShopmeAdminSmall.png], Setting [key=SITE_NAME, value=Shopme], Setting [key=THOUSANDS_POINT_TYPE, value=COMMA]]
2021-07-28 11:54:08.626  INFO 21412 --- [http-nio-80-exec-7] com.shopme.filter.SettingFilter          : SettingFilter | doFilter is called
2021-07-28 11:54:08.626  INFO 21412 --- [http-nio-80-exec-7] com.shopme.filter.SettingFilter          : SettingFilter | doFilter | url : http://localhost/Shopme/customers/check_unique_email
2021-07-28 11:54:08.631  INFO 21412 --- [http-nio-80-exec-7] com.shopme.filter.SettingFilter          : SettingFilter | doFilter | generalSettings : [Setting [key=COPYRIGHT, value=Copyright (C) 2021 Shopme Ltd.], Setting [key=CURRENCY_ID, value=1], Setting [key=CURRENCY_SYMBOL, value=$], Setting [key=CURRENCY_SYMBOL_POSITION, value=Before price], Setting [key=DECIMAL_DIGITS, value=2], Setting [key=DECIMAL_POINT_TYPE, value=POINT], Setting [key=SITE_LOGO, value=/site-logo/ShopmeAdminSmall.png], Setting [key=SITE_NAME, value=Shopme], Setting [key=THOUSANDS_POINT_TYPE, value=COMMA]]
2021-07-28 11:54:08.631  INFO 21412 --- [http-nio-80-exec-7] com.shopme.filter.SettingFilter          : SettingFilter | doFilter | generalSettings : [Setting [key=COPYRIGHT, value=Copyright (C) 2021 Shopme Ltd.], Setting [key=CURRENCY_ID, value=1], Setting [key=CURRENCY_SYMBOL, value=$], Setting [key=CURRENCY_SYMBOL_POSITION, value=Before price], Setting [key=DECIMAL_DIGITS, value=2], Setting [key=DECIMAL_POINT_TYPE, value=POINT], Setting [key=SITE_LOGO, value=/site-logo/ShopmeAdminSmall.png], Setting [key=SITE_NAME, value=Shopme], Setting [key=THOUSANDS_POINT_TYPE, value=COMMA]]
2021-07-28 11:54:08.632  INFO 21412 --- [http-nio-80-exec-7] com.shopme.filter.SettingFilter          : SettingFilter | doFilter | generalSettings : [Setting [key=COPYRIGHT, value=Copyright (C) 2021 Shopme Ltd.], Setting [key=CURRENCY_ID, value=1], Setting [key=CURRENCY_SYMBOL, value=$], Setting [key=CURRENCY_SYMBOL_POSITION, value=Before price], Setting [key=DECIMAL_DIGITS, value=2], Setting [key=DECIMAL_POINT_TYPE, value=POINT], Setting [key=SITE_LOGO, value=/site-logo/ShopmeAdminSmall.png], Setting [key=SITE_NAME, value=Shopme], Setting [key=THOUSANDS_POINT_TYPE, value=COMMA]]
2021-07-28 11:54:08.632  INFO 21412 --- [http-nio-80-exec-7] com.shopme.filter.SettingFilter          : SettingFilter | doFilter | generalSettings : [Setting [key=COPYRIGHT, value=Copyright (C) 2021 Shopme Ltd.], Setting [key=CURRENCY_ID, value=1], Setting [key=CURRENCY_SYMBOL, value=$], Setting [key=CURRENCY_SYMBOL_POSITION, value=Before price], Setting [key=DECIMAL_DIGITS, value=2], Setting [key=DECIMAL_POINT_TYPE, value=POINT], Setting [key=SITE_LOGO, value=/site-logo/ShopmeAdminSmall.png], Setting [key=SITE_NAME, value=Shopme], Setting [key=THOUSANDS_POINT_TYPE, value=COMMA]]
2021-07-28 11:54:08.632  INFO 21412 --- [http-nio-80-exec-7] com.shopme.filter.SettingFilter          : SettingFilter | doFilter | generalSettings : [Setting [key=COPYRIGHT, value=Copyright (C) 2021 Shopme Ltd.], Setting [key=CURRENCY_ID, value=1], Setting [key=CURRENCY_SYMBOL, value=$], Setting [key=CURRENCY_SYMBOL_POSITION, value=Before price], Setting [key=DECIMAL_DIGITS, value=2], Setting [key=DECIMAL_POINT_TYPE, value=POINT], Setting [key=SITE_LOGO, value=/site-logo/ShopmeAdminSmall.png], Setting [key=SITE_NAME, value=Shopme], Setting [key=THOUSANDS_POINT_TYPE, value=COMMA]]
2021-07-28 11:54:08.632  INFO 21412 --- [http-nio-80-exec-7] com.shopme.filter.SettingFilter          : SettingFilter | doFilter | generalSettings : [Setting [key=COPYRIGHT, value=Copyright (C) 2021 Shopme Ltd.], Setting [key=CURRENCY_ID, value=1], Setting [key=CURRENCY_SYMBOL, value=$], Setting [key=CURRENCY_SYMBOL_POSITION, value=Before price], Setting [key=DECIMAL_DIGITS, value=2], Setting [key=DECIMAL_POINT_TYPE, value=POINT], Setting [key=SITE_LOGO, value=/site-logo/ShopmeAdminSmall.png], Setting [key=SITE_NAME, value=Shopme], Setting [key=THOUSANDS_POINT_TYPE, value=COMMA]]
2021-07-28 11:54:08.632  INFO 21412 --- [http-nio-80-exec-7] com.shopme.filter.SettingFilter          : SettingFilter | doFilter | generalSettings : [Setting [key=COPYRIGHT, value=Copyright (C) 2021 Shopme Ltd.], Setting [key=CURRENCY_ID, value=1], Setting [key=CURRENCY_SYMBOL, value=$], Setting [key=CURRENCY_SYMBOL_POSITION, value=Before price], Setting [key=DECIMAL_DIGITS, value=2], Setting [key=DECIMAL_POINT_TYPE, value=POINT], Setting [key=SITE_LOGO, value=/site-logo/ShopmeAdminSmall.png], Setting [key=SITE_NAME, value=Shopme], Setting [key=THOUSANDS_POINT_TYPE, value=COMMA]]
2021-07-28 11:54:08.632  INFO 21412 --- [http-nio-80-exec-7] com.shopme.filter.SettingFilter          : SettingFilter | doFilter | generalSettings : [Setting [key=COPYRIGHT, value=Copyright (C) 2021 Shopme Ltd.], Setting [key=CURRENCY_ID, value=1], Setting [key=CURRENCY_SYMBOL, value=$], Setting [key=CURRENCY_SYMBOL_POSITION, value=Before price], Setting [key=DECIMAL_DIGITS, value=2], Setting [key=DECIMAL_POINT_TYPE, value=POINT], Setting [key=SITE_LOGO, value=/site-logo/ShopmeAdminSmall.png], Setting [key=SITE_NAME, value=Shopme], Setting [key=THOUSANDS_POINT_TYPE, value=COMMA]]
2021-07-28 11:54:08.633  INFO 21412 --- [http-nio-80-exec-7] com.shopme.filter.SettingFilter          : SettingFilter | doFilter | generalSettings : [Setting [key=COPYRIGHT, value=Copyright (C) 2021 Shopme Ltd.], Setting [key=CURRENCY_ID, value=1], Setting [key=CURRENCY_SYMBOL, value=$], Setting [key=CURRENCY_SYMBOL_POSITION, value=Before price], Setting [key=DECIMAL_DIGITS, value=2], Setting [key=DECIMAL_POINT_TYPE, value=POINT], Setting [key=SITE_LOGO, value=/site-logo/ShopmeAdminSmall.png], Setting [key=SITE_NAME, value=Shopme], Setting [key=THOUSANDS_POINT_TYPE, value=COMMA]]
2021-07-28 11:54:08.682  INFO 21412 --- [http-nio-80-exec-5] com.shopme.filter.SettingFilter          : SettingFilter | doFilter is called
2021-07-28 11:54:08.682  INFO 21412 --- [http-nio-80-exec-5] com.shopme.filter.SettingFilter          : SettingFilter | doFilter | url : http://localhost/Shopme/create_customer
2021-07-28 11:54:08.686  INFO 21412 --- [http-nio-80-exec-5] com.shopme.filter.SettingFilter          : SettingFilter | doFilter | generalSettings : [Setting [key=COPYRIGHT, value=Copyright (C) 2021 Shopme Ltd.], Setting [key=CURRENCY_ID, value=1], Setting [key=CURRENCY_SYMBOL, value=$], Setting [key=CURRENCY_SYMBOL_POSITION, value=Before price], Setting [key=DECIMAL_DIGITS, value=2], Setting [key=DECIMAL_POINT_TYPE, value=POINT], Setting [key=SITE_LOGO, value=/site-logo/ShopmeAdminSmall.png], Setting [key=SITE_NAME, value=Shopme], Setting [key=THOUSANDS_POINT_TYPE, value=COMMA]]
2021-07-28 11:54:08.686  INFO 21412 --- [http-nio-80-exec-5] com.shopme.filter.SettingFilter          : SettingFilter | doFilter | generalSettings : [Setting [key=COPYRIGHT, value=Copyright (C) 2021 Shopme Ltd.], Setting [key=CURRENCY_ID, value=1], Setting [key=CURRENCY_SYMBOL, value=$], Setting [key=CURRENCY_SYMBOL_POSITION, value=Before price], Setting [key=DECIMAL_DIGITS, value=2], Setting [key=DECIMAL_POINT_TYPE, value=POINT], Setting [key=SITE_LOGO, value=/site-logo/ShopmeAdminSmall.png], Setting [key=SITE_NAME, value=Shopme], Setting [key=THOUSANDS_POINT_TYPE, value=COMMA]]
2021-07-28 11:54:08.686  INFO 21412 --- [http-nio-80-exec-5] com.shopme.filter.SettingFilter          : SettingFilter | doFilter | generalSettings : [Setting [key=COPYRIGHT, value=Copyright (C) 2021 Shopme Ltd.], Setting [key=CURRENCY_ID, value=1], Setting [key=CURRENCY_SYMBOL, value=$], Setting [key=CURRENCY_SYMBOL_POSITION, value=Before price], Setting [key=DECIMAL_DIGITS, value=2], Setting [key=DECIMAL_POINT_TYPE, value=POINT], Setting [key=SITE_LOGO, value=/site-logo/ShopmeAdminSmall.png], Setting [key=SITE_NAME, value=Shopme], Setting [key=THOUSANDS_POINT_TYPE, value=COMMA]]
2021-07-28 11:54:08.686  INFO 21412 --- [http-nio-80-exec-5] com.shopme.filter.SettingFilter          : SettingFilter | doFilter | generalSettings : [Setting [key=COPYRIGHT, value=Copyright (C) 2021 Shopme Ltd.], Setting [key=CURRENCY_ID, value=1], Setting [key=CURRENCY_SYMBOL, value=$], Setting [key=CURRENCY_SYMBOL_POSITION, value=Before price], Setting [key=DECIMAL_DIGITS, value=2], Setting [key=DECIMAL_POINT_TYPE, value=POINT], Setting [key=SITE_LOGO, value=/site-logo/ShopmeAdminSmall.png], Setting [key=SITE_NAME, value=Shopme], Setting [key=THOUSANDS_POINT_TYPE, value=COMMA]]
2021-07-28 11:54:08.686  INFO 21412 --- [http-nio-80-exec-5] com.shopme.filter.SettingFilter          : SettingFilter | doFilter | generalSettings : [Setting [key=COPYRIGHT, value=Copyright (C) 2021 Shopme Ltd.], Setting [key=CURRENCY_ID, value=1], Setting [key=CURRENCY_SYMBOL, value=$], Setting [key=CURRENCY_SYMBOL_POSITION, value=Before price], Setting [key=DECIMAL_DIGITS, value=2], Setting [key=DECIMAL_POINT_TYPE, value=POINT], Setting [key=SITE_LOGO, value=/site-logo/ShopmeAdminSmall.png], Setting [key=SITE_NAME, value=Shopme], Setting [key=THOUSANDS_POINT_TYPE, value=COMMA]]
2021-07-28 11:54:08.686  INFO 21412 --- [http-nio-80-exec-5] com.shopme.filter.SettingFilter          : SettingFilter | doFilter | generalSettings : [Setting [key=COPYRIGHT, value=Copyright (C) 2021 Shopme Ltd.], Setting [key=CURRENCY_ID, value=1], Setting [key=CURRENCY_SYMBOL, value=$], Setting [key=CURRENCY_SYMBOL_POSITION, value=Before price], Setting [key=DECIMAL_DIGITS, value=2], Setting [key=DECIMAL_POINT_TYPE, value=POINT], Setting [key=SITE_LOGO, value=/site-logo/ShopmeAdminSmall.png], Setting [key=SITE_NAME, value=Shopme], Setting [key=THOUSANDS_POINT_TYPE, value=COMMA]]
2021-07-28 11:54:08.686  INFO 21412 --- [http-nio-80-exec-5] com.shopme.filter.SettingFilter          : SettingFilter | doFilter | generalSettings : [Setting [key=COPYRIGHT, value=Copyright (C) 2021 Shopme Ltd.], Setting [key=CURRENCY_ID, value=1], Setting [key=CURRENCY_SYMBOL, value=$], Setting [key=CURRENCY_SYMBOL_POSITION, value=Before price], Setting [key=DECIMAL_DIGITS, value=2], Setting [key=DECIMAL_POINT_TYPE, value=POINT], Setting [key=SITE_LOGO, value=/site-logo/ShopmeAdminSmall.png], Setting [key=SITE_NAME, value=Shopme], Setting [key=THOUSANDS_POINT_TYPE, value=COMMA]]
2021-07-28 11:54:08.686  INFO 21412 --- [http-nio-80-exec-5] com.shopme.filter.SettingFilter          : SettingFilter | doFilter | generalSettings : [Setting [key=COPYRIGHT, value=Copyright (C) 2021 Shopme Ltd.], Setting [key=CURRENCY_ID, value=1], Setting [key=CURRENCY_SYMBOL, value=$], Setting [key=CURRENCY_SYMBOL_POSITION, value=Before price], Setting [key=DECIMAL_DIGITS, value=2], Setting [key=DECIMAL_POINT_TYPE, value=POINT], Setting [key=SITE_LOGO, value=/site-logo/ShopmeAdminSmall.png], Setting [key=SITE_NAME, value=Shopme], Setting [key=THOUSANDS_POINT_TYPE, value=COMMA]]
2021-07-28 11:54:08.687  INFO 21412 --- [http-nio-80-exec-5] com.shopme.filter.SettingFilter          : SettingFilter | doFilter | generalSettings : [Setting [key=COPYRIGHT, value=Copyright (C) 2021 Shopme Ltd.], Setting [key=CURRENCY_ID, value=1], Setting [key=CURRENCY_SYMBOL, value=$], Setting [key=CURRENCY_SYMBOL_POSITION, value=Before price], Setting [key=DECIMAL_DIGITS, value=2], Setting [key=DECIMAL_POINT_TYPE, value=POINT], Setting [key=SITE_LOGO, value=/site-logo/ShopmeAdminSmall.png], Setting [key=SITE_NAME, value=Shopme], Setting [key=THOUSANDS_POINT_TYPE, value=COMMA]]
2021-07-28 11:54:08.727  INFO 21412 --- [http-nio-80-exec-5] c.shopme.controller.CustomerController   : CustomerRegisterUtil | createCustomer is called
2021-07-28 11:54:08.729  INFO 21412 --- [http-nio-80-exec-5] com.shopme.util.CustomerRegisterUtil     : CustomerRegisterUtil | encodePassword is called
2021-07-28 11:54:08.881  INFO 21412 --- [http-nio-80-exec-5] com.shopme.util.CustomerRegisterUtil     : CustomerRegisterUtil | encodePassword | encodedPassword : $2a$10$G1pLiSAi3NntABPYGEtoKeqmG8WL8FEYT3c9lnlYQbIcuX4symf4.
2021-07-28 11:54:08.924  INFO 21412 --- [http-nio-80-exec-5] c.shopme.controller.CustomerController   : CustomerRegisterUtil | createCustomer | customer : Customer [id=1, email=sngermiyanoglu@gmail.com, firstName=Özüm, lastName=Hömeroğlu]
2021-07-28 11:54:08.925  INFO 21412 --- [http-nio-80-exec-5] com.shopme.util.CustomerRegisterUtil     : CustomerRegisterUtil | sendVerificationEmail is called
2021-07-28 11:54:08.930  INFO 21412 --- [http-nio-80-exec-5] com.shopme.util.CustomerRegisterUtil     : CustomerRegisterUtil | sendVerificationEmail | emailSettings : com.shopme.common.entity.EmailSettingBag@4943ec77
2021-07-28 11:54:08.930  INFO 21412 --- [http-nio-80-exec-5] com.shopme.util.CustomerRegisterUtil     : CustomerRegisterUtil | prepareMailSender is called
2021-07-28 11:54:08.941  INFO 21412 --- [http-nio-80-exec-5] com.shopme.util.CustomerRegisterUtil     : CustomerRegisterUtil | prepareMailSender | mailSender : org.springframework.mail.javamail.JavaMailSenderImpl@1cc2782c
2021-07-28 11:54:08.941  INFO 21412 --- [http-nio-80-exec-5] com.shopme.util.CustomerRegisterUtil     : CustomerRegisterUtil | sendVerificationEmail | mailSender : org.springframework.mail.javamail.JavaMailSenderImpl@1cc2782c
2021-07-28 11:54:08.941  INFO 21412 --- [http-nio-80-exec-5] com.shopme.util.CustomerRegisterUtil     : CustomerRegisterUtil | sendVerificationEmail | toAddress : sngermiyanoglu@gmail.com
2021-07-28 11:54:08.941  INFO 21412 --- [http-nio-80-exec-5] com.shopme.util.CustomerRegisterUtil     : CustomerRegisterUtil | sendVerificationEmail | subject : Please Verify your registration to continue shopping
2021-07-28 11:54:08.941  INFO 21412 --- [http-nio-80-exec-5] com.shopme.util.CustomerRegisterUtil     : CustomerRegisterUtil | sendVerificationEmail | content : <div>Dear [[name]]</div><div><i><br></i></div><div><i>Click the link below to verify your registration:</i></div><div><i><br></i></div><a href="[[URL]]" target="_self">VERIFY</a><div><font color="#0000ff"><b></b></font></div><div><b style=""><font color="#0000ff" style=""><br></font></b></div><div>Thank you,</div><div>The Shopme Team.</div>
2021-07-28 11:54:08.974  INFO 21412 --- [http-nio-80-exec-5] com.shopme.util.CustomerRegisterUtil     : CustomerRegisterUtil | sendVerificationEmail | MimeMessage message : org.springframework.mail.javamail.SmartMimeMessage@7ddb1cce
2021-07-28 11:54:08.979  INFO 21412 --- [http-nio-80-exec-5] com.shopme.util.CustomerRegisterUtil     : CustomerRegisterUtil | sendVerificationEmail | MimeMessageHelper helper : org.springframework.mail.javamail.MimeMessageHelper@67c759fb
2021-07-28 11:54:08.987  INFO 21412 --- [http-nio-80-exec-5] com.shopme.util.CustomerRegisterUtil     : CustomerRegisterUtil | sendVerificationEmail | MimeMessageHelper helper : org.springframework.mail.javamail.MimeMessageHelper@67c759fb
2021-07-28 11:54:08.987  INFO 21412 --- [http-nio-80-exec-5] com.shopme.util.CustomerRegisterUtil     : CustomerRegisterUtil | sendVerificationEmail | content : <div>Dear Özüm Hömeroğlu</div><div><i><br></i></div><div><i>Click the link below to verify your registration:</i></div><div><i><br></i></div><a href="[[URL]]" target="_self">VERIFY</a><div><font color="#0000ff"><b></b></font></div><div><b style=""><font color="#0000ff" style=""><br></font></b></div><div>Thank you,</div><div>The Shopme Team.</div>
2021-07-28 11:54:08.987  INFO 21412 --- [http-nio-80-exec-5] com.shopme.util.CustomerRegisterUtil     : CustomerRegisterUtil | getSiteURL is called
2021-07-28 11:54:08.987  INFO 21412 --- [http-nio-80-exec-5] com.shopme.util.CustomerRegisterUtil     : CustomerRegisterUtil | getSiteURL | siteURL :http://localhost/Shopme/create_customer
2021-07-28 11:54:08.987  INFO 21412 --- [http-nio-80-exec-5] com.shopme.util.CustomerRegisterUtil     : CustomerRegisterUtil | getSiteURL | request.getServletPath() :/create_customer
2021-07-28 11:54:08.987  INFO 21412 --- [http-nio-80-exec-5] com.shopme.util.CustomerRegisterUtil     : CustomerRegisterUtil | getSiteURL | siteURL.replace(request.getServletPath(), "") :http://localhost/Shopme
2021-07-28 11:54:08.987  INFO 21412 --- [http-nio-80-exec-5] com.shopme.util.CustomerRegisterUtil     : CustomerRegisterUtil | sendVerificationEmail | verifyURL : http://localhost/Shopme/verify?code=0phi4xlHR8tQHud0GSLfrA9SjiA1tXQsXt6IFKhPTrQMSZhT9GaiZjZ4rVWPQaM8
2021-07-28 11:54:08.987  INFO 21412 --- [http-nio-80-exec-5] com.shopme.util.CustomerRegisterUtil     : CustomerRegisterUtil | sendVerificationEmail | content : <div>Dear Özüm Hömeroğlu</div><div><i><br></i></div><div><i>Click the link below to verify your registration:</i></div><div><i><br></i></div><a href="http://localhost/Shopme/verify?code=0phi4xlHR8tQHud0GSLfrA9SjiA1tXQsXt6IFKhPTrQMSZhT9GaiZjZ4rVWPQaM8" target="_self">VERIFY</a><div><font color="#0000ff"><b></b></font></div><div><b style=""><font color="#0000ff" style=""><br></font></b></div><div>Thank you,</div><div>The Shopme Team.</div>
2021-07-28 11:54:08.990  INFO 21412 --- [http-nio-80-exec-5] com.shopme.util.CustomerRegisterUtil     : CustomerRegisterUtil | sendVerificationEmail | MimeMessageHelper helper : org.springframework.mail.javamail.MimeMessageHelper@67c759fb
2021-07-28 11:54:11.718  INFO 21412 --- [http-nio-80-exec-5] com.shopme.util.CustomerRegisterUtil     : CustomerRegisterUtil | sendVerificationEmail | to Address : sngermiyanoglu@gmail.com
2021-07-28 11:54:11.719  INFO 21412 --- [http-nio-80-exec-5] com.shopme.util.CustomerRegisterUtil     : CustomerRegisterUtil | sendVerificationEmail | Verify URL : http://localhost/Shopme/verify?code=0phi4xlHR8tQHud0GSLfrA9SjiA1tXQsXt6IFKhPTrQMSZhT9GaiZjZ4rVWPQaM8
2021-07-28 11:54:11.842  INFO 21412 --- [http-nio-80-exec-9] com.shopme.filter.SettingFilter          : SettingFilter | doFilter is called
2021-07-28 11:54:11.842  INFO 21412 --- [http-nio-80-exec-9] com.shopme.filter.SettingFilter          : SettingFilter | doFilter | url : http://localhost/Shopme/webjars/bootstrap/4.3.1/css/bootstrap.min.css
2021-07-28 11:54:11.842  INFO 21412 --- [http-nio-80-exec-9] com.shopme.filter.SettingFilter          : SettingFilter | doFilter | .css , .js , .png , . jpg | url : http://localhost/Shopme/webjars/bootstrap/4.3.1/css/bootstrap.min.css
2021-07-28 11:54:11.843  INFO 21412 --- [http-nio-80-exec-8] com.shopme.filter.SettingFilter          : SettingFilter | doFilter is called
2021-07-28 11:54:11.843  INFO 21412 --- [http-nio-80-exec-8] com.shopme.filter.SettingFilter          : SettingFilter | doFilter | url : http://localhost/Shopme/webjars/jquery/3.4.1/jquery.min.js
2021-07-28 11:54:11.843  INFO 21412 --- [http-nio-80-exec-8] com.shopme.filter.SettingFilter          : SettingFilter | doFilter | .css , .js , .png , . jpg | url : http://localhost/Shopme/webjars/jquery/3.4.1/jquery.min.js
2021-07-28 11:54:11.847  INFO 21412 --- [http-nio-80-exec-6] com.shopme.filter.SettingFilter          : SettingFilter | doFilter is called
2021-07-28 11:54:11.847  INFO 21412 --- [http-nio-80-exec-6] com.shopme.filter.SettingFilter          : SettingFilter | doFilter | url : http://localhost/Shopme/webjars/bootstrap/4.3.1/js/bootstrap.min.js
2021-07-28 11:54:11.847  INFO 21412 --- [http-nio-80-exec-6] com.shopme.filter.SettingFilter          : SettingFilter | doFilter | .css , .js , .png , . jpg | url : http://localhost/Shopme/webjars/bootstrap/4.3.1/js/bootstrap.min.js
2021-07-28 11:54:12.004  INFO 21412 --- [http-nio-80-exec-10] com.shopme.filter.SettingFilter          : SettingFilter | doFilter is called
2021-07-28 11:54:12.005  INFO 21412 --- [http-nio-80-exec-10] com.shopme.filter.SettingFilter          : SettingFilter | doFilter | url : http://localhost/Shopme/site-logo/ShopmeAdminSmall.png
2021-07-28 11:54:12.005  INFO 21412 --- [http-nio-80-exec-10] com.shopme.filter.SettingFilter          : SettingFilter | doFilter | .css , .js , .png , . jpg | url : http://localhost/Shopme/site-logo/ShopmeAdminSmall.png
2021-07-28 11:54:29.195  INFO 21412 --- [RMI TCP Connection(14)-127.0.0.1] inMXBeanRegistrar$SpringApplicationAdmin : Application shutdown requested.
2021-07-28 11:54:29.247  INFO 21412 --- [RMI TCP Connection(14)-127.0.0.1] o.s.s.concurrent.ThreadPoolTaskExecutor  : Shutting down ExecutorService 'applicationTaskExecutor'
2021-07-28 11:54:29.252  INFO 21412 --- [RMI TCP Connection(14)-127.0.0.1] j.LocalContainerEntityManagerFactoryBean : Closing JPA EntityManagerFactory for persistence unit 'default'
2021-07-28 11:54:29.256  INFO 21412 --- [RMI TCP Connection(14)-127.0.0.1] com.zaxxer.hikari.HikariDataSource       : HikariPool-1 - Shutdown initiated...
2021-07-28 11:54:29.265  INFO 21412 --- [RMI TCP Connection(14)-127.0.0.1] com.zaxxer.hikari.HikariDataSource       : HikariPool-1 - Shutdown completed.
2021-07-30 11:05:16.431  INFO 28072 --- [restartedMain] com.shopme.ShopmeFrontEndApplication     : Starting ShopmeFrontEndApplication using Java 15.0.1 on DESKTOP-E7L6HLO with PID 28072 (C:\Users\Noyan\Desktop\sts-4.9.0.RELEASE\workspace\Shopme\ShopmeWebParent\ShopmeFrontEnd\target\classes started by Noyan in C:\Users\Noyan\Desktop\sts-4.9.0.RELEASE\workspace\Shopme\ShopmeWebParent\ShopmeFrontEnd)
2021-07-30 11:05:16.440  INFO 28072 --- [restartedMain] com.shopme.ShopmeFrontEndApplication     : No active profile set, falling back to default profiles: default
2021-07-30 11:05:16.562  INFO 28072 --- [restartedMain] .e.DevToolsPropertyDefaultsPostProcessor : Devtools property defaults active! Set 'spring.devtools.add-properties' to 'false' to disable
2021-07-30 11:05:16.562  INFO 28072 --- [restartedMain] .e.DevToolsPropertyDefaultsPostProcessor : For additional web related logging consider setting the 'logging.level.web' property to 'DEBUG'
2021-07-30 11:05:18.157  INFO 28072 --- [restartedMain] .s.d.r.c.RepositoryConfigurationDelegate : Bootstrapping Spring Data JPA repositories in DEFAULT mode.
2021-07-30 11:05:18.336  INFO 28072 --- [restartedMain] .s.d.r.c.RepositoryConfigurationDelegate : Finished Spring Data repository scanning in 164 ms. Found 6 JPA repository interfaces.
2021-07-30 11:05:19.348  INFO 28072 --- [restartedMain] o.s.b.w.embedded.tomcat.TomcatWebServer  : Tomcat initialized with port(s): 80 (http)
2021-07-30 11:05:19.368  INFO 28072 --- [restartedMain] o.apache.catalina.core.StandardService   : Starting service [Tomcat]
2021-07-30 11:05:19.369  INFO 28072 --- [restartedMain] org.apache.catalina.core.StandardEngine  : Starting Servlet engine: [Apache Tomcat/9.0.41]
2021-07-30 11:05:19.511  INFO 28072 --- [restartedMain] o.a.c.c.C.[.[localhost].[/Shopme]        : Initializing Spring embedded WebApplicationContext
2021-07-30 11:05:19.512  INFO 28072 --- [restartedMain] w.s.c.ServletWebServerApplicationContext : Root WebApplicationContext: initialization completed in 2949 ms
2021-07-30 11:05:19.892  INFO 28072 --- [restartedMain] o.hibernate.jpa.internal.util.LogHelper  : HHH000204: Processing PersistenceUnitInfo [name: default]
2021-07-30 11:05:20.026  INFO 28072 --- [restartedMain] org.hibernate.Version                    : HHH000412: Hibernate ORM core version 5.4.27.Final
2021-07-30 11:05:20.355  INFO 28072 --- [restartedMain] o.hibernate.annotations.common.Version   : HCANN000001: Hibernate Commons Annotations {5.1.2.Final}
2021-07-30 11:05:20.572  INFO 28072 --- [restartedMain] com.zaxxer.hikari.HikariDataSource       : HikariPool-1 - Starting...
2021-07-30 11:05:21.131  INFO 28072 --- [restartedMain] com.zaxxer.hikari.HikariDataSource       : HikariPool-1 - Start completed.
2021-07-30 11:05:21.162  INFO 28072 --- [restartedMain] org.hibernate.dialect.Dialect            : HHH000400: Using dialect: org.hibernate.dialect.MySQL8Dialect
2021-07-30 11:05:23.097  INFO 28072 --- [restartedMain] o.h.e.t.j.p.i.JtaPlatformInitiator       : HHH000490: Using JtaPlatform implementation: [org.hibernate.engine.transaction.jta.platform.internal.NoJtaPlatform]
2021-07-30 11:05:23.124  INFO 28072 --- [restartedMain] j.LocalContainerEntityManagerFactoryBean : Initialized JPA EntityManagerFactory for persistence unit 'default'
2021-07-30 11:05:23.675  INFO 28072 --- [restartedMain] o.s.b.d.a.OptionalLiveReloadServer       : LiveReload server is running on port 35729
2021-07-30 11:05:23.853  WARN 28072 --- [restartedMain] JpaBaseConfiguration$JpaWebConfiguration : spring.jpa.open-in-view is enabled by default. Therefore, database queries may be performed during view rendering. Explicitly configure spring.jpa.open-in-view to disable this warning
2021-07-30 11:05:24.100  WARN 28072 --- [restartedMain] org.thymeleaf.templatemode.TemplateMode  : [THYMELEAF][restartedMain] Template Mode 'HTML5' is deprecated. Using Template Mode 'HTML' instead.
2021-07-30 11:05:24.252  INFO 28072 --- [restartedMain] .s.s.UserDetailsServiceAutoConfiguration : 

Using generated security password: 94cc5af5-7ff0-48b7-a1da-c58a2288e17b

2021-07-30 11:05:24.337  INFO 28072 --- [restartedMain] o.s.s.web.DefaultSecurityFilterChain     : Will secure Ant [pattern='/images/**'] with []
2021-07-30 11:05:24.337  INFO 28072 --- [restartedMain] o.s.s.web.DefaultSecurityFilterChain     : Will secure Ant [pattern='/js/**'] with []
2021-07-30 11:05:24.338  INFO 28072 --- [restartedMain] o.s.s.web.DefaultSecurityFilterChain     : Will secure Ant [pattern='/webjars/**'] with []
2021-07-30 11:05:24.382  INFO 28072 --- [restartedMain] o.s.s.web.DefaultSecurityFilterChain     : Will secure any request with [org.springframework.security.web.context.request.async.WebAsyncManagerIntegrationFilter@752840b4, org.springframework.security.web.context.SecurityContextPersistenceFilter@2b4daef2, org.springframework.security.web.header.HeaderWriterFilter@f89895, org.springframework.security.web.csrf.CsrfFilter@2e3627b8, org.springframework.security.web.authentication.logout.LogoutFilter@676b7646, org.springframework.security.web.savedrequest.RequestCacheAwareFilter@13ca8cb8, org.springframework.security.web.servletapi.SecurityContextHolderAwareRequestFilter@26db1756, org.springframework.security.web.authentication.AnonymousAuthenticationFilter@a1f812a, org.springframework.security.web.session.SessionManagementFilter@58d7f814, org.springframework.security.web.access.ExceptionTranslationFilter@22619786, org.springframework.security.web.access.intercept.FilterSecurityInterceptor@551d0d53]
2021-07-30 11:05:24.520  INFO 28072 --- [restartedMain] o.s.s.concurrent.ThreadPoolTaskExecutor  : Initializing ExecutorService 'applicationTaskExecutor'
2021-07-30 11:05:24.631  INFO 28072 --- [restartedMain] o.s.b.a.w.s.WelcomePageHandlerMapping    : Adding welcome page template: index
2021-07-30 11:05:25.308  INFO 28072 --- [restartedMain] o.s.b.w.embedded.tomcat.TomcatWebServer  : Tomcat started on port(s): 80 (http) with context path '/Shopme'
2021-07-30 11:05:25.323  INFO 28072 --- [restartedMain] com.shopme.ShopmeFrontEndApplication     : Started ShopmeFrontEndApplication in 9.758 seconds (JVM running for 11.273)
2021-07-30 11:06:44.700  INFO 28072 --- [http-nio-80-exec-1] o.a.c.c.C.[.[localhost].[/Shopme]        : Initializing Spring DispatcherServlet 'dispatcherServlet'
2021-07-30 11:06:44.701  INFO 28072 --- [http-nio-80-exec-1] o.s.web.servlet.DispatcherServlet        : Initializing Servlet 'dispatcherServlet'
2021-07-30 11:06:44.703  INFO 28072 --- [http-nio-80-exec-1] o.s.web.servlet.DispatcherServlet        : Completed initialization in 1 ms
2021-07-30 11:06:44.724  INFO 28072 --- [http-nio-80-exec-1] com.shopme.filter.SettingFilter          : SettingFilter | doFilter is called
2021-07-30 11:06:44.724  INFO 28072 --- [http-nio-80-exec-1] com.shopme.filter.SettingFilter          : SettingFilter | doFilter | url : http://localhost/Shopme/
2021-07-30 11:06:44.802  INFO 28072 --- [http-nio-80-exec-1] com.shopme.filter.SettingFilter          : SettingFilter | doFilter | generalSettings : [Setting [key=COPYRIGHT, value=Copyright (C) 2021 Shopme Ltd.], Setting [key=CURRENCY_ID, value=1], Setting [key=CURRENCY_SYMBOL, value=$], Setting [key=CURRENCY_SYMBOL_POSITION, value=Before price], Setting [key=DECIMAL_DIGITS, value=2], Setting [key=DECIMAL_POINT_TYPE, value=POINT], Setting [key=SITE_LOGO, value=/site-logo/ShopmeAdminSmall.png], Setting [key=SITE_NAME, value=Shopme], Setting [key=THOUSANDS_POINT_TYPE, value=COMMA]]
2021-07-30 11:06:44.803  INFO 28072 --- [http-nio-80-exec-1] com.shopme.filter.SettingFilter          : SettingFilter | doFilter | generalSettings : [Setting [key=COPYRIGHT, value=Copyright (C) 2021 Shopme Ltd.], Setting [key=CURRENCY_ID, value=1], Setting [key=CURRENCY_SYMBOL, value=$], Setting [key=CURRENCY_SYMBOL_POSITION, value=Before price], Setting [key=DECIMAL_DIGITS, value=2], Setting [key=DECIMAL_POINT_TYPE, value=POINT], Setting [key=SITE_LOGO, value=/site-logo/ShopmeAdminSmall.png], Setting [key=SITE_NAME, value=Shopme], Setting [key=THOUSANDS_POINT_TYPE, value=COMMA]]
2021-07-30 11:06:44.803  INFO 28072 --- [http-nio-80-exec-1] com.shopme.filter.SettingFilter          : SettingFilter | doFilter | generalSettings : [Setting [key=COPYRIGHT, value=Copyright (C) 2021 Shopme Ltd.], Setting [key=CURRENCY_ID, value=1], Setting [key=CURRENCY_SYMBOL, value=$], Setting [key=CURRENCY_SYMBOL_POSITION, value=Before price], Setting [key=DECIMAL_DIGITS, value=2], Setting [key=DECIMAL_POINT_TYPE, value=POINT], Setting [key=SITE_LOGO, value=/site-logo/ShopmeAdminSmall.png], Setting [key=SITE_NAME, value=Shopme], Setting [key=THOUSANDS_POINT_TYPE, value=COMMA]]
2021-07-30 11:06:44.803  INFO 28072 --- [http-nio-80-exec-1] com.shopme.filter.SettingFilter          : SettingFilter | doFilter | generalSettings : [Setting [key=COPYRIGHT, value=Copyright (C) 2021 Shopme Ltd.], Setting [key=CURRENCY_ID, value=1], Setting [key=CURRENCY_SYMBOL, value=$], Setting [key=CURRENCY_SYMBOL_POSITION, value=Before price], Setting [key=DECIMAL_DIGITS, value=2], Setting [key=DECIMAL_POINT_TYPE, value=POINT], Setting [key=SITE_LOGO, value=/site-logo/ShopmeAdminSmall.png], Setting [key=SITE_NAME, value=Shopme], Setting [key=THOUSANDS_POINT_TYPE, value=COMMA]]
2021-07-30 11:06:44.804  INFO 28072 --- [http-nio-80-exec-1] com.shopme.filter.SettingFilter          : SettingFilter | doFilter | generalSettings : [Setting [key=COPYRIGHT, value=Copyright (C) 2021 Shopme Ltd.], Setting [key=CURRENCY_ID, value=1], Setting [key=CURRENCY_SYMBOL, value=$], Setting [key=CURRENCY_SYMBOL_POSITION, value=Before price], Setting [key=DECIMAL_DIGITS, value=2], Setting [key=DECIMAL_POINT_TYPE, value=POINT], Setting [key=SITE_LOGO, value=/site-logo/ShopmeAdminSmall.png], Setting [key=SITE_NAME, value=Shopme], Setting [key=THOUSANDS_POINT_TYPE, value=COMMA]]
2021-07-30 11:06:44.804  INFO 28072 --- [http-nio-80-exec-1] com.shopme.filter.SettingFilter          : SettingFilter | doFilter | generalSettings : [Setting [key=COPYRIGHT, value=Copyright (C) 2021 Shopme Ltd.], Setting [key=CURRENCY_ID, value=1], Setting [key=CURRENCY_SYMBOL, value=$], Setting [key=CURRENCY_SYMBOL_POSITION, value=Before price], Setting [key=DECIMAL_DIGITS, value=2], Setting [key=DECIMAL_POINT_TYPE, value=POINT], Setting [key=SITE_LOGO, value=/site-logo/ShopmeAdminSmall.png], Setting [key=SITE_NAME, value=Shopme], Setting [key=THOUSANDS_POINT_TYPE, value=COMMA]]
2021-07-30 11:06:44.804  INFO 28072 --- [http-nio-80-exec-1] com.shopme.filter.SettingFilter          : SettingFilter | doFilter | generalSettings : [Setting [key=COPYRIGHT, value=Copyright (C) 2021 Shopme Ltd.], Setting [key=CURRENCY_ID, value=1], Setting [key=CURRENCY_SYMBOL, value=$], Setting [key=CURRENCY_SYMBOL_POSITION, value=Before price], Setting [key=DECIMAL_DIGITS, value=2], Setting [key=DECIMAL_POINT_TYPE, value=POINT], Setting [key=SITE_LOGO, value=/site-logo/ShopmeAdminSmall.png], Setting [key=SITE_NAME, value=Shopme], Setting [key=THOUSANDS_POINT_TYPE, value=COMMA]]
2021-07-30 11:06:44.804  INFO 28072 --- [http-nio-80-exec-1] com.shopme.filter.SettingFilter          : SettingFilter | doFilter | generalSettings : [Setting [key=COPYRIGHT, value=Copyright (C) 2021 Shopme Ltd.], Setting [key=CURRENCY_ID, value=1], Setting [key=CURRENCY_SYMBOL, value=$], Setting [key=CURRENCY_SYMBOL_POSITION, value=Before price], Setting [key=DECIMAL_DIGITS, value=2], Setting [key=DECIMAL_POINT_TYPE, value=POINT], Setting [key=SITE_LOGO, value=/site-logo/ShopmeAdminSmall.png], Setting [key=SITE_NAME, value=Shopme], Setting [key=THOUSANDS_POINT_TYPE, value=COMMA]]
2021-07-30 11:06:44.805  INFO 28072 --- [http-nio-80-exec-1] com.shopme.filter.SettingFilter          : SettingFilter | doFilter | generalSettings : [Setting [key=COPYRIGHT, value=Copyright (C) 2021 Shopme Ltd.], Setting [key=CURRENCY_ID, value=1], Setting [key=CURRENCY_SYMBOL, value=$], Setting [key=CURRENCY_SYMBOL_POSITION, value=Before price], Setting [key=DECIMAL_DIGITS, value=2], Setting [key=DECIMAL_POINT_TYPE, value=POINT], Setting [key=SITE_LOGO, value=/site-logo/ShopmeAdminSmall.png], Setting [key=SITE_NAME, value=Shopme], Setting [key=THOUSANDS_POINT_TYPE, value=COMMA]]
2021-07-30 11:06:45.531  INFO 28072 --- [http-nio-80-exec-2] com.shopme.filter.SettingFilter          : SettingFilter | doFilter is called
2021-07-30 11:06:45.531  INFO 28072 --- [http-nio-80-exec-2] com.shopme.filter.SettingFilter          : SettingFilter | doFilter | url : http://localhost/Shopme/webjars/bootstrap/4.3.1/css/bootstrap.min.css
2021-07-30 11:06:45.532  INFO 28072 --- [http-nio-80-exec-2] com.shopme.filter.SettingFilter          : SettingFilter | doFilter | .css , .js , .png , . jpg | url : http://localhost/Shopme/webjars/bootstrap/4.3.1/css/bootstrap.min.css
2021-07-30 11:06:45.533  INFO 28072 --- [http-nio-80-exec-3] com.shopme.filter.SettingFilter          : SettingFilter | doFilter is called
2021-07-30 11:06:45.533  INFO 28072 --- [http-nio-80-exec-4] com.shopme.filter.SettingFilter          : SettingFilter | doFilter is called
2021-07-30 11:06:45.534  INFO 28072 --- [http-nio-80-exec-3] com.shopme.filter.SettingFilter          : SettingFilter | doFilter | url : http://localhost/Shopme/webjars/jquery/3.4.1/jquery.min.js
2021-07-30 11:06:45.534  INFO 28072 --- [http-nio-80-exec-4] com.shopme.filter.SettingFilter          : SettingFilter | doFilter | url : http://localhost/Shopme/webjars/bootstrap/4.3.1/js/bootstrap.min.js
2021-07-30 11:06:45.534  INFO 28072 --- [http-nio-80-exec-3] com.shopme.filter.SettingFilter          : SettingFilter | doFilter | .css , .js , .png , . jpg | url : http://localhost/Shopme/webjars/jquery/3.4.1/jquery.min.js
2021-07-30 11:06:45.534  INFO 28072 --- [http-nio-80-exec-4] com.shopme.filter.SettingFilter          : SettingFilter | doFilter | .css , .js , .png , . jpg | url : http://localhost/Shopme/webjars/bootstrap/4.3.1/js/bootstrap.min.js
2021-07-30 11:06:45.739  INFO 28072 --- [http-nio-80-exec-5] com.shopme.filter.SettingFilter          : SettingFilter | doFilter is called
2021-07-30 11:06:45.739  INFO 28072 --- [http-nio-80-exec-6] com.shopme.filter.SettingFilter          : SettingFilter | doFilter is called
2021-07-30 11:06:45.739  INFO 28072 --- [http-nio-80-exec-5] com.shopme.filter.SettingFilter          : SettingFilter | doFilter | url : http://localhost/Shopme/site-logo/ShopmeAdminSmall.png
2021-07-30 11:06:45.739  INFO 28072 --- [http-nio-80-exec-5] com.shopme.filter.SettingFilter          : SettingFilter | doFilter | .css , .js , .png , . jpg | url : http://localhost/Shopme/site-logo/ShopmeAdminSmall.png
2021-07-30 11:06:45.739  INFO 28072 --- [http-nio-80-exec-6] com.shopme.filter.SettingFilter          : SettingFilter | doFilter | url : http://localhost/Shopme/category-images/9/bags_cases.png
2021-07-30 11:06:45.739  INFO 28072 --- [http-nio-80-exec-6] com.shopme.filter.SettingFilter          : SettingFilter | doFilter | .css , .js , .png , . jpg | url : http://localhost/Shopme/category-images/9/bags_cases.png
2021-07-30 11:06:45.774  INFO 28072 --- [http-nio-80-exec-7] com.shopme.filter.SettingFilter          : SettingFilter | doFilter is called
2021-07-30 11:06:45.775  INFO 28072 --- [http-nio-80-exec-7] com.shopme.filter.SettingFilter          : SettingFilter | doFilter | url : http://localhost/Shopme/category-images/17/cables%20and%20adapters.png
2021-07-30 11:06:45.775  INFO 28072 --- [http-nio-80-exec-7] com.shopme.filter.SettingFilter          : SettingFilter | doFilter | .css , .js , .png , . jpg | url : http://localhost/Shopme/category-images/17/cables%20and%20adapters.png
2021-07-30 11:06:45.776  INFO 28072 --- [http-nio-80-exec-8] com.shopme.filter.SettingFilter          : SettingFilter | doFilter is called
2021-07-30 11:06:45.776  INFO 28072 --- [http-nio-80-exec-8] com.shopme.filter.SettingFilter          : SettingFilter | doFilter | url : http://localhost/Shopme/category-images/14/carrier%20cellphones.png
2021-07-30 11:06:45.777  INFO 28072 --- [http-nio-80-exec-9] com.shopme.filter.SettingFilter          : SettingFilter | doFilter is called
2021-07-30 11:06:45.777  INFO 28072 --- [http-nio-80-exec-8] com.shopme.filter.SettingFilter          : SettingFilter | doFilter | .css , .js , .png , . jpg | url : http://localhost/Shopme/category-images/14/carrier%20cellphones.png
2021-07-30 11:06:45.777  INFO 28072 --- [http-nio-80-exec-9] com.shopme.filter.SettingFilter          : SettingFilter | doFilter | url : http://localhost/Shopme/category-images/20/cellphone%20cases.png
2021-07-30 11:06:45.777  INFO 28072 --- [http-nio-80-exec-9] com.shopme.filter.SettingFilter          : SettingFilter | doFilter | .css , .js , .png , . jpg | url : http://localhost/Shopme/category-images/20/cellphone%20cases.png
2021-07-30 11:06:45.779  INFO 28072 --- [http-nio-80-exec-1] com.shopme.filter.SettingFilter          : SettingFilter | doFilter is called
2021-07-30 11:06:45.779  INFO 28072 --- [http-nio-80-exec-10] com.shopme.filter.SettingFilter          : SettingFilter | doFilter is called
2021-07-30 11:06:45.779  INFO 28072 --- [http-nio-80-exec-1] com.shopme.filter.SettingFilter          : SettingFilter | doFilter | url : http://localhost/Shopme/category-images/5/desktop%20computers.png
2021-07-30 11:06:45.779  INFO 28072 --- [http-nio-80-exec-10] com.shopme.filter.SettingFilter          : SettingFilter | doFilter | url : http://localhost/Shopme/category-images/22/computer%20processors.png
2021-07-30 11:06:45.779  INFO 28072 --- [http-nio-80-exec-1] com.shopme.filter.SettingFilter          : SettingFilter | doFilter | .css , .js , .png , . jpg | url : http://localhost/Shopme/category-images/5/desktop%20computers.png
2021-07-30 11:06:45.779  INFO 28072 --- [http-nio-80-exec-4] com.shopme.filter.SettingFilter          : SettingFilter | doFilter is called
2021-07-30 11:06:45.779  INFO 28072 --- [http-nio-80-exec-10] com.shopme.filter.SettingFilter          : SettingFilter | doFilter | .css , .js , .png , . jpg | url : http://localhost/Shopme/category-images/22/computer%20processors.png
2021-07-30 11:06:45.779  INFO 28072 --- [http-nio-80-exec-4] com.shopme.filter.SettingFilter          : SettingFilter | doFilter | url : http://localhost/Shopme/category-images/10/digital%20cameras.png
2021-07-30 11:06:45.779  INFO 28072 --- [http-nio-80-exec-4] com.shopme.filter.SettingFilter          : SettingFilter | doFilter | .css , .js , .png , . jpg | url : http://localhost/Shopme/category-images/10/digital%20cameras.png
2021-07-30 11:06:45.786  INFO 28072 --- [http-nio-80-exec-3] com.shopme.filter.SettingFilter          : SettingFilter | doFilter is called
2021-07-30 11:06:45.787  INFO 28072 --- [http-nio-80-exec-3] com.shopme.filter.SettingFilter          : SettingFilter | doFilter | url : http://localhost/Shopme/category-images/11/flashes.png
2021-07-30 11:06:45.787  INFO 28072 --- [http-nio-80-exec-3] com.shopme.filter.SettingFilter          : SettingFilter | doFilter | .css , .js , .png , . jpg | url : http://localhost/Shopme/category-images/11/flashes.png
2021-07-30 11:06:45.787  INFO 28072 --- [http-nio-80-exec-2] com.shopme.filter.SettingFilter          : SettingFilter | doFilter is called
2021-07-30 11:06:45.788  INFO 28072 --- [http-nio-80-exec-2] com.shopme.filter.SettingFilter          : SettingFilter | doFilter | url : http://localhost/Shopme/category-images/23/graphic%20cards.png
2021-07-30 11:06:45.788  INFO 28072 --- [http-nio-80-exec-2] com.shopme.filter.SettingFilter          : SettingFilter | doFilter | .css , .js , .png , . jpg | url : http://localhost/Shopme/category-images/23/graphic%20cards.png
2021-07-30 11:06:45.790  INFO 28072 --- [http-nio-80-exec-6] com.shopme.filter.SettingFilter          : SettingFilter | doFilter is called
2021-07-30 11:06:45.791  INFO 28072 --- [http-nio-80-exec-6] com.shopme.filter.SettingFilter          : SettingFilter | doFilter | url : http://localhost/Shopme/category-images/21/headphones.png
2021-07-30 11:06:45.791  INFO 28072 --- [http-nio-80-exec-6] com.shopme.filter.SettingFilter          : SettingFilter | doFilter | .css , .js , .png , . jpg | url : http://localhost/Shopme/category-images/21/headphones.png
2021-07-30 11:06:45.792  INFO 28072 --- [http-nio-80-exec-8] com.shopme.filter.SettingFilter          : SettingFilter | doFilter is called
2021-07-30 11:06:45.793  INFO 28072 --- [http-nio-80-exec-8] com.shopme.filter.SettingFilter          : SettingFilter | doFilter | url : http://localhost/Shopme/category-images/6/laptop%20computers.png
2021-07-30 11:06:45.793  INFO 28072 --- [http-nio-80-exec-8] com.shopme.filter.SettingFilter          : SettingFilter | doFilter | .css , .js , .png , . jpg | url : http://localhost/Shopme/category-images/6/laptop%20computers.png
2021-07-30 11:06:45.793  INFO 28072 --- [http-nio-80-exec-5] com.shopme.filter.SettingFilter          : SettingFilter | doFilter is called
2021-07-30 11:06:45.793  INFO 28072 --- [http-nio-80-exec-5] com.shopme.filter.SettingFilter          : SettingFilter | doFilter | url : http://localhost/Shopme/category-images/24/internal%20hard%20drive.png
2021-07-30 11:06:45.793  INFO 28072 --- [http-nio-80-exec-5] com.shopme.filter.SettingFilter          : SettingFilter | doFilter | .css , .js , .png , . jpg | url : http://localhost/Shopme/category-images/24/internal%20hard%20drive.png
2021-07-30 11:06:45.792  INFO 28072 --- [http-nio-80-exec-7] com.shopme.filter.SettingFilter          : SettingFilter | doFilter is called
2021-07-30 11:06:45.794  INFO 28072 --- [http-nio-80-exec-7] com.shopme.filter.SettingFilter          : SettingFilter | doFilter | url : http://localhost/Shopme/category-images/25/internal%20optical%20drives.png
2021-07-30 11:06:45.794  INFO 28072 --- [http-nio-80-exec-7] com.shopme.filter.SettingFilter          : SettingFilter | doFilter | .css , .js , .png , . jpg | url : http://localhost/Shopme/category-images/25/internal%20optical%20drives.png
2021-07-30 11:06:45.798  INFO 28072 --- [http-nio-80-exec-9] com.shopme.filter.SettingFilter          : SettingFilter | doFilter is called
2021-07-30 11:06:45.798  INFO 28072 --- [http-nio-80-exec-9] com.shopme.filter.SettingFilter          : SettingFilter | doFilter | url : http://localhost/Shopme/category-images/12/lenses.png
2021-07-30 11:06:45.798  INFO 28072 --- [http-nio-80-exec-9] com.shopme.filter.SettingFilter          : SettingFilter | doFilter | .css , .js , .png , . jpg | url : http://localhost/Shopme/category-images/12/lenses.png
2021-07-30 11:06:45.799  INFO 28072 --- [http-nio-80-exec-4] com.shopme.filter.SettingFilter          : SettingFilter | doFilter is called
2021-07-30 11:06:45.799  INFO 28072 --- [http-nio-80-exec-4] com.shopme.filter.SettingFilter          : SettingFilter | doFilter | url : http://localhost/Shopme/category-images/29/computer%20memory.png
2021-07-30 11:06:45.800  INFO 28072 --- [http-nio-80-exec-4] com.shopme.filter.SettingFilter          : SettingFilter | doFilter | .css , .js , .png , . jpg | url : http://localhost/Shopme/category-images/29/computer%20memory.png
2021-07-30 11:06:45.800  INFO 28072 --- [http-nio-80-exec-10] com.shopme.filter.SettingFilter          : SettingFilter | doFilter is called
2021-07-30 11:06:45.800  INFO 28072 --- [http-nio-80-exec-10] com.shopme.filter.SettingFilter          : SettingFilter | doFilter | url : http://localhost/Shopme/category-images/18/microsd%20cards.png
2021-07-30 11:06:45.800  INFO 28072 --- [http-nio-80-exec-10] com.shopme.filter.SettingFilter          : SettingFilter | doFilter | .css , .js , .png , . jpg | url : http://localhost/Shopme/category-images/18/microsd%20cards.png
2021-07-30 11:06:45.804  INFO 28072 --- [http-nio-80-exec-1] com.shopme.filter.SettingFilter          : SettingFilter | doFilter is called
2021-07-30 11:06:45.805  INFO 28072 --- [http-nio-80-exec-1] com.shopme.filter.SettingFilter          : SettingFilter | doFilter | url : http://localhost/Shopme/category-images/30/motherboards.png
2021-07-30 11:06:45.805  INFO 28072 --- [http-nio-80-exec-3] com.shopme.filter.SettingFilter          : SettingFilter | doFilter is called
2021-07-30 11:06:45.805  INFO 28072 --- [http-nio-80-exec-1] com.shopme.filter.SettingFilter          : SettingFilter | doFilter | .css , .js , .png , . jpg | url : http://localhost/Shopme/category-images/30/motherboards.png
2021-07-30 11:06:45.805  INFO 28072 --- [http-nio-80-exec-3] com.shopme.filter.SettingFilter          : SettingFilter | doFilter | url : http://localhost/Shopme/category-images/31/network%20cards.png
2021-07-30 11:06:45.805  INFO 28072 --- [http-nio-80-exec-3] com.shopme.filter.SettingFilter          : SettingFilter | doFilter | .css , .js , .png , . jpg | url : http://localhost/Shopme/category-images/31/network%20cards.png
2021-07-30 11:06:45.805  INFO 28072 --- [http-nio-80-exec-2] com.shopme.filter.SettingFilter          : SettingFilter | doFilter is called
2021-07-30 11:06:45.805  INFO 28072 --- [http-nio-80-exec-2] com.shopme.filter.SettingFilter          : SettingFilter | doFilter | url : http://localhost/Shopme/category-images/26/power%20supplies.png
2021-07-30 11:06:45.805  INFO 28072 --- [http-nio-80-exec-2] com.shopme.filter.SettingFilter          : SettingFilter | doFilter | .css , .js , .png , . jpg | url : http://localhost/Shopme/category-images/26/power%20supplies.png
2021-07-30 11:06:45.810  INFO 28072 --- [http-nio-80-exec-6] com.shopme.filter.SettingFilter          : SettingFilter | doFilter is called
2021-07-30 11:06:45.810  INFO 28072 --- [http-nio-80-exec-7] com.shopme.filter.SettingFilter          : SettingFilter | doFilter is called
2021-07-30 11:06:45.810  INFO 28072 --- [http-nio-80-exec-5] com.shopme.filter.SettingFilter          : SettingFilter | doFilter is called
2021-07-30 11:06:45.810  INFO 28072 --- [http-nio-80-exec-6] com.shopme.filter.SettingFilter          : SettingFilter | doFilter | url : http://localhost/Shopme/category-images/27/solid%20state%20drives.png
2021-07-30 11:06:45.810  INFO 28072 --- [http-nio-80-exec-7] com.shopme.filter.SettingFilter          : SettingFilter | doFilter | url : http://localhost/Shopme/category-images/28/sound%20cards.png
2021-07-30 11:06:45.810  INFO 28072 --- [http-nio-80-exec-5] com.shopme.filter.SettingFilter          : SettingFilter | doFilter | url : http://localhost/Shopme/category-images/19/cellphone_stands.png
2021-07-30 11:06:45.810  INFO 28072 --- [http-nio-80-exec-7] com.shopme.filter.SettingFilter          : SettingFilter | doFilter | .css , .js , .png , . jpg | url : http://localhost/Shopme/category-images/28/sound%20cards.png
2021-07-30 11:06:45.810  INFO 28072 --- [http-nio-80-exec-6] com.shopme.filter.SettingFilter          : SettingFilter | doFilter | .css , .js , .png , . jpg | url : http://localhost/Shopme/category-images/27/solid%20state%20drives.png
2021-07-30 11:06:45.811  INFO 28072 --- [http-nio-80-exec-5] com.shopme.filter.SettingFilter          : SettingFilter | doFilter | .css , .js , .png , . jpg | url : http://localhost/Shopme/category-images/19/cellphone_stands.png
2021-07-30 11:06:45.818  INFO 28072 --- [http-nio-80-exec-8] com.shopme.filter.SettingFilter          : SettingFilter | doFilter is called
2021-07-30 11:06:45.818  INFO 28072 --- [http-nio-80-exec-9] com.shopme.filter.SettingFilter          : SettingFilter | doFilter is called
2021-07-30 11:06:45.818  INFO 28072 --- [http-nio-80-exec-8] com.shopme.filter.SettingFilter          : SettingFilter | doFilter | url : http://localhost/Shopme/category-images/7/tablets.png
2021-07-30 11:06:45.818  INFO 28072 --- [http-nio-80-exec-10] com.shopme.filter.SettingFilter          : SettingFilter | doFilter is called
2021-07-30 11:06:45.818  INFO 28072 --- [http-nio-80-exec-9] com.shopme.filter.SettingFilter          : SettingFilter | doFilter | url : http://localhost/Shopme/category-images/13/tripods_monopods.png
2021-07-30 11:06:45.818  INFO 28072 --- [http-nio-80-exec-8] com.shopme.filter.SettingFilter          : SettingFilter | doFilter | .css , .js , .png , . jpg | url : http://localhost/Shopme/category-images/7/tablets.png
2021-07-30 11:06:45.819  INFO 28072 --- [http-nio-80-exec-10] com.shopme.filter.SettingFilter          : SettingFilter | doFilter | url : http://localhost/Shopme/category-images/15/unlocked%20cellphones.png
2021-07-30 11:06:45.819  INFO 28072 --- [http-nio-80-exec-9] com.shopme.filter.SettingFilter          : SettingFilter | doFilter | .css , .js , .png , . jpg | url : http://localhost/Shopme/category-images/13/tripods_monopods.png
2021-07-30 11:06:45.819  INFO 28072 --- [http-nio-80-exec-10] com.shopme.filter.SettingFilter          : SettingFilter | doFilter | .css , .js , .png , . jpg | url : http://localhost/Shopme/category-images/15/unlocked%20cellphones.png
2021-07-30 11:06:54.801  INFO 28072 --- [RMI TCP Connection(11)-127.0.0.1] inMXBeanRegistrar$SpringApplicationAdmin : Application shutdown requested.
2021-07-30 11:06:54.846  INFO 28072 --- [RMI TCP Connection(11)-127.0.0.1] o.s.s.concurrent.ThreadPoolTaskExecutor  : Shutting down ExecutorService 'applicationTaskExecutor'
2021-07-30 11:06:54.851  INFO 28072 --- [RMI TCP Connection(11)-127.0.0.1] j.LocalContainerEntityManagerFactoryBean : Closing JPA EntityManagerFactory for persistence unit 'default'
2021-07-30 11:06:54.856  INFO 28072 --- [RMI TCP Connection(11)-127.0.0.1] com.zaxxer.hikari.HikariDataSource       : HikariPool-1 - Shutdown initiated...
2021-07-30 11:06:54.872  INFO 28072 --- [RMI TCP Connection(11)-127.0.0.1] com.zaxxer.hikari.HikariDataSource       : HikariPool-1 - Shutdown completed.
